[0.271s] Invoking command in '/home/robotix/ros2_ws/src/build/vl53l1x': CMAKE_PREFIX_PATH=${CMAKE_PREFIX_PATH}:/home/robotix/ros2_ws/install/robotix:/opt/ros/humble /usr/bin/cmake --build /home/robotix/ros2_ws/src/build/vl53l1x -- -j4 -l4
[0.518s] [100%] Built target vl53l1x_node
[0.558s] Invoked command in '/home/robotix/ros2_ws/src/build/vl53l1x' returned '0': CMAKE_PREFIX_PATH=${CMAKE_PREFIX_PATH}:/home/robotix/ros2_ws/install/robotix:/opt/ros/humble /usr/bin/cmake --build /home/robotix/ros2_ws/src/build/vl53l1x -- -j4 -l4
[0.751s] Invoking command in '/home/robotix/ros2_ws/src/build/vl53l1x': CMAKE_PREFIX_PATH=${CMAKE_PREFIX_PATH}:/home/robotix/ros2_ws/install/robotix:/opt/ros/humble /usr/bin/cmake --install /home/robotix/ros2_ws/src/build/vl53l1x
[0.778s] -- Install configuration: ""
[0.780s] -- Up-to-date: /home/robotix/ros2_ws/src/install/vl53l1x/lib/vl53l1x/vl53l1x_node
[0.781s] -- Up-to-date: /home/robotix/ros2_ws/src/install/vl53l1x/share/ament_index/resource_index/package_run_dependencies/vl53l1x
[0.782s] -- Up-to-date: /home/robotix/ros2_ws/src/install/vl53l1x/share/ament_index/resource_index/parent_prefix_path/vl53l1x
[0.782s] -- Up-to-date: /home/robotix/ros2_ws/src/install/vl53l1x/share/vl53l1x/environment/ament_prefix_path.sh
[0.783s] -- Up-to-date: /home/robotix/ros2_ws/src/install/vl53l1x/share/vl53l1x/environment/ament_prefix_path.dsv
[0.783s] -- Up-to-date: /home/robotix/ros2_ws/src/install/vl53l1x/share/vl53l1x/environment/path.sh
[0.784s] -- Up-to-date: /home/robotix/ros2_ws/src/install/vl53l1x/share/vl53l1x/environment/path.dsv
[0.784s] -- Up-to-date: /home/robotix/ros2_ws/src/install/vl53l1x/share/vl53l1x/local_setup.bash
[0.785s] -- Up-to-date: /home/robotix/ros2_ws/src/install/vl53l1x/share/vl53l1x/local_setup.sh
[0.785s] -- Up-to-date: /home/robotix/ros2_ws/src/install/vl53l1x/share/vl53l1x/local_setup.zsh
[0.785s] -- Up-to-date: /home/robotix/ros2_ws/src/install/vl53l1x/share/vl53l1x/local_setup.dsv
[0.786s] -- Installing: /home/robotix/ros2_ws/src/install/vl53l1x/share/vl53l1x/package.dsv
[0.786s] -- Up-to-date: /home/robotix/ros2_ws/src/install/vl53l1x/share/ament_index/resource_index/packages/vl53l1x
[0.787s] -- Up-to-date: /home/robotix/ros2_ws/src/install/vl53l1x/share/vl53l1x/cmake/vl53l1xConfig.cmake
[0.787s] -- Up-to-date: /home/robotix/ros2_ws/src/install/vl53l1x/share/vl53l1x/cmake/vl53l1xConfig-version.cmake
[0.788s] -- Up-to-date: /home/robotix/ros2_ws/src/install/vl53l1x/share/vl53l1x/package.xml
[0.793s] Invoked command in '/home/robotix/ros2_ws/src/build/vl53l1x' returned '0': CMAKE_PREFIX_PATH=${CMAKE_PREFIX_PATH}:/home/robotix/ros2_ws/install/robotix:/opt/ros/humble /usr/bin/cmake --install /home/robotix/ros2_ws/src/build/vl53l1x
