[6.604s] Invoking command in '/home/robotix/ros2_ws/src/build/robotix': PYTHONPATH=/home/robotix/ros2_ws/src/build/robotix/prefix_override:/home/robotix/ros2_ws/src/install/robotix/lib/python3.10/site-packages:${PYTHONPATH} /usr/bin/python3 setup.py develop --editable --build-directory /home/robotix/ros2_ws/src/build/robotix/build --no-deps install_data
[8.018s] running develop
[8.757s] running egg_info
[8.758s] writing robotix.egg-info/PKG-INFO
[8.759s] writing dependency_links to robotix.egg-info/dependency_links.txt
[8.760s] writing entry points to robotix.egg-info/entry_points.txt
[8.761s] writing requirements to robotix.egg-info/requires.txt
[8.762s] writing top-level names to robotix.egg-info/top_level.txt
[8.770s] reading manifest file 'robotix.egg-info/SOURCES.txt'
[8.775s] writing manifest file 'robotix.egg-info/SOURCES.txt'
[8.782s] running build_ext
[8.783s] Creating /home/robotix/ros2_ws/src/install/robotix/lib/python3.10/site-packages/robotix.egg-link (link to .)
[8.790s] Installing codeuse script to /home/robotix/ros2_ws/src/install/robotix/lib/robotix
[8.791s] Installing controller script to /home/robotix/ros2_ws/src/install/robotix/lib/robotix
[8.791s] Installing ctrl_claw script to /home/robotix/ros2_ws/src/install/robotix/lib/robotix
[8.792s] Installing ctrl_nav script to /home/robotix/ros2_ws/src/install/robotix/lib/robotix
[8.793s] Installing jetson script to /home/robotix/ros2_ws/src/install/robotix/lib/robotix
[8.794s] Installing laser script to /home/robotix/ros2_ws/src/install/robotix/lib/robotix
[8.795s] Installing lidar script to /home/robotix/ros2_ws/src/install/robotix/lib/robotix
[8.795s] Installing motor script to /home/robotix/ros2_ws/src/install/robotix/lib/robotix
[8.796s] Installing motor_claw script to /home/robotix/ros2_ws/src/install/robotix/lib/robotix
[8.797s] Installing motor_plateau script to /home/robotix/ros2_ws/src/install/robotix/lib/robotix
[8.798s] Installing serial_pince script to /home/robotix/ros2_ws/src/install/robotix/lib/robotix
[8.799s] 
[8.800s] Installed /home/robotix/ros2_ws/src/build/robotix
[8.800s] running install_data
[8.801s] creating /home/robotix/ros2_ws/src/install/robotix/share/ament_index
[8.803s] creating /home/robotix/ros2_ws/src/install/robotix/share/ament_index/resource_index
[8.804s] creating /home/robotix/ros2_ws/src/install/robotix/share/ament_index/resource_index/packages
[8.807s] copying resource/robotix -> /home/robotix/ros2_ws/src/install/robotix/share/ament_index/resource_index/packages
[8.809s] copying package.xml -> /home/robotix/ros2_ws/src/install/robotix/share/robotix
[8.997s] Invoked command in '/home/robotix/ros2_ws/src/build/robotix' returned '0': PYTHONPATH=/home/robotix/ros2_ws/src/build/robotix/prefix_override:/home/robotix/ros2_ws/src/install/robotix/lib/python3.10/site-packages:${PYTHONPATH} /usr/bin/python3 setup.py develop --editable --build-directory /home/robotix/ros2_ws/src/build/robotix/build --no-deps install_data
