[6.397s] Invoking command in '/home/robotix/ros2_ws/build/robotix': PYTHONPATH=/home/robotix/ros2_ws/build/robotix/prefix_override:/home/robotix/ros2_ws/install/robotix/lib/python3.10/site-packages:${PYTHONPATH} /usr/bin/python3 setup.py develop --editable --build-directory /home/robotix/ros2_ws/build/robotix/build --no-deps install_data
[8.110s] running develop
[9.156s] running egg_info
[9.158s] writing robotix.egg-info/PKG-INFO
[9.159s] writing dependency_links to robotix.egg-info/dependency_links.txt
[9.160s] writing entry points to robotix.egg-info/entry_points.txt
[9.162s] writing requirements to robotix.egg-info/requires.txt
[9.163s] writing top-level names to robotix.egg-info/top_level.txt
[9.177s] reading manifest file 'robotix.egg-info/SOURCES.txt'
[9.183s] writing manifest file 'robotix.egg-info/SOURCES.txt'
[9.199s] running build_ext
[9.201s] Creating /home/robotix/ros2_ws/install/robotix/lib/python3.10/site-packages/robotix.egg-link (link to .)
[9.214s] Installing codeuse script to /home/robotix/ros2_ws/install/robotix/lib/robotix
[9.216s] Installing controller script to /home/robotix/ros2_ws/install/robotix/lib/robotix
[9.218s] Installing ctrl_claw script to /home/robotix/ros2_ws/install/robotix/lib/robotix
[9.220s] Installing ctrl_nav script to /home/robotix/ros2_ws/install/robotix/lib/robotix
[9.222s] Installing jetson script to /home/robotix/ros2_ws/install/robotix/lib/robotix
[9.223s] Installing laser script to /home/robotix/ros2_ws/install/robotix/lib/robotix
[9.226s] Installing lidar script to /home/robotix/ros2_ws/install/robotix/lib/robotix
[9.228s] Installing motor script to /home/robotix/ros2_ws/install/robotix/lib/robotix
[9.230s] Installing motor_claw script to /home/robotix/ros2_ws/install/robotix/lib/robotix
[9.232s] Installing motor_plateau script to /home/robotix/ros2_ws/install/robotix/lib/robotix
[9.236s] 
[9.238s] Installed /home/robotix/ros2_ws/build/robotix
[9.241s] running install_data
[9.917s] Invoked command in '/home/robotix/ros2_ws/build/robotix' returned '0': PYTHONPATH=/home/robotix/ros2_ws/build/robotix/prefix_override:/home/robotix/ros2_ws/install/robotix/lib/python3.10/site-packages:${PYTHONPATH} /usr/bin/python3 setup.py develop --editable --build-directory /home/robotix/ros2_ws/build/robotix/build --no-deps install_data
