[4.337s] Invoking command in '/home/robotix/ros2_ws/src/build/robotix': PYTHONPATH=/home/robotix/ros2_ws/src/build/robotix/prefix_override:/home/robotix/ros2_ws/src/install/robotix/lib/python3.10/site-packages:${PYTHONPATH} /usr/bin/python3 setup.py develop --editable --build-directory /home/robotix/ros2_ws/src/build/robotix/build --no-deps install_data
[6.173s] running develop
[7.389s] running egg_info
[7.389s] writing robotix.egg-info/PKG-INFO
[7.390s] writing dependency_links to robotix.egg-info/dependency_links.txt
[7.392s] writing entry points to robotix.egg-info/entry_points.txt
[7.394s] writing requirements to robotix.egg-info/requires.txt
[7.395s] writing top-level names to robotix.egg-info/top_level.txt
[7.412s] reading manifest file 'robotix.egg-info/SOURCES.txt'
[7.417s] writing manifest file 'robotix.egg-info/SOURCES.txt'
[7.425s] running build_ext
[7.427s] Creating /home/robotix/ros2_ws/src/install/robotix/lib/python3.10/site-packages/robotix.egg-link (link to .)
[7.432s] Installing codeuse script to /home/robotix/ros2_ws/src/install/robotix/lib/robotix
[7.435s] Installing controller script to /home/robotix/ros2_ws/src/install/robotix/lib/robotix
[7.436s] Installing ctrl_claw script to /home/robotix/ros2_ws/src/install/robotix/lib/robotix
[7.437s] Installing ctrl_nav script to /home/robotix/ros2_ws/src/install/robotix/lib/robotix
[7.439s] Installing jetson script to /home/robotix/ros2_ws/src/install/robotix/lib/robotix
[7.440s] Installing laser script to /home/robotix/ros2_ws/src/install/robotix/lib/robotix
[7.444s] Installing lidar script to /home/robotix/ros2_ws/src/install/robotix/lib/robotix
[7.445s] Installing motor script to /home/robotix/ros2_ws/src/install/robotix/lib/robotix
[7.446s] Installing motor_claw script to /home/robotix/ros2_ws/src/install/robotix/lib/robotix
[7.447s] Installing motor_plateau script to /home/robotix/ros2_ws/src/install/robotix/lib/robotix
[7.449s] 
[7.450s] Installed /home/robotix/ros2_ws/src/build/robotix
[7.451s] running install_data
[7.454s] copying package.xml -> /home/robotix/ros2_ws/src/install/robotix/share/robotix
[7.653s] Invoked command in '/home/robotix/ros2_ws/src/build/robotix' returned '0': PYTHONPATH=/home/robotix/ros2_ws/src/build/robotix/prefix_override:/home/robotix/ros2_ws/src/install/robotix/lib/python3.10/site-packages:${PYTHONPATH} /usr/bin/python3 setup.py develop --editable --build-directory /home/robotix/ros2_ws/src/build/robotix/build --no-deps install_data
