[3.960s] DEBUG:colcon:Command line arguments: ['/usr/bin/colcon', 'build', '--packages-select', 'vl53l1x']
[3.961s] DEBUG:colcon:Parsed command line arguments: Namespace(log_base=None, log_level=None, verb_name='build', build_base='build', install_base='install', merge_install=False, symlink_install=False, test_result_base=None, continue_on_error=False, executor='parallel', parallel_workers=4, event_handlers=None, ignore_user_meta=False, metas=['./colcon.meta'], base_paths=['.'], packages_ignore=None, packages_ignore_regex=None, paths=None, packages_up_to=None, packages_up_to_regex=None, packages_above=None, packages_above_and_dependencies=None, packages_above_depth=None, packages_select_by_dep=None, packages_skip_by_dep=None, packages_skip_up_to=None, packages_select_build_failed=False, packages_skip_build_finished=False, packages_select_test_failures=False, packages_skip_test_passed=False, packages_select=['vl53l1x'], packages_skip=None, packages_select_regex=None, packages_skip_regex=None, packages_start=None, packages_end=None, allow_overriding=[], cmake_args=None, cmake_target=None, cmake_target_skip_unavailable=False, cmake_clean_cache=False, cmake_clean_first=False, cmake_force_configure=False, ament_cmake_args=None, catkin_cmake_args=None, catkin_skip_building_tests=False, verb_parser=<colcon_defaults.argument_parser.defaults.DefaultArgumentsDecorator object at 0xffff8a6365c0>, verb_extension=<colcon_core.verb.build.BuildVerb object at 0xffff8a8f8250>, main=<bound method BuildVerb.main of <colcon_core.verb.build.BuildVerb object at 0xffff8a8f8250>>)
[4.153s] Level 1:colcon.colcon_core.package_discovery:discover_packages(colcon_meta) check parameters
[4.153s] Level 1:colcon.colcon_core.package_discovery:discover_packages(recursive) check parameters
[4.153s] Level 1:colcon.colcon_core.package_discovery:discover_packages(ignore) check parameters
[4.153s] Level 1:colcon.colcon_core.package_discovery:discover_packages(path) check parameters
[4.153s] Level 1:colcon.colcon_core.package_discovery:discover_packages(colcon_meta) discover
[4.154s] Level 1:colcon.colcon_core.package_discovery:discover_packages(recursive) discover
[4.154s] INFO:colcon.colcon_core.package_discovery:Crawling recursively for packages in '/home/robotix/ros2_ws'
[4.154s] Level 1:colcon.colcon_core.package_identification:_identify(.) by extensions ['ignore', 'ignore_ament_install']
[4.155s] Level 1:colcon.colcon_core.package_identification:_identify(.) by extension 'ignore'
[4.155s] Level 1:colcon.colcon_core.package_identification:_identify(.) by extension 'ignore_ament_install'
[4.155s] Level 1:colcon.colcon_core.package_identification:_identify(.) by extensions ['colcon_pkg']
[4.156s] Level 1:colcon.colcon_core.package_identification:_identify(.) by extension 'colcon_pkg'
[4.156s] Level 1:colcon.colcon_core.package_identification:_identify(.) by extensions ['colcon_meta']
[4.156s] Level 1:colcon.colcon_core.package_identification:_identify(.) by extension 'colcon_meta'
[4.156s] Level 1:colcon.colcon_core.package_identification:_identify(.) by extensions ['ros']
[4.156s] Level 1:colcon.colcon_core.package_identification:_identify(.) by extension 'ros'
[4.209s] Level 1:colcon.colcon_core.package_identification:_identify(.) by extensions ['cmake', 'python']
[4.209s] Level 1:colcon.colcon_core.package_identification:_identify(.) by extension 'cmake'
[4.209s] Level 1:colcon.colcon_core.package_identification:_identify(.) by extension 'python'
[4.210s] Level 1:colcon.colcon_core.package_identification:_identify(.) by extensions ['python_setup_py']
[4.210s] Level 1:colcon.colcon_core.package_identification:_identify(.) by extension 'python_setup_py'
[4.210s] Level 1:colcon.colcon_core.package_identification:_identify(build) by extensions ['ignore', 'ignore_ament_install']
[4.211s] Level 1:colcon.colcon_core.package_identification:_identify(build) by extension 'ignore'
[4.211s] Level 1:colcon.colcon_core.package_identification:_identify(build) ignored
[4.212s] Level 1:colcon.colcon_core.package_identification:_identify(install) by extensions ['ignore', 'ignore_ament_install']
[4.212s] Level 1:colcon.colcon_core.package_identification:_identify(install) by extension 'ignore'
[4.212s] Level 1:colcon.colcon_core.package_identification:_identify(install) ignored
[4.213s] Level 1:colcon.colcon_core.package_identification:_identify(log) by extensions ['ignore', 'ignore_ament_install']
[4.213s] Level 1:colcon.colcon_core.package_identification:_identify(log) by extension 'ignore'
[4.214s] Level 1:colcon.colcon_core.package_identification:_identify(log) ignored
[4.214s] Level 1:colcon.colcon_core.package_identification:_identify(src) by extensions ['ignore', 'ignore_ament_install']
[4.214s] Level 1:colcon.colcon_core.package_identification:_identify(src) by extension 'ignore'
[4.214s] Level 1:colcon.colcon_core.package_identification:_identify(src) by extension 'ignore_ament_install'
[4.215s] Level 1:colcon.colcon_core.package_identification:_identify(src) by extensions ['colcon_pkg']
[4.215s] Level 1:colcon.colcon_core.package_identification:_identify(src) by extension 'colcon_pkg'
[4.215s] Level 1:colcon.colcon_core.package_identification:_identify(src) by extensions ['colcon_meta']
[4.215s] Level 1:colcon.colcon_core.package_identification:_identify(src) by extension 'colcon_meta'
[4.215s] Level 1:colcon.colcon_core.package_identification:_identify(src) by extensions ['ros']
[4.216s] Level 1:colcon.colcon_core.package_identification:_identify(src) by extension 'ros'
[4.216s] Level 1:colcon.colcon_core.package_identification:_identify(src) by extensions ['cmake', 'python']
[4.216s] Level 1:colcon.colcon_core.package_identification:_identify(src) by extension 'cmake'
[4.216s] Level 1:colcon.colcon_core.package_identification:_identify(src) by extension 'python'
[4.216s] Level 1:colcon.colcon_core.package_identification:_identify(src) by extensions ['python_setup_py']
[4.217s] Level 1:colcon.colcon_core.package_identification:_identify(src) by extension 'python_setup_py'
[4.217s] Level 1:colcon.colcon_core.package_identification:_identify(src/ROS2-VL53L1X) by extensions ['ignore', 'ignore_ament_install']
[4.217s] Level 1:colcon.colcon_core.package_identification:_identify(src/ROS2-VL53L1X) by extension 'ignore'
[4.218s] Level 1:colcon.colcon_core.package_identification:_identify(src/ROS2-VL53L1X) by extension 'ignore_ament_install'
[4.218s] Level 1:colcon.colcon_core.package_identification:_identify(src/ROS2-VL53L1X) by extensions ['colcon_pkg']
[4.218s] Level 1:colcon.colcon_core.package_identification:_identify(src/ROS2-VL53L1X) by extension 'colcon_pkg'
[4.218s] Level 1:colcon.colcon_core.package_identification:_identify(src/ROS2-VL53L1X) by extensions ['colcon_meta']
[4.218s] Level 1:colcon.colcon_core.package_identification:_identify(src/ROS2-VL53L1X) by extension 'colcon_meta'
[4.219s] Level 1:colcon.colcon_core.package_identification:_identify(src/ROS2-VL53L1X) by extensions ['ros']
[4.219s] Level 1:colcon.colcon_core.package_identification:_identify(src/ROS2-VL53L1X) by extension 'ros'
[4.229s] DEBUG:colcon.colcon_core.package_identification:Package 'src/ROS2-VL53L1X' with type 'ros.ament_cmake' and name 'vl53l1x'
[4.230s] Level 1:colcon.colcon_core.package_identification:_identify(src/build) by extensions ['ignore', 'ignore_ament_install']
[4.230s] Level 1:colcon.colcon_core.package_identification:_identify(src/build) by extension 'ignore'
[4.230s] Level 1:colcon.colcon_core.package_identification:_identify(src/build) ignored
[4.231s] Level 1:colcon.colcon_core.package_identification:_identify(src/install) by extensions ['ignore', 'ignore_ament_install']
[4.231s] Level 1:colcon.colcon_core.package_identification:_identify(src/install) by extension 'ignore'
[4.231s] Level 1:colcon.colcon_core.package_identification:_identify(src/install) ignored
[4.232s] Level 1:colcon.colcon_core.package_identification:_identify(src/log) by extensions ['ignore', 'ignore_ament_install']
[4.233s] Level 1:colcon.colcon_core.package_identification:_identify(src/log) by extension 'ignore'
[4.233s] Level 1:colcon.colcon_core.package_identification:_identify(src/log) ignored
[4.233s] Level 1:colcon.colcon_core.package_identification:_identify(src/robotix) by extensions ['ignore', 'ignore_ament_install']
[4.234s] Level 1:colcon.colcon_core.package_identification:_identify(src/robotix) by extension 'ignore'
[4.234s] Level 1:colcon.colcon_core.package_identification:_identify(src/robotix) by extension 'ignore_ament_install'
[4.234s] Level 1:colcon.colcon_core.package_identification:_identify(src/robotix) by extensions ['colcon_pkg']
[4.234s] Level 1:colcon.colcon_core.package_identification:_identify(src/robotix) by extension 'colcon_pkg'
[4.234s] Level 1:colcon.colcon_core.package_identification:_identify(src/robotix) by extensions ['colcon_meta']
[4.235s] Level 1:colcon.colcon_core.package_identification:_identify(src/robotix) by extension 'colcon_meta'
[4.235s] Level 1:colcon.colcon_core.package_identification:_identify(src/robotix) by extensions ['ros']
[4.235s] Level 1:colcon.colcon_core.package_identification:_identify(src/robotix) by extension 'ros'
[4.239s] DEBUG:colcon.colcon_core.package_identification:Package 'src/robotix' with type 'ros.ament_python' and name 'robotix'
[4.240s] Level 1:colcon.colcon_core.package_identification:_identify(src/ydlidar_ros2_driver) by extensions ['ignore', 'ignore_ament_install']
[4.240s] Level 1:colcon.colcon_core.package_identification:_identify(src/ydlidar_ros2_driver) by extension 'ignore'
[4.241s] Level 1:colcon.colcon_core.package_identification:_identify(src/ydlidar_ros2_driver) by extension 'ignore_ament_install'
[4.241s] Level 1:colcon.colcon_core.package_identification:_identify(src/ydlidar_ros2_driver) by extensions ['colcon_pkg']
[4.241s] Level 1:colcon.colcon_core.package_identification:_identify(src/ydlidar_ros2_driver) by extension 'colcon_pkg'
[4.241s] Level 1:colcon.colcon_core.package_identification:_identify(src/ydlidar_ros2_driver) by extensions ['colcon_meta']
[4.241s] Level 1:colcon.colcon_core.package_identification:_identify(src/ydlidar_ros2_driver) by extension 'colcon_meta'
[4.241s] Level 1:colcon.colcon_core.package_identification:_identify(src/ydlidar_ros2_driver) by extensions ['ros']
[4.242s] Level 1:colcon.colcon_core.package_identification:_identify(src/ydlidar_ros2_driver) by extension 'ros'
[4.244s] DEBUG:colcon.colcon_core.package_identification:Package 'src/ydlidar_ros2_driver' with type 'ros.ament_cmake' and name 'ydlidar_ros2_driver'
[4.244s] Level 1:colcon.colcon_core.package_discovery:discover_packages(recursive) using defaults
[4.245s] Level 1:colcon.colcon_core.package_discovery:discover_packages(ignore) discover
[4.245s] Level 1:colcon.colcon_core.package_discovery:discover_packages(ignore) using defaults
[4.245s] Level 1:colcon.colcon_core.package_discovery:discover_packages(path) discover
[4.245s] Level 1:colcon.colcon_core.package_discovery:discover_packages(path) using defaults
[4.489s] INFO:colcon.colcon_core.package_selection:Skipping not selected package 'robotix' in 'src/robotix'
[4.490s] INFO:colcon.colcon_core.package_selection:Skipping not selected package 'ydlidar_ros2_driver' in 'src/ydlidar_ros2_driver'
[4.596s] Level 1:colcon.colcon_core.package_discovery:discover_packages(prefix_path) check parameters
[4.596s] Level 1:colcon.colcon_core.package_discovery:discover_packages(prefix_path) discover
[4.710s] DEBUG:colcon.colcon_installed_package_information.package_discovery:Found 2 installed packages in /home/robotix/ros2_ws/install
[4.769s] DEBUG:colcon.colcon_installed_package_information.package_discovery:Found 180 installed packages in /opt/ros/humble
[4.775s] Level 1:colcon.colcon_core.package_discovery:discover_packages(prefix_path) using defaults
[5.071s] Level 5:colcon.colcon_core.verb:set package 'vl53l1x' build argument 'cmake_args' from command line to 'None'
[5.072s] Level 5:colcon.colcon_core.verb:set package 'vl53l1x' build argument 'cmake_target' from command line to 'None'
[5.072s] Level 5:colcon.colcon_core.verb:set package 'vl53l1x' build argument 'cmake_target_skip_unavailable' from command line to 'False'
[5.072s] Level 5:colcon.colcon_core.verb:set package 'vl53l1x' build argument 'cmake_clean_cache' from command line to 'False'
[5.072s] Level 5:colcon.colcon_core.verb:set package 'vl53l1x' build argument 'cmake_clean_first' from command line to 'False'
[5.072s] Level 5:colcon.colcon_core.verb:set package 'vl53l1x' build argument 'cmake_force_configure' from command line to 'False'
[5.072s] Level 5:colcon.colcon_core.verb:set package 'vl53l1x' build argument 'ament_cmake_args' from command line to 'None'
[5.072s] Level 5:colcon.colcon_core.verb:set package 'vl53l1x' build argument 'catkin_cmake_args' from command line to 'None'
[5.072s] Level 5:colcon.colcon_core.verb:set package 'vl53l1x' build argument 'catkin_skip_building_tests' from command line to 'False'
[5.073s] DEBUG:colcon.colcon_core.verb:Building package 'vl53l1x' with the following arguments: {'ament_cmake_args': None, 'build_base': '/home/robotix/ros2_ws/build/vl53l1x', 'catkin_cmake_args': None, 'catkin_skip_building_tests': False, 'cmake_args': None, 'cmake_clean_cache': False, 'cmake_clean_first': False, 'cmake_force_configure': False, 'cmake_target': None, 'cmake_target_skip_unavailable': False, 'install_base': '/home/robotix/ros2_ws/install/vl53l1x', 'merge_install': False, 'path': '/home/robotix/ros2_ws/src/ROS2-VL53L1X', 'symlink_install': False, 'test_result_base': None}
[5.125s] INFO:colcon.colcon_core.executor:Executing jobs using 'parallel' executor
[5.181s] DEBUG:colcon.colcon_parallel_executor.executor.parallel:run_until_complete
[5.182s] INFO:colcon.colcon_ros.task.ament_cmake.build:Building ROS package in '/home/robotix/ros2_ws/src/ROS2-VL53L1X' with build type 'ament_cmake'
[5.183s] INFO:colcon.colcon_cmake.task.cmake.build:Building CMake package in '/home/robotix/ros2_ws/src/ROS2-VL53L1X'
[5.248s] INFO:colcon.colcon_core.plugin_system:Skipping extension 'colcon_core.shell.bat': Not used on non-Windows systems
[5.249s] INFO:colcon.colcon_core.shell:Skip shell extension 'powershell' for command environment: Not usable outside of PowerShell
[5.249s] DEBUG:colcon.colcon_core.shell:Skip shell extension 'dsv' for command environment
[5.444s] DEBUG:colcon.colcon_core.event_handler.log_command:Invoking command in '/home/robotix/ros2_ws/build/vl53l1x': CMAKE_PREFIX_PATH=${CMAKE_PREFIX_PATH}:/home/robotix/ros2_ws/install/robotix:/opt/ros/humble /usr/bin/cmake /home/robotix/ros2_ws/src/ROS2-VL53L1X -DCMAKE_INSTALL_PREFIX=/home/robotix/ros2_ws/install/vl53l1x
[13.772s] DEBUG:colcon.colcon_core.event_handler.log_command:Invoked command in '/home/robotix/ros2_ws/build/vl53l1x' returned '0': CMAKE_PREFIX_PATH=${CMAKE_PREFIX_PATH}:/home/robotix/ros2_ws/install/robotix:/opt/ros/humble /usr/bin/cmake /home/robotix/ros2_ws/src/ROS2-VL53L1X -DCMAKE_INSTALL_PREFIX=/home/robotix/ros2_ws/install/vl53l1x
[13.783s] DEBUG:colcon.colcon_core.event_handler.log_command:Invoking command in '/home/robotix/ros2_ws/build/vl53l1x': CMAKE_PREFIX_PATH=${CMAKE_PREFIX_PATH}:/home/robotix/ros2_ws/install/robotix:/opt/ros/humble /usr/bin/cmake --build /home/robotix/ros2_ws/build/vl53l1x -- -j4 -l4
[33.909s] DEBUG:colcon.colcon_core.event_handler.log_command:Invoked command in '/home/robotix/ros2_ws/build/vl53l1x' returned '0': CMAKE_PREFIX_PATH=${CMAKE_PREFIX_PATH}:/home/robotix/ros2_ws/install/robotix:/opt/ros/humble /usr/bin/cmake --build /home/robotix/ros2_ws/build/vl53l1x -- -j4 -l4
[34.100s] DEBUG:colcon.colcon_core.event_handler.log_command:Invoking command in '/home/robotix/ros2_ws/build/vl53l1x': CMAKE_PREFIX_PATH=${CMAKE_PREFIX_PATH}:/home/robotix/ros2_ws/install/robotix:/opt/ros/humble /usr/bin/cmake --install /home/robotix/ros2_ws/build/vl53l1x
[34.163s] Level 1:colcon.colcon_core.environment:create_environment_scripts_only(vl53l1x)
[34.165s] DEBUG:colcon.colcon_core.event_handler.log_command:Invoked command in '/home/robotix/ros2_ws/build/vl53l1x' returned '0': CMAKE_PREFIX_PATH=${CMAKE_PREFIX_PATH}:/home/robotix/ros2_ws/install/robotix:/opt/ros/humble /usr/bin/cmake --install /home/robotix/ros2_ws/build/vl53l1x
[34.231s] Level 1:colcon.colcon_core.environment:checking '/home/robotix/ros2_ws/install/vl53l1x' for CMake module files
[34.234s] Level 1:colcon.colcon_core.environment:checking '/home/robotix/ros2_ws/install/vl53l1x' for CMake config files
[34.235s] Level 1:colcon.colcon_core.shell:create_environment_hook('vl53l1x', 'cmake_prefix_path')
[34.290s] INFO:colcon.colcon_core.shell:Creating environment hook '/home/robotix/ros2_ws/install/vl53l1x/share/vl53l1x/hook/cmake_prefix_path.ps1'
[34.293s] INFO:colcon.colcon_core.shell:Creating environment descriptor '/home/robotix/ros2_ws/install/vl53l1x/share/vl53l1x/hook/cmake_prefix_path.dsv'
[34.294s] INFO:colcon.colcon_core.shell:Creating environment hook '/home/robotix/ros2_ws/install/vl53l1x/share/vl53l1x/hook/cmake_prefix_path.sh'
[34.298s] Level 1:colcon.colcon_core.environment:checking '/home/robotix/ros2_ws/install/vl53l1x/lib'
[34.299s] Level 1:colcon.colcon_core.environment:checking '/home/robotix/ros2_ws/install/vl53l1x/bin'
[34.299s] Level 1:colcon.colcon_core.environment:checking '/home/robotix/ros2_ws/install/vl53l1x/lib/pkgconfig/vl53l1x.pc'
[34.300s] Level 1:colcon.colcon_core.environment:checking '/home/robotix/ros2_ws/install/vl53l1x/lib/python3.10/site-packages'
[34.301s] Level 1:colcon.colcon_core.environment:checking '/home/robotix/ros2_ws/install/vl53l1x/bin'
[34.356s] INFO:colcon.colcon_core.shell:Creating package script '/home/robotix/ros2_ws/install/vl53l1x/share/vl53l1x/package.ps1'
[34.359s] INFO:colcon.colcon_core.shell:Creating package descriptor '/home/robotix/ros2_ws/install/vl53l1x/share/vl53l1x/package.dsv'
[34.362s] INFO:colcon.colcon_core.shell:Creating package script '/home/robotix/ros2_ws/install/vl53l1x/share/vl53l1x/package.sh'
[34.365s] INFO:colcon.colcon_core.shell:Creating package script '/home/robotix/ros2_ws/install/vl53l1x/share/vl53l1x/package.bash'
[34.368s] INFO:colcon.colcon_core.shell:Creating package script '/home/robotix/ros2_ws/install/vl53l1x/share/vl53l1x/package.zsh'
[34.371s] Level 1:colcon.colcon_core.environment:create_file_with_runtime_dependencies(/home/robotix/ros2_ws/install/vl53l1x/share/colcon-core/packages/vl53l1x)
[34.574s] Level 1:colcon.colcon_core.environment:create_environment_scripts_only(vl53l1x)
[34.630s] Level 1:colcon.colcon_core.environment:checking '/home/robotix/ros2_ws/install/vl53l1x' for CMake module files
[34.633s] Level 1:colcon.colcon_core.environment:checking '/home/robotix/ros2_ws/install/vl53l1x' for CMake config files
[34.634s] Level 1:colcon.colcon_core.shell:create_environment_hook('vl53l1x', 'cmake_prefix_path')
[34.688s] INFO:colcon.colcon_core.shell:Creating environment hook '/home/robotix/ros2_ws/install/vl53l1x/share/vl53l1x/hook/cmake_prefix_path.ps1'
[34.690s] INFO:colcon.colcon_core.shell:Creating environment descriptor '/home/robotix/ros2_ws/install/vl53l1x/share/vl53l1x/hook/cmake_prefix_path.dsv'
[34.691s] INFO:colcon.colcon_core.shell:Creating environment hook '/home/robotix/ros2_ws/install/vl53l1x/share/vl53l1x/hook/cmake_prefix_path.sh'
[34.695s] Level 1:colcon.colcon_core.environment:checking '/home/robotix/ros2_ws/install/vl53l1x/lib'
[34.695s] Level 1:colcon.colcon_core.environment:checking '/home/robotix/ros2_ws/install/vl53l1x/bin'
[34.695s] Level 1:colcon.colcon_core.environment:checking '/home/robotix/ros2_ws/install/vl53l1x/lib/pkgconfig/vl53l1x.pc'
[34.696s] Level 1:colcon.colcon_core.environment:checking '/home/robotix/ros2_ws/install/vl53l1x/lib/python3.10/site-packages'
[34.697s] Level 1:colcon.colcon_core.environment:checking '/home/robotix/ros2_ws/install/vl53l1x/bin'
[34.752s] INFO:colcon.colcon_core.shell:Creating package script '/home/robotix/ros2_ws/install/vl53l1x/share/vl53l1x/package.ps1'
[34.754s] INFO:colcon.colcon_core.shell:Creating package descriptor '/home/robotix/ros2_ws/install/vl53l1x/share/vl53l1x/package.dsv'
[34.756s] INFO:colcon.colcon_core.shell:Creating package script '/home/robotix/ros2_ws/install/vl53l1x/share/vl53l1x/package.sh'
[34.758s] INFO:colcon.colcon_core.shell:Creating package script '/home/robotix/ros2_ws/install/vl53l1x/share/vl53l1x/package.bash'
[34.760s] INFO:colcon.colcon_core.shell:Creating package script '/home/robotix/ros2_ws/install/vl53l1x/share/vl53l1x/package.zsh'
[34.762s] Level 1:colcon.colcon_core.environment:create_file_with_runtime_dependencies(/home/robotix/ros2_ws/install/vl53l1x/share/colcon-core/packages/vl53l1x)
[34.764s] DEBUG:colcon.colcon_parallel_executor.executor.parallel:closing loop
[34.765s] DEBUG:colcon.colcon_parallel_executor.executor.parallel:loop closed
[34.765s] DEBUG:colcon.colcon_parallel_executor.executor.parallel:run_until_complete finished with '0'
[34.765s] DEBUG:colcon.colcon_core.event_reactor:joining thread
[34.842s] INFO:colcon.colcon_core.plugin_system:Skipping extension 'colcon_notification.desktop_notification.notify_send': Could not find 'notify-send'
[34.842s] INFO:colcon.colcon_core.plugin_system:Skipping extension 'colcon_notification.desktop_notification.terminal_notifier': Not used on non-Darwin systems
[34.843s] INFO:colcon.colcon_core.plugin_system:Skipping extension 'colcon_notification.desktop_notification.win32': Not used on non-Windows systems
[34.843s] INFO:colcon.colcon_notification.desktop_notification:Sending desktop notification using 'notify2'
[34.846s] DEBUG:colcon.colcon_notification.desktop_notification.notify2:Failed to initialize notify2: org.freedesktop.DBus.Error.ServiceUnknown: The name org.freedesktop.Notifications was not provided by any .service files
[34.846s] DEBUG:colcon.colcon_core.event_reactor:joined thread
[34.901s] INFO:colcon.colcon_core.shell:Creating prefix script '/home/robotix/ros2_ws/install/local_setup.ps1'
[34.905s] INFO:colcon.colcon_core.shell:Creating prefix util module '/home/robotix/ros2_ws/install/_local_setup_util_ps1.py'
[34.911s] INFO:colcon.colcon_core.shell:Creating prefix chain script '/home/robotix/ros2_ws/install/setup.ps1'
[34.970s] INFO:colcon.colcon_core.shell:Creating prefix script '/home/robotix/ros2_ws/install/local_setup.sh'
[34.972s] INFO:colcon.colcon_core.shell:Creating prefix util module '/home/robotix/ros2_ws/install/_local_setup_util_sh.py'
[34.975s] INFO:colcon.colcon_core.shell:Creating prefix chain script '/home/robotix/ros2_ws/install/setup.sh'
[35.032s] INFO:colcon.colcon_core.shell:Creating prefix script '/home/robotix/ros2_ws/install/local_setup.bash'
[35.035s] INFO:colcon.colcon_core.shell:Creating prefix chain script '/home/robotix/ros2_ws/install/setup.bash'
[35.092s] INFO:colcon.colcon_core.shell:Creating prefix script '/home/robotix/ros2_ws/install/local_setup.zsh'
[35.095s] INFO:colcon.colcon_core.shell:Creating prefix chain script '/home/robotix/ros2_ws/install/setup.zsh'
