[6.640s] Invoking command in '/home/robotix/ros2_ws/src/robotix': PYTHONPATH=/home/robotix/ros2_ws/build/robotix/prefix_override:/home/robotix/ros2_ws/install/robotix/lib/python3.10/site-packages:${PYTHONPATH} /usr/bin/python3 setup.py egg_info --egg-base ../../build/robotix build --build-base /home/robotix/ros2_ws/build/robotix/build install --record /home/robotix/ros2_ws/build/robotix/install.log --single-version-externally-managed
[7.968s] running egg_info
[7.971s] writing ../../build/robotix/robotix.egg-info/PKG-INFO
[7.972s] writing dependency_links to ../../build/robotix/robotix.egg-info/dependency_links.txt
[7.973s] writing entry points to ../../build/robotix/robotix.egg-info/entry_points.txt
[7.974s] writing requirements to ../../build/robotix/robotix.egg-info/requires.txt
[7.976s] writing top-level names to ../../build/robotix/robotix.egg-info/top_level.txt
[7.986s] reading manifest file '../../build/robotix/robotix.egg-info/SOURCES.txt'
[7.992s] writing manifest file '../../build/robotix/robotix.egg-info/SOURCES.txt'
[7.994s] running build
[7.994s] running build_py
[7.999s] running install
[8.001s] running install_lib
[8.011s] running install_data
[8.014s] running install_egg_info
[8.023s] removing '/home/robotix/ros2_ws/install/robotix/lib/python3.10/site-packages/robotix-0.0.0-py3.10.egg-info' (and everything under it)
[8.025s] Copying ../../build/robotix/robotix.egg-info to /home/robotix/ros2_ws/install/robotix/lib/python3.10/site-packages/robotix-0.0.0-py3.10.egg-info
[8.034s] running install_scripts
[8.133s] Installing codeuse script to /home/robotix/ros2_ws/install/robotix/lib/robotix
[8.135s] Installing controller script to /home/robotix/ros2_ws/install/robotix/lib/robotix
[8.136s] Installing ctrl_claw script to /home/robotix/ros2_ws/install/robotix/lib/robotix
[8.137s] Installing ctrl_nav script to /home/robotix/ros2_ws/install/robotix/lib/robotix
[8.138s] Installing jetson script to /home/robotix/ros2_ws/install/robotix/lib/robotix
[8.139s] Installing laser script to /home/robotix/ros2_ws/install/robotix/lib/robotix
[8.143s] Installing lidar script to /home/robotix/ros2_ws/install/robotix/lib/robotix
[8.144s] Installing motor script to /home/robotix/ros2_ws/install/robotix/lib/robotix
[8.145s] Installing motor_claw script to /home/robotix/ros2_ws/install/robotix/lib/robotix
[8.145s] Installing motor_plateau script to /home/robotix/ros2_ws/install/robotix/lib/robotix
[8.147s] writing list of installed files to '/home/robotix/ros2_ws/build/robotix/install.log'
[8.363s] Invoked command in '/home/robotix/ros2_ws/src/robotix' returned '0': PYTHONPATH=/home/robotix/ros2_ws/build/robotix/prefix_override:/home/robotix/ros2_ws/install/robotix/lib/python3.10/site-packages:${PYTHONPATH} /usr/bin/python3 setup.py egg_info --egg-base ../../build/robotix build --build-base /home/robotix/ros2_ws/build/robotix/build install --record /home/robotix/ros2_ws/build/robotix/install.log --single-version-externally-managed
