[4.100s] DEBUG:colcon:Command line arguments: ['/usr/bin/colcon', 'build', '--packages-select', 'VL53L5CX', '--cmake-clean-cache']
[4.100s] DEBUG:colcon:Parsed command line arguments: Namespace(log_base=None, log_level=None, verb_name='build', build_base='build', install_base='install', merge_install=False, symlink_install=False, test_result_base=None, continue_on_error=False, executor='parallel', parallel_workers=4, event_handlers=None, ignore_user_meta=False, metas=['./colcon.meta'], base_paths=['.'], packages_ignore=None, packages_ignore_regex=None, paths=None, packages_up_to=None, packages_up_to_regex=None, packages_above=None, packages_above_and_dependencies=None, packages_above_depth=None, packages_select_by_dep=None, packages_skip_by_dep=None, packages_skip_up_to=None, packages_select_build_failed=False, packages_skip_build_finished=False, packages_select_test_failures=False, packages_skip_test_passed=False, packages_select=['VL53L5CX'], packages_skip=None, packages_select_regex=None, packages_skip_regex=None, packages_start=None, packages_end=None, allow_overriding=[], cmake_args=None, cmake_target=None, cmake_target_skip_unavailable=False, cmake_clean_cache=True, cmake_clean_first=False, cmake_force_configure=False, ament_cmake_args=None, catkin_cmake_args=None, catkin_skip_building_tests=False, verb_parser=<colcon_defaults.argument_parser.defaults.DefaultArgumentsDecorator object at 0xffffbae2e980>, verb_extension=<colcon_core.verb.build.BuildVerb object at 0xffffbb0faa40>, main=<bound method BuildVerb.main of <colcon_core.verb.build.BuildVerb object at 0xffffbb0faa40>>)
[4.294s] Level 1:colcon.colcon_core.package_discovery:discover_packages(colcon_meta) check parameters
[4.294s] Level 1:colcon.colcon_core.package_discovery:discover_packages(recursive) check parameters
[4.295s] Level 1:colcon.colcon_core.package_discovery:discover_packages(ignore) check parameters
[4.295s] Level 1:colcon.colcon_core.package_discovery:discover_packages(path) check parameters
[4.295s] Level 1:colcon.colcon_core.package_discovery:discover_packages(colcon_meta) discover
[4.295s] Level 1:colcon.colcon_core.package_discovery:discover_packages(recursive) discover
[4.296s] INFO:colcon.colcon_core.package_discovery:Crawling recursively for packages in '/home/robotix/ros2_ws'
[4.296s] Level 1:colcon.colcon_core.package_identification:_identify(.) by extensions ['ignore', 'ignore_ament_install']
[4.296s] Level 1:colcon.colcon_core.package_identification:_identify(.) by extension 'ignore'
[4.297s] Level 1:colcon.colcon_core.package_identification:_identify(.) by extension 'ignore_ament_install'
[4.297s] Level 1:colcon.colcon_core.package_identification:_identify(.) by extensions ['colcon_pkg']
[4.297s] Level 1:colcon.colcon_core.package_identification:_identify(.) by extension 'colcon_pkg'
[4.297s] Level 1:colcon.colcon_core.package_identification:_identify(.) by extensions ['colcon_meta']
[4.297s] Level 1:colcon.colcon_core.package_identification:_identify(.) by extension 'colcon_meta'
[4.298s] Level 1:colcon.colcon_core.package_identification:_identify(.) by extensions ['ros']
[4.298s] Level 1:colcon.colcon_core.package_identification:_identify(.) by extension 'ros'
[4.350s] Level 1:colcon.colcon_core.package_identification:_identify(.) by extensions ['cmake', 'python']
[4.350s] Level 1:colcon.colcon_core.package_identification:_identify(.) by extension 'cmake'
[4.351s] Level 1:colcon.colcon_core.package_identification:_identify(.) by extension 'python'
[4.351s] Level 1:colcon.colcon_core.package_identification:_identify(.) by extensions ['python_setup_py']
[4.351s] Level 1:colcon.colcon_core.package_identification:_identify(.) by extension 'python_setup_py'
[4.352s] Level 1:colcon.colcon_core.package_identification:_identify(build) by extensions ['ignore', 'ignore_ament_install']
[4.352s] Level 1:colcon.colcon_core.package_identification:_identify(build) by extension 'ignore'
[4.352s] Level 1:colcon.colcon_core.package_identification:_identify(build) ignored
[4.353s] Level 1:colcon.colcon_core.package_identification:_identify(install) by extensions ['ignore', 'ignore_ament_install']
[4.353s] Level 1:colcon.colcon_core.package_identification:_identify(install) by extension 'ignore'
[4.353s] Level 1:colcon.colcon_core.package_identification:_identify(install) ignored
[4.354s] Level 1:colcon.colcon_core.package_identification:_identify(log) by extensions ['ignore', 'ignore_ament_install']
[4.355s] Level 1:colcon.colcon_core.package_identification:_identify(log) by extension 'ignore'
[4.355s] Level 1:colcon.colcon_core.package_identification:_identify(log) ignored
[4.356s] Level 1:colcon.colcon_core.package_identification:_identify(src) by extensions ['ignore', 'ignore_ament_install']
[4.356s] Level 1:colcon.colcon_core.package_identification:_identify(src) by extension 'ignore'
[4.356s] Level 1:colcon.colcon_core.package_identification:_identify(src) by extension 'ignore_ament_install'
[4.356s] Level 1:colcon.colcon_core.package_identification:_identify(src) by extensions ['colcon_pkg']
[4.356s] Level 1:colcon.colcon_core.package_identification:_identify(src) by extension 'colcon_pkg'
[4.357s] Level 1:colcon.colcon_core.package_identification:_identify(src) by extensions ['colcon_meta']
[4.357s] Level 1:colcon.colcon_core.package_identification:_identify(src) by extension 'colcon_meta'
[4.357s] Level 1:colcon.colcon_core.package_identification:_identify(src) by extensions ['ros']
[4.357s] Level 1:colcon.colcon_core.package_identification:_identify(src) by extension 'ros'
[4.357s] Level 1:colcon.colcon_core.package_identification:_identify(src) by extensions ['cmake', 'python']
[4.358s] Level 1:colcon.colcon_core.package_identification:_identify(src) by extension 'cmake'
[4.358s] Level 1:colcon.colcon_core.package_identification:_identify(src) by extension 'python'
[4.358s] Level 1:colcon.colcon_core.package_identification:_identify(src) by extensions ['python_setup_py']
[4.358s] Level 1:colcon.colcon_core.package_identification:_identify(src) by extension 'python_setup_py'
[4.359s] Level 1:colcon.colcon_core.package_identification:_identify(src/build) by extensions ['ignore', 'ignore_ament_install']
[4.359s] Level 1:colcon.colcon_core.package_identification:_identify(src/build) by extension 'ignore'
[4.359s] Level 1:colcon.colcon_core.package_identification:_identify(src/build) ignored
[4.360s] Level 1:colcon.colcon_core.package_identification:_identify(src/install) by extensions ['ignore', 'ignore_ament_install']
[4.360s] Level 1:colcon.colcon_core.package_identification:_identify(src/install) by extension 'ignore'
[4.360s] Level 1:colcon.colcon_core.package_identification:_identify(src/install) ignored
[4.361s] Level 1:colcon.colcon_core.package_identification:_identify(src/log) by extensions ['ignore', 'ignore_ament_install']
[4.362s] Level 1:colcon.colcon_core.package_identification:_identify(src/log) by extension 'ignore'
[4.362s] Level 1:colcon.colcon_core.package_identification:_identify(src/log) ignored
[4.362s] Level 1:colcon.colcon_core.package_identification:_identify(src/robotix) by extensions ['ignore', 'ignore_ament_install']
[4.363s] Level 1:colcon.colcon_core.package_identification:_identify(src/robotix) by extension 'ignore'
[4.363s] Level 1:colcon.colcon_core.package_identification:_identify(src/robotix) by extension 'ignore_ament_install'
[4.363s] Level 1:colcon.colcon_core.package_identification:_identify(src/robotix) by extensions ['colcon_pkg']
[4.363s] Level 1:colcon.colcon_core.package_identification:_identify(src/robotix) by extension 'colcon_pkg'
[4.364s] Level 1:colcon.colcon_core.package_identification:_identify(src/robotix) by extensions ['colcon_meta']
[4.364s] Level 1:colcon.colcon_core.package_identification:_identify(src/robotix) by extension 'colcon_meta'
[4.364s] Level 1:colcon.colcon_core.package_identification:_identify(src/robotix) by extensions ['ros']
[4.364s] Level 1:colcon.colcon_core.package_identification:_identify(src/robotix) by extension 'ros'
[4.376s] DEBUG:colcon.colcon_core.package_identification:Package 'src/robotix' with type 'ros.ament_python' and name 'robotix'
[4.377s] Level 1:colcon.colcon_core.package_identification:_identify(src/ydlidar_ros2_driver) by extensions ['ignore', 'ignore_ament_install']
[4.377s] Level 1:colcon.colcon_core.package_identification:_identify(src/ydlidar_ros2_driver) by extension 'ignore'
[4.377s] Level 1:colcon.colcon_core.package_identification:_identify(src/ydlidar_ros2_driver) by extension 'ignore_ament_install'
[4.378s] Level 1:colcon.colcon_core.package_identification:_identify(src/ydlidar_ros2_driver) by extensions ['colcon_pkg']
[4.378s] Level 1:colcon.colcon_core.package_identification:_identify(src/ydlidar_ros2_driver) by extension 'colcon_pkg'
[4.378s] Level 1:colcon.colcon_core.package_identification:_identify(src/ydlidar_ros2_driver) by extensions ['colcon_meta']
[4.378s] Level 1:colcon.colcon_core.package_identification:_identify(src/ydlidar_ros2_driver) by extension 'colcon_meta'
[4.378s] Level 1:colcon.colcon_core.package_identification:_identify(src/ydlidar_ros2_driver) by extensions ['ros']
[4.378s] Level 1:colcon.colcon_core.package_identification:_identify(src/ydlidar_ros2_driver) by extension 'ros'
[4.381s] DEBUG:colcon.colcon_core.package_identification:Package 'src/ydlidar_ros2_driver' with type 'ros.ament_cmake' and name 'ydlidar_ros2_driver'
[4.382s] Level 1:colcon.colcon_core.package_identification:_identify(vl53l5cx_python) by extensions ['ignore', 'ignore_ament_install']
[4.382s] Level 1:colcon.colcon_core.package_identification:_identify(vl53l5cx_python) by extension 'ignore'
[4.382s] Level 1:colcon.colcon_core.package_identification:_identify(vl53l5cx_python) by extension 'ignore_ament_install'
[4.383s] Level 1:colcon.colcon_core.package_identification:_identify(vl53l5cx_python) by extensions ['colcon_pkg']
[4.383s] Level 1:colcon.colcon_core.package_identification:_identify(vl53l5cx_python) by extension 'colcon_pkg'
[4.383s] Level 1:colcon.colcon_core.package_identification:_identify(vl53l5cx_python) by extensions ['colcon_meta']
[4.383s] Level 1:colcon.colcon_core.package_identification:_identify(vl53l5cx_python) by extension 'colcon_meta'
[4.383s] Level 1:colcon.colcon_core.package_identification:_identify(vl53l5cx_python) by extensions ['ros']
[4.383s] Level 1:colcon.colcon_core.package_identification:_identify(vl53l5cx_python) by extension 'ros'
[4.384s] Level 1:colcon.colcon_core.package_identification:_identify(vl53l5cx_python) by extensions ['cmake', 'python']
[4.384s] Level 1:colcon.colcon_core.package_identification:_identify(vl53l5cx_python) by extension 'cmake'
[4.384s] Level 1:colcon.colcon_core.package_identification:_identify(vl53l5cx_python) by extension 'python'
[4.384s] Level 1:colcon.colcon_core.package_identification:_identify(vl53l5cx_python) by extensions ['python_setup_py']
[4.385s] Level 1:colcon.colcon_core.package_identification:_identify(vl53l5cx_python) by extension 'python_setup_py'
[5.556s] DEBUG:colcon.colcon_core.package_identification:Package 'vl53l5cx_python' with type 'python' and name 'VL53L5CX'
[5.556s] Level 1:colcon.colcon_core.package_discovery:discover_packages(recursive) using defaults
[5.557s] Level 1:colcon.colcon_core.package_discovery:discover_packages(ignore) discover
[5.557s] Level 1:colcon.colcon_core.package_discovery:discover_packages(ignore) using defaults
[5.557s] Level 1:colcon.colcon_core.package_discovery:discover_packages(path) discover
[5.557s] Level 1:colcon.colcon_core.package_discovery:discover_packages(path) using defaults
[5.811s] INFO:colcon.colcon_core.package_selection:Skipping not selected package 'robotix' in 'src/robotix'
[5.812s] INFO:colcon.colcon_core.package_selection:Skipping not selected package 'ydlidar_ros2_driver' in 'src/ydlidar_ros2_driver'
[5.922s] Level 1:colcon.colcon_core.package_discovery:discover_packages(prefix_path) check parameters
[5.922s] Level 1:colcon.colcon_core.package_discovery:discover_packages(prefix_path) discover
[5.983s] WARNING:colcon.colcon_ros.prefix_path.catkin:The path '/home/robotix/ros2_ws/install/vl53l1x' in the environment variable CMAKE_PREFIX_PATH doesn't exist
[6.042s] DEBUG:colcon.colcon_installed_package_information.package_discovery:Found 2 installed packages in /home/robotix/ros2_ws/install
[6.099s] DEBUG:colcon.colcon_installed_package_information.package_discovery:Found 3 installed packages in /home/robotix/ros2_ws/src/install
[6.164s] DEBUG:colcon.colcon_installed_package_information.package_discovery:Found 180 installed packages in /opt/ros/humble
[6.168s] Level 1:colcon.colcon_core.package_discovery:discover_packages(prefix_path) using defaults
[6.470s] Level 5:colcon.colcon_core.verb:set package 'VL53L5CX' build argument 'cmake_args' from command line to 'None'
[6.470s] Level 5:colcon.colcon_core.verb:set package 'VL53L5CX' build argument 'cmake_target' from command line to 'None'
[6.471s] Level 5:colcon.colcon_core.verb:set package 'VL53L5CX' build argument 'cmake_target_skip_unavailable' from command line to 'False'
[6.471s] Level 5:colcon.colcon_core.verb:set package 'VL53L5CX' build argument 'cmake_clean_cache' from command line to 'True'
[6.471s] Level 5:colcon.colcon_core.verb:set package 'VL53L5CX' build argument 'cmake_clean_first' from command line to 'False'
[6.471s] Level 5:colcon.colcon_core.verb:set package 'VL53L5CX' build argument 'cmake_force_configure' from command line to 'False'
[6.471s] Level 5:colcon.colcon_core.verb:set package 'VL53L5CX' build argument 'ament_cmake_args' from command line to 'None'
[6.471s] Level 5:colcon.colcon_core.verb:set package 'VL53L5CX' build argument 'catkin_cmake_args' from command line to 'None'
[6.471s] Level 5:colcon.colcon_core.verb:set package 'VL53L5CX' build argument 'catkin_skip_building_tests' from command line to 'False'
[6.472s] DEBUG:colcon.colcon_core.verb:Building package 'VL53L5CX' with the following arguments: {'ament_cmake_args': None, 'build_base': '/home/robotix/ros2_ws/build/VL53L5CX', 'catkin_cmake_args': None, 'catkin_skip_building_tests': False, 'cmake_args': None, 'cmake_clean_cache': True, 'cmake_clean_first': False, 'cmake_force_configure': False, 'cmake_target': None, 'cmake_target_skip_unavailable': False, 'install_base': '/home/robotix/ros2_ws/install/VL53L5CX', 'merge_install': False, 'path': '/home/robotix/ros2_ws/vl53l5cx_python', 'symlink_install': False, 'test_result_base': None}
[6.527s] INFO:colcon.colcon_core.executor:Executing jobs using 'parallel' executor
[6.585s] DEBUG:colcon.colcon_parallel_executor.executor.parallel:run_until_complete
[6.586s] INFO:colcon.colcon_core.task.python.build:Building Python package in '/home/robotix/ros2_ws/vl53l5cx_python'
[6.652s] INFO:colcon.colcon_core.plugin_system:Skipping extension 'colcon_core.shell.bat': Not used on non-Windows systems
[6.653s] INFO:colcon.colcon_core.shell:Skip shell extension 'powershell' for command environment: Not usable outside of PowerShell
[6.653s] DEBUG:colcon.colcon_core.shell:Skip shell extension 'dsv' for command environment
[9.758s] DEBUG:colcon.colcon_core.event_handler.log_command:Invoking command in '/home/robotix/ros2_ws/vl53l5cx_python': PYTHONPATH=/home/robotix/ros2_ws/build/VL53L5CX/prefix_override:/home/robotix/ros2_ws/install/VL53L5CX/lib/python3.10/site-packages:${PYTHONPATH} /usr/bin/python3 setup.py egg_info --egg-base ../build/VL53L5CX build --build-base /home/robotix/ros2_ws/build/VL53L5CX/build install --record /home/robotix/ros2_ws/build/VL53L5CX/install.log --single-version-externally-managed
[11.704s] DEBUG:colcon.colcon_core.event_handler.log_command:Invoked command in '/home/robotix/ros2_ws/vl53l5cx_python' returned '0': PYTHONPATH=/home/robotix/ros2_ws/build/VL53L5CX/prefix_override:/home/robotix/ros2_ws/install/VL53L5CX/lib/python3.10/site-packages:${PYTHONPATH} /usr/bin/python3 setup.py egg_info --egg-base ../build/VL53L5CX build --build-base /home/robotix/ros2_ws/build/VL53L5CX/build install --record /home/robotix/ros2_ws/build/VL53L5CX/install.log --single-version-externally-managed
[11.773s] Level 1:colcon.colcon_core.environment:checking '/home/robotix/ros2_ws/install/VL53L5CX' for CMake module files
[11.774s] Level 1:colcon.colcon_core.environment:checking '/home/robotix/ros2_ws/install/VL53L5CX' for CMake config files
[11.777s] Level 1:colcon.colcon_core.environment:checking '/home/robotix/ros2_ws/install/VL53L5CX/lib'
[11.778s] Level 1:colcon.colcon_core.environment:checking '/home/robotix/ros2_ws/install/VL53L5CX/bin'
[11.778s] Level 1:colcon.colcon_core.environment:checking '/home/robotix/ros2_ws/install/VL53L5CX/lib/pkgconfig/VL53L5CX.pc'
[11.779s] Level 1:colcon.colcon_core.environment:checking '/home/robotix/ros2_ws/install/VL53L5CX/lib/python3.10/site-packages'
[11.780s] Level 1:colcon.colcon_core.shell:create_environment_hook('VL53L5CX', 'pythonpath')
[11.836s] INFO:colcon.colcon_core.shell:Creating environment hook '/home/robotix/ros2_ws/install/VL53L5CX/share/VL53L5CX/hook/pythonpath.ps1'
[11.839s] INFO:colcon.colcon_core.shell:Creating environment descriptor '/home/robotix/ros2_ws/install/VL53L5CX/share/VL53L5CX/hook/pythonpath.dsv'
[11.841s] INFO:colcon.colcon_core.shell:Creating environment hook '/home/robotix/ros2_ws/install/VL53L5CX/share/VL53L5CX/hook/pythonpath.sh'
[11.844s] Level 1:colcon.colcon_core.environment:checking '/home/robotix/ros2_ws/install/VL53L5CX/bin'
[11.845s] Level 1:colcon.colcon_core.environment:create_environment_scripts_only(VL53L5CX)
[11.901s] INFO:colcon.colcon_core.shell:Creating package script '/home/robotix/ros2_ws/install/VL53L5CX/share/VL53L5CX/package.ps1'
[11.905s] INFO:colcon.colcon_core.shell:Creating package descriptor '/home/robotix/ros2_ws/install/VL53L5CX/share/VL53L5CX/package.dsv'
[11.907s] INFO:colcon.colcon_core.shell:Creating package script '/home/robotix/ros2_ws/install/VL53L5CX/share/VL53L5CX/package.sh'
[11.910s] INFO:colcon.colcon_core.shell:Creating package script '/home/robotix/ros2_ws/install/VL53L5CX/share/VL53L5CX/package.bash'
[11.913s] INFO:colcon.colcon_core.shell:Creating package script '/home/robotix/ros2_ws/install/VL53L5CX/share/VL53L5CX/package.zsh'
[11.916s] Level 1:colcon.colcon_core.environment:create_file_with_runtime_dependencies(/home/robotix/ros2_ws/install/VL53L5CX/share/colcon-core/packages/VL53L5CX)
[11.917s] DEBUG:colcon.colcon_parallel_executor.executor.parallel:closing loop
[11.918s] DEBUG:colcon.colcon_parallel_executor.executor.parallel:loop closed
[11.919s] DEBUG:colcon.colcon_parallel_executor.executor.parallel:run_until_complete finished with '0'
[11.919s] DEBUG:colcon.colcon_core.event_reactor:joining thread
[11.995s] INFO:colcon.colcon_core.plugin_system:Skipping extension 'colcon_notification.desktop_notification.notify_send': Could not find 'notify-send'
[11.995s] INFO:colcon.colcon_core.plugin_system:Skipping extension 'colcon_notification.desktop_notification.terminal_notifier': Not used on non-Darwin systems
[11.996s] INFO:colcon.colcon_core.plugin_system:Skipping extension 'colcon_notification.desktop_notification.win32': Not used on non-Windows systems
[11.996s] INFO:colcon.colcon_notification.desktop_notification:Sending desktop notification using 'notify2'
[11.999s] DEBUG:colcon.colcon_notification.desktop_notification.notify2:Failed to initialize notify2: org.freedesktop.DBus.Error.ServiceUnknown: The name org.freedesktop.Notifications was not provided by any .service files
[11.999s] DEBUG:colcon.colcon_core.event_reactor:joined thread
[12.059s] INFO:colcon.colcon_core.shell:Creating prefix script '/home/robotix/ros2_ws/install/local_setup.ps1'
[12.063s] INFO:colcon.colcon_core.shell:Creating prefix util module '/home/robotix/ros2_ws/install/_local_setup_util_ps1.py'
[12.069s] INFO:colcon.colcon_core.shell:Creating prefix chain script '/home/robotix/ros2_ws/install/setup.ps1'
[12.130s] INFO:colcon.colcon_core.shell:Creating prefix script '/home/robotix/ros2_ws/install/local_setup.sh'
[12.133s] INFO:colcon.colcon_core.shell:Creating prefix util module '/home/robotix/ros2_ws/install/_local_setup_util_sh.py'
[12.136s] INFO:colcon.colcon_core.shell:Creating prefix chain script '/home/robotix/ros2_ws/install/setup.sh'
[12.197s] INFO:colcon.colcon_core.shell:Creating prefix script '/home/robotix/ros2_ws/install/local_setup.bash'
[12.199s] INFO:colcon.colcon_core.shell:Creating prefix chain script '/home/robotix/ros2_ws/install/setup.bash'
[12.260s] INFO:colcon.colcon_core.shell:Creating prefix script '/home/robotix/ros2_ws/install/local_setup.zsh'
[12.262s] INFO:colcon.colcon_core.shell:Creating prefix chain script '/home/robotix/ros2_ws/install/setup.zsh'
