[4.090s] DEBUG:colcon:Command line arguments: ['/usr/bin/colcon', 'build', '--symlink-install']
[4.090s] DEBUG:colcon:Parsed command line arguments: Namespace(log_base=None, log_level=None, verb_name='build', build_base='build', install_base='install', merge_install=False, symlink_install=True, test_result_base=None, continue_on_error=False, executor='parallel', parallel_workers=4, event_handlers=None, ignore_user_meta=False, metas=['./colcon.meta'], base_paths=['.'], packages_ignore=None, packages_ignore_regex=None, paths=None, packages_up_to=None, packages_up_to_regex=None, packages_above=None, packages_above_and_dependencies=None, packages_above_depth=None, packages_select_by_dep=None, packages_skip_by_dep=None, packages_skip_up_to=None, packages_select_build_failed=False, packages_skip_build_finished=False, packages_select_test_failures=False, packages_skip_test_passed=False, packages_select=None, packages_skip=None, packages_select_regex=None, packages_skip_regex=None, packages_start=None, packages_end=None, allow_overriding=[], cmake_args=None, cmake_target=None, cmake_target_skip_unavailable=False, cmake_clean_cache=False, cmake_clean_first=False, cmake_force_configure=False, ament_cmake_args=None, catkin_cmake_args=None, catkin_skip_building_tests=False, verb_parser=<colcon_defaults.argument_parser.defaults.DefaultArgumentsDecorator object at 0xffff9050e980>, verb_extension=<colcon_core.verb.build.BuildVerb object at 0xffff907d8f70>, main=<bound method BuildVerb.main of <colcon_core.verb.build.BuildVerb object at 0xffff907d8f70>>)
[4.283s] Level 1:colcon.colcon_core.package_discovery:discover_packages(colcon_meta) check parameters
[4.284s] Level 1:colcon.colcon_core.package_discovery:discover_packages(recursive) check parameters
[4.284s] Level 1:colcon.colcon_core.package_discovery:discover_packages(ignore) check parameters
[4.284s] Level 1:colcon.colcon_core.package_discovery:discover_packages(path) check parameters
[4.284s] Level 1:colcon.colcon_core.package_discovery:discover_packages(colcon_meta) discover
[4.284s] Level 1:colcon.colcon_core.package_discovery:discover_packages(recursive) discover
[4.285s] INFO:colcon.colcon_core.package_discovery:Crawling recursively for packages in '/home/robotix/ros2_ws'
[4.285s] Level 1:colcon.colcon_core.package_identification:_identify(.) by extensions ['ignore', 'ignore_ament_install']
[4.285s] Level 1:colcon.colcon_core.package_identification:_identify(.) by extension 'ignore'
[4.286s] Level 1:colcon.colcon_core.package_identification:_identify(.) by extension 'ignore_ament_install'
[4.286s] Level 1:colcon.colcon_core.package_identification:_identify(.) by extensions ['colcon_pkg']
[4.286s] Level 1:colcon.colcon_core.package_identification:_identify(.) by extension 'colcon_pkg'
[4.286s] Level 1:colcon.colcon_core.package_identification:_identify(.) by extensions ['colcon_meta']
[4.286s] Level 1:colcon.colcon_core.package_identification:_identify(.) by extension 'colcon_meta'
[4.287s] Level 1:colcon.colcon_core.package_identification:_identify(.) by extensions ['ros']
[4.287s] Level 1:colcon.colcon_core.package_identification:_identify(.) by extension 'ros'
[4.340s] Level 1:colcon.colcon_core.package_identification:_identify(.) by extensions ['cmake', 'python']
[4.340s] Level 1:colcon.colcon_core.package_identification:_identify(.) by extension 'cmake'
[4.340s] Level 1:colcon.colcon_core.package_identification:_identify(.) by extension 'python'
[4.340s] Level 1:colcon.colcon_core.package_identification:_identify(.) by extensions ['python_setup_py']
[4.340s] Level 1:colcon.colcon_core.package_identification:_identify(.) by extension 'python_setup_py'
[4.341s] Level 1:colcon.colcon_core.package_identification:_identify(build) by extensions ['ignore', 'ignore_ament_install']
[4.341s] Level 1:colcon.colcon_core.package_identification:_identify(build) by extension 'ignore'
[4.342s] Level 1:colcon.colcon_core.package_identification:_identify(build) ignored
[4.342s] Level 1:colcon.colcon_core.package_identification:_identify(install) by extensions ['ignore', 'ignore_ament_install']
[4.343s] Level 1:colcon.colcon_core.package_identification:_identify(install) by extension 'ignore'
[4.343s] Level 1:colcon.colcon_core.package_identification:_identify(install) ignored
[4.344s] Level 1:colcon.colcon_core.package_identification:_identify(log) by extensions ['ignore', 'ignore_ament_install']
[4.344s] Level 1:colcon.colcon_core.package_identification:_identify(log) by extension 'ignore'
[4.344s] Level 1:colcon.colcon_core.package_identification:_identify(log) ignored
[4.345s] Level 1:colcon.colcon_core.package_identification:_identify(src) by extensions ['ignore', 'ignore_ament_install']
[4.345s] Level 1:colcon.colcon_core.package_identification:_identify(src) by extension 'ignore'
[4.345s] Level 1:colcon.colcon_core.package_identification:_identify(src) by extension 'ignore_ament_install'
[4.346s] Level 1:colcon.colcon_core.package_identification:_identify(src) by extensions ['colcon_pkg']
[4.346s] Level 1:colcon.colcon_core.package_identification:_identify(src) by extension 'colcon_pkg'
[4.346s] Level 1:colcon.colcon_core.package_identification:_identify(src) by extensions ['colcon_meta']
[4.346s] Level 1:colcon.colcon_core.package_identification:_identify(src) by extension 'colcon_meta'
[4.346s] Level 1:colcon.colcon_core.package_identification:_identify(src) by extensions ['ros']
[4.346s] Level 1:colcon.colcon_core.package_identification:_identify(src) by extension 'ros'
[4.347s] Level 1:colcon.colcon_core.package_identification:_identify(src) by extensions ['cmake', 'python']
[4.347s] Level 1:colcon.colcon_core.package_identification:_identify(src) by extension 'cmake'
[4.347s] Level 1:colcon.colcon_core.package_identification:_identify(src) by extension 'python'
[4.347s] Level 1:colcon.colcon_core.package_identification:_identify(src) by extensions ['python_setup_py']
[4.347s] Level 1:colcon.colcon_core.package_identification:_identify(src) by extension 'python_setup_py'
[4.348s] Level 1:colcon.colcon_core.package_identification:_identify(src/build) by extensions ['ignore', 'ignore_ament_install']
[4.348s] Level 1:colcon.colcon_core.package_identification:_identify(src/build) by extension 'ignore'
[4.349s] Level 1:colcon.colcon_core.package_identification:_identify(src/build) ignored
[4.349s] Level 1:colcon.colcon_core.package_identification:_identify(src/install) by extensions ['ignore', 'ignore_ament_install']
[4.349s] Level 1:colcon.colcon_core.package_identification:_identify(src/install) by extension 'ignore'
[4.350s] Level 1:colcon.colcon_core.package_identification:_identify(src/install) ignored
[4.351s] Level 1:colcon.colcon_core.package_identification:_identify(src/log) by extensions ['ignore', 'ignore_ament_install']
[4.351s] Level 1:colcon.colcon_core.package_identification:_identify(src/log) by extension 'ignore'
[4.351s] Level 1:colcon.colcon_core.package_identification:_identify(src/log) ignored
[4.352s] Level 1:colcon.colcon_core.package_identification:_identify(src/robotix) by extensions ['ignore', 'ignore_ament_install']
[4.352s] Level 1:colcon.colcon_core.package_identification:_identify(src/robotix) by extension 'ignore'
[4.352s] Level 1:colcon.colcon_core.package_identification:_identify(src/robotix) by extension 'ignore_ament_install'
[4.353s] Level 1:colcon.colcon_core.package_identification:_identify(src/robotix) by extensions ['colcon_pkg']
[4.353s] Level 1:colcon.colcon_core.package_identification:_identify(src/robotix) by extension 'colcon_pkg'
[4.353s] Level 1:colcon.colcon_core.package_identification:_identify(src/robotix) by extensions ['colcon_meta']
[4.353s] Level 1:colcon.colcon_core.package_identification:_identify(src/robotix) by extension 'colcon_meta'
[4.353s] Level 1:colcon.colcon_core.package_identification:_identify(src/robotix) by extensions ['ros']
[4.353s] Level 1:colcon.colcon_core.package_identification:_identify(src/robotix) by extension 'ros'
[4.365s] DEBUG:colcon.colcon_core.package_identification:Package 'src/robotix' with type 'ros.ament_python' and name 'robotix'
[4.366s] Level 1:colcon.colcon_core.package_identification:_identify(src/vl53l5cx_python) by extensions ['ignore', 'ignore_ament_install']
[4.366s] Level 1:colcon.colcon_core.package_identification:_identify(src/vl53l5cx_python) by extension 'ignore'
[4.367s] Level 1:colcon.colcon_core.package_identification:_identify(src/vl53l5cx_python) by extension 'ignore_ament_install'
[4.367s] Level 1:colcon.colcon_core.package_identification:_identify(src/vl53l5cx_python) by extensions ['colcon_pkg']
[4.367s] Level 1:colcon.colcon_core.package_identification:_identify(src/vl53l5cx_python) by extension 'colcon_pkg'
[4.367s] Level 1:colcon.colcon_core.package_identification:_identify(src/vl53l5cx_python) by extensions ['colcon_meta']
[4.367s] Level 1:colcon.colcon_core.package_identification:_identify(src/vl53l5cx_python) by extension 'colcon_meta'
[4.368s] Level 1:colcon.colcon_core.package_identification:_identify(src/vl53l5cx_python) by extensions ['ros']
[4.368s] Level 1:colcon.colcon_core.package_identification:_identify(src/vl53l5cx_python) by extension 'ros'
[4.368s] Level 1:colcon.colcon_core.package_identification:_identify(src/vl53l5cx_python) by extensions ['cmake', 'python']
[4.368s] Level 1:colcon.colcon_core.package_identification:_identify(src/vl53l5cx_python) by extension 'cmake'
[4.369s] Level 1:colcon.colcon_core.package_identification:_identify(src/vl53l5cx_python) by extension 'python'
[4.369s] Level 1:colcon.colcon_core.package_identification:_identify(src/vl53l5cx_python) by extensions ['python_setup_py']
[4.369s] Level 1:colcon.colcon_core.package_identification:_identify(src/vl53l5cx_python) by extension 'python_setup_py'
[5.548s] DEBUG:colcon.colcon_core.package_identification:Package 'src/vl53l5cx_python' with type 'python' and name 'VL53L5CX'
[5.549s] Level 1:colcon.colcon_core.package_identification:_identify(src/ydlidar_ros2_driver) by extensions ['ignore', 'ignore_ament_install']
[5.550s] Level 1:colcon.colcon_core.package_identification:_identify(src/ydlidar_ros2_driver) by extension 'ignore'
[5.550s] Level 1:colcon.colcon_core.package_identification:_identify(src/ydlidar_ros2_driver) by extension 'ignore_ament_install'
[5.550s] Level 1:colcon.colcon_core.package_identification:_identify(src/ydlidar_ros2_driver) by extensions ['colcon_pkg']
[5.550s] Level 1:colcon.colcon_core.package_identification:_identify(src/ydlidar_ros2_driver) by extension 'colcon_pkg'
[5.550s] Level 1:colcon.colcon_core.package_identification:_identify(src/ydlidar_ros2_driver) by extensions ['colcon_meta']
[5.551s] Level 1:colcon.colcon_core.package_identification:_identify(src/ydlidar_ros2_driver) by extension 'colcon_meta'
[5.551s] Level 1:colcon.colcon_core.package_identification:_identify(src/ydlidar_ros2_driver) by extensions ['ros']
[5.551s] Level 1:colcon.colcon_core.package_identification:_identify(src/ydlidar_ros2_driver) by extension 'ros'
[5.554s] DEBUG:colcon.colcon_core.package_identification:Package 'src/ydlidar_ros2_driver' with type 'ros.ament_cmake' and name 'ydlidar_ros2_driver'
[5.554s] Level 1:colcon.colcon_core.package_discovery:discover_packages(recursive) using defaults
[5.555s] Level 1:colcon.colcon_core.package_discovery:discover_packages(ignore) discover
[5.555s] Level 1:colcon.colcon_core.package_discovery:discover_packages(ignore) using defaults
[5.555s] Level 1:colcon.colcon_core.package_discovery:discover_packages(path) discover
[5.555s] Level 1:colcon.colcon_core.package_discovery:discover_packages(path) using defaults
[5.920s] Level 1:colcon.colcon_core.package_discovery:discover_packages(prefix_path) check parameters
[5.921s] Level 1:colcon.colcon_core.package_discovery:discover_packages(prefix_path) discover
[5.981s] WARNING:colcon.colcon_ros.prefix_path.catkin:The path '/home/robotix/ros2_ws/install/vl53l1x' in the environment variable CMAKE_PREFIX_PATH doesn't exist
[6.041s] DEBUG:colcon.colcon_installed_package_information.package_discovery:Found 2 installed packages in /home/robotix/ros2_ws/install
[6.099s] DEBUG:colcon.colcon_installed_package_information.package_discovery:Found 3 installed packages in /home/robotix/ros2_ws/src/install
[6.163s] DEBUG:colcon.colcon_installed_package_information.package_discovery:Found 180 installed packages in /opt/ros/humble
[6.168s] Level 1:colcon.colcon_core.package_discovery:discover_packages(prefix_path) using defaults
[6.468s] Level 5:colcon.colcon_core.verb:set package 'VL53L5CX' build argument 'cmake_args' from command line to 'None'
[6.468s] Level 5:colcon.colcon_core.verb:set package 'VL53L5CX' build argument 'cmake_target' from command line to 'None'
[6.469s] Level 5:colcon.colcon_core.verb:set package 'VL53L5CX' build argument 'cmake_target_skip_unavailable' from command line to 'False'
[6.469s] Level 5:colcon.colcon_core.verb:set package 'VL53L5CX' build argument 'cmake_clean_cache' from command line to 'False'
[6.469s] Level 5:colcon.colcon_core.verb:set package 'VL53L5CX' build argument 'cmake_clean_first' from command line to 'False'
[6.469s] Level 5:colcon.colcon_core.verb:set package 'VL53L5CX' build argument 'cmake_force_configure' from command line to 'False'
[6.469s] Level 5:colcon.colcon_core.verb:set package 'VL53L5CX' build argument 'ament_cmake_args' from command line to 'None'
[6.469s] Level 5:colcon.colcon_core.verb:set package 'VL53L5CX' build argument 'catkin_cmake_args' from command line to 'None'
[6.469s] Level 5:colcon.colcon_core.verb:set package 'VL53L5CX' build argument 'catkin_skip_building_tests' from command line to 'False'
[6.469s] DEBUG:colcon.colcon_core.verb:Building package 'VL53L5CX' with the following arguments: {'ament_cmake_args': None, 'build_base': '/home/robotix/ros2_ws/build/VL53L5CX', 'catkin_cmake_args': None, 'catkin_skip_building_tests': False, 'cmake_args': None, 'cmake_clean_cache': False, 'cmake_clean_first': False, 'cmake_force_configure': False, 'cmake_target': None, 'cmake_target_skip_unavailable': False, 'install_base': '/home/robotix/ros2_ws/install/VL53L5CX', 'merge_install': False, 'path': '/home/robotix/ros2_ws/src/vl53l5cx_python', 'symlink_install': True, 'test_result_base': None}
[6.526s] Level 5:colcon.colcon_core.verb:set package 'robotix' build argument 'cmake_args' from command line to 'None'
[6.526s] Level 5:colcon.colcon_core.verb:set package 'robotix' build argument 'cmake_target' from command line to 'None'
[6.526s] Level 5:colcon.colcon_core.verb:set package 'robotix' build argument 'cmake_target_skip_unavailable' from command line to 'False'
[6.526s] Level 5:colcon.colcon_core.verb:set package 'robotix' build argument 'cmake_clean_cache' from command line to 'False'
[6.526s] Level 5:colcon.colcon_core.verb:set package 'robotix' build argument 'cmake_clean_first' from command line to 'False'
[6.526s] Level 5:colcon.colcon_core.verb:set package 'robotix' build argument 'cmake_force_configure' from command line to 'False'
[6.527s] Level 5:colcon.colcon_core.verb:set package 'robotix' build argument 'ament_cmake_args' from command line to 'None'
[6.527s] Level 5:colcon.colcon_core.verb:set package 'robotix' build argument 'catkin_cmake_args' from command line to 'None'
[6.527s] Level 5:colcon.colcon_core.verb:set package 'robotix' build argument 'catkin_skip_building_tests' from command line to 'False'
[6.527s] DEBUG:colcon.colcon_core.verb:Building package 'robotix' with the following arguments: {'ament_cmake_args': None, 'build_base': '/home/robotix/ros2_ws/build/robotix', 'catkin_cmake_args': None, 'catkin_skip_building_tests': False, 'cmake_args': None, 'cmake_clean_cache': False, 'cmake_clean_first': False, 'cmake_force_configure': False, 'cmake_target': None, 'cmake_target_skip_unavailable': False, 'install_base': '/home/robotix/ros2_ws/install/robotix', 'merge_install': False, 'path': '/home/robotix/ros2_ws/src/robotix', 'symlink_install': True, 'test_result_base': None}
[6.583s] Level 5:colcon.colcon_core.verb:set package 'ydlidar_ros2_driver' build argument 'cmake_args' from command line to 'None'
[6.583s] Level 5:colcon.colcon_core.verb:set package 'ydlidar_ros2_driver' build argument 'cmake_target' from command line to 'None'
[6.584s] Level 5:colcon.colcon_core.verb:set package 'ydlidar_ros2_driver' build argument 'cmake_target_skip_unavailable' from command line to 'False'
[6.584s] Level 5:colcon.colcon_core.verb:set package 'ydlidar_ros2_driver' build argument 'cmake_clean_cache' from command line to 'False'
[6.584s] Level 5:colcon.colcon_core.verb:set package 'ydlidar_ros2_driver' build argument 'cmake_clean_first' from command line to 'False'
[6.584s] Level 5:colcon.colcon_core.verb:set package 'ydlidar_ros2_driver' build argument 'cmake_force_configure' from command line to 'False'
[6.584s] Level 5:colcon.colcon_core.verb:set package 'ydlidar_ros2_driver' build argument 'ament_cmake_args' from command line to 'None'
[6.584s] Level 5:colcon.colcon_core.verb:set package 'ydlidar_ros2_driver' build argument 'catkin_cmake_args' from command line to 'None'
[6.584s] Level 5:colcon.colcon_core.verb:set package 'ydlidar_ros2_driver' build argument 'catkin_skip_building_tests' from command line to 'False'
[6.584s] DEBUG:colcon.colcon_core.verb:Building package 'ydlidar_ros2_driver' with the following arguments: {'ament_cmake_args': None, 'build_base': '/home/robotix/ros2_ws/build/ydlidar_ros2_driver', 'catkin_cmake_args': None, 'catkin_skip_building_tests': False, 'cmake_args': None, 'cmake_clean_cache': False, 'cmake_clean_first': False, 'cmake_force_configure': False, 'cmake_target': None, 'cmake_target_skip_unavailable': False, 'install_base': '/home/robotix/ros2_ws/install/ydlidar_ros2_driver', 'merge_install': False, 'path': '/home/robotix/ros2_ws/src/ydlidar_ros2_driver', 'symlink_install': True, 'test_result_base': None}
[6.639s] INFO:colcon.colcon_core.executor:Executing jobs using 'parallel' executor
[6.697s] DEBUG:colcon.colcon_parallel_executor.executor.parallel:run_until_complete
[6.698s] INFO:colcon.colcon_core.task.python.build:Building Python package in '/home/robotix/ros2_ws/src/vl53l5cx_python'
[6.764s] INFO:colcon.colcon_core.plugin_system:Skipping extension 'colcon_core.shell.bat': Not used on non-Windows systems
[6.765s] INFO:colcon.colcon_core.shell:Skip shell extension 'powershell' for command environment: Not usable outside of PowerShell
[6.765s] DEBUG:colcon.colcon_core.shell:Skip shell extension 'dsv' for command environment
[7.008s] INFO:colcon.colcon_ros.task.ament_python.build:Building ROS package in '/home/robotix/ros2_ws/src/robotix' with build type 'ament_python'
[7.009s] Level 1:colcon.colcon_core.shell:create_environment_hook('robotix', 'ament_prefix_path')
[7.068s] INFO:colcon.colcon_core.shell:Creating environment hook '/home/robotix/ros2_ws/install/robotix/share/robotix/hook/ament_prefix_path.ps1'
[7.071s] INFO:colcon.colcon_core.shell:Creating environment descriptor '/home/robotix/ros2_ws/install/robotix/share/robotix/hook/ament_prefix_path.dsv'
[7.073s] INFO:colcon.colcon_core.shell:Creating environment hook '/home/robotix/ros2_ws/install/robotix/share/robotix/hook/ament_prefix_path.sh'
[7.132s] INFO:colcon.colcon_core.shell:Skip shell extension 'powershell' for command environment: Not usable outside of PowerShell
[7.132s] DEBUG:colcon.colcon_core.shell:Skip shell extension 'dsv' for command environment
[7.373s] INFO:colcon.colcon_ros.task.ament_cmake.build:Building ROS package in '/home/robotix/ros2_ws/src/ydlidar_ros2_driver' with build type 'ament_cmake'
[7.374s] INFO:colcon.colcon_cmake.task.cmake.build:Building CMake package in '/home/robotix/ros2_ws/src/ydlidar_ros2_driver'
[7.433s] INFO:colcon.colcon_core.shell:Skip shell extension 'powershell' for command environment: Not usable outside of PowerShell
[7.433s] DEBUG:colcon.colcon_core.shell:Skip shell extension 'dsv' for command environment
[10.219s] INFO:colcon.colcon_core.task.python.build:Building Python package in '/home/robotix/ros2_ws/src/robotix'
[10.294s] INFO:colcon.colcon_core.shell:Skip shell extension 'powershell' for command environment: Not usable outside of PowerShell
[10.295s] DEBUG:colcon.colcon_core.shell:Skip shell extension 'dsv' for command environment
[10.625s] DEBUG:colcon.colcon_core.event_handler.log_command:Invoking command in '/home/robotix/ros2_ws/build/ydlidar_ros2_driver': CMAKE_PREFIX_PATH=${CMAKE_PREFIX_PATH}:/home/robotix/ros2_ws/install/robotix:/home/robotix/ros2_ws/src/install/robotix:/opt/ros/humble /usr/bin/cmake --build /home/robotix/ros2_ws/build/ydlidar_ros2_driver -- -j4 -l4
[10.765s] DEBUG:colcon.colcon_core.event_handler.log_command:Invoking command in '/home/robotix/ros2_ws/build/VL53L5CX': PYTHONPATH=/home/robotix/ros2_ws/build/VL53L5CX/prefix_override:/home/robotix/ros2_ws/install/VL53L5CX/lib/python3.10/site-packages:${PYTHONPATH} /usr/bin/python3 setup.py develop --editable --build-directory /home/robotix/ros2_ws/build/VL53L5CX/build --no-deps
[10.992s] DEBUG:colcon.colcon_core.event_handler.log_command:Invoked command in '/home/robotix/ros2_ws/build/ydlidar_ros2_driver' returned '0': CMAKE_PREFIX_PATH=${CMAKE_PREFIX_PATH}:/home/robotix/ros2_ws/install/robotix:/home/robotix/ros2_ws/src/install/robotix:/opt/ros/humble /usr/bin/cmake --build /home/robotix/ros2_ws/build/ydlidar_ros2_driver -- -j4 -l4
[11.200s] DEBUG:colcon.colcon_core.event_handler.log_command:Invoking command in '/home/robotix/ros2_ws/build/ydlidar_ros2_driver': CMAKE_PREFIX_PATH=${CMAKE_PREFIX_PATH}:/home/robotix/ros2_ws/install/robotix:/home/robotix/ros2_ws/src/install/robotix:/opt/ros/humble /usr/bin/cmake --install /home/robotix/ros2_ws/build/ydlidar_ros2_driver
[11.324s] Level 1:colcon.colcon_core.environment:create_environment_scripts_only(ydlidar_ros2_driver)
[11.326s] DEBUG:colcon.colcon_core.event_handler.log_command:Invoked command in '/home/robotix/ros2_ws/build/ydlidar_ros2_driver' returned '0': CMAKE_PREFIX_PATH=${CMAKE_PREFIX_PATH}:/home/robotix/ros2_ws/install/robotix:/home/robotix/ros2_ws/src/install/robotix:/opt/ros/humble /usr/bin/cmake --install /home/robotix/ros2_ws/build/ydlidar_ros2_driver
[11.416s] Level 1:colcon.colcon_core.environment:checking '/home/robotix/ros2_ws/install/ydlidar_ros2_driver' for CMake module files
[11.420s] Level 1:colcon.colcon_core.environment:checking '/home/robotix/ros2_ws/install/ydlidar_ros2_driver' for CMake config files
[11.424s] Level 1:colcon.colcon_core.shell:create_environment_hook('ydlidar_ros2_driver', 'cmake_prefix_path')
[11.505s] INFO:colcon.colcon_core.shell:Creating environment hook '/home/robotix/ros2_ws/install/ydlidar_ros2_driver/share/ydlidar_ros2_driver/hook/cmake_prefix_path.ps1'
[11.507s] INFO:colcon.colcon_core.shell:Creating environment descriptor '/home/robotix/ros2_ws/install/ydlidar_ros2_driver/share/ydlidar_ros2_driver/hook/cmake_prefix_path.dsv'
[11.509s] INFO:colcon.colcon_core.shell:Creating environment hook '/home/robotix/ros2_ws/install/ydlidar_ros2_driver/share/ydlidar_ros2_driver/hook/cmake_prefix_path.sh'
[11.513s] Level 1:colcon.colcon_core.environment:checking '/home/robotix/ros2_ws/install/ydlidar_ros2_driver/lib'
[11.514s] Level 1:colcon.colcon_core.environment:checking '/home/robotix/ros2_ws/install/ydlidar_ros2_driver/bin'
[11.515s] Level 1:colcon.colcon_core.environment:checking '/home/robotix/ros2_ws/install/ydlidar_ros2_driver/lib/pkgconfig/ydlidar_ros2_driver.pc'
[11.516s] Level 1:colcon.colcon_core.environment:checking '/home/robotix/ros2_ws/install/ydlidar_ros2_driver/lib/python3.10/site-packages'
[11.517s] Level 1:colcon.colcon_core.environment:checking '/home/robotix/ros2_ws/install/ydlidar_ros2_driver/bin'
[11.595s] INFO:colcon.colcon_core.shell:Creating package script '/home/robotix/ros2_ws/install/ydlidar_ros2_driver/share/ydlidar_ros2_driver/package.ps1'
[11.599s] INFO:colcon.colcon_core.shell:Creating package descriptor '/home/robotix/ros2_ws/install/ydlidar_ros2_driver/share/ydlidar_ros2_driver/package.dsv'
[11.602s] INFO:colcon.colcon_core.shell:Creating package script '/home/robotix/ros2_ws/install/ydlidar_ros2_driver/share/ydlidar_ros2_driver/package.sh'
[11.605s] INFO:colcon.colcon_core.shell:Creating package script '/home/robotix/ros2_ws/install/ydlidar_ros2_driver/share/ydlidar_ros2_driver/package.bash'
[11.609s] INFO:colcon.colcon_core.shell:Creating package script '/home/robotix/ros2_ws/install/ydlidar_ros2_driver/share/ydlidar_ros2_driver/package.zsh'
[11.613s] Level 1:colcon.colcon_core.environment:create_file_with_runtime_dependencies(/home/robotix/ros2_ws/install/ydlidar_ros2_driver/share/colcon-core/packages/ydlidar_ros2_driver)
[11.852s] Level 1:colcon.colcon_core.environment:create_environment_scripts_only(ydlidar_ros2_driver)
[11.938s] Level 1:colcon.colcon_core.environment:checking '/home/robotix/ros2_ws/install/ydlidar_ros2_driver' for CMake module files
[11.943s] Level 1:colcon.colcon_core.environment:checking '/home/robotix/ros2_ws/install/ydlidar_ros2_driver' for CMake config files
[11.947s] Level 1:colcon.colcon_core.shell:create_environment_hook('ydlidar_ros2_driver', 'cmake_prefix_path')
[12.093s] INFO:colcon.colcon_core.shell:Creating environment hook '/home/robotix/ros2_ws/install/ydlidar_ros2_driver/share/ydlidar_ros2_driver/hook/cmake_prefix_path.ps1'
[12.095s] INFO:colcon.colcon_core.shell:Creating environment descriptor '/home/robotix/ros2_ws/install/ydlidar_ros2_driver/share/ydlidar_ros2_driver/hook/cmake_prefix_path.dsv'
[12.097s] INFO:colcon.colcon_core.shell:Creating environment hook '/home/robotix/ros2_ws/install/ydlidar_ros2_driver/share/ydlidar_ros2_driver/hook/cmake_prefix_path.sh'
[12.101s] Level 1:colcon.colcon_core.environment:checking '/home/robotix/ros2_ws/install/ydlidar_ros2_driver/lib'
[12.101s] Level 1:colcon.colcon_core.environment:checking '/home/robotix/ros2_ws/install/ydlidar_ros2_driver/bin'
[12.102s] Level 1:colcon.colcon_core.environment:checking '/home/robotix/ros2_ws/install/ydlidar_ros2_driver/lib/pkgconfig/ydlidar_ros2_driver.pc'
[12.103s] Level 1:colcon.colcon_core.environment:checking '/home/robotix/ros2_ws/install/ydlidar_ros2_driver/lib/python3.10/site-packages'
[12.104s] Level 1:colcon.colcon_core.environment:checking '/home/robotix/ros2_ws/install/ydlidar_ros2_driver/bin'
[12.178s] INFO:colcon.colcon_core.shell:Creating package script '/home/robotix/ros2_ws/install/ydlidar_ros2_driver/share/ydlidar_ros2_driver/package.ps1'
[12.180s] INFO:colcon.colcon_core.shell:Creating package descriptor '/home/robotix/ros2_ws/install/ydlidar_ros2_driver/share/ydlidar_ros2_driver/package.dsv'
[12.183s] INFO:colcon.colcon_core.shell:Creating package script '/home/robotix/ros2_ws/install/ydlidar_ros2_driver/share/ydlidar_ros2_driver/package.sh'
[12.186s] INFO:colcon.colcon_core.shell:Creating package script '/home/robotix/ros2_ws/install/ydlidar_ros2_driver/share/ydlidar_ros2_driver/package.bash'
[12.188s] INFO:colcon.colcon_core.shell:Creating package script '/home/robotix/ros2_ws/install/ydlidar_ros2_driver/share/ydlidar_ros2_driver/package.zsh'
[12.191s] Level 1:colcon.colcon_core.environment:create_file_with_runtime_dependencies(/home/robotix/ros2_ws/install/ydlidar_ros2_driver/share/colcon-core/packages/ydlidar_ros2_driver)
[12.197s] DEBUG:colcon.colcon_core.event_handler.log_command:Invoked command in '/home/robotix/ros2_ws/build/VL53L5CX' returned '1': PYTHONPATH=/home/robotix/ros2_ws/build/VL53L5CX/prefix_override:/home/robotix/ros2_ws/install/VL53L5CX/lib/python3.10/site-packages:${PYTHONPATH} /usr/bin/python3 setup.py develop --editable --build-directory /home/robotix/ros2_ws/build/VL53L5CX/build --no-deps
[12.701s] DEBUG:colcon.colcon_parallel_executor.executor.parallel:closing loop
[12.702s] DEBUG:colcon.colcon_parallel_executor.executor.parallel:loop closed
[12.702s] DEBUG:colcon.colcon_parallel_executor.executor.parallel:run_until_complete finished with '1'
[12.703s] DEBUG:colcon.colcon_core.event_reactor:joining thread
[12.782s] INFO:colcon.colcon_core.plugin_system:Skipping extension 'colcon_notification.desktop_notification.notify_send': Could not find 'notify-send'
[12.783s] INFO:colcon.colcon_core.plugin_system:Skipping extension 'colcon_notification.desktop_notification.terminal_notifier': Not used on non-Darwin systems
[12.783s] INFO:colcon.colcon_core.plugin_system:Skipping extension 'colcon_notification.desktop_notification.win32': Not used on non-Windows systems
[12.783s] INFO:colcon.colcon_notification.desktop_notification:Sending desktop notification using 'notify2'
[12.786s] DEBUG:colcon.colcon_notification.desktop_notification.notify2:Failed to initialize notify2: org.freedesktop.DBus.Error.ServiceUnknown: The name org.freedesktop.Notifications was not provided by any .service files
[12.787s] DEBUG:colcon.colcon_core.event_reactor:joined thread
[12.845s] INFO:colcon.colcon_core.shell:Creating prefix script '/home/robotix/ros2_ws/install/local_setup.ps1'
[12.849s] INFO:colcon.colcon_core.shell:Creating prefix util module '/home/robotix/ros2_ws/install/_local_setup_util_ps1.py'
[12.855s] INFO:colcon.colcon_core.shell:Creating prefix chain script '/home/robotix/ros2_ws/install/setup.ps1'
[12.916s] INFO:colcon.colcon_core.shell:Creating prefix script '/home/robotix/ros2_ws/install/local_setup.sh'
[12.919s] INFO:colcon.colcon_core.shell:Creating prefix util module '/home/robotix/ros2_ws/install/_local_setup_util_sh.py'
[12.921s] INFO:colcon.colcon_core.shell:Creating prefix chain script '/home/robotix/ros2_ws/install/setup.sh'
[12.982s] INFO:colcon.colcon_core.shell:Creating prefix script '/home/robotix/ros2_ws/install/local_setup.bash'
[12.985s] INFO:colcon.colcon_core.shell:Creating prefix chain script '/home/robotix/ros2_ws/install/setup.bash'
[13.045s] INFO:colcon.colcon_core.shell:Creating prefix script '/home/robotix/ros2_ws/install/local_setup.zsh'
[13.048s] INFO:colcon.colcon_core.shell:Creating prefix chain script '/home/robotix/ros2_ws/install/setup.zsh'
