[5.904s] Invoking command in '/home/robotix/ros2_ws/src/build/robotix': PYTHONPATH=/home/robotix/ros2_ws/src/build/robotix/prefix_override:/home/robotix/ros2_ws/src/install/robotix/lib/python3.10/site-packages:${PYTHONPATH} /usr/bin/python3 setup.py develop --editable --build-directory /home/robotix/ros2_ws/src/build/robotix/build --no-deps install_data
[7.097s] running develop
[7.740s] running egg_info
[7.741s] writing robotix.egg-info/PKG-INFO
[7.742s] writing dependency_links to robotix.egg-info/dependency_links.txt
[7.743s] writing entry points to robotix.egg-info/entry_points.txt
[7.744s] writing requirements to robotix.egg-info/requires.txt
[7.744s] writing top-level names to robotix.egg-info/top_level.txt
[7.758s] reading manifest file 'robotix.egg-info/SOURCES.txt'
[7.763s] writing manifest file 'robotix.egg-info/SOURCES.txt'
[7.772s] running build_ext
[7.773s] Creating /home/robotix/ros2_ws/src/install/robotix/lib/python3.10/site-packages/robotix.egg-link (link to .)
[7.778s] Installing codeuse script to /home/robotix/ros2_ws/src/install/robotix/lib/robotix
[7.779s] Installing controller script to /home/robotix/ros2_ws/src/install/robotix/lib/robotix
[7.780s] Installing ctrl_claw script to /home/robotix/ros2_ws/src/install/robotix/lib/robotix
[7.781s] Installing ctrl_nav script to /home/robotix/ros2_ws/src/install/robotix/lib/robotix
[7.785s] Installing jetson script to /home/robotix/ros2_ws/src/install/robotix/lib/robotix
[7.786s] Installing laser script to /home/robotix/ros2_ws/src/install/robotix/lib/robotix
[7.787s] Installing lidar script to /home/robotix/ros2_ws/src/install/robotix/lib/robotix
[7.788s] Installing motor script to /home/robotix/ros2_ws/src/install/robotix/lib/robotix
[7.789s] Installing motor_claw script to /home/robotix/ros2_ws/src/install/robotix/lib/robotix
[7.789s] Installing motor_plateau script to /home/robotix/ros2_ws/src/install/robotix/lib/robotix
[7.791s] 
[7.791s] Installed /home/robotix/ros2_ws/src/build/robotix
[7.792s] running install_data
