[6.019s] Invoking command in '/home/robotix/ros2_ws/src/build/tof_imager_ros': PYTHONPATH=/home/robotix/ros2_ws/src/build/tof_imager_ros/prefix_override:/home/robotix/ros2_ws/src/install/tof_imager_ros/lib/python3.10/site-packages:${PYTHONPATH} /usr/bin/python3 setup.py develop --editable --build-directory /home/robotix/ros2_ws/src/build/tof_imager_ros/build --no-deps install_data
[7.390s] running develop
[8.144s] running egg_info
[8.145s] writing tof_imager_ros.egg-info/PKG-INFO
[8.145s] writing dependency_links to tof_imager_ros.egg-info/dependency_links.txt
[8.147s] writing entry points to tof_imager_ros.egg-info/entry_points.txt
[8.147s] writing requirements to tof_imager_ros.egg-info/requires.txt
[8.149s] writing top-level names to tof_imager_ros.egg-info/top_level.txt
[8.157s] reading manifest file 'tof_imager_ros.egg-info/SOURCES.txt'
[8.161s] writing manifest file 'tof_imager_ros.egg-info/SOURCES.txt'
[8.169s] running build_ext
[8.170s] Creating /home/robotix/ros2_ws/src/install/tof_imager_ros/lib/python3.10/site-packages/tof-imager-ros.egg-link (link to .)
[8.175s] Installing tof_imager_node script to /home/robotix/ros2_ws/src/install/tof_imager_ros/lib/tof_imager_ros
[8.180s] Installing tof_imager_publisher script to /home/robotix/ros2_ws/src/install/tof_imager_ros/lib/tof_imager_ros
[8.181s] 
[8.183s] Installed /home/robotix/ros2_ws/src/build/tof_imager_ros
[8.184s] running install_data
[8.186s] copying resource/tof_imager_ros -> /home/robotix/ros2_ws/src/install/tof_imager_ros/share/ament_index/resource_index/packages
[8.188s] copying package.xml -> /home/robotix/ros2_ws/src/install/tof_imager_ros/share/tof_imager_ros
[8.190s] copying launch/tof_imager_launch.py -> /home/robotix/ros2_ws/src/install/tof_imager_ros/share/tof_imager_ros/launch
[8.193s] error: can't copy 'launch/vl53_launch.py': doesn't exist or not a regular file
[8.701s] Invoked command in '/home/robotix/ros2_ws/src/build/tof_imager_ros' returned '1': PYTHONPATH=/home/robotix/ros2_ws/src/build/tof_imager_ros/prefix_override:/home/robotix/ros2_ws/src/install/tof_imager_ros/lib/python3.10/site-packages:${PYTHONPATH} /usr/bin/python3 setup.py develop --editable --build-directory /home/robotix/ros2_ws/src/build/tof_imager_ros/build --no-deps install_data
