[4.610s] Invoking command in '/home/robotix/ros2_ws/src/build/robotix': PYTHONPATH=/home/robotix/ros2_ws/src/build/robotix/prefix_override:/home/robotix/ros2_ws/src/install/robotix/lib/python3.10/site-packages:${PYTHONPATH} /usr/bin/python3 setup.py develop --editable --build-directory /home/robotix/ros2_ws/src/build/robotix/build --no-deps install_data
[6.225s] running develop
[7.197s] running egg_info
[7.198s] writing robotix.egg-info/PKG-INFO
[7.199s] writing dependency_links to robotix.egg-info/dependency_links.txt
[7.201s] writing entry points to robotix.egg-info/entry_points.txt
[7.202s] writing requirements to robotix.egg-info/requires.txt
[7.203s] writing top-level names to robotix.egg-info/top_level.txt
[7.236s] reading manifest file 'robotix.egg-info/SOURCES.txt'
[7.244s] writing manifest file 'robotix.egg-info/SOURCES.txt'
[7.265s] running build_ext
[7.266s] Creating /home/robotix/ros2_ws/src/install/robotix/lib/python3.10/site-packages/robotix.egg-link (link to .)
[7.275s] Installing codeuse script to /home/robotix/ros2_ws/src/install/robotix/lib/robotix
[7.282s] Installing controller script to /home/robotix/ros2_ws/src/install/robotix/lib/robotix
[7.284s] Installing ctrl_claw script to /home/robotix/ros2_ws/src/install/robotix/lib/robotix
[7.285s] Installing ctrl_nav script to /home/robotix/ros2_ws/src/install/robotix/lib/robotix
[7.287s] Installing jetson script to /home/robotix/ros2_ws/src/install/robotix/lib/robotix
[7.289s] Installing laser script to /home/robotix/ros2_ws/src/install/robotix/lib/robotix
[7.291s] Installing lidar script to /home/robotix/ros2_ws/src/install/robotix/lib/robotix
[7.292s] Installing motor script to /home/robotix/ros2_ws/src/install/robotix/lib/robotix
[7.294s] Installing motor_claw script to /home/robotix/ros2_ws/src/install/robotix/lib/robotix
[7.296s] Installing motor_plateau script to /home/robotix/ros2_ws/src/install/robotix/lib/robotix
[7.299s] 
[7.299s] Installed /home/robotix/ros2_ws/src/build/robotix
[7.300s] running install_data
[7.508s] Invoked command in '/home/robotix/ros2_ws/src/build/robotix' returned '0': PYTHONPATH=/home/robotix/ros2_ws/src/build/robotix/prefix_override:/home/robotix/ros2_ws/src/install/robotix/lib/python3.10/site-packages:${PYTHONPATH} /usr/bin/python3 setup.py develop --editable --build-directory /home/robotix/ros2_ws/src/build/robotix/build --no-deps install_data
