[5.924s] Invoking command in '/home/robotix/ros2_ws/src/build/tof_imager_ros': PYTHONPATH=/home/robotix/ros2_ws/src/build/tof_imager_ros/prefix_override:/home/robotix/ros2_ws/src/install/tof_imager_ros/lib/python3.10/site-packages:${PYTHONPATH} /usr/bin/python3 setup.py develop --editable --build-directory /home/robotix/ros2_ws/src/build/tof_imager_ros/build --no-deps install_data
[7.279s] running develop
[8.030s] running egg_info
[8.030s] writing tof_imager_ros.egg-info/PKG-INFO
[8.033s] writing dependency_links to tof_imager_ros.egg-info/dependency_links.txt
[8.035s] writing entry points to tof_imager_ros.egg-info/entry_points.txt
[8.036s] writing requirements to tof_imager_ros.egg-info/requires.txt
[8.037s] writing top-level names to tof_imager_ros.egg-info/top_level.txt
[8.044s] reading manifest file 'tof_imager_ros.egg-info/SOURCES.txt'
[8.050s] writing manifest file 'tof_imager_ros.egg-info/SOURCES.txt'
[8.060s] running build_ext
[8.062s] Creating /home/robotix/ros2_ws/src/install/tof_imager_ros/lib/python3.10/site-packages/tof-imager-ros.egg-link (link to .)
[8.069s] Installing tof_imager_node script to /home/robotix/ros2_ws/src/install/tof_imager_ros/lib/tof_imager_ros
[8.070s] Installing tof_imager_publisher script to /home/robotix/ros2_ws/src/install/tof_imager_ros/lib/tof_imager_ros
[8.073s] 
[8.074s] Installed /home/robotix/ros2_ws/src/build/tof_imager_ros
[8.075s] running install_data
[8.077s] copying resource/tof_imager_ros -> /home/robotix/ros2_ws/src/install/tof_imager_ros/share/ament_index/resource_index/packages
[8.078s] copying package.xml -> /home/robotix/ros2_ws/src/install/tof_imager_ros/share/tof_imager_ros
[8.079s] copying launch/tof_imager_launch.py -> /home/robotix/ros2_ws/src/install/tof_imager_ros/share/tof_imager_ros/launch
[8.081s] error: can't copy 'launch/vl53_launch.py': doesn't exist or not a regular file
[8.558s] Invoked command in '/home/robotix/ros2_ws/src/build/tof_imager_ros' returned '1': PYTHONPATH=/home/robotix/ros2_ws/src/build/tof_imager_ros/prefix_override:/home/robotix/ros2_ws/src/install/tof_imager_ros/lib/python3.10/site-packages:${PYTHONPATH} /usr/bin/python3 setup.py develop --editable --build-directory /home/robotix/ros2_ws/src/build/tof_imager_ros/build --no-deps install_data
