[6.372s] Invoking command in '/home/robotix/ros2_ws/build/robotix': PYTHONPATH=/home/robotix/ros2_ws/build/robotix/prefix_override:/home/robotix/ros2_ws/install/robotix/lib/python3.10/site-packages:${PYTHONPATH} /usr/bin/python3 setup.py develop --editable --build-directory /home/robotix/ros2_ws/build/robotix/build --no-deps install_data
[7.746s] running develop
[8.495s] running egg_info
[8.496s] writing robotix.egg-info/PKG-INFO
[8.497s] writing dependency_links to robotix.egg-info/dependency_links.txt
[8.499s] writing entry points to robotix.egg-info/entry_points.txt
[8.501s] writing requirements to robotix.egg-info/requires.txt
[8.501s] writing top-level names to robotix.egg-info/top_level.txt
[8.509s] reading manifest file 'robotix.egg-info/SOURCES.txt'
[8.514s] writing manifest file 'robotix.egg-info/SOURCES.txt'
[8.529s] running build_ext
[8.529s] Creating /home/robotix/ros2_ws/install/robotix/lib/python3.10/site-packages/robotix.egg-link (link to .)
[8.545s] Installing codeuse script to /home/robotix/ros2_ws/install/robotix/lib/robotix
[8.549s] Installing controller script to /home/robotix/ros2_ws/install/robotix/lib/robotix
[8.550s] Installing ctrl_claw script to /home/robotix/ros2_ws/install/robotix/lib/robotix
[8.554s] Installing ctrl_nav script to /home/robotix/ros2_ws/install/robotix/lib/robotix
[8.558s] Installing jetson script to /home/robotix/ros2_ws/install/robotix/lib/robotix
[8.559s] Installing laser script to /home/robotix/ros2_ws/install/robotix/lib/robotix
[8.560s] Installing lidar script to /home/robotix/ros2_ws/install/robotix/lib/robotix
[8.561s] Installing motor script to /home/robotix/ros2_ws/install/robotix/lib/robotix
[8.562s] Installing motor_claw script to /home/robotix/ros2_ws/install/robotix/lib/robotix
[8.563s] Installing motor_plateau script to /home/robotix/ros2_ws/install/robotix/lib/robotix
[8.565s] Installing serial_pince script to /home/robotix/ros2_ws/install/robotix/lib/robotix
[8.567s] 
[8.569s] Installed /home/robotix/ros2_ws/build/robotix
[8.571s] running install_data
[9.068s] Invoked command in '/home/robotix/ros2_ws/build/robotix' returned '0': PYTHONPATH=/home/robotix/ros2_ws/build/robotix/prefix_override:/home/robotix/ros2_ws/install/robotix/lib/python3.10/site-packages:${PYTHONPATH} /usr/bin/python3 setup.py develop --editable --build-directory /home/robotix/ros2_ws/build/robotix/build --no-deps install_data
