[6.240s] Invoking command in '/home/robotix/ros2_ws/src/tof_imager_ros': PYTHONPATH=/home/robotix/ros2_ws/build/tof_imager_ros/prefix_override:/home/robotix/ros2_ws/install/tof_imager_ros/lib/python3.10/site-packages:${PYTHONPATH} /usr/bin/python3 setup.py egg_info --egg-base ../../build/tof_imager_ros build --build-base /home/robotix/ros2_ws/build/tof_imager_ros/build install --record /home/robotix/ros2_ws/build/tof_imager_ros/install.log --single-version-externally-managed
[7.577s] running egg_info
[7.579s] writing ../../build/tof_imager_ros/tof_imager_ros.egg-info/PKG-INFO
[7.580s] writing dependency_links to ../../build/tof_imager_ros/tof_imager_ros.egg-info/dependency_links.txt
[7.582s] writing entry points to ../../build/tof_imager_ros/tof_imager_ros.egg-info/entry_points.txt
[7.583s] writing requirements to ../../build/tof_imager_ros/tof_imager_ros.egg-info/requires.txt
[7.585s] writing top-level names to ../../build/tof_imager_ros/tof_imager_ros.egg-info/top_level.txt
[7.593s] reading manifest file '../../build/tof_imager_ros/tof_imager_ros.egg-info/SOURCES.txt'
[7.594s] adding license file 'LICENSE'
[7.598s] writing manifest file '../../build/tof_imager_ros/tof_imager_ros.egg-info/SOURCES.txt'
[7.599s] running build
[7.599s] running build_py
[7.600s] running install
[7.602s] running install_lib
[7.609s] running install_data
[7.613s] copying launch/tof_imager_launch.py -> /home/robotix/ros2_ws/install/tof_imager_ros/share/tof_imager_ros/launch
[7.614s] running install_egg_info
[7.624s] removing '/home/robotix/ros2_ws/install/tof_imager_ros/lib/python3.10/site-packages/tof_imager_ros-0.0.0-py3.10.egg-info' (and everything under it)
[7.626s] Copying ../../build/tof_imager_ros/tof_imager_ros.egg-info to /home/robotix/ros2_ws/install/tof_imager_ros/lib/python3.10/site-packages/tof_imager_ros-0.0.0-py3.10.egg-info
[7.635s] running install_scripts
[7.732s] Installing tof_imager_node script to /home/robotix/ros2_ws/install/tof_imager_ros/lib/tof_imager_ros
[7.733s] Installing tof_imager_publisher script to /home/robotix/ros2_ws/install/tof_imager_ros/lib/tof_imager_ros
[7.736s] writing list of installed files to '/home/robotix/ros2_ws/build/tof_imager_ros/install.log'
[7.949s] Invoked command in '/home/robotix/ros2_ws/src/tof_imager_ros' returned '0': PYTHONPATH=/home/robotix/ros2_ws/build/tof_imager_ros/prefix_override:/home/robotix/ros2_ws/install/tof_imager_ros/lib/python3.10/site-packages:${PYTHONPATH} /usr/bin/python3 setup.py egg_info --egg-base ../../build/tof_imager_ros build --build-base /home/robotix/ros2_ws/build/tof_imager_ros/build install --record /home/robotix/ros2_ws/build/tof_imager_ros/install.log --single-version-externally-managed
