[3.855s] Invoking command in '/home/robotix/ros2_ws/build/robotix': PYTHONPATH=/home/robotix/ros2_ws/build/robotix/prefix_override:/home/robotix/ros2_ws/install/robotix/lib/python3.10/site-packages:${PYTHONPATH} /usr/bin/python3 setup.py develop --editable --build-directory /home/robotix/ros2_ws/build/robotix/build --no-deps install_data
[5.287s] running develop
[6.209s] running egg_info
[6.210s] writing robotix.egg-info/PKG-INFO
[6.211s] writing dependency_links to robotix.egg-info/dependency_links.txt
[6.212s] writing entry points to robotix.egg-info/entry_points.txt
[6.213s] writing requirements to robotix.egg-info/requires.txt
[6.214s] writing top-level names to robotix.egg-info/top_level.txt
[6.224s] reading manifest file 'robotix.egg-info/SOURCES.txt'
[6.230s] writing manifest file 'robotix.egg-info/SOURCES.txt'
[6.237s] running build_ext
[6.238s] Creating /home/robotix/ros2_ws/install/robotix/lib/python3.10/site-packages/robotix.egg-link (link to .)
[6.243s] Installing codeuse script to /home/robotix/ros2_ws/install/robotix/lib/robotix
[6.244s] Installing controller script to /home/robotix/ros2_ws/install/robotix/lib/robotix
[6.246s] Installing ctrl_claw script to /home/robotix/ros2_ws/install/robotix/lib/robotix
[6.247s] Installing ctrl_nav script to /home/robotix/ros2_ws/install/robotix/lib/robotix
[6.248s] Installing jetson script to /home/robotix/ros2_ws/install/robotix/lib/robotix
[6.249s] Installing laser script to /home/robotix/ros2_ws/install/robotix/lib/robotix
[6.250s] Installing lidar script to /home/robotix/ros2_ws/install/robotix/lib/robotix
[6.251s] Installing motor script to /home/robotix/ros2_ws/install/robotix/lib/robotix
[6.252s] Installing motor_claw script to /home/robotix/ros2_ws/install/robotix/lib/robotix
[6.254s] Installing motor_plateau script to /home/robotix/ros2_ws/install/robotix/lib/robotix
[6.255s] 
[6.256s] Installed /home/robotix/ros2_ws/build/robotix
[6.257s] running install_data
[6.413s] Invoked command in '/home/robotix/ros2_ws/build/robotix' returned '0': PYTHONPATH=/home/robotix/ros2_ws/build/robotix/prefix_override:/home/robotix/ros2_ws/install/robotix/lib/python3.10/site-packages:${PYTHONPATH} /usr/bin/python3 setup.py develop --editable --build-directory /home/robotix/ros2_ws/build/robotix/build --no-deps install_data
