[6.021s] Invoking command in '/home/robotix/ros2_ws/build/tof_imager_ros': PYTHONPATH=/home/robotix/ros2_ws/build/tof_imager_ros/prefix_override:/home/robotix/ros2_ws/install/tof_imager_ros/lib/python3.10/site-packages:${PYTHONPATH} /usr/bin/python3 setup.py develop --editable --build-directory /home/robotix/ros2_ws/build/tof_imager_ros/build --no-deps install_data
[7.643s] running develop
[8.516s] running egg_info
[8.518s] creating tof_imager_ros.egg-info
[8.520s] writing tof_imager_ros.egg-info/PKG-INFO
[8.523s] writing dependency_links to tof_imager_ros.egg-info/dependency_links.txt
[8.529s] writing entry points to tof_imager_ros.egg-info/entry_points.txt
[8.533s] writing requirements to tof_imager_ros.egg-info/requires.txt
[8.534s] writing top-level names to tof_imager_ros.egg-info/top_level.txt
[8.537s] writing manifest file 'tof_imager_ros.egg-info/SOURCES.txt'
[8.539s] reading manifest file 'tof_imager_ros.egg-info/SOURCES.txt'
[8.540s] writing manifest file 'tof_imager_ros.egg-info/SOURCES.txt'
[8.552s] running build_ext
[8.553s] Creating /home/robotix/ros2_ws/install/tof_imager_ros/lib/python3.10/site-packages/tof-imager-ros.egg-link (link to .)
[8.561s] Installing tof_imager_node script to /home/robotix/ros2_ws/install/tof_imager_ros/lib/tof_imager_ros
[8.563s] Installing tof_imager_publisher script to /home/robotix/ros2_ws/install/tof_imager_ros/lib/tof_imager_ros
[8.567s] 
[8.569s] Installed /home/robotix/ros2_ws/build/tof_imager_ros
[8.570s] running install_data
[8.572s] creating /home/robotix/ros2_ws/install/tof_imager_ros/share/ament_index
[8.574s] creating /home/robotix/ros2_ws/install/tof_imager_ros/share/ament_index/resource_index
[8.576s] creating /home/robotix/ros2_ws/install/tof_imager_ros/share/ament_index/resource_index/packages
[8.578s] copying resource/tof_imager_ros -> /home/robotix/ros2_ws/install/tof_imager_ros/share/ament_index/resource_index/packages
[8.580s] copying package.xml -> /home/robotix/ros2_ws/install/tof_imager_ros/share/tof_imager_ros
[8.582s] creating /home/robotix/ros2_ws/install/tof_imager_ros/share/tof_imager_ros/launch
[8.584s] copying launch/tof_imager_launch.py -> /home/robotix/ros2_ws/install/tof_imager_ros/share/tof_imager_ros/launch
[8.587s] creating /home/robotix/ros2_ws/install/tof_imager_ros/share/tof_imager_ros/config
[8.589s] copying config/sensor_params.yaml -> /home/robotix/ros2_ws/install/tof_imager_ros/share/tof_imager_ros/config
[9.075s] Invoked command in '/home/robotix/ros2_ws/build/tof_imager_ros' returned '0': PYTHONPATH=/home/robotix/ros2_ws/build/tof_imager_ros/prefix_override:/home/robotix/ros2_ws/install/tof_imager_ros/lib/python3.10/site-packages:${PYTHONPATH} /usr/bin/python3 setup.py develop --editable --build-directory /home/robotix/ros2_ws/build/tof_imager_ros/build --no-deps install_data
