[4.221s] DEBUG:colcon:Command line arguments: ['/usr/bin/colcon', 'build', '--symlink-install']
[4.222s] DEBUG:colcon:Parsed command line arguments: Namespace(log_base=None, log_level=None, verb_name='build', build_base='build', install_base='install', merge_install=False, symlink_install=True, test_result_base=None, continue_on_error=False, executor='parallel', parallel_workers=4, event_handlers=None, ignore_user_meta=False, metas=['./colcon.meta'], base_paths=['.'], packages_ignore=None, packages_ignore_regex=None, paths=None, packages_up_to=None, packages_up_to_regex=None, packages_above=None, packages_above_and_dependencies=None, packages_above_depth=None, packages_select_by_dep=None, packages_skip_by_dep=None, packages_skip_up_to=None, packages_select_build_failed=False, packages_skip_build_finished=False, packages_select_test_failures=False, packages_skip_test_passed=False, packages_select=None, packages_skip=None, packages_select_regex=None, packages_skip_regex=None, packages_start=None, packages_end=None, allow_overriding=[], cmake_args=None, cmake_target=None, cmake_target_skip_unavailable=False, cmake_clean_cache=False, cmake_clean_first=False, cmake_force_configure=False, ament_cmake_args=None, catkin_cmake_args=None, catkin_skip_building_tests=False, verb_parser=<colcon_defaults.argument_parser.defaults.DefaultArgumentsDecorator object at 0xffff94c23460>, verb_extension=<colcon_core.verb.build.BuildVerb object at 0xffff94eebe20>, main=<bound method BuildVerb.main of <colcon_core.verb.build.BuildVerb object at 0xffff94eebe20>>)
[4.437s] Level 1:colcon.colcon_core.package_discovery:discover_packages(colcon_meta) check parameters
[4.438s] Level 1:colcon.colcon_core.package_discovery:discover_packages(recursive) check parameters
[4.438s] Level 1:colcon.colcon_core.package_discovery:discover_packages(ignore) check parameters
[4.438s] Level 1:colcon.colcon_core.package_discovery:discover_packages(path) check parameters
[4.438s] Level 1:colcon.colcon_core.package_discovery:discover_packages(colcon_meta) discover
[4.439s] Level 1:colcon.colcon_core.package_discovery:discover_packages(recursive) discover
[4.439s] INFO:colcon.colcon_core.package_discovery:Crawling recursively for packages in '/home/robotix/ros2_ws/src'
[4.440s] Level 1:colcon.colcon_core.package_identification:_identify(.) by extensions ['ignore', 'ignore_ament_install']
[4.440s] Level 1:colcon.colcon_core.package_identification:_identify(.) by extension 'ignore'
[4.440s] Level 1:colcon.colcon_core.package_identification:_identify(.) by extension 'ignore_ament_install'
[4.441s] Level 1:colcon.colcon_core.package_identification:_identify(.) by extensions ['colcon_pkg']
[4.441s] Level 1:colcon.colcon_core.package_identification:_identify(.) by extension 'colcon_pkg'
[4.441s] Level 1:colcon.colcon_core.package_identification:_identify(.) by extensions ['colcon_meta']
[4.441s] Level 1:colcon.colcon_core.package_identification:_identify(.) by extension 'colcon_meta'
[4.441s] Level 1:colcon.colcon_core.package_identification:_identify(.) by extensions ['ros']
[4.441s] Level 1:colcon.colcon_core.package_identification:_identify(.) by extension 'ros'
[4.507s] Level 1:colcon.colcon_core.package_identification:_identify(.) by extensions ['cmake', 'python']
[4.507s] Level 1:colcon.colcon_core.package_identification:_identify(.) by extension 'cmake'
[4.507s] Level 1:colcon.colcon_core.package_identification:_identify(.) by extension 'python'
[4.507s] Level 1:colcon.colcon_core.package_identification:_identify(.) by extensions ['python_setup_py']
[4.507s] Level 1:colcon.colcon_core.package_identification:_identify(.) by extension 'python_setup_py'
[4.508s] Level 1:colcon.colcon_core.package_identification:_identify(build) by extensions ['ignore', 'ignore_ament_install']
[4.508s] Level 1:colcon.colcon_core.package_identification:_identify(build) by extension 'ignore'
[4.509s] Level 1:colcon.colcon_core.package_identification:_identify(build) ignored
[4.510s] Level 1:colcon.colcon_core.package_identification:_identify(install) by extensions ['ignore', 'ignore_ament_install']
[4.511s] Level 1:colcon.colcon_core.package_identification:_identify(install) by extension 'ignore'
[4.511s] Level 1:colcon.colcon_core.package_identification:_identify(install) ignored
[4.512s] Level 1:colcon.colcon_core.package_identification:_identify(log) by extensions ['ignore', 'ignore_ament_install']
[4.512s] Level 1:colcon.colcon_core.package_identification:_identify(log) by extension 'ignore'
[4.512s] Level 1:colcon.colcon_core.package_identification:_identify(log) ignored
[4.513s] Level 1:colcon.colcon_core.package_identification:_identify(robotix) by extensions ['ignore', 'ignore_ament_install']
[4.513s] Level 1:colcon.colcon_core.package_identification:_identify(robotix) by extension 'ignore'
[4.513s] Level 1:colcon.colcon_core.package_identification:_identify(robotix) by extension 'ignore_ament_install'
[4.514s] Level 1:colcon.colcon_core.package_identification:_identify(robotix) by extensions ['colcon_pkg']
[4.514s] Level 1:colcon.colcon_core.package_identification:_identify(robotix) by extension 'colcon_pkg'
[4.514s] Level 1:colcon.colcon_core.package_identification:_identify(robotix) by extensions ['colcon_meta']
[4.514s] Level 1:colcon.colcon_core.package_identification:_identify(robotix) by extension 'colcon_meta'
[4.515s] Level 1:colcon.colcon_core.package_identification:_identify(robotix) by extensions ['ros']
[4.515s] Level 1:colcon.colcon_core.package_identification:_identify(robotix) by extension 'ros'
[4.526s] DEBUG:colcon.colcon_core.package_identification:Package 'robotix' with type 'ros.ament_python' and name 'robotix'
[4.526s] Level 1:colcon.colcon_core.package_identification:_identify(ydlidar_ros2_driver) by extensions ['ignore', 'ignore_ament_install']
[4.527s] Level 1:colcon.colcon_core.package_identification:_identify(ydlidar_ros2_driver) by extension 'ignore'
[4.527s] Level 1:colcon.colcon_core.package_identification:_identify(ydlidar_ros2_driver) by extension 'ignore_ament_install'
[4.527s] Level 1:colcon.colcon_core.package_identification:_identify(ydlidar_ros2_driver) by extensions ['colcon_pkg']
[4.528s] Level 1:colcon.colcon_core.package_identification:_identify(ydlidar_ros2_driver) by extension 'colcon_pkg'
[4.528s] Level 1:colcon.colcon_core.package_identification:_identify(ydlidar_ros2_driver) by extensions ['colcon_meta']
[4.528s] Level 1:colcon.colcon_core.package_identification:_identify(ydlidar_ros2_driver) by extension 'colcon_meta'
[4.528s] Level 1:colcon.colcon_core.package_identification:_identify(ydlidar_ros2_driver) by extensions ['ros']
[4.528s] Level 1:colcon.colcon_core.package_identification:_identify(ydlidar_ros2_driver) by extension 'ros'
[4.531s] DEBUG:colcon.colcon_core.package_identification:Package 'ydlidar_ros2_driver' with type 'ros.ament_cmake' and name 'ydlidar_ros2_driver'
[4.531s] Level 1:colcon.colcon_core.package_discovery:discover_packages(recursive) using defaults
[4.532s] Level 1:colcon.colcon_core.package_discovery:discover_packages(ignore) discover
[4.532s] Level 1:colcon.colcon_core.package_discovery:discover_packages(ignore) using defaults
[4.532s] Level 1:colcon.colcon_core.package_discovery:discover_packages(path) discover
[4.532s] Level 1:colcon.colcon_core.package_discovery:discover_packages(path) using defaults
[4.913s] Level 1:colcon.colcon_core.package_discovery:discover_packages(prefix_path) check parameters
[4.913s] Level 1:colcon.colcon_core.package_discovery:discover_packages(prefix_path) discover
[5.026s] DEBUG:colcon.colcon_installed_package_information.package_discovery:Found 1 installed packages in /home/robotix/ros2_ws/install
[5.086s] DEBUG:colcon.colcon_installed_package_information.package_discovery:Found 180 installed packages in /opt/ros/humble
[5.091s] Level 1:colcon.colcon_core.package_discovery:discover_packages(prefix_path) using defaults
[5.426s] Level 5:colcon.colcon_core.verb:set package 'robotix' build argument 'cmake_args' from command line to 'None'
[5.426s] Level 5:colcon.colcon_core.verb:set package 'robotix' build argument 'cmake_target' from command line to 'None'
[5.427s] Level 5:colcon.colcon_core.verb:set package 'robotix' build argument 'cmake_target_skip_unavailable' from command line to 'False'
[5.427s] Level 5:colcon.colcon_core.verb:set package 'robotix' build argument 'cmake_clean_cache' from command line to 'False'
[5.428s] Level 5:colcon.colcon_core.verb:set package 'robotix' build argument 'cmake_clean_first' from command line to 'False'
[5.428s] Level 5:colcon.colcon_core.verb:set package 'robotix' build argument 'cmake_force_configure' from command line to 'False'
[5.428s] Level 5:colcon.colcon_core.verb:set package 'robotix' build argument 'ament_cmake_args' from command line to 'None'
[5.428s] Level 5:colcon.colcon_core.verb:set package 'robotix' build argument 'catkin_cmake_args' from command line to 'None'
[5.429s] Level 5:colcon.colcon_core.verb:set package 'robotix' build argument 'catkin_skip_building_tests' from command line to 'False'
[5.429s] DEBUG:colcon.colcon_core.verb:Building package 'robotix' with the following arguments: {'ament_cmake_args': None, 'build_base': '/home/robotix/ros2_ws/src/build/robotix', 'catkin_cmake_args': None, 'catkin_skip_building_tests': False, 'cmake_args': None, 'cmake_clean_cache': False, 'cmake_clean_first': False, 'cmake_force_configure': False, 'cmake_target': None, 'cmake_target_skip_unavailable': False, 'install_base': '/home/robotix/ros2_ws/src/install/robotix', 'merge_install': False, 'path': '/home/robotix/ros2_ws/src/robotix', 'symlink_install': True, 'test_result_base': None}
[5.520s] Level 5:colcon.colcon_core.verb:set package 'ydlidar_ros2_driver' build argument 'cmake_args' from command line to 'None'
[5.520s] Level 5:colcon.colcon_core.verb:set package 'ydlidar_ros2_driver' build argument 'cmake_target' from command line to 'None'
[5.520s] Level 5:colcon.colcon_core.verb:set package 'ydlidar_ros2_driver' build argument 'cmake_target_skip_unavailable' from command line to 'False'
[5.521s] Level 5:colcon.colcon_core.verb:set package 'ydlidar_ros2_driver' build argument 'cmake_clean_cache' from command line to 'False'
[5.521s] Level 5:colcon.colcon_core.verb:set package 'ydlidar_ros2_driver' build argument 'cmake_clean_first' from command line to 'False'
[5.521s] Level 5:colcon.colcon_core.verb:set package 'ydlidar_ros2_driver' build argument 'cmake_force_configure' from command line to 'False'
[5.521s] Level 5:colcon.colcon_core.verb:set package 'ydlidar_ros2_driver' build argument 'ament_cmake_args' from command line to 'None'
[5.521s] Level 5:colcon.colcon_core.verb:set package 'ydlidar_ros2_driver' build argument 'catkin_cmake_args' from command line to 'None'
[5.521s] Level 5:colcon.colcon_core.verb:set package 'ydlidar_ros2_driver' build argument 'catkin_skip_building_tests' from command line to 'False'
[5.521s] DEBUG:colcon.colcon_core.verb:Building package 'ydlidar_ros2_driver' with the following arguments: {'ament_cmake_args': None, 'build_base': '/home/robotix/ros2_ws/src/build/ydlidar_ros2_driver', 'catkin_cmake_args': None, 'catkin_skip_building_tests': False, 'cmake_args': None, 'cmake_clean_cache': False, 'cmake_clean_first': False, 'cmake_force_configure': False, 'cmake_target': None, 'cmake_target_skip_unavailable': False, 'install_base': '/home/robotix/ros2_ws/src/install/ydlidar_ros2_driver', 'merge_install': False, 'path': '/home/robotix/ros2_ws/src/ydlidar_ros2_driver', 'symlink_install': True, 'test_result_base': None}
[5.614s] INFO:colcon.colcon_core.executor:Executing jobs using 'parallel' executor
[5.716s] DEBUG:colcon.colcon_parallel_executor.executor.parallel:run_until_complete
[5.717s] INFO:colcon.colcon_ros.task.ament_python.build:Building ROS package in '/home/robotix/ros2_ws/src/robotix' with build type 'ament_python'
[5.718s] Level 1:colcon.colcon_core.shell:create_environment_hook('robotix', 'ament_prefix_path')
[5.781s] INFO:colcon.colcon_core.plugin_system:Skipping extension 'colcon_core.shell.bat': Not used on non-Windows systems
[5.782s] INFO:colcon.colcon_core.shell:Creating environment hook '/home/robotix/ros2_ws/src/install/robotix/share/robotix/hook/ament_prefix_path.ps1'
[5.785s] INFO:colcon.colcon_core.shell:Creating environment descriptor '/home/robotix/ros2_ws/src/install/robotix/share/robotix/hook/ament_prefix_path.dsv'
[5.788s] INFO:colcon.colcon_core.shell:Creating environment hook '/home/robotix/ros2_ws/src/install/robotix/share/robotix/hook/ament_prefix_path.sh'
[5.848s] INFO:colcon.colcon_core.shell:Skip shell extension 'powershell' for command environment: Not usable outside of PowerShell
[5.849s] DEBUG:colcon.colcon_core.shell:Skip shell extension 'dsv' for command environment
[6.035s] INFO:colcon.colcon_ros.task.ament_cmake.build:Building ROS package in '/home/robotix/ros2_ws/src/ydlidar_ros2_driver' with build type 'ament_cmake'
[6.036s] INFO:colcon.colcon_cmake.task.cmake.build:Building CMake package in '/home/robotix/ros2_ws/src/ydlidar_ros2_driver'
[6.095s] INFO:colcon.colcon_core.shell:Skip shell extension 'powershell' for command environment: Not usable outside of PowerShell
[6.095s] DEBUG:colcon.colcon_core.shell:Skip shell extension 'dsv' for command environment
[7.602s] INFO:colcon.colcon_core.task.python.build:Building Python package in '/home/robotix/ros2_ws/src/robotix'
[7.726s] INFO:colcon.colcon_core.shell:Skip shell extension 'powershell' for command environment: Not usable outside of PowerShell
[7.727s] DEBUG:colcon.colcon_core.shell:Skip shell extension 'dsv' for command environment
[8.048s] DEBUG:colcon.colcon_core.event_handler.log_command:Invoking command in '/home/robotix/ros2_ws/src/build/ydlidar_ros2_driver': CMAKE_PREFIX_PATH=/home/robotix/ros2_ws/install/robotix:/opt/ros/humble /usr/bin/cmake --build /home/robotix/ros2_ws/src/build/ydlidar_ros2_driver -- -j4 -l4
[10.065s] DEBUG:colcon.colcon_core.event_handler.log_command:Invoking command in '/home/robotix/ros2_ws/src/build/robotix': PYTHONPATH=/home/robotix/ros2_ws/src/build/robotix/prefix_override:/home/robotix/ros2_ws/src/install/robotix/lib/python3.10/site-packages:${PYTHONPATH} /usr/bin/python3 setup.py develop --editable --build-directory /home/robotix/ros2_ws/src/build/robotix/build --no-deps install_data
[12.862s] Level 1:colcon.colcon_core.shell:create_environment_hook('robotix', 'pythonpath_develop')
[12.864s] DEBUG:colcon.colcon_core.event_handler.log_command:Invoked command in '/home/robotix/ros2_ws/src/build/robotix' returned '0': PYTHONPATH=/home/robotix/ros2_ws/src/build/robotix/prefix_override:/home/robotix/ros2_ws/src/install/robotix/lib/python3.10/site-packages:${PYTHONPATH} /usr/bin/python3 setup.py develop --editable --build-directory /home/robotix/ros2_ws/src/build/robotix/build --no-deps install_data
[12.948s] INFO:colcon.colcon_core.shell:Creating environment hook '/home/robotix/ros2_ws/src/build/robotix/share/robotix/hook/pythonpath_develop.ps1'
[12.950s] INFO:colcon.colcon_core.shell:Creating environment descriptor '/home/robotix/ros2_ws/src/build/robotix/share/robotix/hook/pythonpath_develop.dsv'
[12.952s] INFO:colcon.colcon_core.shell:Creating environment hook '/home/robotix/ros2_ws/src/build/robotix/share/robotix/hook/pythonpath_develop.sh'
[13.080s] Level 1:colcon.colcon_core.environment:checking '/home/robotix/ros2_ws/src/install/robotix' for CMake module files
[13.084s] Level 1:colcon.colcon_core.environment:checking '/home/robotix/ros2_ws/src/install/robotix' for CMake config files
[13.089s] Level 1:colcon.colcon_core.environment:checking '/home/robotix/ros2_ws/src/install/robotix/lib'
[13.090s] Level 1:colcon.colcon_core.environment:checking '/home/robotix/ros2_ws/src/install/robotix/bin'
[13.091s] Level 1:colcon.colcon_core.environment:checking '/home/robotix/ros2_ws/src/install/robotix/lib/pkgconfig/robotix.pc'
[13.092s] Level 1:colcon.colcon_core.environment:checking '/home/robotix/ros2_ws/src/install/robotix/lib/python3.10/site-packages'
[13.093s] Level 1:colcon.colcon_core.shell:create_environment_hook('robotix', 'pythonpath')
[13.231s] INFO:colcon.colcon_core.shell:Creating environment hook '/home/robotix/ros2_ws/src/install/robotix/share/robotix/hook/pythonpath.ps1'
[13.234s] INFO:colcon.colcon_core.shell:Creating environment descriptor '/home/robotix/ros2_ws/src/install/robotix/share/robotix/hook/pythonpath.dsv'
[13.239s] INFO:colcon.colcon_core.shell:Creating environment hook '/home/robotix/ros2_ws/src/install/robotix/share/robotix/hook/pythonpath.sh'
[13.243s] Level 1:colcon.colcon_core.environment:checking '/home/robotix/ros2_ws/src/install/robotix/bin'
[13.244s] Level 1:colcon.colcon_core.environment:create_environment_scripts_only(robotix)
[13.391s] INFO:colcon.colcon_core.shell:Creating package script '/home/robotix/ros2_ws/src/install/robotix/share/robotix/package.ps1'
[13.399s] INFO:colcon.colcon_core.shell:Creating package descriptor '/home/robotix/ros2_ws/src/install/robotix/share/robotix/package.dsv'
[13.403s] INFO:colcon.colcon_core.shell:Creating package script '/home/robotix/ros2_ws/src/install/robotix/share/robotix/package.sh'
[13.409s] INFO:colcon.colcon_core.shell:Creating package script '/home/robotix/ros2_ws/src/install/robotix/share/robotix/package.bash'
[13.414s] INFO:colcon.colcon_core.shell:Creating package script '/home/robotix/ros2_ws/src/install/robotix/share/robotix/package.zsh'
[13.418s] Level 1:colcon.colcon_core.environment:create_file_with_runtime_dependencies(/home/robotix/ros2_ws/src/install/robotix/share/colcon-core/packages/robotix)
[38.158s] DEBUG:colcon.colcon_core.event_handler.log_command:Invoked command in '/home/robotix/ros2_ws/src/build/ydlidar_ros2_driver' returned '0': CMAKE_PREFIX_PATH=/home/robotix/ros2_ws/install/robotix:/opt/ros/humble /usr/bin/cmake --build /home/robotix/ros2_ws/src/build/ydlidar_ros2_driver -- -j4 -l4
[38.363s] DEBUG:colcon.colcon_core.event_handler.log_command:Invoking command in '/home/robotix/ros2_ws/src/build/ydlidar_ros2_driver': CMAKE_PREFIX_PATH=/home/robotix/ros2_ws/install/robotix:/opt/ros/humble /usr/bin/cmake --install /home/robotix/ros2_ws/src/build/ydlidar_ros2_driver
[38.474s] Level 1:colcon.colcon_core.environment:create_environment_scripts_only(ydlidar_ros2_driver)
[38.477s] DEBUG:colcon.colcon_core.event_handler.log_command:Invoked command in '/home/robotix/ros2_ws/src/build/ydlidar_ros2_driver' returned '0': CMAKE_PREFIX_PATH=/home/robotix/ros2_ws/install/robotix:/opt/ros/humble /usr/bin/cmake --install /home/robotix/ros2_ws/src/build/ydlidar_ros2_driver
[38.556s] Level 1:colcon.colcon_core.environment:checking '/home/robotix/ros2_ws/src/install/ydlidar_ros2_driver' for CMake module files
[38.560s] Level 1:colcon.colcon_core.environment:checking '/home/robotix/ros2_ws/src/install/ydlidar_ros2_driver' for CMake config files
[38.563s] Level 1:colcon.colcon_core.shell:create_environment_hook('ydlidar_ros2_driver', 'cmake_prefix_path')
[38.619s] INFO:colcon.colcon_core.shell:Creating environment hook '/home/robotix/ros2_ws/src/install/ydlidar_ros2_driver/share/ydlidar_ros2_driver/hook/cmake_prefix_path.ps1'
[38.621s] INFO:colcon.colcon_core.shell:Creating environment descriptor '/home/robotix/ros2_ws/src/install/ydlidar_ros2_driver/share/ydlidar_ros2_driver/hook/cmake_prefix_path.dsv'
[38.623s] INFO:colcon.colcon_core.shell:Creating environment hook '/home/robotix/ros2_ws/src/install/ydlidar_ros2_driver/share/ydlidar_ros2_driver/hook/cmake_prefix_path.sh'
[38.626s] Level 1:colcon.colcon_core.environment:checking '/home/robotix/ros2_ws/src/install/ydlidar_ros2_driver/lib'
[38.626s] Level 1:colcon.colcon_core.environment:checking '/home/robotix/ros2_ws/src/install/ydlidar_ros2_driver/bin'
[38.626s] Level 1:colcon.colcon_core.environment:checking '/home/robotix/ros2_ws/src/install/ydlidar_ros2_driver/lib/pkgconfig/ydlidar_ros2_driver.pc'
[38.627s] Level 1:colcon.colcon_core.environment:checking '/home/robotix/ros2_ws/src/install/ydlidar_ros2_driver/lib/python3.10/site-packages'
[38.628s] Level 1:colcon.colcon_core.environment:checking '/home/robotix/ros2_ws/src/install/ydlidar_ros2_driver/bin'
[38.704s] INFO:colcon.colcon_core.shell:Creating package script '/home/robotix/ros2_ws/src/install/ydlidar_ros2_driver/share/ydlidar_ros2_driver/package.ps1'
[38.707s] INFO:colcon.colcon_core.shell:Creating package descriptor '/home/robotix/ros2_ws/src/install/ydlidar_ros2_driver/share/ydlidar_ros2_driver/package.dsv'
[38.709s] INFO:colcon.colcon_core.shell:Creating package script '/home/robotix/ros2_ws/src/install/ydlidar_ros2_driver/share/ydlidar_ros2_driver/package.sh'
[38.712s] INFO:colcon.colcon_core.shell:Creating package script '/home/robotix/ros2_ws/src/install/ydlidar_ros2_driver/share/ydlidar_ros2_driver/package.bash'
[38.715s] INFO:colcon.colcon_core.shell:Creating package script '/home/robotix/ros2_ws/src/install/ydlidar_ros2_driver/share/ydlidar_ros2_driver/package.zsh'
[38.717s] Level 1:colcon.colcon_core.environment:create_file_with_runtime_dependencies(/home/robotix/ros2_ws/src/install/ydlidar_ros2_driver/share/colcon-core/packages/ydlidar_ros2_driver)
[38.929s] Level 1:colcon.colcon_core.environment:create_environment_scripts_only(ydlidar_ros2_driver)
[38.984s] Level 1:colcon.colcon_core.environment:checking '/home/robotix/ros2_ws/src/install/ydlidar_ros2_driver' for CMake module files
[38.988s] Level 1:colcon.colcon_core.environment:checking '/home/robotix/ros2_ws/src/install/ydlidar_ros2_driver' for CMake config files
[38.991s] Level 1:colcon.colcon_core.shell:create_environment_hook('ydlidar_ros2_driver', 'cmake_prefix_path')
[39.045s] INFO:colcon.colcon_core.shell:Creating environment hook '/home/robotix/ros2_ws/src/install/ydlidar_ros2_driver/share/ydlidar_ros2_driver/hook/cmake_prefix_path.ps1'
[39.048s] INFO:colcon.colcon_core.shell:Creating environment descriptor '/home/robotix/ros2_ws/src/install/ydlidar_ros2_driver/share/ydlidar_ros2_driver/hook/cmake_prefix_path.dsv'
[39.050s] INFO:colcon.colcon_core.shell:Creating environment hook '/home/robotix/ros2_ws/src/install/ydlidar_ros2_driver/share/ydlidar_ros2_driver/hook/cmake_prefix_path.sh'
[39.054s] Level 1:colcon.colcon_core.environment:checking '/home/robotix/ros2_ws/src/install/ydlidar_ros2_driver/lib'
[39.055s] Level 1:colcon.colcon_core.environment:checking '/home/robotix/ros2_ws/src/install/ydlidar_ros2_driver/bin'
[39.056s] Level 1:colcon.colcon_core.environment:checking '/home/robotix/ros2_ws/src/install/ydlidar_ros2_driver/lib/pkgconfig/ydlidar_ros2_driver.pc'
[39.058s] Level 1:colcon.colcon_core.environment:checking '/home/robotix/ros2_ws/src/install/ydlidar_ros2_driver/lib/python3.10/site-packages'
[39.059s] Level 1:colcon.colcon_core.environment:checking '/home/robotix/ros2_ws/src/install/ydlidar_ros2_driver/bin'
[39.121s] INFO:colcon.colcon_core.shell:Creating package script '/home/robotix/ros2_ws/src/install/ydlidar_ros2_driver/share/ydlidar_ros2_driver/package.ps1'
[39.123s] INFO:colcon.colcon_core.shell:Creating package descriptor '/home/robotix/ros2_ws/src/install/ydlidar_ros2_driver/share/ydlidar_ros2_driver/package.dsv'
[39.126s] INFO:colcon.colcon_core.shell:Creating package script '/home/robotix/ros2_ws/src/install/ydlidar_ros2_driver/share/ydlidar_ros2_driver/package.sh'
[39.128s] INFO:colcon.colcon_core.shell:Creating package script '/home/robotix/ros2_ws/src/install/ydlidar_ros2_driver/share/ydlidar_ros2_driver/package.bash'
[39.130s] INFO:colcon.colcon_core.shell:Creating package script '/home/robotix/ros2_ws/src/install/ydlidar_ros2_driver/share/ydlidar_ros2_driver/package.zsh'
[39.133s] Level 1:colcon.colcon_core.environment:create_file_with_runtime_dependencies(/home/robotix/ros2_ws/src/install/ydlidar_ros2_driver/share/colcon-core/packages/ydlidar_ros2_driver)
[39.134s] DEBUG:colcon.colcon_parallel_executor.executor.parallel:closing loop
[39.135s] DEBUG:colcon.colcon_parallel_executor.executor.parallel:loop closed
[39.136s] DEBUG:colcon.colcon_parallel_executor.executor.parallel:run_until_complete finished with '0'
[39.137s] DEBUG:colcon.colcon_core.event_reactor:joining thread
[39.253s] INFO:colcon.colcon_core.plugin_system:Skipping extension 'colcon_notification.desktop_notification.notify_send': Could not find 'notify-send'
[39.254s] INFO:colcon.colcon_core.plugin_system:Skipping extension 'colcon_notification.desktop_notification.terminal_notifier': Not used on non-Darwin systems
[39.254s] INFO:colcon.colcon_core.plugin_system:Skipping extension 'colcon_notification.desktop_notification.win32': Not used on non-Windows systems
[39.254s] INFO:colcon.colcon_notification.desktop_notification:Sending desktop notification using 'notify2'
[39.258s] DEBUG:colcon.colcon_notification.desktop_notification.notify2:Failed to initialize notify2: org.freedesktop.DBus.Error.ServiceUnknown: The name org.freedesktop.Notifications was not provided by any .service files
[39.258s] DEBUG:colcon.colcon_core.event_reactor:joined thread
[39.316s] INFO:colcon.colcon_core.shell:Creating prefix script '/home/robotix/ros2_ws/src/install/local_setup.ps1'
[39.320s] INFO:colcon.colcon_core.shell:Creating prefix util module '/home/robotix/ros2_ws/src/install/_local_setup_util_ps1.py'
[39.326s] INFO:colcon.colcon_core.shell:Creating prefix chain script '/home/robotix/ros2_ws/src/install/setup.ps1'
[39.386s] INFO:colcon.colcon_core.shell:Creating prefix script '/home/robotix/ros2_ws/src/install/local_setup.sh'
[39.389s] INFO:colcon.colcon_core.shell:Creating prefix util module '/home/robotix/ros2_ws/src/install/_local_setup_util_sh.py'
[39.392s] INFO:colcon.colcon_core.shell:Creating prefix chain script '/home/robotix/ros2_ws/src/install/setup.sh'
[39.450s] INFO:colcon.colcon_core.shell:Creating prefix script '/home/robotix/ros2_ws/src/install/local_setup.bash'
[39.452s] INFO:colcon.colcon_core.shell:Creating prefix chain script '/home/robotix/ros2_ws/src/install/setup.bash'
[39.511s] INFO:colcon.colcon_core.shell:Creating prefix script '/home/robotix/ros2_ws/src/install/local_setup.zsh'
[39.514s] INFO:colcon.colcon_core.shell:Creating prefix chain script '/home/robotix/ros2_ws/src/install/setup.zsh'
