[6.387s] Invoking command in '/home/robotix/ros2_ws/src/tof_imager_ros': PYTHONPATH=/home/robotix/ros2_ws/src/build/tof_imager_ros/prefix_override:/home/robotix/ros2_ws/src/install/tof_imager_ros/lib/python3.10/site-packages:${PYTHONPATH} /usr/bin/python3 setup.py egg_info --egg-base ../build/tof_imager_ros build --build-base /home/robotix/ros2_ws/src/build/tof_imager_ros/build install --record /home/robotix/ros2_ws/src/build/tof_imager_ros/install.log --single-version-externally-managed
[7.912s] running egg_info
[7.915s] creating ../build/tof_imager_ros/tof_imager_ros.egg-info
[7.917s] writing ../build/tof_imager_ros/tof_imager_ros.egg-info/PKG-INFO
[7.918s] writing dependency_links to ../build/tof_imager_ros/tof_imager_ros.egg-info/dependency_links.txt
[7.920s] writing entry points to ../build/tof_imager_ros/tof_imager_ros.egg-info/entry_points.txt
[7.921s] writing requirements to ../build/tof_imager_ros/tof_imager_ros.egg-info/requires.txt
[7.922s] writing top-level names to ../build/tof_imager_ros/tof_imager_ros.egg-info/top_level.txt
[7.923s] writing manifest file '../build/tof_imager_ros/tof_imager_ros.egg-info/SOURCES.txt'
[7.931s] reading manifest file '../build/tof_imager_ros/tof_imager_ros.egg-info/SOURCES.txt'
[7.933s] adding license file 'LICENSE'
[7.936s] writing manifest file '../build/tof_imager_ros/tof_imager_ros.egg-info/SOURCES.txt'
[7.937s] running build
[7.938s] running build_py
[7.939s] creating /home/robotix/ros2_ws/src/build/tof_imager_ros/build
[7.941s] creating /home/robotix/ros2_ws/src/build/tof_imager_ros/build/lib
[7.942s] creating /home/robotix/ros2_ws/src/build/tof_imager_ros/build/lib/tof_imager_ros
[7.943s] copying tof_imager_ros/tof_imager_publisher.py -> /home/robotix/ros2_ws/src/build/tof_imager_ros/build/lib/tof_imager_ros
[7.944s] copying tof_imager_ros/__init__.py -> /home/robotix/ros2_ws/src/build/tof_imager_ros/build/lib/tof_imager_ros
[7.945s] running install
[7.946s] running install_lib
[7.950s] creating /home/robotix/ros2_ws/src/install/tof_imager_ros/lib/python3.10/site-packages/tof_imager_ros
[7.950s] copying /home/robotix/ros2_ws/src/build/tof_imager_ros/build/lib/tof_imager_ros/tof_imager_publisher.py -> /home/robotix/ros2_ws/src/install/tof_imager_ros/lib/python3.10/site-packages/tof_imager_ros
[7.951s] copying /home/robotix/ros2_ws/src/build/tof_imager_ros/build/lib/tof_imager_ros/__init__.py -> /home/robotix/ros2_ws/src/install/tof_imager_ros/lib/python3.10/site-packages/tof_imager_ros
[7.955s] byte-compiling /home/robotix/ros2_ws/src/install/tof_imager_ros/lib/python3.10/site-packages/tof_imager_ros/tof_imager_publisher.py to tof_imager_publisher.cpython-310.pyc
[7.963s] byte-compiling /home/robotix/ros2_ws/src/install/tof_imager_ros/lib/python3.10/site-packages/tof_imager_ros/__init__.py to __init__.cpython-310.pyc
[7.964s] running install_data
[7.968s] creating /home/robotix/ros2_ws/src/install/tof_imager_ros/share/ament_index
[7.969s] creating /home/robotix/ros2_ws/src/install/tof_imager_ros/share/ament_index/resource_index
[7.970s] creating /home/robotix/ros2_ws/src/install/tof_imager_ros/share/ament_index/resource_index/packages
[7.971s] copying resource/tof_imager_ros -> /home/robotix/ros2_ws/src/install/tof_imager_ros/share/ament_index/resource_index/packages
[7.973s] copying package.xml -> /home/robotix/ros2_ws/src/install/tof_imager_ros/share/tof_imager_ros
[7.974s] creating /home/robotix/ros2_ws/src/install/tof_imager_ros/share/tof_imager_ros/launch
[7.975s] copying launch/tof_imager_launch.py -> /home/robotix/ros2_ws/src/install/tof_imager_ros/share/tof_imager_ros/launch
[7.976s] creating /home/robotix/ros2_ws/src/install/tof_imager_ros/share/tof_imager_ros/config
[7.976s] copying config/sensor_params.yaml -> /home/robotix/ros2_ws/src/install/tof_imager_ros/share/tof_imager_ros/config
[7.977s] running install_egg_info
[7.987s] Copying ../build/tof_imager_ros/tof_imager_ros.egg-info to /home/robotix/ros2_ws/src/install/tof_imager_ros/lib/python3.10/site-packages/tof_imager_ros-0.0.0-py3.10.egg-info
[7.995s] running install_scripts
[8.099s] Installing tof_imager_node script to /home/robotix/ros2_ws/src/install/tof_imager_ros/lib/tof_imager_ros
[8.100s] Installing tof_imager_publisher script to /home/robotix/ros2_ws/src/install/tof_imager_ros/lib/tof_imager_ros
[8.101s] writing list of installed files to '/home/robotix/ros2_ws/src/build/tof_imager_ros/install.log'
[8.282s] Invoked command in '/home/robotix/ros2_ws/src/tof_imager_ros' returned '0': PYTHONPATH=/home/robotix/ros2_ws/src/build/tof_imager_ros/prefix_override:/home/robotix/ros2_ws/src/install/tof_imager_ros/lib/python3.10/site-packages:${PYTHONPATH} /usr/bin/python3 setup.py egg_info --egg-base ../build/tof_imager_ros build --build-base /home/robotix/ros2_ws/src/build/tof_imager_ros/build install --record /home/robotix/ros2_ws/src/build/tof_imager_ros/install.log --single-version-externally-managed
