[7.063s] Invoking command in '/home/robotix/ros2_ws/src/build/robotix': PYTHONPATH=/home/robotix/ros2_ws/src/build/robotix/prefix_override:/home/robotix/ros2_ws/src/install/robotix/lib/python3.10/site-packages:${PYTHONPATH} /usr/bin/python3 setup.py develop --editable --build-directory /home/robotix/ros2_ws/src/build/robotix/build --no-deps install_data
[8.435s] running develop
[9.218s] running egg_info
[9.219s] writing robotix.egg-info/PKG-INFO
[9.221s] writing dependency_links to robotix.egg-info/dependency_links.txt
[9.223s] writing entry points to robotix.egg-info/entry_points.txt
[9.224s] writing requirements to robotix.egg-info/requires.txt
[9.225s] writing top-level names to robotix.egg-info/top_level.txt
[9.236s] reading manifest file 'robotix.egg-info/SOURCES.txt'
[9.242s] writing manifest file 'robotix.egg-info/SOURCES.txt'
[9.250s] running build_ext
[9.251s] Creating /home/robotix/ros2_ws/src/install/robotix/lib/python3.10/site-packages/robotix.egg-link (link to .)
[9.259s] Installing codeuse script to /home/robotix/ros2_ws/src/install/robotix/lib/robotix
[9.260s] Installing controller script to /home/robotix/ros2_ws/src/install/robotix/lib/robotix
[9.261s] Installing ctrl_claw script to /home/robotix/ros2_ws/src/install/robotix/lib/robotix
[9.263s] Installing ctrl_nav script to /home/robotix/ros2_ws/src/install/robotix/lib/robotix
[9.264s] Installing jetson script to /home/robotix/ros2_ws/src/install/robotix/lib/robotix
[9.264s] Installing laser script to /home/robotix/ros2_ws/src/install/robotix/lib/robotix
[9.266s] Installing lidar script to /home/robotix/ros2_ws/src/install/robotix/lib/robotix
[9.267s] Installing motor script to /home/robotix/ros2_ws/src/install/robotix/lib/robotix
[9.268s] Installing motor_claw script to /home/robotix/ros2_ws/src/install/robotix/lib/robotix
[9.270s] Installing motor_plateau script to /home/robotix/ros2_ws/src/install/robotix/lib/robotix
[9.272s] 
[9.273s] Installed /home/robotix/ros2_ws/src/build/robotix
[9.275s] running install_data
[9.792s] Invoked command in '/home/robotix/ros2_ws/src/build/robotix' returned '0': PYTHONPATH=/home/robotix/ros2_ws/src/build/robotix/prefix_override:/home/robotix/ros2_ws/src/install/robotix/lib/python3.10/site-packages:${PYTHONPATH} /usr/bin/python3 setup.py develop --editable --build-directory /home/robotix/ros2_ws/src/build/robotix/build --no-deps install_data
