[3.935s] Invoking command in '/home/robotix/ros2_ws/src/tof_imager_ros': PYTHONPATH=/home/robotix/ros2_ws/build/tof_imager_ros/prefix_override:/home/robotix/ros2_ws/install/tof_imager_ros/lib/python3.10/site-packages:${PYTHONPATH} /usr/bin/python3 setup.py egg_info --egg-base ../../build/tof_imager_ros build --build-base /home/robotix/ros2_ws/build/tof_imager_ros/build install --record /home/robotix/ros2_ws/build/tof_imager_ros/install.log --single-version-externally-managed
[5.109s] running egg_info
[5.111s] writing ../../build/tof_imager_ros/tof_imager_ros.egg-info/PKG-INFO
[5.112s] writing dependency_links to ../../build/tof_imager_ros/tof_imager_ros.egg-info/dependency_links.txt
[5.113s] writing entry points to ../../build/tof_imager_ros/tof_imager_ros.egg-info/entry_points.txt
[5.114s] writing requirements to ../../build/tof_imager_ros/tof_imager_ros.egg-info/requires.txt
[5.115s] writing top-level names to ../../build/tof_imager_ros/tof_imager_ros.egg-info/top_level.txt
[5.123s] reading manifest file '../../build/tof_imager_ros/tof_imager_ros.egg-info/SOURCES.txt'
[5.125s] adding license file 'LICENSE'
[5.127s] writing manifest file '../../build/tof_imager_ros/tof_imager_ros.egg-info/SOURCES.txt'
[5.128s] running build
[5.129s] running build_py
[5.129s] copying tof_imager_ros/tof_imager_publisher.py -> /home/robotix/ros2_ws/build/tof_imager_ros/build/lib/tof_imager_ros
[5.131s] running install
[5.132s] running install_lib
[5.136s] copying /home/robotix/ros2_ws/build/tof_imager_ros/build/lib/tof_imager_ros/tof_imager_publisher.py -> /home/robotix/ros2_ws/install/tof_imager_ros/lib/python3.10/site-packages/tof_imager_ros
[5.140s] byte-compiling /home/robotix/ros2_ws/install/tof_imager_ros/lib/python3.10/site-packages/tof_imager_ros/tof_imager_publisher.py to tof_imager_publisher.cpython-310.pyc
[5.147s] running install_data
[5.149s] running install_egg_info
[5.158s] removing '/home/robotix/ros2_ws/install/tof_imager_ros/lib/python3.10/site-packages/tof_imager_ros-0.0.0-py3.10.egg-info' (and everything under it)
[5.160s] Copying ../../build/tof_imager_ros/tof_imager_ros.egg-info to /home/robotix/ros2_ws/install/tof_imager_ros/lib/python3.10/site-packages/tof_imager_ros-0.0.0-py3.10.egg-info
[5.170s] running install_scripts
[5.272s] Installing tof_imager_node script to /home/robotix/ros2_ws/install/tof_imager_ros/lib/tof_imager_ros
[5.273s] Installing tof_imager_publisher script to /home/robotix/ros2_ws/install/tof_imager_ros/lib/tof_imager_ros
[5.275s] writing list of installed files to '/home/robotix/ros2_ws/build/tof_imager_ros/install.log'
[5.422s] Invoked command in '/home/robotix/ros2_ws/src/tof_imager_ros' returned '0': PYTHONPATH=/home/robotix/ros2_ws/build/tof_imager_ros/prefix_override:/home/robotix/ros2_ws/install/tof_imager_ros/lib/python3.10/site-packages:${PYTHONPATH} /usr/bin/python3 setup.py egg_info --egg-base ../../build/tof_imager_ros build --build-base /home/robotix/ros2_ws/build/tof_imager_ros/build install --record /home/robotix/ros2_ws/build/tof_imager_ros/install.log --single-version-externally-managed
