[4.576s] Invoking command in '/home/robotix/ros2_ws/src/build/robotix': PYTHONPATH=/home/robotix/ros2_ws/src/build/robotix/prefix_override:/home/robotix/ros2_ws/src/install/robotix/lib/python3.10/site-packages:${PYTHONPATH} /usr/bin/python3 setup.py develop --editable --build-directory /home/robotix/ros2_ws/src/build/robotix/build --no-deps install_data
[5.774s] running develop
[6.439s] running egg_info
[6.445s] writing robotix.egg-info/PKG-INFO
[6.446s] writing dependency_links to robotix.egg-info/dependency_links.txt
[6.447s] writing entry points to robotix.egg-info/entry_points.txt
[6.449s] writing requirements to robotix.egg-info/requires.txt
[6.450s] writing top-level names to robotix.egg-info/top_level.txt
[6.461s] reading manifest file 'robotix.egg-info/SOURCES.txt'
[6.466s] writing manifest file 'robotix.egg-info/SOURCES.txt'
[6.472s] running build_ext
[6.472s] Creating /home/robotix/ros2_ws/src/install/robotix/lib/python3.10/site-packages/robotix.egg-link (link to .)
[6.477s] Installing codeuse script to /home/robotix/ros2_ws/src/install/robotix/lib/robotix
[6.478s] Installing controller script to /home/robotix/ros2_ws/src/install/robotix/lib/robotix
[6.479s] Installing ctrl_claw script to /home/robotix/ros2_ws/src/install/robotix/lib/robotix
[6.480s] Installing ctrl_nav script to /home/robotix/ros2_ws/src/install/robotix/lib/robotix
[6.481s] Installing jetson script to /home/robotix/ros2_ws/src/install/robotix/lib/robotix
[6.482s] Installing laser script to /home/robotix/ros2_ws/src/install/robotix/lib/robotix
[6.483s] Installing lidar script to /home/robotix/ros2_ws/src/install/robotix/lib/robotix
[6.484s] Installing motor script to /home/robotix/ros2_ws/src/install/robotix/lib/robotix
[6.484s] Installing motor_claw script to /home/robotix/ros2_ws/src/install/robotix/lib/robotix
[6.485s] Installing motor_plateau script to /home/robotix/ros2_ws/src/install/robotix/lib/robotix
[6.487s] 
[6.487s] Installed /home/robotix/ros2_ws/src/build/robotix
[6.488s] running install_data
[6.488s] copying package.xml -> /home/robotix/ros2_ws/src/install/robotix/share/robotix
[6.625s] Invoked command in '/home/robotix/ros2_ws/src/build/robotix' returned '0': PYTHONPATH=/home/robotix/ros2_ws/src/build/robotix/prefix_override:/home/robotix/ros2_ws/src/install/robotix/lib/python3.10/site-packages:${PYTHONPATH} /usr/bin/python3 setup.py develop --editable --build-directory /home/robotix/ros2_ws/src/build/robotix/build --no-deps install_data
