[6.611s] Invoking command in '/home/robotix/ros2_ws/src/robotix': PYTHONPATH=/home/robotix/ros2_ws/build/robotix/prefix_override:/home/robotix/ros2_ws/install/robotix/lib/python3.10/site-packages:${PYTHONPATH} /usr/bin/python3 setup.py egg_info --egg-base ../../build/robotix build --build-base /home/robotix/ros2_ws/build/robotix/build install --record /home/robotix/ros2_ws/build/robotix/install.log --single-version-externally-managed
[7.943s] running egg_info
[7.946s] writing ../../build/robotix/robotix.egg-info/PKG-INFO
[7.947s] writing dependency_links to ../../build/robotix/robotix.egg-info/dependency_links.txt
[7.948s] writing entry points to ../../build/robotix/robotix.egg-info/entry_points.txt
[7.950s] writing requirements to ../../build/robotix/robotix.egg-info/requires.txt
[7.950s] writing top-level names to ../../build/robotix/robotix.egg-info/top_level.txt
[7.961s] reading manifest file '../../build/robotix/robotix.egg-info/SOURCES.txt'
[7.967s] writing manifest file '../../build/robotix/robotix.egg-info/SOURCES.txt'
[7.968s] running build
[7.969s] running build_py
[7.974s] running install
[7.975s] running install_lib
[7.986s] running install_data
[7.990s] running install_egg_info
[7.998s] removing '/home/robotix/ros2_ws/install/robotix/lib/python3.10/site-packages/robotix-0.0.0-py3.10.egg-info' (and everything under it)
[8.000s] Copying ../../build/robotix/robotix.egg-info to /home/robotix/ros2_ws/install/robotix/lib/python3.10/site-packages/robotix-0.0.0-py3.10.egg-info
[8.009s] running install_scripts
[8.107s] Installing codeuse script to /home/robotix/ros2_ws/install/robotix/lib/robotix
[8.108s] Installing controller script to /home/robotix/ros2_ws/install/robotix/lib/robotix
[8.109s] Installing ctrl_claw script to /home/robotix/ros2_ws/install/robotix/lib/robotix
[8.111s] Installing ctrl_nav script to /home/robotix/ros2_ws/install/robotix/lib/robotix
[8.111s] Installing jetson script to /home/robotix/ros2_ws/install/robotix/lib/robotix
[8.113s] Installing laser script to /home/robotix/ros2_ws/install/robotix/lib/robotix
[8.114s] Installing lidar script to /home/robotix/ros2_ws/install/robotix/lib/robotix
[8.115s] Installing motor script to /home/robotix/ros2_ws/install/robotix/lib/robotix
[8.116s] Installing motor_claw script to /home/robotix/ros2_ws/install/robotix/lib/robotix
[8.118s] Installing motor_plateau script to /home/robotix/ros2_ws/install/robotix/lib/robotix
[8.120s] writing list of installed files to '/home/robotix/ros2_ws/build/robotix/install.log'
[8.337s] Invoked command in '/home/robotix/ros2_ws/src/robotix' returned '0': PYTHONPATH=/home/robotix/ros2_ws/build/robotix/prefix_override:/home/robotix/ros2_ws/install/robotix/lib/python3.10/site-packages:${PYTHONPATH} /usr/bin/python3 setup.py egg_info --egg-base ../../build/robotix build --build-base /home/robotix/ros2_ws/build/robotix/build install --record /home/robotix/ros2_ws/build/robotix/install.log --single-version-externally-managed
