[4.710s] Invoking command in '/home/robotix/ros2_ws/build/robotix': PYTHONPATH=/home/robotix/ros2_ws/build/robotix/prefix_override:/home/robotix/ros2_ws/install/robotix/lib/python3.10/site-packages:${PYTHONPATH} /usr/bin/python3 setup.py develop --editable --build-directory /home/robotix/ros2_ws/build/robotix/build --no-deps install_data
[6.224s] running develop
[7.457s] running egg_info
[7.457s] writing robotix.egg-info/PKG-INFO
[7.459s] writing dependency_links to robotix.egg-info/dependency_links.txt
[7.466s] writing entry points to robotix.egg-info/entry_points.txt
[7.467s] writing requirements to robotix.egg-info/requires.txt
[7.468s] writing top-level names to robotix.egg-info/top_level.txt
[7.477s] reading manifest file 'robotix.egg-info/SOURCES.txt'
[7.484s] writing manifest file 'robotix.egg-info/SOURCES.txt'
[7.493s] running build_ext
[7.495s] Creating /home/robotix/ros2_ws/install/robotix/lib/python3.10/site-packages/robotix.egg-link (link to .)
[7.501s] Installing codeuse script to /home/robotix/ros2_ws/install/robotix/lib/robotix
[7.504s] Installing controller script to /home/robotix/ros2_ws/install/robotix/lib/robotix
[7.508s] Installing ctrl_claw script to /home/robotix/ros2_ws/install/robotix/lib/robotix
[7.511s] Installing ctrl_nav script to /home/robotix/ros2_ws/install/robotix/lib/robotix
[7.514s] Installing jetson script to /home/robotix/ros2_ws/install/robotix/lib/robotix
[7.518s] Installing laser script to /home/robotix/ros2_ws/install/robotix/lib/robotix
[7.522s] Installing lidar script to /home/robotix/ros2_ws/install/robotix/lib/robotix
[7.526s] Installing motor script to /home/robotix/ros2_ws/install/robotix/lib/robotix
[7.537s] Installing motor_claw script to /home/robotix/ros2_ws/install/robotix/lib/robotix
[7.539s] Installing motor_plateau script to /home/robotix/ros2_ws/install/robotix/lib/robotix
[7.541s] 
[7.542s] Installed /home/robotix/ros2_ws/build/robotix
[7.543s] running install_data
[7.859s] Invoked command in '/home/robotix/ros2_ws/build/robotix' returned '0': PYTHONPATH=/home/robotix/ros2_ws/build/robotix/prefix_override:/home/robotix/ros2_ws/install/robotix/lib/python3.10/site-packages:${PYTHONPATH} /usr/bin/python3 setup.py develop --editable --build-directory /home/robotix/ros2_ws/build/robotix/build --no-deps install_data
