[3.902s] Invoking command in '/home/robotix/ros2_ws/build/robotix': PYTHONPATH=/home/robotix/ros2_ws/build/robotix/prefix_override:/home/robotix/ros2_ws/install/robotix/lib/python3.10/site-packages:${PYTHONPATH} /usr/bin/python3 setup.py develop --editable --build-directory /home/robotix/ros2_ws/build/robotix/build --no-deps install_data
[5.372s] running develop
[6.291s] running egg_info
[6.292s] writing robotix.egg-info/PKG-INFO
[6.293s] writing dependency_links to robotix.egg-info/dependency_links.txt
[6.294s] writing entry points to robotix.egg-info/entry_points.txt
[6.295s] writing requirements to robotix.egg-info/requires.txt
[6.296s] writing top-level names to robotix.egg-info/top_level.txt
[6.306s] reading manifest file 'robotix.egg-info/SOURCES.txt'
[6.312s] writing manifest file 'robotix.egg-info/SOURCES.txt'
[6.319s] running build_ext
[6.320s] Creating /home/robotix/ros2_ws/install/robotix/lib/python3.10/site-packages/robotix.egg-link (link to .)
[6.325s] Installing codeuse script to /home/robotix/ros2_ws/install/robotix/lib/robotix
[6.327s] Installing controller script to /home/robotix/ros2_ws/install/robotix/lib/robotix
[6.328s] Installing ctrl_claw script to /home/robotix/ros2_ws/install/robotix/lib/robotix
[6.329s] Installing ctrl_nav script to /home/robotix/ros2_ws/install/robotix/lib/robotix
[6.330s] Installing jetson script to /home/robotix/ros2_ws/install/robotix/lib/robotix
[6.331s] Installing laser script to /home/robotix/ros2_ws/install/robotix/lib/robotix
[6.332s] Installing lidar script to /home/robotix/ros2_ws/install/robotix/lib/robotix
[6.333s] Installing motor script to /home/robotix/ros2_ws/install/robotix/lib/robotix
[6.334s] Installing motor_claw script to /home/robotix/ros2_ws/install/robotix/lib/robotix
[6.335s] Installing motor_plateau script to /home/robotix/ros2_ws/install/robotix/lib/robotix
[6.337s] 
[6.338s] Installed /home/robotix/ros2_ws/build/robotix
[6.339s] running install_data
[6.493s] Invoked command in '/home/robotix/ros2_ws/build/robotix' returned '0': PYTHONPATH=/home/robotix/ros2_ws/build/robotix/prefix_override:/home/robotix/ros2_ws/install/robotix/lib/python3.10/site-packages:${PYTHONPATH} /usr/bin/python3 setup.py develop --editable --build-directory /home/robotix/ros2_ws/build/robotix/build --no-deps install_data
