[6.953s] Invoking command in '/home/robotix/ros2_ws/src/build/robotix': PYTHONPATH=/home/robotix/ros2_ws/src/build/robotix/prefix_override:/home/robotix/ros2_ws/src/install/robotix/lib/python3.10/site-packages:${PYTHONPATH} /usr/bin/python3 setup.py develop --editable --build-directory /home/robotix/ros2_ws/src/build/robotix/build --no-deps install_data
[8.318s] running develop
[9.091s] running egg_info
[9.092s] writing robotix.egg-info/PKG-INFO
[9.093s] writing dependency_links to robotix.egg-info/dependency_links.txt
[9.096s] writing entry points to robotix.egg-info/entry_points.txt
[9.098s] writing requirements to robotix.egg-info/requires.txt
[9.098s] writing top-level names to robotix.egg-info/top_level.txt
[9.106s] reading manifest file 'robotix.egg-info/SOURCES.txt'
[9.112s] writing manifest file 'robotix.egg-info/SOURCES.txt'
[9.118s] running build_ext
[9.121s] Creating /home/robotix/ros2_ws/src/install/robotix/lib/python3.10/site-packages/robotix.egg-link (link to .)
[9.126s] Installing codeuse script to /home/robotix/ros2_ws/src/install/robotix/lib/robotix
[9.127s] Installing controller script to /home/robotix/ros2_ws/src/install/robotix/lib/robotix
[9.128s] Installing ctrl_claw script to /home/robotix/ros2_ws/src/install/robotix/lib/robotix
[9.129s] Installing ctrl_nav script to /home/robotix/ros2_ws/src/install/robotix/lib/robotix
[9.130s] Installing jetson script to /home/robotix/ros2_ws/src/install/robotix/lib/robotix
[9.132s] Installing laser script to /home/robotix/ros2_ws/src/install/robotix/lib/robotix
[9.133s] Installing lidar script to /home/robotix/ros2_ws/src/install/robotix/lib/robotix
[9.133s] Installing motor script to /home/robotix/ros2_ws/src/install/robotix/lib/robotix
[9.135s] Installing motor_claw script to /home/robotix/ros2_ws/src/install/robotix/lib/robotix
[9.136s] Installing motor_plateau script to /home/robotix/ros2_ws/src/install/robotix/lib/robotix
[9.137s] Installing serial_pince script to /home/robotix/ros2_ws/src/install/robotix/lib/robotix
[9.140s] 
[9.141s] Installed /home/robotix/ros2_ws/src/build/robotix
[9.143s] running install_data
[9.661s] Invoked command in '/home/robotix/ros2_ws/src/build/robotix' returned '0': PYTHONPATH=/home/robotix/ros2_ws/src/build/robotix/prefix_override:/home/robotix/ros2_ws/src/install/robotix/lib/python3.10/site-packages:${PYTHONPATH} /usr/bin/python3 setup.py develop --editable --build-directory /home/robotix/ros2_ws/src/build/robotix/build --no-deps install_data
