[4.171s] Invoking command in '/home/robotix/ros2_ws/src/build/robotix': PYTHONPATH=/home/robotix/ros2_ws/src/build/robotix/prefix_override:/home/robotix/ros2_ws/src/install/robotix/lib/python3.10/site-packages:${PYTHONPATH} /usr/bin/python3 setup.py develop --editable --build-directory /home/robotix/ros2_ws/src/build/robotix/build --no-deps install_data
[5.387s] running develop
[6.048s] running egg_info
[6.048s] writing robotix.egg-info/PKG-INFO
[6.049s] writing dependency_links to robotix.egg-info/dependency_links.txt
[6.050s] writing entry points to robotix.egg-info/entry_points.txt
[6.051s] writing requirements to robotix.egg-info/requires.txt
[6.052s] writing top-level names to robotix.egg-info/top_level.txt
[6.060s] reading manifest file 'robotix.egg-info/SOURCES.txt'
[6.064s] writing manifest file 'robotix.egg-info/SOURCES.txt'
[6.071s] running build_ext
[6.071s] Creating /home/robotix/ros2_ws/src/install/robotix/lib/python3.10/site-packages/robotix.egg-link (link to .)
[6.077s] Installing codeuse script to /home/robotix/ros2_ws/src/install/robotix/lib/robotix
[6.078s] Installing controller script to /home/robotix/ros2_ws/src/install/robotix/lib/robotix
[6.079s] Installing ctrl_claw script to /home/robotix/ros2_ws/src/install/robotix/lib/robotix
[6.080s] Installing ctrl_nav script to /home/robotix/ros2_ws/src/install/robotix/lib/robotix
[6.080s] Installing jetson script to /home/robotix/ros2_ws/src/install/robotix/lib/robotix
[6.081s] Installing laser script to /home/robotix/ros2_ws/src/install/robotix/lib/robotix
[6.082s] Installing lidar script to /home/robotix/ros2_ws/src/install/robotix/lib/robotix
[6.083s] Installing motor script to /home/robotix/ros2_ws/src/install/robotix/lib/robotix
[6.083s] Installing motor_claw script to /home/robotix/ros2_ws/src/install/robotix/lib/robotix
[6.084s] Installing motor_plateau script to /home/robotix/ros2_ws/src/install/robotix/lib/robotix
[6.085s] Installing serial_pince script to /home/robotix/ros2_ws/src/install/robotix/lib/robotix
[6.086s] 
[6.087s] Installed /home/robotix/ros2_ws/src/build/robotix
[6.087s] running install_data
[6.227s] Invoked command in '/home/robotix/ros2_ws/src/build/robotix' returned '0': PYTHONPATH=/home/robotix/ros2_ws/src/build/robotix/prefix_override:/home/robotix/ros2_ws/src/install/robotix/lib/python3.10/site-packages:${PYTHONPATH} /usr/bin/python3 setup.py develop --editable --build-directory /home/robotix/ros2_ws/src/build/robotix/build --no-deps install_data
