[6.384s] Invoking command in '/home/robotix/ros2_ws/build/robotix': PYTHONPATH=/home/robotix/ros2_ws/build/robotix/prefix_override:/home/robotix/ros2_ws/install/robotix/lib/python3.10/site-packages:${PYTHONPATH} /usr/bin/python3 setup.py develop --editable --build-directory /home/robotix/ros2_ws/build/robotix/build --no-deps install_data
[7.986s] running develop
[8.859s] running egg_info
[8.859s] creating robotix.egg-info
[8.860s] writing robotix.egg-info/PKG-INFO
[8.861s] writing dependency_links to robotix.egg-info/dependency_links.txt
[8.862s] writing entry points to robotix.egg-info/entry_points.txt
[8.863s] writing requirements to robotix.egg-info/requires.txt
[8.864s] writing top-level names to robotix.egg-info/top_level.txt
[8.865s] writing manifest file 'robotix.egg-info/SOURCES.txt'
[8.873s] reading manifest file 'robotix.egg-info/SOURCES.txt'
[8.877s] writing manifest file 'robotix.egg-info/SOURCES.txt'
[8.885s] running build_ext
[8.886s] Creating /home/robotix/ros2_ws/install/robotix/lib/python3.10/site-packages/robotix.egg-link (link to .)
[8.891s] Installing codeuse script to /home/robotix/ros2_ws/install/robotix/lib/robotix
[8.892s] Installing controller script to /home/robotix/ros2_ws/install/robotix/lib/robotix
[8.893s] Installing ctrl_claw script to /home/robotix/ros2_ws/install/robotix/lib/robotix
[8.894s] Installing ctrl_nav script to /home/robotix/ros2_ws/install/robotix/lib/robotix
[8.895s] Installing jetson script to /home/robotix/ros2_ws/install/robotix/lib/robotix
[8.896s] Installing laser script to /home/robotix/ros2_ws/install/robotix/lib/robotix
[8.897s] Installing lidar script to /home/robotix/ros2_ws/install/robotix/lib/robotix
[8.898s] Installing motor script to /home/robotix/ros2_ws/install/robotix/lib/robotix
[8.903s] Installing motor_claw script to /home/robotix/ros2_ws/install/robotix/lib/robotix
[8.905s] Installing motor_plateau script to /home/robotix/ros2_ws/install/robotix/lib/robotix
[8.907s] 
[8.909s] Installed /home/robotix/ros2_ws/build/robotix
[8.910s] running install_data
[8.911s] creating /home/robotix/ros2_ws/install/robotix/share/ament_index
[8.913s] creating /home/robotix/ros2_ws/install/robotix/share/ament_index/resource_index
[8.914s] creating /home/robotix/ros2_ws/install/robotix/share/ament_index/resource_index/packages
[8.918s] copying resource/robotix -> /home/robotix/ros2_ws/install/robotix/share/ament_index/resource_index/packages
[8.919s] copying package.xml -> /home/robotix/ros2_ws/install/robotix/share/robotix
[9.126s] Invoked command in '/home/robotix/ros2_ws/build/robotix' returned '0': PYTHONPATH=/home/robotix/ros2_ws/build/robotix/prefix_override:/home/robotix/ros2_ws/install/robotix/lib/python3.10/site-packages:${PYTHONPATH} /usr/bin/python3 setup.py develop --editable --build-directory /home/robotix/ros2_ws/build/robotix/build --no-deps install_data
