[4.268s] DEBUG:colcon:Command line arguments: ['/usr/bin/colcon', 'build', '--symlink-install']
[4.269s] DEBUG:colcon:Parsed command line arguments: Namespace(log_base=None, log_level=None, verb_name='build', build_base='build', install_base='install', merge_install=False, symlink_install=True, test_result_base=None, continue_on_error=False, executor='parallel', parallel_workers=4, event_handlers=None, ignore_user_meta=False, metas=['./colcon.meta'], base_paths=['.'], packages_ignore=None, packages_ignore_regex=None, paths=None, packages_up_to=None, packages_up_to_regex=None, packages_above=None, packages_above_and_dependencies=None, packages_above_depth=None, packages_select_by_dep=None, packages_skip_by_dep=None, packages_skip_up_to=None, packages_select_build_failed=False, packages_skip_build_finished=False, packages_select_test_failures=False, packages_skip_test_passed=False, packages_select=None, packages_skip=None, packages_select_regex=None, packages_skip_regex=None, packages_start=None, packages_end=None, allow_overriding=[], cmake_args=None, cmake_target=None, cmake_target_skip_unavailable=False, cmake_clean_cache=False, cmake_clean_first=False, cmake_force_configure=False, ament_cmake_args=None, catkin_cmake_args=None, catkin_skip_building_tests=False, verb_parser=<colcon_defaults.argument_parser.defaults.DefaultArgumentsDecorator object at 0xffff8d3df0d0>, verb_extension=<colcon_core.verb.build.BuildVerb object at 0xffff8d68a980>, main=<bound method BuildVerb.main of <colcon_core.verb.build.BuildVerb object at 0xffff8d68a980>>)
[4.473s] Level 1:colcon.colcon_core.package_discovery:discover_packages(colcon_meta) check parameters
[4.473s] Level 1:colcon.colcon_core.package_discovery:discover_packages(recursive) check parameters
[4.473s] Level 1:colcon.colcon_core.package_discovery:discover_packages(ignore) check parameters
[4.473s] Level 1:colcon.colcon_core.package_discovery:discover_packages(path) check parameters
[4.474s] Level 1:colcon.colcon_core.package_discovery:discover_packages(colcon_meta) discover
[4.474s] Level 1:colcon.colcon_core.package_discovery:discover_packages(recursive) discover
[4.474s] INFO:colcon.colcon_core.package_discovery:Crawling recursively for packages in '/home/robotix/ros2_ws'
[4.475s] Level 1:colcon.colcon_core.package_identification:_identify(.) by extensions ['ignore', 'ignore_ament_install']
[4.475s] Level 1:colcon.colcon_core.package_identification:_identify(.) by extension 'ignore'
[4.475s] Level 1:colcon.colcon_core.package_identification:_identify(.) by extension 'ignore_ament_install'
[4.476s] Level 1:colcon.colcon_core.package_identification:_identify(.) by extensions ['colcon_pkg']
[4.476s] Level 1:colcon.colcon_core.package_identification:_identify(.) by extension 'colcon_pkg'
[4.476s] Level 1:colcon.colcon_core.package_identification:_identify(.) by extensions ['colcon_meta']
[4.476s] Level 1:colcon.colcon_core.package_identification:_identify(.) by extension 'colcon_meta'
[4.476s] Level 1:colcon.colcon_core.package_identification:_identify(.) by extensions ['ros']
[4.476s] Level 1:colcon.colcon_core.package_identification:_identify(.) by extension 'ros'
[4.532s] Level 1:colcon.colcon_core.package_identification:_identify(.) by extensions ['cmake', 'python']
[4.532s] Level 1:colcon.colcon_core.package_identification:_identify(.) by extension 'cmake'
[4.532s] Level 1:colcon.colcon_core.package_identification:_identify(.) by extension 'python'
[4.532s] Level 1:colcon.colcon_core.package_identification:_identify(.) by extensions ['python_setup_py']
[4.533s] Level 1:colcon.colcon_core.package_identification:_identify(.) by extension 'python_setup_py'
[4.533s] Level 1:colcon.colcon_core.package_identification:_identify(build) by extensions ['ignore', 'ignore_ament_install']
[4.534s] Level 1:colcon.colcon_core.package_identification:_identify(build) by extension 'ignore'
[4.534s] Level 1:colcon.colcon_core.package_identification:_identify(build) ignored
[4.535s] Level 1:colcon.colcon_core.package_identification:_identify(install) by extensions ['ignore', 'ignore_ament_install']
[4.535s] Level 1:colcon.colcon_core.package_identification:_identify(install) by extension 'ignore'
[4.535s] Level 1:colcon.colcon_core.package_identification:_identify(install) ignored
[4.536s] Level 1:colcon.colcon_core.package_identification:_identify(log) by extensions ['ignore', 'ignore_ament_install']
[4.537s] Level 1:colcon.colcon_core.package_identification:_identify(log) by extension 'ignore'
[4.537s] Level 1:colcon.colcon_core.package_identification:_identify(log) ignored
[4.537s] Level 1:colcon.colcon_core.package_identification:_identify(src) by extensions ['ignore', 'ignore_ament_install']
[4.538s] Level 1:colcon.colcon_core.package_identification:_identify(src) by extension 'ignore'
[4.538s] Level 1:colcon.colcon_core.package_identification:_identify(src) by extension 'ignore_ament_install'
[4.538s] Level 1:colcon.colcon_core.package_identification:_identify(src) by extensions ['colcon_pkg']
[4.539s] Level 1:colcon.colcon_core.package_identification:_identify(src) by extension 'colcon_pkg'
[4.539s] Level 1:colcon.colcon_core.package_identification:_identify(src) by extensions ['colcon_meta']
[4.539s] Level 1:colcon.colcon_core.package_identification:_identify(src) by extension 'colcon_meta'
[4.539s] Level 1:colcon.colcon_core.package_identification:_identify(src) by extensions ['ros']
[4.539s] Level 1:colcon.colcon_core.package_identification:_identify(src) by extension 'ros'
[4.540s] Level 1:colcon.colcon_core.package_identification:_identify(src) by extensions ['cmake', 'python']
[4.540s] Level 1:colcon.colcon_core.package_identification:_identify(src) by extension 'cmake'
[4.540s] Level 1:colcon.colcon_core.package_identification:_identify(src) by extension 'python'
[4.540s] Level 1:colcon.colcon_core.package_identification:_identify(src) by extensions ['python_setup_py']
[4.540s] Level 1:colcon.colcon_core.package_identification:_identify(src) by extension 'python_setup_py'
[4.541s] Level 1:colcon.colcon_core.package_identification:_identify(src/build) by extensions ['ignore', 'ignore_ament_install']
[4.541s] Level 1:colcon.colcon_core.package_identification:_identify(src/build) by extension 'ignore'
[4.541s] Level 1:colcon.colcon_core.package_identification:_identify(src/build) ignored
[4.542s] Level 1:colcon.colcon_core.package_identification:_identify(src/install) by extensions ['ignore', 'ignore_ament_install']
[4.542s] Level 1:colcon.colcon_core.package_identification:_identify(src/install) by extension 'ignore'
[4.543s] Level 1:colcon.colcon_core.package_identification:_identify(src/install) ignored
[4.544s] Level 1:colcon.colcon_core.package_identification:_identify(src/log) by extensions ['ignore', 'ignore_ament_install']
[4.544s] Level 1:colcon.colcon_core.package_identification:_identify(src/log) by extension 'ignore'
[4.544s] Level 1:colcon.colcon_core.package_identification:_identify(src/log) ignored
[4.545s] Level 1:colcon.colcon_core.package_identification:_identify(src/robotix) by extensions ['ignore', 'ignore_ament_install']
[4.545s] Level 1:colcon.colcon_core.package_identification:_identify(src/robotix) by extension 'ignore'
[4.545s] Level 1:colcon.colcon_core.package_identification:_identify(src/robotix) by extension 'ignore_ament_install'
[4.546s] Level 1:colcon.colcon_core.package_identification:_identify(src/robotix) by extensions ['colcon_pkg']
[4.546s] Level 1:colcon.colcon_core.package_identification:_identify(src/robotix) by extension 'colcon_pkg'
[4.546s] Level 1:colcon.colcon_core.package_identification:_identify(src/robotix) by extensions ['colcon_meta']
[4.546s] Level 1:colcon.colcon_core.package_identification:_identify(src/robotix) by extension 'colcon_meta'
[4.546s] Level 1:colcon.colcon_core.package_identification:_identify(src/robotix) by extensions ['ros']
[4.547s] Level 1:colcon.colcon_core.package_identification:_identify(src/robotix) by extension 'ros'
[4.559s] DEBUG:colcon.colcon_core.package_identification:Package 'src/robotix' with type 'ros.ament_python' and name 'robotix'
[4.560s] Level 1:colcon.colcon_core.package_identification:_identify(src/tof_imager_ros) by extensions ['ignore', 'ignore_ament_install']
[4.560s] Level 1:colcon.colcon_core.package_identification:_identify(src/tof_imager_ros) by extension 'ignore'
[4.560s] Level 1:colcon.colcon_core.package_identification:_identify(src/tof_imager_ros) by extension 'ignore_ament_install'
[4.561s] Level 1:colcon.colcon_core.package_identification:_identify(src/tof_imager_ros) by extensions ['colcon_pkg']
[4.561s] Level 1:colcon.colcon_core.package_identification:_identify(src/tof_imager_ros) by extension 'colcon_pkg'
[4.561s] Level 1:colcon.colcon_core.package_identification:_identify(src/tof_imager_ros) by extensions ['colcon_meta']
[4.561s] Level 1:colcon.colcon_core.package_identification:_identify(src/tof_imager_ros) by extension 'colcon_meta'
[4.561s] Level 1:colcon.colcon_core.package_identification:_identify(src/tof_imager_ros) by extensions ['ros']
[4.561s] Level 1:colcon.colcon_core.package_identification:_identify(src/tof_imager_ros) by extension 'ros'
[4.565s] DEBUG:colcon.colcon_core.package_identification:Package 'src/tof_imager_ros' with type 'ros.ament_python' and name 'tof_imager_ros'
[4.565s] Level 1:colcon.colcon_core.package_identification:_identify(src/ydlidar_ros2_driver) by extensions ['ignore', 'ignore_ament_install']
[4.566s] Level 1:colcon.colcon_core.package_identification:_identify(src/ydlidar_ros2_driver) by extension 'ignore'
[4.566s] Level 1:colcon.colcon_core.package_identification:_identify(src/ydlidar_ros2_driver) by extension 'ignore_ament_install'
[4.566s] Level 1:colcon.colcon_core.package_identification:_identify(src/ydlidar_ros2_driver) by extensions ['colcon_pkg']
[4.566s] Level 1:colcon.colcon_core.package_identification:_identify(src/ydlidar_ros2_driver) by extension 'colcon_pkg'
[4.567s] Level 1:colcon.colcon_core.package_identification:_identify(src/ydlidar_ros2_driver) by extensions ['colcon_meta']
[4.567s] Level 1:colcon.colcon_core.package_identification:_identify(src/ydlidar_ros2_driver) by extension 'colcon_meta'
[4.567s] Level 1:colcon.colcon_core.package_identification:_identify(src/ydlidar_ros2_driver) by extensions ['ros']
[4.567s] Level 1:colcon.colcon_core.package_identification:_identify(src/ydlidar_ros2_driver) by extension 'ros'
[4.570s] DEBUG:colcon.colcon_core.package_identification:Package 'src/ydlidar_ros2_driver' with type 'ros.ament_cmake' and name 'ydlidar_ros2_driver'
[4.570s] Level 1:colcon.colcon_core.package_discovery:discover_packages(recursive) using defaults
[4.570s] Level 1:colcon.colcon_core.package_discovery:discover_packages(ignore) discover
[4.571s] Level 1:colcon.colcon_core.package_discovery:discover_packages(ignore) using defaults
[4.571s] Level 1:colcon.colcon_core.package_discovery:discover_packages(path) discover
[4.571s] Level 1:colcon.colcon_core.package_discovery:discover_packages(path) using defaults
[4.951s] Level 1:colcon.colcon_core.package_discovery:discover_packages(prefix_path) check parameters
[4.951s] Level 1:colcon.colcon_core.package_discovery:discover_packages(prefix_path) discover
[5.077s] DEBUG:colcon.colcon_installed_package_information.package_discovery:Found 3 installed packages in /home/robotix/ros2_ws/install
[5.137s] DEBUG:colcon.colcon_installed_package_information.package_discovery:Found 4 installed packages in /home/robotix/ros2_ws/src/install
[5.203s] DEBUG:colcon.colcon_installed_package_information.package_discovery:Found 180 installed packages in /opt/ros/humble
[5.208s] Level 1:colcon.colcon_core.package_discovery:discover_packages(prefix_path) using defaults
[5.521s] Level 5:colcon.colcon_core.verb:set package 'robotix' build argument 'cmake_args' from command line to 'None'
[5.521s] Level 5:colcon.colcon_core.verb:set package 'robotix' build argument 'cmake_target' from command line to 'None'
[5.521s] Level 5:colcon.colcon_core.verb:set package 'robotix' build argument 'cmake_target_skip_unavailable' from command line to 'False'
[5.522s] Level 5:colcon.colcon_core.verb:set package 'robotix' build argument 'cmake_clean_cache' from command line to 'False'
[5.522s] Level 5:colcon.colcon_core.verb:set package 'robotix' build argument 'cmake_clean_first' from command line to 'False'
[5.522s] Level 5:colcon.colcon_core.verb:set package 'robotix' build argument 'cmake_force_configure' from command line to 'False'
[5.522s] Level 5:colcon.colcon_core.verb:set package 'robotix' build argument 'ament_cmake_args' from command line to 'None'
[5.522s] Level 5:colcon.colcon_core.verb:set package 'robotix' build argument 'catkin_cmake_args' from command line to 'None'
[5.522s] Level 5:colcon.colcon_core.verb:set package 'robotix' build argument 'catkin_skip_building_tests' from command line to 'False'
[5.523s] DEBUG:colcon.colcon_core.verb:Building package 'robotix' with the following arguments: {'ament_cmake_args': None, 'build_base': '/home/robotix/ros2_ws/build/robotix', 'catkin_cmake_args': None, 'catkin_skip_building_tests': False, 'cmake_args': None, 'cmake_clean_cache': False, 'cmake_clean_first': False, 'cmake_force_configure': False, 'cmake_target': None, 'cmake_target_skip_unavailable': False, 'install_base': '/home/robotix/ros2_ws/install/robotix', 'merge_install': False, 'path': '/home/robotix/ros2_ws/src/robotix', 'symlink_install': True, 'test_result_base': None}
[5.581s] Level 5:colcon.colcon_core.verb:set package 'tof_imager_ros' build argument 'cmake_args' from command line to 'None'
[5.581s] Level 5:colcon.colcon_core.verb:set package 'tof_imager_ros' build argument 'cmake_target' from command line to 'None'
[5.582s] Level 5:colcon.colcon_core.verb:set package 'tof_imager_ros' build argument 'cmake_target_skip_unavailable' from command line to 'False'
[5.582s] Level 5:colcon.colcon_core.verb:set package 'tof_imager_ros' build argument 'cmake_clean_cache' from command line to 'False'
[5.582s] Level 5:colcon.colcon_core.verb:set package 'tof_imager_ros' build argument 'cmake_clean_first' from command line to 'False'
[5.582s] Level 5:colcon.colcon_core.verb:set package 'tof_imager_ros' build argument 'cmake_force_configure' from command line to 'False'
[5.582s] Level 5:colcon.colcon_core.verb:set package 'tof_imager_ros' build argument 'ament_cmake_args' from command line to 'None'
[5.582s] Level 5:colcon.colcon_core.verb:set package 'tof_imager_ros' build argument 'catkin_cmake_args' from command line to 'None'
[5.583s] Level 5:colcon.colcon_core.verb:set package 'tof_imager_ros' build argument 'catkin_skip_building_tests' from command line to 'False'
[5.583s] DEBUG:colcon.colcon_core.verb:Building package 'tof_imager_ros' with the following arguments: {'ament_cmake_args': None, 'build_base': '/home/robotix/ros2_ws/build/tof_imager_ros', 'catkin_cmake_args': None, 'catkin_skip_building_tests': False, 'cmake_args': None, 'cmake_clean_cache': False, 'cmake_clean_first': False, 'cmake_force_configure': False, 'cmake_target': None, 'cmake_target_skip_unavailable': False, 'install_base': '/home/robotix/ros2_ws/install/tof_imager_ros', 'merge_install': False, 'path': '/home/robotix/ros2_ws/src/tof_imager_ros', 'symlink_install': True, 'test_result_base': None}
[5.641s] Level 5:colcon.colcon_core.verb:set package 'ydlidar_ros2_driver' build argument 'cmake_args' from command line to 'None'
[5.641s] Level 5:colcon.colcon_core.verb:set package 'ydlidar_ros2_driver' build argument 'cmake_target' from command line to 'None'
[5.641s] Level 5:colcon.colcon_core.verb:set package 'ydlidar_ros2_driver' build argument 'cmake_target_skip_unavailable' from command line to 'False'
[5.642s] Level 5:colcon.colcon_core.verb:set package 'ydlidar_ros2_driver' build argument 'cmake_clean_cache' from command line to 'False'
[5.642s] Level 5:colcon.colcon_core.verb:set package 'ydlidar_ros2_driver' build argument 'cmake_clean_first' from command line to 'False'
[5.642s] Level 5:colcon.colcon_core.verb:set package 'ydlidar_ros2_driver' build argument 'cmake_force_configure' from command line to 'False'
[5.642s] Level 5:colcon.colcon_core.verb:set package 'ydlidar_ros2_driver' build argument 'ament_cmake_args' from command line to 'None'
[5.642s] Level 5:colcon.colcon_core.verb:set package 'ydlidar_ros2_driver' build argument 'catkin_cmake_args' from command line to 'None'
[5.642s] Level 5:colcon.colcon_core.verb:set package 'ydlidar_ros2_driver' build argument 'catkin_skip_building_tests' from command line to 'False'
[5.643s] DEBUG:colcon.colcon_core.verb:Building package 'ydlidar_ros2_driver' with the following arguments: {'ament_cmake_args': None, 'build_base': '/home/robotix/ros2_ws/build/ydlidar_ros2_driver', 'catkin_cmake_args': None, 'catkin_skip_building_tests': False, 'cmake_args': None, 'cmake_clean_cache': False, 'cmake_clean_first': False, 'cmake_force_configure': False, 'cmake_target': None, 'cmake_target_skip_unavailable': False, 'install_base': '/home/robotix/ros2_ws/install/ydlidar_ros2_driver', 'merge_install': False, 'path': '/home/robotix/ros2_ws/src/ydlidar_ros2_driver', 'symlink_install': True, 'test_result_base': None}
[5.700s] INFO:colcon.colcon_core.executor:Executing jobs using 'parallel' executor
[5.760s] DEBUG:colcon.colcon_parallel_executor.executor.parallel:run_until_complete
[5.761s] INFO:colcon.colcon_ros.task.ament_python.build:Building ROS package in '/home/robotix/ros2_ws/src/robotix' with build type 'ament_python'
[5.762s] Level 1:colcon.colcon_core.shell:create_environment_hook('robotix', 'ament_prefix_path')
[5.829s] INFO:colcon.colcon_core.plugin_system:Skipping extension 'colcon_core.shell.bat': Not used on non-Windows systems
[5.830s] INFO:colcon.colcon_core.shell:Creating environment hook '/home/robotix/ros2_ws/install/robotix/share/robotix/hook/ament_prefix_path.ps1'
[5.833s] INFO:colcon.colcon_core.shell:Creating environment descriptor '/home/robotix/ros2_ws/install/robotix/share/robotix/hook/ament_prefix_path.dsv'
[5.835s] INFO:colcon.colcon_core.shell:Creating environment hook '/home/robotix/ros2_ws/install/robotix/share/robotix/hook/ament_prefix_path.sh'
[5.898s] INFO:colcon.colcon_core.shell:Skip shell extension 'powershell' for command environment: Not usable outside of PowerShell
[5.898s] DEBUG:colcon.colcon_core.shell:Skip shell extension 'dsv' for command environment
[6.151s] INFO:colcon.colcon_ros.task.ament_python.build:Building ROS package in '/home/robotix/ros2_ws/src/tof_imager_ros' with build type 'ament_python'
[6.152s] Level 1:colcon.colcon_core.shell:create_environment_hook('tof_imager_ros', 'ament_prefix_path')
[6.214s] INFO:colcon.colcon_core.shell:Creating environment hook '/home/robotix/ros2_ws/install/tof_imager_ros/share/tof_imager_ros/hook/ament_prefix_path.ps1'
[6.216s] INFO:colcon.colcon_core.shell:Creating environment descriptor '/home/robotix/ros2_ws/install/tof_imager_ros/share/tof_imager_ros/hook/ament_prefix_path.dsv'
[6.218s] INFO:colcon.colcon_core.shell:Creating environment hook '/home/robotix/ros2_ws/install/tof_imager_ros/share/tof_imager_ros/hook/ament_prefix_path.sh'
[6.279s] INFO:colcon.colcon_core.shell:Skip shell extension 'powershell' for command environment: Not usable outside of PowerShell
[6.280s] DEBUG:colcon.colcon_core.shell:Skip shell extension 'dsv' for command environment
[6.528s] INFO:colcon.colcon_ros.task.ament_cmake.build:Building ROS package in '/home/robotix/ros2_ws/src/ydlidar_ros2_driver' with build type 'ament_cmake'
[6.529s] INFO:colcon.colcon_cmake.task.cmake.build:Building CMake package in '/home/robotix/ros2_ws/src/ydlidar_ros2_driver'
[6.592s] INFO:colcon.colcon_core.shell:Skip shell extension 'powershell' for command environment: Not usable outside of PowerShell
[6.593s] DEBUG:colcon.colcon_core.shell:Skip shell extension 'dsv' for command environment
[8.117s] INFO:colcon.colcon_core.task.python.build:Building Python package in '/home/robotix/ros2_ws/src/robotix'
[8.179s] INFO:colcon.colcon_core.shell:Skip shell extension 'powershell' for command environment: Not usable outside of PowerShell
[8.180s] DEBUG:colcon.colcon_core.shell:Skip shell extension 'dsv' for command environment
[9.704s] INFO:colcon.colcon_core.task.python.build:Building Python package in '/home/robotix/ros2_ws/src/tof_imager_ros'
[9.765s] INFO:colcon.colcon_core.shell:Skip shell extension 'powershell' for command environment: Not usable outside of PowerShell
[9.765s] DEBUG:colcon.colcon_core.shell:Skip shell extension 'dsv' for command environment
[10.035s] DEBUG:colcon.colcon_core.event_handler.log_command:Invoking command in '/home/robotix/ros2_ws/build/ydlidar_ros2_driver': CMAKE_PREFIX_PATH=${CMAKE_PREFIX_PATH}:/home/robotix/ros2_ws/install/tof_imager_ros:/home/robotix/ros2_ws/install/robotix:/home/robotix/ros2_ws/src/install/tof_imager_ros:/home/robotix/ros2_ws/src/install/robotix:/opt/ros/humble /usr/bin/cmake /home/robotix/ros2_ws/src/ydlidar_ros2_driver -DAMENT_CMAKE_SYMLINK_INSTALL=1 -DCMAKE_INSTALL_PREFIX=/home/robotix/ros2_ws/install/ydlidar_ros2_driver
[12.425s] DEBUG:colcon.colcon_core.task.python.build:While undoing a previous installation files outside the Python library path are being ignored: /home/robotix/ros2_ws/install/robotix/share/ament_index/resource_index/packages/robotix
[12.426s] DEBUG:colcon.colcon_core.task.python.build:While undoing a previous installation files outside the Python library path are being ignored: /home/robotix/ros2_ws/install/robotix/share/robotix/package.xml
[12.428s] DEBUG:colcon.colcon_core.task.python.build:While undoing a previous installation files outside the Python library path are being ignored: /home/robotix/ros2_ws/install/robotix/lib/robotix/codeuse
[12.428s] DEBUG:colcon.colcon_core.task.python.build:While undoing a previous installation files outside the Python library path are being ignored: /home/robotix/ros2_ws/install/robotix/lib/robotix/controller
[12.428s] DEBUG:colcon.colcon_core.task.python.build:While undoing a previous installation files outside the Python library path are being ignored: /home/robotix/ros2_ws/install/robotix/lib/robotix/ctrl_claw
[12.428s] DEBUG:colcon.colcon_core.task.python.build:While undoing a previous installation files outside the Python library path are being ignored: /home/robotix/ros2_ws/install/robotix/lib/robotix/ctrl_nav
[12.429s] DEBUG:colcon.colcon_core.task.python.build:While undoing a previous installation files outside the Python library path are being ignored: /home/robotix/ros2_ws/install/robotix/lib/robotix/jetson
[12.429s] DEBUG:colcon.colcon_core.task.python.build:While undoing a previous installation files outside the Python library path are being ignored: /home/robotix/ros2_ws/install/robotix/lib/robotix/laser
[12.429s] DEBUG:colcon.colcon_core.task.python.build:While undoing a previous installation files outside the Python library path are being ignored: /home/robotix/ros2_ws/install/robotix/lib/robotix/lidar
[12.429s] DEBUG:colcon.colcon_core.task.python.build:While undoing a previous installation files outside the Python library path are being ignored: /home/robotix/ros2_ws/install/robotix/lib/robotix/motor
[12.429s] DEBUG:colcon.colcon_core.task.python.build:While undoing a previous installation files outside the Python library path are being ignored: /home/robotix/ros2_ws/install/robotix/lib/robotix/motor_claw
[12.429s] DEBUG:colcon.colcon_core.task.python.build:While undoing a previous installation files outside the Python library path are being ignored: /home/robotix/ros2_ws/install/robotix/lib/robotix/motor_plateau
[12.443s] DEBUG:colcon.colcon_core.event_handler.log_command:Invoking command in '/home/robotix/ros2_ws/build/robotix': PYTHONPATH=/home/robotix/ros2_ws/build/robotix/prefix_override:/home/robotix/ros2_ws/install/robotix/lib/python3.10/site-packages:${PYTHONPATH} /usr/bin/python3 setup.py develop --editable --build-directory /home/robotix/ros2_ws/build/robotix/build --no-deps install_data
[12.448s] DEBUG:colcon.colcon_core.task.python.build:While undoing a previous installation files outside the Python library path are being ignored: /home/robotix/ros2_ws/install/tof_imager_ros/share/ament_index/resource_index/packages/tof_imager_ros
[12.448s] DEBUG:colcon.colcon_core.task.python.build:While undoing a previous installation files outside the Python library path are being ignored: /home/robotix/ros2_ws/install/tof_imager_ros/share/tof_imager_ros/package.xml
[12.448s] DEBUG:colcon.colcon_core.task.python.build:While undoing a previous installation files outside the Python library path are being ignored: /home/robotix/ros2_ws/install/tof_imager_ros/share/tof_imager_ros/launch/tof_imager_launch.py
[12.449s] DEBUG:colcon.colcon_core.task.python.build:While undoing a previous installation files outside the Python library path are being ignored: /home/robotix/ros2_ws/install/tof_imager_ros/share/tof_imager_ros/config/sensor_params.yaml
[12.450s] DEBUG:colcon.colcon_core.task.python.build:While undoing a previous installation files outside the Python library path are being ignored: /home/robotix/ros2_ws/install/tof_imager_ros/lib/tof_imager_ros/tof_imager_node
[12.451s] DEBUG:colcon.colcon_core.task.python.build:While undoing a previous installation files outside the Python library path are being ignored: /home/robotix/ros2_ws/install/tof_imager_ros/lib/tof_imager_ros/tof_imager_publisher
[12.469s] DEBUG:colcon.colcon_core.event_handler.log_command:Invoking command in '/home/robotix/ros2_ws/build/tof_imager_ros': PYTHONPATH=/home/robotix/ros2_ws/build/tof_imager_ros/prefix_override:/home/robotix/ros2_ws/install/tof_imager_ros/lib/python3.10/site-packages:${PYTHONPATH} /usr/bin/python3 setup.py develop --editable --build-directory /home/robotix/ros2_ws/build/tof_imager_ros/build --no-deps install_data
[15.251s] Level 1:colcon.colcon_core.shell:create_environment_hook('robotix', 'pythonpath_develop')
[15.270s] DEBUG:colcon.colcon_core.event_handler.log_command:Invoked command in '/home/robotix/ros2_ws/build/robotix' returned '0': PYTHONPATH=/home/robotix/ros2_ws/build/robotix/prefix_override:/home/robotix/ros2_ws/install/robotix/lib/python3.10/site-packages:${PYTHONPATH} /usr/bin/python3 setup.py develop --editable --build-directory /home/robotix/ros2_ws/build/robotix/build --no-deps install_data
[15.358s] INFO:colcon.colcon_core.shell:Creating environment hook '/home/robotix/ros2_ws/build/robotix/share/robotix/hook/pythonpath_develop.ps1'
[15.360s] INFO:colcon.colcon_core.shell:Creating environment descriptor '/home/robotix/ros2_ws/build/robotix/share/robotix/hook/pythonpath_develop.dsv'
[15.362s] INFO:colcon.colcon_core.shell:Creating environment hook '/home/robotix/ros2_ws/build/robotix/share/robotix/hook/pythonpath_develop.sh'
[15.444s] Level 1:colcon.colcon_core.environment:checking '/home/robotix/ros2_ws/install/robotix' for CMake module files
[15.447s] Level 1:colcon.colcon_core.environment:checking '/home/robotix/ros2_ws/install/robotix' for CMake config files
[15.450s] Level 1:colcon.colcon_core.environment:checking '/home/robotix/ros2_ws/install/robotix/lib'
[15.451s] Level 1:colcon.colcon_core.environment:checking '/home/robotix/ros2_ws/install/robotix/bin'
[15.452s] Level 1:colcon.colcon_core.environment:checking '/home/robotix/ros2_ws/install/robotix/lib/pkgconfig/robotix.pc'
[15.453s] Level 1:colcon.colcon_core.environment:checking '/home/robotix/ros2_ws/install/robotix/lib/python3.10/site-packages'
[15.453s] Level 1:colcon.colcon_core.shell:create_environment_hook('robotix', 'pythonpath')
[15.519s] INFO:colcon.colcon_core.shell:Creating environment hook '/home/robotix/ros2_ws/install/robotix/share/robotix/hook/pythonpath.ps1'
[15.522s] INFO:colcon.colcon_core.shell:Creating environment descriptor '/home/robotix/ros2_ws/install/robotix/share/robotix/hook/pythonpath.dsv'
[15.524s] INFO:colcon.colcon_core.shell:Creating environment hook '/home/robotix/ros2_ws/install/robotix/share/robotix/hook/pythonpath.sh'
[15.527s] Level 1:colcon.colcon_core.environment:checking '/home/robotix/ros2_ws/install/robotix/bin'
[15.528s] Level 1:colcon.colcon_core.environment:create_environment_scripts_only(robotix)
[15.592s] INFO:colcon.colcon_core.shell:Creating package script '/home/robotix/ros2_ws/install/robotix/share/robotix/package.ps1'
[15.598s] INFO:colcon.colcon_core.shell:Creating package descriptor '/home/robotix/ros2_ws/install/robotix/share/robotix/package.dsv'
[15.601s] INFO:colcon.colcon_core.shell:Creating package script '/home/robotix/ros2_ws/install/robotix/share/robotix/package.sh'
[15.605s] INFO:colcon.colcon_core.shell:Creating package script '/home/robotix/ros2_ws/install/robotix/share/robotix/package.bash'
[15.609s] INFO:colcon.colcon_core.shell:Creating package script '/home/robotix/ros2_ws/install/robotix/share/robotix/package.zsh'
[15.612s] Level 1:colcon.colcon_core.environment:create_file_with_runtime_dependencies(/home/robotix/ros2_ws/install/robotix/share/colcon-core/packages/robotix)
[15.617s] Level 1:colcon.colcon_core.shell:create_environment_hook('tof_imager_ros', 'pythonpath_develop')
[15.620s] DEBUG:colcon.colcon_core.event_handler.log_command:Invoked command in '/home/robotix/ros2_ws/build/tof_imager_ros' returned '0': PYTHONPATH=/home/robotix/ros2_ws/build/tof_imager_ros/prefix_override:/home/robotix/ros2_ws/install/tof_imager_ros/lib/python3.10/site-packages:${PYTHONPATH} /usr/bin/python3 setup.py develop --editable --build-directory /home/robotix/ros2_ws/build/tof_imager_ros/build --no-deps install_data
[15.693s] INFO:colcon.colcon_core.shell:Creating environment hook '/home/robotix/ros2_ws/build/tof_imager_ros/share/tof_imager_ros/hook/pythonpath_develop.ps1'
[15.695s] INFO:colcon.colcon_core.shell:Creating environment descriptor '/home/robotix/ros2_ws/build/tof_imager_ros/share/tof_imager_ros/hook/pythonpath_develop.dsv'
[15.699s] INFO:colcon.colcon_core.shell:Creating environment hook '/home/robotix/ros2_ws/build/tof_imager_ros/share/tof_imager_ros/hook/pythonpath_develop.sh'
[15.783s] Level 1:colcon.colcon_core.environment:checking '/home/robotix/ros2_ws/install/tof_imager_ros' for CMake module files
[15.786s] Level 1:colcon.colcon_core.environment:checking '/home/robotix/ros2_ws/install/tof_imager_ros' for CMake config files
[15.789s] Level 1:colcon.colcon_core.environment:checking '/home/robotix/ros2_ws/install/tof_imager_ros/lib'
[15.790s] Level 1:colcon.colcon_core.environment:checking '/home/robotix/ros2_ws/install/tof_imager_ros/bin'
[15.790s] Level 1:colcon.colcon_core.environment:checking '/home/robotix/ros2_ws/install/tof_imager_ros/lib/pkgconfig/tof_imager_ros.pc'
[15.791s] Level 1:colcon.colcon_core.environment:checking '/home/robotix/ros2_ws/install/tof_imager_ros/lib/python3.10/site-packages'
[15.792s] Level 1:colcon.colcon_core.shell:create_environment_hook('tof_imager_ros', 'pythonpath')
[15.850s] INFO:colcon.colcon_core.shell:Creating environment hook '/home/robotix/ros2_ws/install/tof_imager_ros/share/tof_imager_ros/hook/pythonpath.ps1'
[15.852s] INFO:colcon.colcon_core.shell:Creating environment descriptor '/home/robotix/ros2_ws/install/tof_imager_ros/share/tof_imager_ros/hook/pythonpath.dsv'
[15.854s] INFO:colcon.colcon_core.shell:Creating environment hook '/home/robotix/ros2_ws/install/tof_imager_ros/share/tof_imager_ros/hook/pythonpath.sh'
[15.857s] Level 1:colcon.colcon_core.environment:checking '/home/robotix/ros2_ws/install/tof_imager_ros/bin'
[15.857s] Level 1:colcon.colcon_core.environment:create_environment_scripts_only(tof_imager_ros)
[15.917s] INFO:colcon.colcon_core.shell:Creating package script '/home/robotix/ros2_ws/install/tof_imager_ros/share/tof_imager_ros/package.ps1'
[15.920s] INFO:colcon.colcon_core.shell:Creating package descriptor '/home/robotix/ros2_ws/install/tof_imager_ros/share/tof_imager_ros/package.dsv'
[15.923s] INFO:colcon.colcon_core.shell:Creating package script '/home/robotix/ros2_ws/install/tof_imager_ros/share/tof_imager_ros/package.sh'
[15.925s] INFO:colcon.colcon_core.shell:Creating package script '/home/robotix/ros2_ws/install/tof_imager_ros/share/tof_imager_ros/package.bash'
[15.927s] INFO:colcon.colcon_core.shell:Creating package script '/home/robotix/ros2_ws/install/tof_imager_ros/share/tof_imager_ros/package.zsh'
[15.929s] Level 1:colcon.colcon_core.environment:create_file_with_runtime_dependencies(/home/robotix/ros2_ws/install/tof_imager_ros/share/colcon-core/packages/tof_imager_ros)
[15.945s] DEBUG:colcon.colcon_core.event_handler.log_command:Invoked command in '/home/robotix/ros2_ws/build/ydlidar_ros2_driver' returned '0': CMAKE_PREFIX_PATH=${CMAKE_PREFIX_PATH}:/home/robotix/ros2_ws/install/tof_imager_ros:/home/robotix/ros2_ws/install/robotix:/home/robotix/ros2_ws/src/install/tof_imager_ros:/home/robotix/ros2_ws/src/install/robotix:/opt/ros/humble /usr/bin/cmake /home/robotix/ros2_ws/src/ydlidar_ros2_driver -DAMENT_CMAKE_SYMLINK_INSTALL=1 -DCMAKE_INSTALL_PREFIX=/home/robotix/ros2_ws/install/ydlidar_ros2_driver
[15.947s] DEBUG:colcon.colcon_core.event_handler.log_command:Invoking command in '/home/robotix/ros2_ws/build/ydlidar_ros2_driver': CMAKE_PREFIX_PATH=${CMAKE_PREFIX_PATH}:/home/robotix/ros2_ws/install/tof_imager_ros:/home/robotix/ros2_ws/install/robotix:/home/robotix/ros2_ws/src/install/tof_imager_ros:/home/robotix/ros2_ws/src/install/robotix:/opt/ros/humble /usr/bin/cmake --build /home/robotix/ros2_ws/build/ydlidar_ros2_driver -- -j4 -l4
[16.269s] DEBUG:colcon.colcon_core.event_handler.log_command:Invoked command in '/home/robotix/ros2_ws/build/ydlidar_ros2_driver' returned '0': CMAKE_PREFIX_PATH=${CMAKE_PREFIX_PATH}:/home/robotix/ros2_ws/install/tof_imager_ros:/home/robotix/ros2_ws/install/robotix:/home/robotix/ros2_ws/src/install/tof_imager_ros:/home/robotix/ros2_ws/src/install/robotix:/opt/ros/humble /usr/bin/cmake --build /home/robotix/ros2_ws/build/ydlidar_ros2_driver -- -j4 -l4
[16.483s] DEBUG:colcon.colcon_core.event_handler.log_command:Invoking command in '/home/robotix/ros2_ws/build/ydlidar_ros2_driver': CMAKE_PREFIX_PATH=${CMAKE_PREFIX_PATH}:/home/robotix/ros2_ws/install/tof_imager_ros:/home/robotix/ros2_ws/install/robotix:/home/robotix/ros2_ws/src/install/tof_imager_ros:/home/robotix/ros2_ws/src/install/robotix:/opt/ros/humble /usr/bin/cmake --install /home/robotix/ros2_ws/build/ydlidar_ros2_driver
[16.588s] Level 1:colcon.colcon_core.environment:create_environment_scripts_only(ydlidar_ros2_driver)
[16.589s] DEBUG:colcon.colcon_core.event_handler.log_command:Invoked command in '/home/robotix/ros2_ws/build/ydlidar_ros2_driver' returned '0': CMAKE_PREFIX_PATH=${CMAKE_PREFIX_PATH}:/home/robotix/ros2_ws/install/tof_imager_ros:/home/robotix/ros2_ws/install/robotix:/home/robotix/ros2_ws/src/install/tof_imager_ros:/home/robotix/ros2_ws/src/install/robotix:/opt/ros/humble /usr/bin/cmake --install /home/robotix/ros2_ws/build/ydlidar_ros2_driver
[16.650s] Level 1:colcon.colcon_core.environment:checking '/home/robotix/ros2_ws/install/ydlidar_ros2_driver' for CMake module files
[16.653s] Level 1:colcon.colcon_core.environment:checking '/home/robotix/ros2_ws/install/ydlidar_ros2_driver' for CMake config files
[16.656s] Level 1:colcon.colcon_core.shell:create_environment_hook('ydlidar_ros2_driver', 'cmake_prefix_path')
[16.758s] INFO:colcon.colcon_core.shell:Creating environment hook '/home/robotix/ros2_ws/install/ydlidar_ros2_driver/share/ydlidar_ros2_driver/hook/cmake_prefix_path.ps1'
[16.760s] INFO:colcon.colcon_core.shell:Creating environment descriptor '/home/robotix/ros2_ws/install/ydlidar_ros2_driver/share/ydlidar_ros2_driver/hook/cmake_prefix_path.dsv'
[16.762s] INFO:colcon.colcon_core.shell:Creating environment hook '/home/robotix/ros2_ws/install/ydlidar_ros2_driver/share/ydlidar_ros2_driver/hook/cmake_prefix_path.sh'
[16.765s] Level 1:colcon.colcon_core.environment:checking '/home/robotix/ros2_ws/install/ydlidar_ros2_driver/lib'
[16.766s] Level 1:colcon.colcon_core.environment:checking '/home/robotix/ros2_ws/install/ydlidar_ros2_driver/bin'
[16.766s] Level 1:colcon.colcon_core.environment:checking '/home/robotix/ros2_ws/install/ydlidar_ros2_driver/lib/pkgconfig/ydlidar_ros2_driver.pc'
[16.767s] Level 1:colcon.colcon_core.environment:checking '/home/robotix/ros2_ws/install/ydlidar_ros2_driver/lib/python3.10/site-packages'
[16.768s] Level 1:colcon.colcon_core.environment:checking '/home/robotix/ros2_ws/install/ydlidar_ros2_driver/bin'
[16.829s] INFO:colcon.colcon_core.shell:Creating package script '/home/robotix/ros2_ws/install/ydlidar_ros2_driver/share/ydlidar_ros2_driver/package.ps1'
[16.832s] INFO:colcon.colcon_core.shell:Creating package descriptor '/home/robotix/ros2_ws/install/ydlidar_ros2_driver/share/ydlidar_ros2_driver/package.dsv'
[16.834s] INFO:colcon.colcon_core.shell:Creating package script '/home/robotix/ros2_ws/install/ydlidar_ros2_driver/share/ydlidar_ros2_driver/package.sh'
[16.836s] INFO:colcon.colcon_core.shell:Creating package script '/home/robotix/ros2_ws/install/ydlidar_ros2_driver/share/ydlidar_ros2_driver/package.bash'
[16.838s] INFO:colcon.colcon_core.shell:Creating package script '/home/robotix/ros2_ws/install/ydlidar_ros2_driver/share/ydlidar_ros2_driver/package.zsh'
[16.840s] Level 1:colcon.colcon_core.environment:create_file_with_runtime_dependencies(/home/robotix/ros2_ws/install/ydlidar_ros2_driver/share/colcon-core/packages/ydlidar_ros2_driver)
[17.069s] Level 1:colcon.colcon_core.environment:create_environment_scripts_only(ydlidar_ros2_driver)
[17.129s] Level 1:colcon.colcon_core.environment:checking '/home/robotix/ros2_ws/install/ydlidar_ros2_driver' for CMake module files
[17.132s] Level 1:colcon.colcon_core.environment:checking '/home/robotix/ros2_ws/install/ydlidar_ros2_driver' for CMake config files
[17.135s] Level 1:colcon.colcon_core.shell:create_environment_hook('ydlidar_ros2_driver', 'cmake_prefix_path')
[17.195s] INFO:colcon.colcon_core.shell:Creating environment hook '/home/robotix/ros2_ws/install/ydlidar_ros2_driver/share/ydlidar_ros2_driver/hook/cmake_prefix_path.ps1'
[17.197s] INFO:colcon.colcon_core.shell:Creating environment descriptor '/home/robotix/ros2_ws/install/ydlidar_ros2_driver/share/ydlidar_ros2_driver/hook/cmake_prefix_path.dsv'
[17.199s] INFO:colcon.colcon_core.shell:Creating environment hook '/home/robotix/ros2_ws/install/ydlidar_ros2_driver/share/ydlidar_ros2_driver/hook/cmake_prefix_path.sh'
[17.202s] Level 1:colcon.colcon_core.environment:checking '/home/robotix/ros2_ws/install/ydlidar_ros2_driver/lib'
[17.203s] Level 1:colcon.colcon_core.environment:checking '/home/robotix/ros2_ws/install/ydlidar_ros2_driver/bin'
[17.203s] Level 1:colcon.colcon_core.environment:checking '/home/robotix/ros2_ws/install/ydlidar_ros2_driver/lib/pkgconfig/ydlidar_ros2_driver.pc'
[17.204s] Level 1:colcon.colcon_core.environment:checking '/home/robotix/ros2_ws/install/ydlidar_ros2_driver/lib/python3.10/site-packages'
[17.205s] Level 1:colcon.colcon_core.environment:checking '/home/robotix/ros2_ws/install/ydlidar_ros2_driver/bin'
[17.264s] INFO:colcon.colcon_core.shell:Creating package script '/home/robotix/ros2_ws/install/ydlidar_ros2_driver/share/ydlidar_ros2_driver/package.ps1'
[17.267s] INFO:colcon.colcon_core.shell:Creating package descriptor '/home/robotix/ros2_ws/install/ydlidar_ros2_driver/share/ydlidar_ros2_driver/package.dsv'
[17.269s] INFO:colcon.colcon_core.shell:Creating package script '/home/robotix/ros2_ws/install/ydlidar_ros2_driver/share/ydlidar_ros2_driver/package.sh'
[17.272s] INFO:colcon.colcon_core.shell:Creating package script '/home/robotix/ros2_ws/install/ydlidar_ros2_driver/share/ydlidar_ros2_driver/package.bash'
[17.274s] INFO:colcon.colcon_core.shell:Creating package script '/home/robotix/ros2_ws/install/ydlidar_ros2_driver/share/ydlidar_ros2_driver/package.zsh'
[17.276s] Level 1:colcon.colcon_core.environment:create_file_with_runtime_dependencies(/home/robotix/ros2_ws/install/ydlidar_ros2_driver/share/colcon-core/packages/ydlidar_ros2_driver)
[17.278s] DEBUG:colcon.colcon_parallel_executor.executor.parallel:closing loop
[17.279s] DEBUG:colcon.colcon_parallel_executor.executor.parallel:loop closed
[17.279s] DEBUG:colcon.colcon_parallel_executor.executor.parallel:run_until_complete finished with '0'
[17.280s] DEBUG:colcon.colcon_core.event_reactor:joining thread
[17.363s] INFO:colcon.colcon_core.plugin_system:Skipping extension 'colcon_notification.desktop_notification.notify_send': Could not find 'notify-send'
[17.364s] INFO:colcon.colcon_core.plugin_system:Skipping extension 'colcon_notification.desktop_notification.terminal_notifier': Not used on non-Darwin systems
[17.364s] INFO:colcon.colcon_core.plugin_system:Skipping extension 'colcon_notification.desktop_notification.win32': Not used on non-Windows systems
[17.364s] INFO:colcon.colcon_notification.desktop_notification:Sending desktop notification using 'notify2'
[17.367s] DEBUG:colcon.colcon_notification.desktop_notification.notify2:Failed to initialize notify2: org.freedesktop.DBus.Error.ServiceUnknown: The name org.freedesktop.Notifications was not provided by any .service files
[17.368s] DEBUG:colcon.colcon_core.event_reactor:joined thread
[17.431s] INFO:colcon.colcon_core.shell:Creating prefix script '/home/robotix/ros2_ws/install/local_setup.ps1'
[17.435s] INFO:colcon.colcon_core.shell:Creating prefix util module '/home/robotix/ros2_ws/install/_local_setup_util_ps1.py'
[17.441s] INFO:colcon.colcon_core.shell:Creating prefix chain script '/home/robotix/ros2_ws/install/setup.ps1'
[17.505s] INFO:colcon.colcon_core.shell:Creating prefix script '/home/robotix/ros2_ws/install/local_setup.sh'
[17.508s] INFO:colcon.colcon_core.shell:Creating prefix util module '/home/robotix/ros2_ws/install/_local_setup_util_sh.py'
[17.511s] INFO:colcon.colcon_core.shell:Creating prefix chain script '/home/robotix/ros2_ws/install/setup.sh'
[17.577s] INFO:colcon.colcon_core.shell:Creating prefix script '/home/robotix/ros2_ws/install/local_setup.bash'
[17.579s] INFO:colcon.colcon_core.shell:Creating prefix chain script '/home/robotix/ros2_ws/install/setup.bash'
[17.644s] INFO:colcon.colcon_core.shell:Creating prefix script '/home/robotix/ros2_ws/install/local_setup.zsh'
[17.647s] INFO:colcon.colcon_core.shell:Creating prefix chain script '/home/robotix/ros2_ws/install/setup.zsh'
