running develop
running egg_info
creating alextropfort.egg-info
writing alextropfort.egg-info/PKG-INFO
writing dependency_links to alextropfort.egg-info/dependency_links.txt
writing entry points to alextropfort.egg-info/entry_points.txt
writing requirements to alextropfort.egg-info/requires.txt
writing top-level names to alextropfort.egg-info/top_level.txt
writing manifest file 'alextropfort.egg-info/SOURCES.txt'
reading manifest file 'alextropfort.egg-info/SOURCES.txt'
writing manifest file 'alextropfort.egg-info/SOURCES.txt'
running build_ext
Creating /home/robotix/ros2_ws/install/alextropfort/lib/python3.10/site-packages/alextropfort.egg-link (link to .)

Installed /home/robotix/ros2_ws/build/alextropfort
running install_data
creating /home/robotix/ros2_ws/install/alextropfort/share/ament_index
creating /home/robotix/ros2_ws/install/alextropfort/share/ament_index/resource_index
creating /home/robotix/ros2_ws/install/alextropfort/share/ament_index/resource_index/packages
copying resource/alextropfort -> /home/robotix/ros2_ws/install/alextropfort/share/ament_index/resource_index/packages
copying package.xml -> /home/robotix/ros2_ws/install/alextropfort/share/alextropfort
