[6.906s] Invoking command in '/home/robotix/ros2_ws/src/build/robotix': PYTHONPATH=/home/robotix/ros2_ws/src/build/robotix/prefix_override:/home/robotix/ros2_ws/src/install/robotix/lib/python3.10/site-packages:${PYTHONPATH} /usr/bin/python3 setup.py develop --editable --build-directory /home/robotix/ros2_ws/src/build/robotix/build --no-deps install_data
[8.281s] running develop
[9.057s] running egg_info
[9.059s] writing robotix.egg-info/PKG-INFO
[9.061s] writing dependency_links to robotix.egg-info/dependency_links.txt
[9.063s] writing entry points to robotix.egg-info/entry_points.txt
[9.065s] writing requirements to robotix.egg-info/requires.txt
[9.065s] writing top-level names to robotix.egg-info/top_level.txt
[9.076s] reading manifest file 'robotix.egg-info/SOURCES.txt'
[9.082s] writing manifest file 'robotix.egg-info/SOURCES.txt'
[9.090s] running build_ext
[9.091s] Creating /home/robotix/ros2_ws/src/install/robotix/lib/python3.10/site-packages/robotix.egg-link (link to .)
[9.098s] Installing codeuse script to /home/robotix/ros2_ws/src/install/robotix/lib/robotix
[9.099s] Installing controller script to /home/robotix/ros2_ws/src/install/robotix/lib/robotix
[9.099s] Installing ctrl_claw script to /home/robotix/ros2_ws/src/install/robotix/lib/robotix
[9.101s] Installing ctrl_nav script to /home/robotix/ros2_ws/src/install/robotix/lib/robotix
[9.106s] Installing jetson script to /home/robotix/ros2_ws/src/install/robotix/lib/robotix
[9.108s] Installing laser script to /home/robotix/ros2_ws/src/install/robotix/lib/robotix
[9.110s] Installing lidar script to /home/robotix/ros2_ws/src/install/robotix/lib/robotix
[9.112s] Installing motor script to /home/robotix/ros2_ws/src/install/robotix/lib/robotix
[9.114s] Installing motor_claw script to /home/robotix/ros2_ws/src/install/robotix/lib/robotix
[9.115s] Installing motor_plateau script to /home/robotix/ros2_ws/src/install/robotix/lib/robotix
[9.119s] 
[9.120s] Installed /home/robotix/ros2_ws/src/build/robotix
[9.122s] running install_data
[9.630s] Invoked command in '/home/robotix/ros2_ws/src/build/robotix' returned '0': PYTHONPATH=/home/robotix/ros2_ws/src/build/robotix/prefix_override:/home/robotix/ros2_ws/src/install/robotix/lib/python3.10/site-packages:${PYTHONPATH} /usr/bin/python3 setup.py develop --editable --build-directory /home/robotix/ros2_ws/src/build/robotix/build --no-deps install_data
