[0.453s] Invoking command in '/home/robotix/ros2_ws/build/vl53l1x': CMAKE_PREFIX_PATH=${CMAKE_PREFIX_PATH}:/home/robotix/ros2_ws/src/install/robotix:/home/robotix/ros2_ws/install/robotix:/opt/ros/humble /usr/bin/cmake /home/robotix/ros2_ws/src/ROS2-VL53L1X -DCMAKE_INSTALL_PREFIX=/home/robotix/ros2_ws/install/vl53l1x
[0.601s] -- Found ament_cmake: 1.3.5 (/opt/ros/humble/share/ament_cmake/cmake)
[3.026s] -- Override CMake install command with custom implementation using symlinks instead of copying resources
[3.215s] -- Found rclcpp: 16.0.6 (/opt/ros/humble/share/rclcpp/cmake)
[3.764s] -- Found rosidl_generator_c: 3.1.5 (/opt/ros/humble/share/rosidl_generator_c/cmake)
[3.831s] -- Found rosidl_adapter: 3.1.5 (/opt/ros/humble/share/rosidl_adapter/cmake)
[3.968s] -- Found rosidl_generator_cpp: 3.1.5 (/opt/ros/humble/share/rosidl_generator_cpp/cmake)
[4.578s] -- Using all available rosidl_typesupport_c: rosidl_typesupport_fastrtps_c;rosidl_typesupport_introspection_c
[5.046s] -- Using all available rosidl_typesupport_cpp: rosidl_typesupport_fastrtps_cpp;rosidl_typesupport_introspection_cpp
[6.684s] -- Found rmw_implementation_cmake: 6.1.1 (/opt/ros/humble/share/rmw_implementation_cmake/cmake)
[6.703s] -- Found rmw_fastrtps_cpp: 6.2.4 (/opt/ros/humble/share/rmw_fastrtps_cpp/cmake)
[7.812s] -- Using RMW implementation 'rmw_fastrtps_cpp' as default
[9.093s] -- Found sensor_msgs: 4.2.3 (/opt/ros/humble/share/sensor_msgs/cmake)
[11.330s] -- Configuring done
[11.444s] -- Generating done
[11.459s] -- Build files have been written to: /home/robotix/ros2_ws/build/vl53l1x
[11.503s] Invoked command in '/home/robotix/ros2_ws/build/vl53l1x' returned '0': CMAKE_PREFIX_PATH=${CMAKE_PREFIX_PATH}:/home/robotix/ros2_ws/src/install/robotix:/home/robotix/ros2_ws/install/robotix:/opt/ros/humble /usr/bin/cmake /home/robotix/ros2_ws/src/ROS2-VL53L1X -DCMAKE_INSTALL_PREFIX=/home/robotix/ros2_ws/install/vl53l1x
[11.508s] Invoking command in '/home/robotix/ros2_ws/build/vl53l1x': CMAKE_PREFIX_PATH=${CMAKE_PREFIX_PATH}:/home/robotix/ros2_ws/src/install/robotix:/home/robotix/ros2_ws/install/robotix:/opt/ros/humble /usr/bin/cmake --build /home/robotix/ros2_ws/build/vl53l1x -- -j4 -l4
[12.066s] [35m[1mConsolidate compiler generated dependencies of target vl53l1x_node[0m
[12.663s] [ 33%] [32mBuilding CXX object CMakeFiles/vl53l1x_node.dir/src/vl53l1x_node.cpp.o[0m
