[6.626s] Invoking command in '/home/robotix/ros2_ws/src/robotix': PYTHONPATH=/home/robotix/ros2_ws/build/robotix/prefix_override:/home/robotix/ros2_ws/install/robotix/lib/python3.10/site-packages:${PYTHONPATH} /usr/bin/python3 setup.py egg_info --egg-base ../../build/robotix build --build-base /home/robotix/ros2_ws/build/robotix/build install --record /home/robotix/ros2_ws/build/robotix/install.log --single-version-externally-managed
[7.954s] running egg_info
[7.957s] writing ../../build/robotix/robotix.egg-info/PKG-INFO
[7.958s] writing dependency_links to ../../build/robotix/robotix.egg-info/dependency_links.txt
[7.960s] writing entry points to ../../build/robotix/robotix.egg-info/entry_points.txt
[7.962s] writing requirements to ../../build/robotix/robotix.egg-info/requires.txt
[7.962s] writing top-level names to ../../build/robotix/robotix.egg-info/top_level.txt
[7.972s] reading manifest file '../../build/robotix/robotix.egg-info/SOURCES.txt'
[7.979s] writing manifest file '../../build/robotix/robotix.egg-info/SOURCES.txt'
[7.980s] running build
[7.980s] running build_py
[7.986s] running install
[7.987s] running install_lib
[7.998s] running install_data
[8.001s] running install_egg_info
[8.009s] removing '/home/robotix/ros2_ws/install/robotix/lib/python3.10/site-packages/robotix-0.0.0-py3.10.egg-info' (and everything under it)
[8.012s] Copying ../../build/robotix/robotix.egg-info to /home/robotix/ros2_ws/install/robotix/lib/python3.10/site-packages/robotix-0.0.0-py3.10.egg-info
[8.020s] running install_scripts
[8.130s] Installing codeuse script to /home/robotix/ros2_ws/install/robotix/lib/robotix
[8.132s] Installing controller script to /home/robotix/ros2_ws/install/robotix/lib/robotix
[8.134s] Installing ctrl_claw script to /home/robotix/ros2_ws/install/robotix/lib/robotix
[8.136s] Installing ctrl_nav script to /home/robotix/ros2_ws/install/robotix/lib/robotix
[8.138s] Installing jetson script to /home/robotix/ros2_ws/install/robotix/lib/robotix
[8.140s] Installing laser script to /home/robotix/ros2_ws/install/robotix/lib/robotix
[8.142s] Installing lidar script to /home/robotix/ros2_ws/install/robotix/lib/robotix
[8.145s] Installing motor script to /home/robotix/ros2_ws/install/robotix/lib/robotix
[8.147s] Installing motor_claw script to /home/robotix/ros2_ws/install/robotix/lib/robotix
[8.149s] Installing motor_plateau script to /home/robotix/ros2_ws/install/robotix/lib/robotix
[8.154s] writing list of installed files to '/home/robotix/ros2_ws/build/robotix/install.log'
[8.591s] Invoked command in '/home/robotix/ros2_ws/src/robotix' returned '0': PYTHONPATH=/home/robotix/ros2_ws/build/robotix/prefix_override:/home/robotix/ros2_ws/install/robotix/lib/python3.10/site-packages:${PYTHONPATH} /usr/bin/python3 setup.py egg_info --egg-base ../../build/robotix build --build-base /home/robotix/ros2_ws/build/robotix/build install --record /home/robotix/ros2_ws/build/robotix/install.log --single-version-externally-managed
