[0.289s] Invoking command in '/home/robotix/ros2_ws/src/build/vl53l1x': CMAKE_PREFIX_PATH=${CMAKE_PREFIX_PATH}:/home/robotix/ros2_ws/install/robotix:/opt/ros/humble /usr/bin/cmake --build /home/robotix/ros2_ws/src/build/vl53l1x -- -j4 -l4
[0.884s] [35m[1mConsolidate compiler generated dependencies of target vl53l1x_node[0m
[1.083s] [100%] Built target vl53l1x_node
[1.122s] Invoked command in '/home/robotix/ros2_ws/src/build/vl53l1x' returned '0': CMAKE_PREFIX_PATH=${CMAKE_PREFIX_PATH}:/home/robotix/ros2_ws/install/robotix:/opt/ros/humble /usr/bin/cmake --build /home/robotix/ros2_ws/src/build/vl53l1x -- -j4 -l4
[1.318s] Invoking command in '/home/robotix/ros2_ws/src/build/vl53l1x': CMAKE_PREFIX_PATH=${CMAKE_PREFIX_PATH}:/home/robotix/ros2_ws/install/robotix:/opt/ros/humble /usr/bin/cmake --install /home/robotix/ros2_ws/src/build/vl53l1x
[1.351s] -- Install configuration: ""
[1.357s] -- Up-to-date: /home/robotix/ros2_ws/src/install/vl53l1x/lib/vl53l1x/vl53l1x_node
[1.361s] -- Up-to-date: /home/robotix/ros2_ws/src/install/vl53l1x/share/ament_index/resource_index/package_run_dependencies/vl53l1x
[1.362s] -- Up-to-date: /home/robotix/ros2_ws/src/install/vl53l1x/share/ament_index/resource_index/parent_prefix_path/vl53l1x
[1.364s] -- Up-to-date: /home/robotix/ros2_ws/src/install/vl53l1x/share/vl53l1x/environment/ament_prefix_path.sh
[1.364s] -- Up-to-date: /home/robotix/ros2_ws/src/install/vl53l1x/share/vl53l1x/environment/ament_prefix_path.dsv
[1.365s] -- Up-to-date: /home/robotix/ros2_ws/src/install/vl53l1x/share/vl53l1x/environment/path.sh
[1.366s] -- Up-to-date: /home/robotix/ros2_ws/src/install/vl53l1x/share/vl53l1x/environment/path.dsv
[1.366s] -- Up-to-date: /home/robotix/ros2_ws/src/install/vl53l1x/share/vl53l1x/local_setup.bash
[1.367s] -- Up-to-date: /home/robotix/ros2_ws/src/install/vl53l1x/share/vl53l1x/local_setup.sh
[1.367s] -- Up-to-date: /home/robotix/ros2_ws/src/install/vl53l1x/share/vl53l1x/local_setup.zsh
[1.368s] -- Up-to-date: /home/robotix/ros2_ws/src/install/vl53l1x/share/vl53l1x/local_setup.dsv
[1.368s] -- Installing: /home/robotix/ros2_ws/src/install/vl53l1x/share/vl53l1x/package.dsv
[1.371s] -- Up-to-date: /home/robotix/ros2_ws/src/install/vl53l1x/share/ament_index/resource_index/packages/vl53l1x
[1.372s] -- Up-to-date: /home/robotix/ros2_ws/src/install/vl53l1x/share/vl53l1x/cmake/vl53l1xConfig.cmake
[1.373s] -- Up-to-date: /home/robotix/ros2_ws/src/install/vl53l1x/share/vl53l1x/cmake/vl53l1xConfig-version.cmake
[1.373s] -- Up-to-date: /home/robotix/ros2_ws/src/install/vl53l1x/share/vl53l1x/package.xml
[1.390s] Invoked command in '/home/robotix/ros2_ws/src/build/vl53l1x' returned '0': CMAKE_PREFIX_PATH=${CMAKE_PREFIX_PATH}:/home/robotix/ros2_ws/install/robotix:/opt/ros/humble /usr/bin/cmake --install /home/robotix/ros2_ws/src/build/vl53l1x
