[3.361s] Invoking command in '/home/robotix/ros2_ws/src/build/ydlidar_ros2_driver': CMAKE_PREFIX_PATH=${CMAKE_PREFIX_PATH}:/home/robotix/ros2_ws/install/tof_imager_ros:/home/robotix/ros2_ws/install/robotix:/home/robotix/ros2_ws/src/install/tof_imager_ros:/home/robotix/ros2_ws/src/install/robotix:/opt/ros/humble /usr/bin/cmake --build /home/robotix/ros2_ws/src/build/ydlidar_ros2_driver -- -j4 -l4
[3.651s] [ 50%] Built target ydlidar_ros2_driver_node
[3.654s] [100%] Built target ydlidar_ros2_driver_client
[3.700s] Invoked command in '/home/robotix/ros2_ws/src/build/ydlidar_ros2_driver' returned '0': CMAKE_PREFIX_PATH=${CMAKE_PREFIX_PATH}:/home/robotix/ros2_ws/install/tof_imager_ros:/home/robotix/ros2_ws/install/robotix:/home/robotix/ros2_ws/src/install/tof_imager_ros:/home/robotix/ros2_ws/src/install/robotix:/opt/ros/humble /usr/bin/cmake --build /home/robotix/ros2_ws/src/build/ydlidar_ros2_driver -- -j4 -l4
[3.908s] Invoking command in '/home/robotix/ros2_ws/src/build/ydlidar_ros2_driver': CMAKE_PREFIX_PATH=${CMAKE_PREFIX_PATH}:/home/robotix/ros2_ws/install/tof_imager_ros:/home/robotix/ros2_ws/install/robotix:/home/robotix/ros2_ws/src/install/tof_imager_ros:/home/robotix/ros2_ws/src/install/robotix:/opt/ros/humble /usr/bin/cmake --install /home/robotix/ros2_ws/src/build/ydlidar_ros2_driver
[3.940s] -- Install configuration: ""
[3.943s] -- Execute custom install script
[3.946s] -- Up-to-date symlink: /home/robotix/ros2_ws/src/install/ydlidar_ros2_driver/lib/ydlidar_ros2_driver/ydlidar_ros2_driver_node
[3.950s] -- Up-to-date symlink: /home/robotix/ros2_ws/src/install/ydlidar_ros2_driver/lib/ydlidar_ros2_driver/ydlidar_ros2_driver_client
[3.953s] -- Up-to-date symlink: /home/robotix/ros2_ws/src/install/ydlidar_ros2_driver/share/ydlidar_ros2_driver/launch/.uuid
[3.955s] -- Up-to-date symlink: /home/robotix/ros2_ws/src/install/ydlidar_ros2_driver/share/ydlidar_ros2_driver/launch/ydlidar.py
[3.957s] -- Up-to-date symlink: /home/robotix/ros2_ws/src/install/ydlidar_ros2_driver/share/ydlidar_ros2_driver/launch/ydlidar_launch.py
[3.958s] -- Up-to-date symlink: /home/robotix/ros2_ws/src/install/ydlidar_ros2_driver/share/ydlidar_ros2_driver/launch/ydlidar_launch_view.py
[3.962s] -- Up-to-date symlink: /home/robotix/ros2_ws/src/install/ydlidar_ros2_driver/share/ydlidar_ros2_driver/params/.uuid
[3.963s] -- Up-to-date symlink: /home/robotix/ros2_ws/src/install/ydlidar_ros2_driver/share/ydlidar_ros2_driver/params/G1.yaml
[3.964s] -- Up-to-date symlink: /home/robotix/ros2_ws/src/install/ydlidar_ros2_driver/share/ydlidar_ros2_driver/params/G2.yaml
[3.965s] -- Up-to-date symlink: /home/robotix/ros2_ws/src/install/ydlidar_ros2_driver/share/ydlidar_ros2_driver/params/G6.yaml
[3.966s] -- Up-to-date symlink: /home/robotix/ros2_ws/src/install/ydlidar_ros2_driver/share/ydlidar_ros2_driver/params/GS2.yaml
[3.967s] -- Up-to-date symlink: /home/robotix/ros2_ws/src/install/ydlidar_ros2_driver/share/ydlidar_ros2_driver/params/TG.yaml
[3.968s] -- Up-to-date symlink: /home/robotix/ros2_ws/src/install/ydlidar_ros2_driver/share/ydlidar_ros2_driver/params/TminiPro.yaml
[3.969s] -- Up-to-date symlink: /home/robotix/ros2_ws/src/install/ydlidar_ros2_driver/share/ydlidar_ros2_driver/params/X2.yaml
[3.970s] -- Up-to-date symlink: /home/robotix/ros2_ws/src/install/ydlidar_ros2_driver/share/ydlidar_ros2_driver/params/X4-Pro.yaml
[3.971s] -- Up-to-date symlink: /home/robotix/ros2_ws/src/install/ydlidar_ros2_driver/share/ydlidar_ros2_driver/params/X4.yaml
[3.972s] -- Up-to-date symlink: /home/robotix/ros2_ws/src/install/ydlidar_ros2_driver/share/ydlidar_ros2_driver/params/ydlidar.yaml
[3.974s] -- Up-to-date symlink: /home/robotix/ros2_ws/src/install/ydlidar_ros2_driver/share/ydlidar_ros2_driver/startup/.uuid
[3.975s] -- Up-to-date symlink: /home/robotix/ros2_ws/src/install/ydlidar_ros2_driver/share/ydlidar_ros2_driver/startup/initenv.sh
[3.976s] -- Up-to-date symlink: /home/robotix/ros2_ws/src/install/ydlidar_ros2_driver/share/ydlidar_ros2_driver/config/.uuid
[3.977s] -- Up-to-date symlink: /home/robotix/ros2_ws/src/install/ydlidar_ros2_driver/share/ydlidar_ros2_driver/config/ydlidar.rviz
[3.979s] -- Up-to-date symlink: /home/robotix/ros2_ws/src/install/ydlidar_ros2_driver/share/ament_index/resource_index/package_run_dependencies/ydlidar_ros2_driver
[3.981s] -- Up-to-date symlink: /home/robotix/ros2_ws/src/install/ydlidar_ros2_driver/share/ament_index/resource_index/parent_prefix_path/ydlidar_ros2_driver
[3.982s] -- Up-to-date symlink: /home/robotix/ros2_ws/src/install/ydlidar_ros2_driver/share/ydlidar_ros2_driver/environment/ament_prefix_path.sh
[3.983s] -- Up-to-date symlink: /home/robotix/ros2_ws/src/install/ydlidar_ros2_driver/share/ydlidar_ros2_driver/environment/ament_prefix_path.dsv
[3.985s] -- Up-to-date symlink: /home/robotix/ros2_ws/src/install/ydlidar_ros2_driver/share/ydlidar_ros2_driver/environment/path.sh
[3.986s] -- Up-to-date symlink: /home/robotix/ros2_ws/src/install/ydlidar_ros2_driver/share/ydlidar_ros2_driver/environment/path.dsv
[3.987s] -- Up-to-date symlink: /home/robotix/ros2_ws/src/install/ydlidar_ros2_driver/share/ydlidar_ros2_driver/local_setup.bash
[3.988s] -- Up-to-date symlink: /home/robotix/ros2_ws/src/install/ydlidar_ros2_driver/share/ydlidar_ros2_driver/local_setup.sh
[3.990s] -- Up-to-date symlink: /home/robotix/ros2_ws/src/install/ydlidar_ros2_driver/share/ydlidar_ros2_driver/local_setup.zsh
[3.992s] -- Up-to-date symlink: /home/robotix/ros2_ws/src/install/ydlidar_ros2_driver/share/ydlidar_ros2_driver/local_setup.dsv
[3.993s] -- Symlinking: /home/robotix/ros2_ws/src/install/ydlidar_ros2_driver/share/ydlidar_ros2_driver/package.dsv
[4.030s] -- Up-to-date symlink: /home/robotix/ros2_ws/src/install/ydlidar_ros2_driver/share/ament_index/resource_index/packages/ydlidar_ros2_driver
[4.031s] -- Up-to-date symlink: /home/robotix/ros2_ws/src/install/ydlidar_ros2_driver/share/ydlidar_ros2_driver/cmake/ydlidar_ros2_driverConfig.cmake
[4.032s] -- Up-to-date symlink: /home/robotix/ros2_ws/src/install/ydlidar_ros2_driver/share/ydlidar_ros2_driver/cmake/ydlidar_ros2_driverConfig-version.cmake
[4.034s] -- Up-to-date symlink: /home/robotix/ros2_ws/src/install/ydlidar_ros2_driver/share/ydlidar_ros2_driver/package.xml
[4.052s] Invoked command in '/home/robotix/ros2_ws/src/build/ydlidar_ros2_driver' returned '0': CMAKE_PREFIX_PATH=${CMAKE_PREFIX_PATH}:/home/robotix/ros2_ws/install/tof_imager_ros:/home/robotix/ros2_ws/install/robotix:/home/robotix/ros2_ws/src/install/tof_imager_ros:/home/robotix/ros2_ws/src/install/robotix:/opt/ros/humble /usr/bin/cmake --install /home/robotix/ros2_ws/src/build/ydlidar_ros2_driver
