[3.861s] Invoking command in '/home/robotix/ros2_ws/build/robotix': PYTHONPATH=/home/robotix/ros2_ws/build/robotix/prefix_override:/home/robotix/ros2_ws/install/robotix/lib/python3.10/site-packages:${PYTHONPATH} /usr/bin/python3 setup.py develop --editable --build-directory /home/robotix/ros2_ws/build/robotix/build --no-deps install_data
[5.330s] running develop
[6.263s] running egg_info
[6.265s] writing robotix.egg-info/PKG-INFO
[6.265s] writing dependency_links to robotix.egg-info/dependency_links.txt
[6.266s] writing entry points to robotix.egg-info/entry_points.txt
[6.267s] writing requirements to robotix.egg-info/requires.txt
[6.268s] writing top-level names to robotix.egg-info/top_level.txt
[6.279s] reading manifest file 'robotix.egg-info/SOURCES.txt'
[6.283s] writing manifest file 'robotix.egg-info/SOURCES.txt'
[6.291s] running build_ext
[6.292s] Creating /home/robotix/ros2_ws/install/robotix/lib/python3.10/site-packages/robotix.egg-link (link to .)
[6.297s] Installing codeuse script to /home/robotix/ros2_ws/install/robotix/lib/robotix
[6.298s] Installing controller script to /home/robotix/ros2_ws/install/robotix/lib/robotix
[6.299s] Installing ctrl_claw script to /home/robotix/ros2_ws/install/robotix/lib/robotix
[6.300s] Installing ctrl_nav script to /home/robotix/ros2_ws/install/robotix/lib/robotix
[6.301s] Installing jetson script to /home/robotix/ros2_ws/install/robotix/lib/robotix
[6.302s] Installing laser script to /home/robotix/ros2_ws/install/robotix/lib/robotix
[6.303s] Installing lidar script to /home/robotix/ros2_ws/install/robotix/lib/robotix
[6.304s] Installing motor script to /home/robotix/ros2_ws/install/robotix/lib/robotix
[6.306s] Installing motor_claw script to /home/robotix/ros2_ws/install/robotix/lib/robotix
[6.307s] Installing motor_plateau script to /home/robotix/ros2_ws/install/robotix/lib/robotix
[6.309s] 
[6.310s] Installed /home/robotix/ros2_ws/build/robotix
[6.311s] running install_data
[6.464s] Invoked command in '/home/robotix/ros2_ws/build/robotix' returned '0': PYTHONPATH=/home/robotix/ros2_ws/build/robotix/prefix_override:/home/robotix/ros2_ws/install/robotix/lib/python3.10/site-packages:${PYTHONPATH} /usr/bin/python3 setup.py develop --editable --build-directory /home/robotix/ros2_ws/build/robotix/build --no-deps install_data
