[4.728s] Invoking command in '/home/robotix/ros2_ws/build/robotix': PYTHONPATH=/home/robotix/ros2_ws/build/robotix/prefix_override:/home/robotix/ros2_ws/install/robotix/lib/python3.10/site-packages:${PYTHONPATH} /usr/bin/python3 setup.py develop --editable --build-directory /home/robotix/ros2_ws/build/robotix/build --no-deps install_data
[6.017s] running develop
[6.675s] running egg_info
[6.676s] writing robotix.egg-info/PKG-INFO
[6.677s] writing dependency_links to robotix.egg-info/dependency_links.txt
[6.678s] writing entry points to robotix.egg-info/entry_points.txt
[6.679s] writing requirements to robotix.egg-info/requires.txt
[6.679s] writing top-level names to robotix.egg-info/top_level.txt
[6.688s] reading manifest file 'robotix.egg-info/SOURCES.txt'
[6.693s] writing manifest file 'robotix.egg-info/SOURCES.txt'
[6.699s] running build_ext
[6.700s] Creating /home/robotix/ros2_ws/install/robotix/lib/python3.10/site-packages/robotix.egg-link (link to .)
[6.704s] Installing codeuse script to /home/robotix/ros2_ws/install/robotix/lib/robotix
[6.706s] Installing controller script to /home/robotix/ros2_ws/install/robotix/lib/robotix
[6.707s] Installing ctrl_claw script to /home/robotix/ros2_ws/install/robotix/lib/robotix
[6.708s] Installing ctrl_nav script to /home/robotix/ros2_ws/install/robotix/lib/robotix
[6.709s] Installing jetson script to /home/robotix/ros2_ws/install/robotix/lib/robotix
[6.710s] Installing laser script to /home/robotix/ros2_ws/install/robotix/lib/robotix
[6.712s] Installing lidar script to /home/robotix/ros2_ws/install/robotix/lib/robotix
[6.712s] Installing motor script to /home/robotix/ros2_ws/install/robotix/lib/robotix
[6.713s] Installing motor_claw script to /home/robotix/ros2_ws/install/robotix/lib/robotix
[6.714s] Installing motor_plateau script to /home/robotix/ros2_ws/install/robotix/lib/robotix
[6.716s] 
[6.716s] Installed /home/robotix/ros2_ws/build/robotix
[6.717s] running install_data
[6.852s] Invoked command in '/home/robotix/ros2_ws/build/robotix' returned '0': PYTHONPATH=/home/robotix/ros2_ws/build/robotix/prefix_override:/home/robotix/ros2_ws/install/robotix/lib/python3.10/site-packages:${PYTHONPATH} /usr/bin/python3 setup.py develop --editable --build-directory /home/robotix/ros2_ws/build/robotix/build --no-deps install_data
