[4.316s] Invoking command in '/home/robotix/ros2_ws/src/build/robotix': PYTHONPATH=/home/robotix/ros2_ws/src/build/robotix/prefix_override:/home/robotix/ros2_ws/src/install/robotix/lib/python3.10/site-packages:${PYTHONPATH} /usr/bin/python3 setup.py develop --editable --build-directory /home/robotix/ros2_ws/src/build/robotix/build --no-deps install_data
[5.842s] running develop
[6.807s] running egg_info
[6.808s] writing robotix.egg-info/PKG-INFO
[6.808s] writing dependency_links to robotix.egg-info/dependency_links.txt
[6.810s] writing entry points to robotix.egg-info/entry_points.txt
[6.811s] writing requirements to robotix.egg-info/requires.txt
[6.812s] writing top-level names to robotix.egg-info/top_level.txt
[6.822s] reading manifest file 'robotix.egg-info/SOURCES.txt'
[6.827s] writing manifest file 'robotix.egg-info/SOURCES.txt'
[6.836s] running build_ext
[6.837s] Creating /home/robotix/ros2_ws/src/install/robotix/lib/python3.10/site-packages/robotix.egg-link (link to .)
[6.843s] Installing codeuse script to /home/robotix/ros2_ws/src/install/robotix/lib/robotix
[6.844s] Installing controller script to /home/robotix/ros2_ws/src/install/robotix/lib/robotix
[6.846s] Installing ctrl_claw script to /home/robotix/ros2_ws/src/install/robotix/lib/robotix
[6.847s] Installing ctrl_nav script to /home/robotix/ros2_ws/src/install/robotix/lib/robotix
[6.848s] Installing jetson script to /home/robotix/ros2_ws/src/install/robotix/lib/robotix
[6.850s] Installing laser script to /home/robotix/ros2_ws/src/install/robotix/lib/robotix
[6.852s] Installing lidar script to /home/robotix/ros2_ws/src/install/robotix/lib/robotix
[6.853s] Installing motor script to /home/robotix/ros2_ws/src/install/robotix/lib/robotix
[6.855s] Installing motor_claw script to /home/robotix/ros2_ws/src/install/robotix/lib/robotix
[6.856s] Installing motor_plateau script to /home/robotix/ros2_ws/src/install/robotix/lib/robotix
[6.859s] 
[6.860s] Installed /home/robotix/ros2_ws/src/build/robotix
[6.863s] running install_data
[7.075s] Invoked command in '/home/robotix/ros2_ws/src/build/robotix' returned '0': PYTHONPATH=/home/robotix/ros2_ws/src/build/robotix/prefix_override:/home/robotix/ros2_ws/src/install/robotix/lib/python3.10/site-packages:${PYTHONPATH} /usr/bin/python3 setup.py develop --editable --build-directory /home/robotix/ros2_ws/src/build/robotix/build --no-deps install_data
