[6.939s] Invoking command in '/home/robotix/ros2_ws/build/robotix': PYTHONPATH=/home/robotix/ros2_ws/build/robotix/prefix_override:/home/robotix/ros2_ws/install/robotix/lib/python3.10/site-packages:${PYTHONPATH} /usr/bin/python3 setup.py develop --editable --build-directory /home/robotix/ros2_ws/build/robotix/build --no-deps install_data
[8.488s] running develop
[9.519s] running egg_info
[9.520s] writing robotix.egg-info/PKG-INFO
[9.522s] writing dependency_links to robotix.egg-info/dependency_links.txt
[9.524s] writing entry points to robotix.egg-info/entry_points.txt
[9.525s] writing requirements to robotix.egg-info/requires.txt
[9.526s] writing top-level names to robotix.egg-info/top_level.txt
[9.544s] reading manifest file 'robotix.egg-info/SOURCES.txt'
[9.555s] writing manifest file 'robotix.egg-info/SOURCES.txt'
[9.564s] running build_ext
[9.565s] Creating /home/robotix/ros2_ws/install/robotix/lib/python3.10/site-packages/robotix.egg-link (link to .)
[9.576s] Installing codeuse script to /home/robotix/ros2_ws/install/robotix/lib/robotix
[9.577s] Installing controller script to /home/robotix/ros2_ws/install/robotix/lib/robotix
[9.581s] Installing ctrl_claw script to /home/robotix/ros2_ws/install/robotix/lib/robotix
[9.584s] Installing ctrl_nav script to /home/robotix/ros2_ws/install/robotix/lib/robotix
[9.586s] Installing jetson script to /home/robotix/ros2_ws/install/robotix/lib/robotix
[9.588s] Installing laser script to /home/robotix/ros2_ws/install/robotix/lib/robotix
[9.590s] Installing lidar script to /home/robotix/ros2_ws/install/robotix/lib/robotix
[9.592s] Installing motor script to /home/robotix/ros2_ws/install/robotix/lib/robotix
[9.593s] Installing motor_claw script to /home/robotix/ros2_ws/install/robotix/lib/robotix
[9.596s] Installing motor_plateau script to /home/robotix/ros2_ws/install/robotix/lib/robotix
[9.597s] 
[9.600s] Installed /home/robotix/ros2_ws/build/robotix
[9.602s] running install_data
[10.286s] Invoked command in '/home/robotix/ros2_ws/build/robotix' returned '0': PYTHONPATH=/home/robotix/ros2_ws/build/robotix/prefix_override:/home/robotix/ros2_ws/install/robotix/lib/python3.10/site-packages:${PYTHONPATH} /usr/bin/python3 setup.py develop --editable --build-directory /home/robotix/ros2_ws/build/robotix/build --no-deps install_data
