[3.505s] Invoking command in '/home/robotix/ros2_ws/build/ydlidar_ros2_driver': CMAKE_PREFIX_PATH=${CMAKE_PREFIX_PATH}:/home/robotix/ros2_ws/install/tof_imager_ros:/home/robotix/ros2_ws/install/robotix:/home/robotix/ros2_ws/src/install/tof_imager_ros:/home/robotix/ros2_ws/src/install/robotix:/opt/ros/humble /usr/bin/cmake /home/robotix/ros2_ws/src/ydlidar_ros2_driver -DAMENT_CMAKE_SYMLINK_INSTALL=1 -DCMAKE_INSTALL_PREFIX=/home/robotix/ros2_ws/install/ydlidar_ros2_driver
[3.575s] -- Found ament_cmake: 1.3.5 (/opt/ros/humble/share/ament_cmake/cmake)
[4.498s] -- Override CMake install command with custom implementation using symlinks instead of copying resources
[4.545s] -- Found rclcpp: 16.0.6 (/opt/ros/humble/share/rclcpp/cmake)
[4.735s] -- Found rosidl_generator_c: 3.1.5 (/opt/ros/humble/share/rosidl_generator_c/cmake)
[4.750s] -- Found rosidl_adapter: 3.1.5 (/opt/ros/humble/share/rosidl_adapter/cmake)
[4.789s] -- Found rosidl_generator_cpp: 3.1.5 (/opt/ros/humble/share/rosidl_generator_cpp/cmake)
[4.861s] -- Using all available rosidl_typesupport_c: rosidl_typesupport_fastrtps_c;rosidl_typesupport_introspection_c
[4.954s] -- Using all available rosidl_typesupport_cpp: rosidl_typesupport_fastrtps_cpp;rosidl_typesupport_introspection_cpp
[5.300s] -- Found rmw_implementation_cmake: 6.1.1 (/opt/ros/humble/share/rmw_implementation_cmake/cmake)
[5.310s] -- Found rmw_fastrtps_cpp: 6.2.4 (/opt/ros/humble/share/rmw_fastrtps_cpp/cmake)
[6.088s] -- Using RMW implementation 'rmw_fastrtps_cpp' as default
[6.920s] -- Found sensor_msgs: 4.2.3 (/opt/ros/humble/share/sensor_msgs/cmake)
[7.557s] -- Found visualization_msgs: 4.2.3 (/opt/ros/humble/share/visualization_msgs/cmake)
[8.119s] -- Found std_srvs: 4.2.3 (/opt/ros/humble/share/std_srvs/cmake)
[8.238s] -- Found ament_lint_auto: 0.12.8 (/opt/ros/humble/share/ament_lint_auto/cmake)
[8.846s] -- Added test 'copyright' to check source files copyright and LICENSE
[8.904s] -- Added test 'cppcheck' to perform static code analysis on C / C++ code
[8.906s] -- Configured cppcheck include dirs: /home/robotix/ros2_ws/src/ydlidar_ros2_driver/src
[8.906s] -- Configured cppcheck exclude dirs and/or files: 
[8.963s] -- Added test 'cpplint' to check C / C++ code against the Google style
[8.964s] -- Configured cpplint exclude dirs and/or files: 
[8.972s] -- Added test 'flake8' to check Python code syntax and style conventions
[8.990s] -- Added test 'lint_cmake' to check CMake code style
[8.995s] -- Added test 'pep257' to check Python code against some of the docstring style conventions in PEP 257
[9.051s] -- Added test 'uncrustify' to check C / C++ code style
[9.052s] -- Configured uncrustify additional arguments: 
[9.063s] -- Added test 'xmllint' to check XML markup files
[9.068s] -- Configuring done
[9.168s] -- Generating done
[9.181s] -- Build files have been written to: /home/robotix/ros2_ws/build/ydlidar_ros2_driver
[9.414s] Invoked command in '/home/robotix/ros2_ws/build/ydlidar_ros2_driver' returned '0': CMAKE_PREFIX_PATH=${CMAKE_PREFIX_PATH}:/home/robotix/ros2_ws/install/tof_imager_ros:/home/robotix/ros2_ws/install/robotix:/home/robotix/ros2_ws/src/install/tof_imager_ros:/home/robotix/ros2_ws/src/install/robotix:/opt/ros/humble /usr/bin/cmake /home/robotix/ros2_ws/src/ydlidar_ros2_driver -DAMENT_CMAKE_SYMLINK_INSTALL=1 -DCMAKE_INSTALL_PREFIX=/home/robotix/ros2_ws/install/ydlidar_ros2_driver
[9.417s] Invoking command in '/home/robotix/ros2_ws/build/ydlidar_ros2_driver': CMAKE_PREFIX_PATH=${CMAKE_PREFIX_PATH}:/home/robotix/ros2_ws/install/tof_imager_ros:/home/robotix/ros2_ws/install/robotix:/home/robotix/ros2_ws/src/install/tof_imager_ros:/home/robotix/ros2_ws/src/install/robotix:/opt/ros/humble /usr/bin/cmake --build /home/robotix/ros2_ws/build/ydlidar_ros2_driver -- -j4 -l4
[9.597s] [35m[1mConsolidate compiler generated dependencies of target ydlidar_ros2_driver_client[0m
[9.598s] [35m[1mConsolidate compiler generated dependencies of target ydlidar_ros2_driver_node[0m
[9.694s] [ 50%] Built target ydlidar_ros2_driver_client
[9.698s] [100%] Built target ydlidar_ros2_driver_node
[9.740s] Invoked command in '/home/robotix/ros2_ws/build/ydlidar_ros2_driver' returned '0': CMAKE_PREFIX_PATH=${CMAKE_PREFIX_PATH}:/home/robotix/ros2_ws/install/tof_imager_ros:/home/robotix/ros2_ws/install/robotix:/home/robotix/ros2_ws/src/install/tof_imager_ros:/home/robotix/ros2_ws/src/install/robotix:/opt/ros/humble /usr/bin/cmake --build /home/robotix/ros2_ws/build/ydlidar_ros2_driver -- -j4 -l4
[9.952s] Invoking command in '/home/robotix/ros2_ws/build/ydlidar_ros2_driver': CMAKE_PREFIX_PATH=${CMAKE_PREFIX_PATH}:/home/robotix/ros2_ws/install/tof_imager_ros:/home/robotix/ros2_ws/install/robotix:/home/robotix/ros2_ws/src/install/tof_imager_ros:/home/robotix/ros2_ws/src/install/robotix:/opt/ros/humble /usr/bin/cmake --install /home/robotix/ros2_ws/build/ydlidar_ros2_driver
[9.981s] -- Install configuration: ""
[9.983s] -- Execute custom install script
[9.984s] -- Up-to-date symlink: /home/robotix/ros2_ws/install/ydlidar_ros2_driver/lib/ydlidar_ros2_driver/ydlidar_ros2_driver_node
[9.985s] -- Up-to-date symlink: /home/robotix/ros2_ws/install/ydlidar_ros2_driver/lib/ydlidar_ros2_driver/ydlidar_ros2_driver_client
[9.987s] -- Up-to-date symlink: /home/robotix/ros2_ws/install/ydlidar_ros2_driver/share/ydlidar_ros2_driver/launch/.uuid
[9.988s] -- Up-to-date symlink: /home/robotix/ros2_ws/install/ydlidar_ros2_driver/share/ydlidar_ros2_driver/launch/ydlidar.py
[9.989s] -- Up-to-date symlink: /home/robotix/ros2_ws/install/ydlidar_ros2_driver/share/ydlidar_ros2_driver/launch/ydlidar_launch.py
[9.990s] -- Up-to-date symlink: /home/robotix/ros2_ws/install/ydlidar_ros2_driver/share/ydlidar_ros2_driver/launch/ydlidar_launch_view.py
[9.992s] -- Up-to-date symlink: /home/robotix/ros2_ws/install/ydlidar_ros2_driver/share/ydlidar_ros2_driver/params/.uuid
[9.992s] -- Up-to-date symlink: /home/robotix/ros2_ws/install/ydlidar_ros2_driver/share/ydlidar_ros2_driver/params/G1.yaml
[9.993s] -- Up-to-date symlink: /home/robotix/ros2_ws/install/ydlidar_ros2_driver/share/ydlidar_ros2_driver/params/G2.yaml
[9.994s] -- Up-to-date symlink: /home/robotix/ros2_ws/install/ydlidar_ros2_driver/share/ydlidar_ros2_driver/params/G6.yaml
[9.995s] -- Up-to-date symlink: /home/robotix/ros2_ws/install/ydlidar_ros2_driver/share/ydlidar_ros2_driver/params/GS2.yaml
[9.996s] -- Up-to-date symlink: /home/robotix/ros2_ws/install/ydlidar_ros2_driver/share/ydlidar_ros2_driver/params/TG.yaml
[9.996s] -- Up-to-date symlink: /home/robotix/ros2_ws/install/ydlidar_ros2_driver/share/ydlidar_ros2_driver/params/TminiPro.yaml
[9.997s] -- Up-to-date symlink: /home/robotix/ros2_ws/install/ydlidar_ros2_driver/share/ydlidar_ros2_driver/params/X2.yaml
[9.998s] -- Up-to-date symlink: /home/robotix/ros2_ws/install/ydlidar_ros2_driver/share/ydlidar_ros2_driver/params/X4-Pro.yaml
[9.999s] -- Up-to-date symlink: /home/robotix/ros2_ws/install/ydlidar_ros2_driver/share/ydlidar_ros2_driver/params/X4.yaml
[9.999s] -- Up-to-date symlink: /home/robotix/ros2_ws/install/ydlidar_ros2_driver/share/ydlidar_ros2_driver/params/ydlidar.yaml
[10.001s] -- Up-to-date symlink: /home/robotix/ros2_ws/install/ydlidar_ros2_driver/share/ydlidar_ros2_driver/startup/.uuid
[10.002s] -- Up-to-date symlink: /home/robotix/ros2_ws/install/ydlidar_ros2_driver/share/ydlidar_ros2_driver/startup/initenv.sh
[10.003s] -- Up-to-date symlink: /home/robotix/ros2_ws/install/ydlidar_ros2_driver/share/ydlidar_ros2_driver/config/.uuid
[10.004s] -- Up-to-date symlink: /home/robotix/ros2_ws/install/ydlidar_ros2_driver/share/ydlidar_ros2_driver/config/ydlidar.rviz
[10.005s] -- Up-to-date symlink: /home/robotix/ros2_ws/install/ydlidar_ros2_driver/share/ament_index/resource_index/package_run_dependencies/ydlidar_ros2_driver
[10.006s] -- Up-to-date symlink: /home/robotix/ros2_ws/install/ydlidar_ros2_driver/share/ament_index/resource_index/parent_prefix_path/ydlidar_ros2_driver
[10.007s] -- Up-to-date symlink: /home/robotix/ros2_ws/install/ydlidar_ros2_driver/share/ydlidar_ros2_driver/environment/ament_prefix_path.sh
[10.008s] -- Up-to-date symlink: /home/robotix/ros2_ws/install/ydlidar_ros2_driver/share/ydlidar_ros2_driver/environment/ament_prefix_path.dsv
[10.009s] -- Up-to-date symlink: /home/robotix/ros2_ws/install/ydlidar_ros2_driver/share/ydlidar_ros2_driver/environment/path.sh
[10.010s] -- Up-to-date symlink: /home/robotix/ros2_ws/install/ydlidar_ros2_driver/share/ydlidar_ros2_driver/environment/path.dsv
[10.011s] -- Up-to-date symlink: /home/robotix/ros2_ws/install/ydlidar_ros2_driver/share/ydlidar_ros2_driver/local_setup.bash
[10.012s] -- Up-to-date symlink: /home/robotix/ros2_ws/install/ydlidar_ros2_driver/share/ydlidar_ros2_driver/local_setup.sh
[10.013s] -- Up-to-date symlink: /home/robotix/ros2_ws/install/ydlidar_ros2_driver/share/ydlidar_ros2_driver/local_setup.zsh
[10.014s] -- Up-to-date symlink: /home/robotix/ros2_ws/install/ydlidar_ros2_driver/share/ydlidar_ros2_driver/local_setup.dsv
[10.015s] -- Symlinking: /home/robotix/ros2_ws/install/ydlidar_ros2_driver/share/ydlidar_ros2_driver/package.dsv
[10.050s] -- Up-to-date symlink: /home/robotix/ros2_ws/install/ydlidar_ros2_driver/share/ament_index/resource_index/packages/ydlidar_ros2_driver
[10.051s] -- Up-to-date symlink: /home/robotix/ros2_ws/install/ydlidar_ros2_driver/share/ydlidar_ros2_driver/cmake/ydlidar_ros2_driverConfig.cmake
[10.052s] -- Up-to-date symlink: /home/robotix/ros2_ws/install/ydlidar_ros2_driver/share/ydlidar_ros2_driver/cmake/ydlidar_ros2_driverConfig-version.cmake
[10.053s] -- Up-to-date symlink: /home/robotix/ros2_ws/install/ydlidar_ros2_driver/share/ydlidar_ros2_driver/package.xml
[10.060s] Invoked command in '/home/robotix/ros2_ws/build/ydlidar_ros2_driver' returned '0': CMAKE_PREFIX_PATH=${CMAKE_PREFIX_PATH}:/home/robotix/ros2_ws/install/tof_imager_ros:/home/robotix/ros2_ws/install/robotix:/home/robotix/ros2_ws/src/install/tof_imager_ros:/home/robotix/ros2_ws/src/install/robotix:/opt/ros/humble /usr/bin/cmake --install /home/robotix/ros2_ws/build/ydlidar_ros2_driver
