[4.116s] DEBUG:colcon:Command line arguments: ['/usr/bin/colcon', 'build', '--symlink-install']
[4.117s] DEBUG:colcon:Parsed command line arguments: Namespace(log_base=None, log_level=None, verb_name='build', build_base='build', install_base='install', merge_install=False, symlink_install=True, test_result_base=None, continue_on_error=False, executor='parallel', parallel_workers=4, event_handlers=None, ignore_user_meta=False, metas=['./colcon.meta'], base_paths=['.'], packages_ignore=None, packages_ignore_regex=None, paths=None, packages_up_to=None, packages_up_to_regex=None, packages_above=None, packages_above_and_dependencies=None, packages_above_depth=None, packages_select_by_dep=None, packages_skip_by_dep=None, packages_skip_up_to=None, packages_select_build_failed=False, packages_skip_build_finished=False, packages_select_test_failures=False, packages_skip_test_passed=False, packages_select=None, packages_skip=None, packages_select_regex=None, packages_skip_regex=None, packages_start=None, packages_end=None, allow_overriding=[], cmake_args=None, cmake_target=None, cmake_target_skip_unavailable=False, cmake_clean_cache=False, cmake_clean_first=False, cmake_force_configure=False, ament_cmake_args=None, catkin_cmake_args=None, catkin_skip_building_tests=False, verb_parser=<colcon_defaults.argument_parser.defaults.DefaultArgumentsDecorator object at 0xffff80492c80>, verb_extension=<colcon_core.verb.build.BuildVerb object at 0xffff80759f30>, main=<bound method BuildVerb.main of <colcon_core.verb.build.BuildVerb object at 0xffff80759f30>>)
[4.312s] Level 1:colcon.colcon_core.package_discovery:discover_packages(colcon_meta) check parameters
[4.312s] Level 1:colcon.colcon_core.package_discovery:discover_packages(recursive) check parameters
[4.312s] Level 1:colcon.colcon_core.package_discovery:discover_packages(ignore) check parameters
[4.312s] Level 1:colcon.colcon_core.package_discovery:discover_packages(path) check parameters
[4.313s] Level 1:colcon.colcon_core.package_discovery:discover_packages(colcon_meta) discover
[4.313s] Level 1:colcon.colcon_core.package_discovery:discover_packages(recursive) discover
[4.313s] INFO:colcon.colcon_core.package_discovery:Crawling recursively for packages in '/home/robotix/ros2_ws'
[4.313s] Level 1:colcon.colcon_core.package_identification:_identify(.) by extensions ['ignore', 'ignore_ament_install']
[4.314s] Level 1:colcon.colcon_core.package_identification:_identify(.) by extension 'ignore'
[4.314s] Level 1:colcon.colcon_core.package_identification:_identify(.) by extension 'ignore_ament_install'
[4.314s] Level 1:colcon.colcon_core.package_identification:_identify(.) by extensions ['colcon_pkg']
[4.315s] Level 1:colcon.colcon_core.package_identification:_identify(.) by extension 'colcon_pkg'
[4.315s] Level 1:colcon.colcon_core.package_identification:_identify(.) by extensions ['colcon_meta']
[4.315s] Level 1:colcon.colcon_core.package_identification:_identify(.) by extension 'colcon_meta'
[4.315s] Level 1:colcon.colcon_core.package_identification:_identify(.) by extensions ['ros']
[4.315s] Level 1:colcon.colcon_core.package_identification:_identify(.) by extension 'ros'
[4.368s] Level 1:colcon.colcon_core.package_identification:_identify(.) by extensions ['cmake', 'python']
[4.368s] Level 1:colcon.colcon_core.package_identification:_identify(.) by extension 'cmake'
[4.368s] Level 1:colcon.colcon_core.package_identification:_identify(.) by extension 'python'
[4.368s] Level 1:colcon.colcon_core.package_identification:_identify(.) by extensions ['python_setup_py']
[4.369s] Level 1:colcon.colcon_core.package_identification:_identify(.) by extension 'python_setup_py'
[4.369s] Level 1:colcon.colcon_core.package_identification:_identify(build) by extensions ['ignore', 'ignore_ament_install']
[4.370s] Level 1:colcon.colcon_core.package_identification:_identify(build) by extension 'ignore'
[4.370s] Level 1:colcon.colcon_core.package_identification:_identify(build) ignored
[4.370s] Level 1:colcon.colcon_core.package_identification:_identify(install) by extensions ['ignore', 'ignore_ament_install']
[4.371s] Level 1:colcon.colcon_core.package_identification:_identify(install) by extension 'ignore'
[4.371s] Level 1:colcon.colcon_core.package_identification:_identify(install) ignored
[4.373s] Level 1:colcon.colcon_core.package_identification:_identify(log) by extensions ['ignore', 'ignore_ament_install']
[4.373s] Level 1:colcon.colcon_core.package_identification:_identify(log) by extension 'ignore'
[4.373s] Level 1:colcon.colcon_core.package_identification:_identify(log) ignored
[4.374s] Level 1:colcon.colcon_core.package_identification:_identify(src) by extensions ['ignore', 'ignore_ament_install']
[4.374s] Level 1:colcon.colcon_core.package_identification:_identify(src) by extension 'ignore'
[4.374s] Level 1:colcon.colcon_core.package_identification:_identify(src) by extension 'ignore_ament_install'
[4.374s] Level 1:colcon.colcon_core.package_identification:_identify(src) by extensions ['colcon_pkg']
[4.374s] Level 1:colcon.colcon_core.package_identification:_identify(src) by extension 'colcon_pkg'
[4.375s] Level 1:colcon.colcon_core.package_identification:_identify(src) by extensions ['colcon_meta']
[4.375s] Level 1:colcon.colcon_core.package_identification:_identify(src) by extension 'colcon_meta'
[4.375s] Level 1:colcon.colcon_core.package_identification:_identify(src) by extensions ['ros']
[4.375s] Level 1:colcon.colcon_core.package_identification:_identify(src) by extension 'ros'
[4.375s] Level 1:colcon.colcon_core.package_identification:_identify(src) by extensions ['cmake', 'python']
[4.376s] Level 1:colcon.colcon_core.package_identification:_identify(src) by extension 'cmake'
[4.376s] Level 1:colcon.colcon_core.package_identification:_identify(src) by extension 'python'
[4.376s] Level 1:colcon.colcon_core.package_identification:_identify(src) by extensions ['python_setup_py']
[4.376s] Level 1:colcon.colcon_core.package_identification:_identify(src) by extension 'python_setup_py'
[4.377s] Level 1:colcon.colcon_core.package_identification:_identify(src/build) by extensions ['ignore', 'ignore_ament_install']
[4.377s] Level 1:colcon.colcon_core.package_identification:_identify(src/build) by extension 'ignore'
[4.377s] Level 1:colcon.colcon_core.package_identification:_identify(src/build) ignored
[4.378s] Level 1:colcon.colcon_core.package_identification:_identify(src/install) by extensions ['ignore', 'ignore_ament_install']
[4.378s] Level 1:colcon.colcon_core.package_identification:_identify(src/install) by extension 'ignore'
[4.378s] Level 1:colcon.colcon_core.package_identification:_identify(src/install) ignored
[4.380s] Level 1:colcon.colcon_core.package_identification:_identify(src/log) by extensions ['ignore', 'ignore_ament_install']
[4.380s] Level 1:colcon.colcon_core.package_identification:_identify(src/log) by extension 'ignore'
[4.380s] Level 1:colcon.colcon_core.package_identification:_identify(src/log) ignored
[4.381s] Level 1:colcon.colcon_core.package_identification:_identify(src/robotix) by extensions ['ignore', 'ignore_ament_install']
[4.381s] Level 1:colcon.colcon_core.package_identification:_identify(src/robotix) by extension 'ignore'
[4.381s] Level 1:colcon.colcon_core.package_identification:_identify(src/robotix) by extension 'ignore_ament_install'
[4.381s] Level 1:colcon.colcon_core.package_identification:_identify(src/robotix) by extensions ['colcon_pkg']
[4.382s] Level 1:colcon.colcon_core.package_identification:_identify(src/robotix) by extension 'colcon_pkg'
[4.382s] Level 1:colcon.colcon_core.package_identification:_identify(src/robotix) by extensions ['colcon_meta']
[4.382s] Level 1:colcon.colcon_core.package_identification:_identify(src/robotix) by extension 'colcon_meta'
[4.382s] Level 1:colcon.colcon_core.package_identification:_identify(src/robotix) by extensions ['ros']
[4.382s] Level 1:colcon.colcon_core.package_identification:_identify(src/robotix) by extension 'ros'
[4.394s] DEBUG:colcon.colcon_core.package_identification:Package 'src/robotix' with type 'ros.ament_python' and name 'robotix'
[4.395s] Level 1:colcon.colcon_core.package_identification:_identify(src/tof_imager_ros) by extensions ['ignore', 'ignore_ament_install']
[4.395s] Level 1:colcon.colcon_core.package_identification:_identify(src/tof_imager_ros) by extension 'ignore'
[4.395s] Level 1:colcon.colcon_core.package_identification:_identify(src/tof_imager_ros) by extension 'ignore_ament_install'
[4.396s] Level 1:colcon.colcon_core.package_identification:_identify(src/tof_imager_ros) by extensions ['colcon_pkg']
[4.396s] Level 1:colcon.colcon_core.package_identification:_identify(src/tof_imager_ros) by extension 'colcon_pkg'
[4.396s] Level 1:colcon.colcon_core.package_identification:_identify(src/tof_imager_ros) by extensions ['colcon_meta']
[4.396s] Level 1:colcon.colcon_core.package_identification:_identify(src/tof_imager_ros) by extension 'colcon_meta'
[4.397s] Level 1:colcon.colcon_core.package_identification:_identify(src/tof_imager_ros) by extensions ['ros']
[4.397s] Level 1:colcon.colcon_core.package_identification:_identify(src/tof_imager_ros) by extension 'ros'
[4.400s] DEBUG:colcon.colcon_core.package_identification:Package 'src/tof_imager_ros' with type 'ros.ament_python' and name 'tof_imager_ros'
[4.400s] Level 1:colcon.colcon_core.package_identification:_identify(src/ydlidar_ros2_driver) by extensions ['ignore', 'ignore_ament_install']
[4.401s] Level 1:colcon.colcon_core.package_identification:_identify(src/ydlidar_ros2_driver) by extension 'ignore'
[4.401s] Level 1:colcon.colcon_core.package_identification:_identify(src/ydlidar_ros2_driver) by extension 'ignore_ament_install'
[4.401s] Level 1:colcon.colcon_core.package_identification:_identify(src/ydlidar_ros2_driver) by extensions ['colcon_pkg']
[4.401s] Level 1:colcon.colcon_core.package_identification:_identify(src/ydlidar_ros2_driver) by extension 'colcon_pkg'
[4.402s] Level 1:colcon.colcon_core.package_identification:_identify(src/ydlidar_ros2_driver) by extensions ['colcon_meta']
[4.402s] Level 1:colcon.colcon_core.package_identification:_identify(src/ydlidar_ros2_driver) by extension 'colcon_meta'
[4.402s] Level 1:colcon.colcon_core.package_identification:_identify(src/ydlidar_ros2_driver) by extensions ['ros']
[4.402s] Level 1:colcon.colcon_core.package_identification:_identify(src/ydlidar_ros2_driver) by extension 'ros'
[4.405s] DEBUG:colcon.colcon_core.package_identification:Package 'src/ydlidar_ros2_driver' with type 'ros.ament_cmake' and name 'ydlidar_ros2_driver'
[4.405s] Level 1:colcon.colcon_core.package_discovery:discover_packages(recursive) using defaults
[4.405s] Level 1:colcon.colcon_core.package_discovery:discover_packages(ignore) discover
[4.405s] Level 1:colcon.colcon_core.package_discovery:discover_packages(ignore) using defaults
[4.405s] Level 1:colcon.colcon_core.package_discovery:discover_packages(path) discover
[4.405s] Level 1:colcon.colcon_core.package_discovery:discover_packages(path) using defaults
[4.773s] Level 1:colcon.colcon_core.package_discovery:discover_packages(prefix_path) check parameters
[4.773s] Level 1:colcon.colcon_core.package_discovery:discover_packages(prefix_path) discover
[4.893s] DEBUG:colcon.colcon_installed_package_information.package_discovery:Found 3 installed packages in /home/robotix/ros2_ws/install
[4.951s] DEBUG:colcon.colcon_installed_package_information.package_discovery:Found 4 installed packages in /home/robotix/ros2_ws/src/install
[5.016s] DEBUG:colcon.colcon_installed_package_information.package_discovery:Found 180 installed packages in /opt/ros/humble
[5.021s] Level 1:colcon.colcon_core.package_discovery:discover_packages(prefix_path) using defaults
[5.324s] Level 5:colcon.colcon_core.verb:set package 'robotix' build argument 'cmake_args' from command line to 'None'
[5.324s] Level 5:colcon.colcon_core.verb:set package 'robotix' build argument 'cmake_target' from command line to 'None'
[5.324s] Level 5:colcon.colcon_core.verb:set package 'robotix' build argument 'cmake_target_skip_unavailable' from command line to 'False'
[5.324s] Level 5:colcon.colcon_core.verb:set package 'robotix' build argument 'cmake_clean_cache' from command line to 'False'
[5.324s] Level 5:colcon.colcon_core.verb:set package 'robotix' build argument 'cmake_clean_first' from command line to 'False'
[5.325s] Level 5:colcon.colcon_core.verb:set package 'robotix' build argument 'cmake_force_configure' from command line to 'False'
[5.325s] Level 5:colcon.colcon_core.verb:set package 'robotix' build argument 'ament_cmake_args' from command line to 'None'
[5.325s] Level 5:colcon.colcon_core.verb:set package 'robotix' build argument 'catkin_cmake_args' from command line to 'None'
[5.325s] Level 5:colcon.colcon_core.verb:set package 'robotix' build argument 'catkin_skip_building_tests' from command line to 'False'
[5.325s] DEBUG:colcon.colcon_core.verb:Building package 'robotix' with the following arguments: {'ament_cmake_args': None, 'build_base': '/home/robotix/ros2_ws/build/robotix', 'catkin_cmake_args': None, 'catkin_skip_building_tests': False, 'cmake_args': None, 'cmake_clean_cache': False, 'cmake_clean_first': False, 'cmake_force_configure': False, 'cmake_target': None, 'cmake_target_skip_unavailable': False, 'install_base': '/home/robotix/ros2_ws/install/robotix', 'merge_install': False, 'path': '/home/robotix/ros2_ws/src/robotix', 'symlink_install': True, 'test_result_base': None}
[5.381s] Level 5:colcon.colcon_core.verb:set package 'tof_imager_ros' build argument 'cmake_args' from command line to 'None'
[5.382s] Level 5:colcon.colcon_core.verb:set package 'tof_imager_ros' build argument 'cmake_target' from command line to 'None'
[5.382s] Level 5:colcon.colcon_core.verb:set package 'tof_imager_ros' build argument 'cmake_target_skip_unavailable' from command line to 'False'
[5.382s] Level 5:colcon.colcon_core.verb:set package 'tof_imager_ros' build argument 'cmake_clean_cache' from command line to 'False'
[5.382s] Level 5:colcon.colcon_core.verb:set package 'tof_imager_ros' build argument 'cmake_clean_first' from command line to 'False'
[5.382s] Level 5:colcon.colcon_core.verb:set package 'tof_imager_ros' build argument 'cmake_force_configure' from command line to 'False'
[5.382s] Level 5:colcon.colcon_core.verb:set package 'tof_imager_ros' build argument 'ament_cmake_args' from command line to 'None'
[5.382s] Level 5:colcon.colcon_core.verb:set package 'tof_imager_ros' build argument 'catkin_cmake_args' from command line to 'None'
[5.382s] Level 5:colcon.colcon_core.verb:set package 'tof_imager_ros' build argument 'catkin_skip_building_tests' from command line to 'False'
[5.383s] DEBUG:colcon.colcon_core.verb:Building package 'tof_imager_ros' with the following arguments: {'ament_cmake_args': None, 'build_base': '/home/robotix/ros2_ws/build/tof_imager_ros', 'catkin_cmake_args': None, 'catkin_skip_building_tests': False, 'cmake_args': None, 'cmake_clean_cache': False, 'cmake_clean_first': False, 'cmake_force_configure': False, 'cmake_target': None, 'cmake_target_skip_unavailable': False, 'install_base': '/home/robotix/ros2_ws/install/tof_imager_ros', 'merge_install': False, 'path': '/home/robotix/ros2_ws/src/tof_imager_ros', 'symlink_install': True, 'test_result_base': None}
[5.439s] Level 5:colcon.colcon_core.verb:set package 'ydlidar_ros2_driver' build argument 'cmake_args' from command line to 'None'
[5.439s] Level 5:colcon.colcon_core.verb:set package 'ydlidar_ros2_driver' build argument 'cmake_target' from command line to 'None'
[5.439s] Level 5:colcon.colcon_core.verb:set package 'ydlidar_ros2_driver' build argument 'cmake_target_skip_unavailable' from command line to 'False'
[5.440s] Level 5:colcon.colcon_core.verb:set package 'ydlidar_ros2_driver' build argument 'cmake_clean_cache' from command line to 'False'
[5.440s] Level 5:colcon.colcon_core.verb:set package 'ydlidar_ros2_driver' build argument 'cmake_clean_first' from command line to 'False'
[5.440s] Level 5:colcon.colcon_core.verb:set package 'ydlidar_ros2_driver' build argument 'cmake_force_configure' from command line to 'False'
[5.440s] Level 5:colcon.colcon_core.verb:set package 'ydlidar_ros2_driver' build argument 'ament_cmake_args' from command line to 'None'
[5.440s] Level 5:colcon.colcon_core.verb:set package 'ydlidar_ros2_driver' build argument 'catkin_cmake_args' from command line to 'None'
[5.440s] Level 5:colcon.colcon_core.verb:set package 'ydlidar_ros2_driver' build argument 'catkin_skip_building_tests' from command line to 'False'
[5.441s] DEBUG:colcon.colcon_core.verb:Building package 'ydlidar_ros2_driver' with the following arguments: {'ament_cmake_args': None, 'build_base': '/home/robotix/ros2_ws/build/ydlidar_ros2_driver', 'catkin_cmake_args': None, 'catkin_skip_building_tests': False, 'cmake_args': None, 'cmake_clean_cache': False, 'cmake_clean_first': False, 'cmake_force_configure': False, 'cmake_target': None, 'cmake_target_skip_unavailable': False, 'install_base': '/home/robotix/ros2_ws/install/ydlidar_ros2_driver', 'merge_install': False, 'path': '/home/robotix/ros2_ws/src/ydlidar_ros2_driver', 'symlink_install': True, 'test_result_base': None}
[5.496s] INFO:colcon.colcon_core.executor:Executing jobs using 'parallel' executor
[5.554s] DEBUG:colcon.colcon_parallel_executor.executor.parallel:run_until_complete
[5.555s] INFO:colcon.colcon_ros.task.ament_python.build:Building ROS package in '/home/robotix/ros2_ws/src/robotix' with build type 'ament_python'
[5.555s] Level 1:colcon.colcon_core.shell:create_environment_hook('robotix', 'ament_prefix_path')
[5.622s] INFO:colcon.colcon_core.plugin_system:Skipping extension 'colcon_core.shell.bat': Not used on non-Windows systems
[5.623s] INFO:colcon.colcon_core.shell:Creating environment hook '/home/robotix/ros2_ws/install/robotix/share/robotix/hook/ament_prefix_path.ps1'
[5.626s] INFO:colcon.colcon_core.shell:Creating environment descriptor '/home/robotix/ros2_ws/install/robotix/share/robotix/hook/ament_prefix_path.dsv'
[5.628s] INFO:colcon.colcon_core.shell:Creating environment hook '/home/robotix/ros2_ws/install/robotix/share/robotix/hook/ament_prefix_path.sh'
[5.687s] INFO:colcon.colcon_core.shell:Skip shell extension 'powershell' for command environment: Not usable outside of PowerShell
[5.688s] DEBUG:colcon.colcon_core.shell:Skip shell extension 'dsv' for command environment
[5.932s] INFO:colcon.colcon_ros.task.ament_python.build:Building ROS package in '/home/robotix/ros2_ws/src/tof_imager_ros' with build type 'ament_python'
[5.932s] Level 1:colcon.colcon_core.shell:create_environment_hook('tof_imager_ros', 'ament_prefix_path')
[5.993s] INFO:colcon.colcon_core.shell:Creating environment hook '/home/robotix/ros2_ws/install/tof_imager_ros/share/tof_imager_ros/hook/ament_prefix_path.ps1'
[5.995s] INFO:colcon.colcon_core.shell:Creating environment descriptor '/home/robotix/ros2_ws/install/tof_imager_ros/share/tof_imager_ros/hook/ament_prefix_path.dsv'
[5.996s] INFO:colcon.colcon_core.shell:Creating environment hook '/home/robotix/ros2_ws/install/tof_imager_ros/share/tof_imager_ros/hook/ament_prefix_path.sh'
[6.055s] INFO:colcon.colcon_core.shell:Skip shell extension 'powershell' for command environment: Not usable outside of PowerShell
[6.055s] DEBUG:colcon.colcon_core.shell:Skip shell extension 'dsv' for command environment
[6.298s] INFO:colcon.colcon_ros.task.ament_cmake.build:Building ROS package in '/home/robotix/ros2_ws/src/ydlidar_ros2_driver' with build type 'ament_cmake'
[6.299s] INFO:colcon.colcon_cmake.task.cmake.build:Building CMake package in '/home/robotix/ros2_ws/src/ydlidar_ros2_driver'
[6.358s] INFO:colcon.colcon_core.shell:Skip shell extension 'powershell' for command environment: Not usable outside of PowerShell
[6.358s] DEBUG:colcon.colcon_core.shell:Skip shell extension 'dsv' for command environment
[7.824s] INFO:colcon.colcon_core.task.python.build:Building Python package in '/home/robotix/ros2_ws/src/robotix'
[7.882s] INFO:colcon.colcon_core.shell:Skip shell extension 'powershell' for command environment: Not usable outside of PowerShell
[7.883s] DEBUG:colcon.colcon_core.shell:Skip shell extension 'dsv' for command environment
[9.338s] INFO:colcon.colcon_core.task.python.build:Building Python package in '/home/robotix/ros2_ws/src/tof_imager_ros'
[9.398s] INFO:colcon.colcon_core.shell:Skip shell extension 'powershell' for command environment: Not usable outside of PowerShell
[9.398s] DEBUG:colcon.colcon_core.shell:Skip shell extension 'dsv' for command environment
[9.661s] DEBUG:colcon.colcon_core.event_handler.log_command:Invoking command in '/home/robotix/ros2_ws/build/ydlidar_ros2_driver': CMAKE_PREFIX_PATH=${CMAKE_PREFIX_PATH}:/home/robotix/ros2_ws/install/tof_imager_ros:/home/robotix/ros2_ws/install/robotix:/home/robotix/ros2_ws/src/install/tof_imager_ros:/home/robotix/ros2_ws/src/install/robotix:/opt/ros/humble /usr/bin/cmake --build /home/robotix/ros2_ws/build/ydlidar_ros2_driver -- -j4 -l4
[10.032s] DEBUG:colcon.colcon_core.event_handler.log_command:Invoked command in '/home/robotix/ros2_ws/build/ydlidar_ros2_driver' returned '0': CMAKE_PREFIX_PATH=${CMAKE_PREFIX_PATH}:/home/robotix/ros2_ws/install/tof_imager_ros:/home/robotix/ros2_ws/install/robotix:/home/robotix/ros2_ws/src/install/tof_imager_ros:/home/robotix/ros2_ws/src/install/robotix:/opt/ros/humble /usr/bin/cmake --build /home/robotix/ros2_ws/build/ydlidar_ros2_driver -- -j4 -l4
[10.236s] DEBUG:colcon.colcon_core.event_handler.log_command:Invoking command in '/home/robotix/ros2_ws/build/ydlidar_ros2_driver': CMAKE_PREFIX_PATH=${CMAKE_PREFIX_PATH}:/home/robotix/ros2_ws/install/tof_imager_ros:/home/robotix/ros2_ws/install/robotix:/home/robotix/ros2_ws/src/install/tof_imager_ros:/home/robotix/ros2_ws/src/install/robotix:/opt/ros/humble /usr/bin/cmake --install /home/robotix/ros2_ws/build/ydlidar_ros2_driver
[10.362s] Level 1:colcon.colcon_core.environment:create_environment_scripts_only(ydlidar_ros2_driver)
[10.364s] DEBUG:colcon.colcon_core.event_handler.log_command:Invoked command in '/home/robotix/ros2_ws/build/ydlidar_ros2_driver' returned '0': CMAKE_PREFIX_PATH=${CMAKE_PREFIX_PATH}:/home/robotix/ros2_ws/install/tof_imager_ros:/home/robotix/ros2_ws/install/robotix:/home/robotix/ros2_ws/src/install/tof_imager_ros:/home/robotix/ros2_ws/src/install/robotix:/opt/ros/humble /usr/bin/cmake --install /home/robotix/ros2_ws/build/ydlidar_ros2_driver
[10.460s] Level 1:colcon.colcon_core.environment:checking '/home/robotix/ros2_ws/install/ydlidar_ros2_driver' for CMake module files
[10.464s] Level 1:colcon.colcon_core.environment:checking '/home/robotix/ros2_ws/install/ydlidar_ros2_driver' for CMake config files
[10.467s] Level 1:colcon.colcon_core.shell:create_environment_hook('ydlidar_ros2_driver', 'cmake_prefix_path')
[10.543s] INFO:colcon.colcon_core.shell:Creating environment hook '/home/robotix/ros2_ws/install/ydlidar_ros2_driver/share/ydlidar_ros2_driver/hook/cmake_prefix_path.ps1'
[10.545s] INFO:colcon.colcon_core.shell:Creating environment descriptor '/home/robotix/ros2_ws/install/ydlidar_ros2_driver/share/ydlidar_ros2_driver/hook/cmake_prefix_path.dsv'
[10.547s] INFO:colcon.colcon_core.shell:Creating environment hook '/home/robotix/ros2_ws/install/ydlidar_ros2_driver/share/ydlidar_ros2_driver/hook/cmake_prefix_path.sh'
[10.551s] Level 1:colcon.colcon_core.environment:checking '/home/robotix/ros2_ws/install/ydlidar_ros2_driver/lib'
[10.552s] Level 1:colcon.colcon_core.environment:checking '/home/robotix/ros2_ws/install/ydlidar_ros2_driver/bin'
[10.553s] Level 1:colcon.colcon_core.environment:checking '/home/robotix/ros2_ws/install/ydlidar_ros2_driver/lib/pkgconfig/ydlidar_ros2_driver.pc'
[10.554s] Level 1:colcon.colcon_core.environment:checking '/home/robotix/ros2_ws/install/ydlidar_ros2_driver/lib/python3.10/site-packages'
[10.555s] Level 1:colcon.colcon_core.environment:checking '/home/robotix/ros2_ws/install/ydlidar_ros2_driver/bin'
[10.633s] INFO:colcon.colcon_core.shell:Creating package script '/home/robotix/ros2_ws/install/ydlidar_ros2_driver/share/ydlidar_ros2_driver/package.ps1'
[10.637s] INFO:colcon.colcon_core.shell:Creating package descriptor '/home/robotix/ros2_ws/install/ydlidar_ros2_driver/share/ydlidar_ros2_driver/package.dsv'
[10.640s] INFO:colcon.colcon_core.shell:Creating package script '/home/robotix/ros2_ws/install/ydlidar_ros2_driver/share/ydlidar_ros2_driver/package.sh'
[10.644s] INFO:colcon.colcon_core.shell:Creating package script '/home/robotix/ros2_ws/install/ydlidar_ros2_driver/share/ydlidar_ros2_driver/package.bash'
[10.647s] INFO:colcon.colcon_core.shell:Creating package script '/home/robotix/ros2_ws/install/ydlidar_ros2_driver/share/ydlidar_ros2_driver/package.zsh'
[10.651s] Level 1:colcon.colcon_core.environment:create_file_with_runtime_dependencies(/home/robotix/ros2_ws/install/ydlidar_ros2_driver/share/colcon-core/packages/ydlidar_ros2_driver)
[10.902s] Level 1:colcon.colcon_core.environment:create_environment_scripts_only(ydlidar_ros2_driver)
[10.982s] Level 1:colcon.colcon_core.environment:checking '/home/robotix/ros2_ws/install/ydlidar_ros2_driver' for CMake module files
[10.987s] Level 1:colcon.colcon_core.environment:checking '/home/robotix/ros2_ws/install/ydlidar_ros2_driver' for CMake config files
[10.990s] Level 1:colcon.colcon_core.shell:create_environment_hook('ydlidar_ros2_driver', 'cmake_prefix_path')
[11.081s] INFO:colcon.colcon_core.shell:Creating environment hook '/home/robotix/ros2_ws/install/ydlidar_ros2_driver/share/ydlidar_ros2_driver/hook/cmake_prefix_path.ps1'
[11.083s] INFO:colcon.colcon_core.shell:Creating environment descriptor '/home/robotix/ros2_ws/install/ydlidar_ros2_driver/share/ydlidar_ros2_driver/hook/cmake_prefix_path.dsv'
[11.085s] INFO:colcon.colcon_core.shell:Creating environment hook '/home/robotix/ros2_ws/install/ydlidar_ros2_driver/share/ydlidar_ros2_driver/hook/cmake_prefix_path.sh'
[11.089s] Level 1:colcon.colcon_core.environment:checking '/home/robotix/ros2_ws/install/ydlidar_ros2_driver/lib'
[11.090s] Level 1:colcon.colcon_core.environment:checking '/home/robotix/ros2_ws/install/ydlidar_ros2_driver/bin'
[11.090s] Level 1:colcon.colcon_core.environment:checking '/home/robotix/ros2_ws/install/ydlidar_ros2_driver/lib/pkgconfig/ydlidar_ros2_driver.pc'
[11.092s] Level 1:colcon.colcon_core.environment:checking '/home/robotix/ros2_ws/install/ydlidar_ros2_driver/lib/python3.10/site-packages'
[11.093s] Level 1:colcon.colcon_core.environment:checking '/home/robotix/ros2_ws/install/ydlidar_ros2_driver/bin'
[11.187s] INFO:colcon.colcon_core.shell:Creating package script '/home/robotix/ros2_ws/install/ydlidar_ros2_driver/share/ydlidar_ros2_driver/package.ps1'
[11.190s] INFO:colcon.colcon_core.shell:Creating package descriptor '/home/robotix/ros2_ws/install/ydlidar_ros2_driver/share/ydlidar_ros2_driver/package.dsv'
[11.193s] INFO:colcon.colcon_core.shell:Creating package script '/home/robotix/ros2_ws/install/ydlidar_ros2_driver/share/ydlidar_ros2_driver/package.sh'
[11.196s] INFO:colcon.colcon_core.shell:Creating package script '/home/robotix/ros2_ws/install/ydlidar_ros2_driver/share/ydlidar_ros2_driver/package.bash'
[11.199s] INFO:colcon.colcon_core.shell:Creating package script '/home/robotix/ros2_ws/install/ydlidar_ros2_driver/share/ydlidar_ros2_driver/package.zsh'
[11.202s] Level 1:colcon.colcon_core.environment:create_file_with_runtime_dependencies(/home/robotix/ros2_ws/install/ydlidar_ros2_driver/share/colcon-core/packages/ydlidar_ros2_driver)
[11.775s] DEBUG:colcon.colcon_core.event_handler.log_command:Invoking command in '/home/robotix/ros2_ws/build/robotix': PYTHONPATH=/home/robotix/ros2_ws/build/robotix/prefix_override:/home/robotix/ros2_ws/install/robotix/lib/python3.10/site-packages:${PYTHONPATH} /usr/bin/python3 setup.py develop --editable --build-directory /home/robotix/ros2_ws/build/robotix/build --no-deps install_data
[11.786s] DEBUG:colcon.colcon_core.event_handler.log_command:Invoking command in '/home/robotix/ros2_ws/build/tof_imager_ros': PYTHONPATH=/home/robotix/ros2_ws/build/tof_imager_ros/prefix_override:/home/robotix/ros2_ws/install/tof_imager_ros/lib/python3.10/site-packages:${PYTHONPATH} /usr/bin/python3 setup.py develop --editable --build-directory /home/robotix/ros2_ws/build/tof_imager_ros/build --no-deps install_data
[14.078s] Level 1:colcon.colcon_core.shell:create_environment_hook('tof_imager_ros', 'pythonpath_develop')
[14.080s] DEBUG:colcon.colcon_core.event_handler.log_command:Invoked command in '/home/robotix/ros2_ws/build/tof_imager_ros' returned '0': PYTHONPATH=/home/robotix/ros2_ws/build/tof_imager_ros/prefix_override:/home/robotix/ros2_ws/install/tof_imager_ros/lib/python3.10/site-packages:${PYTHONPATH} /usr/bin/python3 setup.py develop --editable --build-directory /home/robotix/ros2_ws/build/tof_imager_ros/build --no-deps install_data
[14.142s] INFO:colcon.colcon_core.shell:Creating environment hook '/home/robotix/ros2_ws/build/tof_imager_ros/share/tof_imager_ros/hook/pythonpath_develop.ps1'
[14.144s] INFO:colcon.colcon_core.shell:Creating environment descriptor '/home/robotix/ros2_ws/build/tof_imager_ros/share/tof_imager_ros/hook/pythonpath_develop.dsv'
[14.145s] INFO:colcon.colcon_core.shell:Creating environment hook '/home/robotix/ros2_ws/build/tof_imager_ros/share/tof_imager_ros/hook/pythonpath_develop.sh'
[14.241s] Level 1:colcon.colcon_core.environment:checking '/home/robotix/ros2_ws/install/tof_imager_ros' for CMake module files
[14.244s] Level 1:colcon.colcon_core.environment:checking '/home/robotix/ros2_ws/install/tof_imager_ros' for CMake config files
[14.248s] Level 1:colcon.colcon_core.environment:checking '/home/robotix/ros2_ws/install/tof_imager_ros/lib'
[14.248s] Level 1:colcon.colcon_core.environment:checking '/home/robotix/ros2_ws/install/tof_imager_ros/bin'
[14.248s] Level 1:colcon.colcon_core.environment:checking '/home/robotix/ros2_ws/install/tof_imager_ros/lib/pkgconfig/tof_imager_ros.pc'
[14.249s] Level 1:colcon.colcon_core.environment:checking '/home/robotix/ros2_ws/install/tof_imager_ros/lib/python3.10/site-packages'
[14.250s] Level 1:colcon.colcon_core.shell:create_environment_hook('tof_imager_ros', 'pythonpath')
[14.307s] INFO:colcon.colcon_core.shell:Creating environment hook '/home/robotix/ros2_ws/install/tof_imager_ros/share/tof_imager_ros/hook/pythonpath.ps1'
[14.309s] INFO:colcon.colcon_core.shell:Creating environment descriptor '/home/robotix/ros2_ws/install/tof_imager_ros/share/tof_imager_ros/hook/pythonpath.dsv'
[14.311s] INFO:colcon.colcon_core.shell:Creating environment hook '/home/robotix/ros2_ws/install/tof_imager_ros/share/tof_imager_ros/hook/pythonpath.sh'
[14.313s] Level 1:colcon.colcon_core.environment:checking '/home/robotix/ros2_ws/install/tof_imager_ros/bin'
[14.314s] Level 1:colcon.colcon_core.environment:create_environment_scripts_only(tof_imager_ros)
[14.372s] INFO:colcon.colcon_core.shell:Creating package script '/home/robotix/ros2_ws/install/tof_imager_ros/share/tof_imager_ros/package.ps1'
[14.375s] INFO:colcon.colcon_core.shell:Creating package descriptor '/home/robotix/ros2_ws/install/tof_imager_ros/share/tof_imager_ros/package.dsv'
[14.377s] INFO:colcon.colcon_core.shell:Creating package script '/home/robotix/ros2_ws/install/tof_imager_ros/share/tof_imager_ros/package.sh'
[14.379s] INFO:colcon.colcon_core.shell:Creating package script '/home/robotix/ros2_ws/install/tof_imager_ros/share/tof_imager_ros/package.bash'
[14.381s] INFO:colcon.colcon_core.shell:Creating package script '/home/robotix/ros2_ws/install/tof_imager_ros/share/tof_imager_ros/package.zsh'
[14.383s] Level 1:colcon.colcon_core.environment:create_file_with_runtime_dependencies(/home/robotix/ros2_ws/install/tof_imager_ros/share/colcon-core/packages/tof_imager_ros)
[14.387s] Level 1:colcon.colcon_core.shell:create_environment_hook('robotix', 'pythonpath_develop')
[14.390s] DEBUG:colcon.colcon_core.event_handler.log_command:Invoked command in '/home/robotix/ros2_ws/build/robotix' returned '0': PYTHONPATH=/home/robotix/ros2_ws/build/robotix/prefix_override:/home/robotix/ros2_ws/install/robotix/lib/python3.10/site-packages:${PYTHONPATH} /usr/bin/python3 setup.py develop --editable --build-directory /home/robotix/ros2_ws/build/robotix/build --no-deps install_data
[14.449s] INFO:colcon.colcon_core.shell:Creating environment hook '/home/robotix/ros2_ws/build/robotix/share/robotix/hook/pythonpath_develop.ps1'
[14.451s] INFO:colcon.colcon_core.shell:Creating environment descriptor '/home/robotix/ros2_ws/build/robotix/share/robotix/hook/pythonpath_develop.dsv'
[14.452s] INFO:colcon.colcon_core.shell:Creating environment hook '/home/robotix/ros2_ws/build/robotix/share/robotix/hook/pythonpath_develop.sh'
[14.511s] Level 1:colcon.colcon_core.environment:checking '/home/robotix/ros2_ws/install/robotix' for CMake module files
[14.514s] Level 1:colcon.colcon_core.environment:checking '/home/robotix/ros2_ws/install/robotix' for CMake config files
[14.517s] Level 1:colcon.colcon_core.environment:checking '/home/robotix/ros2_ws/install/robotix/lib'
[14.518s] Level 1:colcon.colcon_core.environment:checking '/home/robotix/ros2_ws/install/robotix/bin'
[14.518s] Level 1:colcon.colcon_core.environment:checking '/home/robotix/ros2_ws/install/robotix/lib/pkgconfig/robotix.pc'
[14.519s] Level 1:colcon.colcon_core.environment:checking '/home/robotix/ros2_ws/install/robotix/lib/python3.10/site-packages'
[14.519s] Level 1:colcon.colcon_core.shell:create_environment_hook('robotix', 'pythonpath')
[14.577s] INFO:colcon.colcon_core.shell:Creating environment hook '/home/robotix/ros2_ws/install/robotix/share/robotix/hook/pythonpath.ps1'
[14.579s] INFO:colcon.colcon_core.shell:Creating environment descriptor '/home/robotix/ros2_ws/install/robotix/share/robotix/hook/pythonpath.dsv'
[14.581s] INFO:colcon.colcon_core.shell:Creating environment hook '/home/robotix/ros2_ws/install/robotix/share/robotix/hook/pythonpath.sh'
[14.584s] Level 1:colcon.colcon_core.environment:checking '/home/robotix/ros2_ws/install/robotix/bin'
[14.584s] Level 1:colcon.colcon_core.environment:create_environment_scripts_only(robotix)
[14.642s] INFO:colcon.colcon_core.shell:Creating package script '/home/robotix/ros2_ws/install/robotix/share/robotix/package.ps1'
[14.645s] INFO:colcon.colcon_core.shell:Creating package descriptor '/home/robotix/ros2_ws/install/robotix/share/robotix/package.dsv'
[14.648s] INFO:colcon.colcon_core.shell:Creating package script '/home/robotix/ros2_ws/install/robotix/share/robotix/package.sh'
[14.650s] INFO:colcon.colcon_core.shell:Creating package script '/home/robotix/ros2_ws/install/robotix/share/robotix/package.bash'
[14.652s] INFO:colcon.colcon_core.shell:Creating package script '/home/robotix/ros2_ws/install/robotix/share/robotix/package.zsh'
[14.653s] Level 1:colcon.colcon_core.environment:create_file_with_runtime_dependencies(/home/robotix/ros2_ws/install/robotix/share/colcon-core/packages/robotix)
[14.655s] DEBUG:colcon.colcon_parallel_executor.executor.parallel:closing loop
[14.656s] DEBUG:colcon.colcon_parallel_executor.executor.parallel:loop closed
[14.656s] DEBUG:colcon.colcon_parallel_executor.executor.parallel:run_until_complete finished with '0'
[14.657s] DEBUG:colcon.colcon_core.event_reactor:joining thread
[14.737s] INFO:colcon.colcon_core.plugin_system:Skipping extension 'colcon_notification.desktop_notification.notify_send': Could not find 'notify-send'
[14.738s] INFO:colcon.colcon_core.plugin_system:Skipping extension 'colcon_notification.desktop_notification.terminal_notifier': Not used on non-Darwin systems
[14.738s] INFO:colcon.colcon_core.plugin_system:Skipping extension 'colcon_notification.desktop_notification.win32': Not used on non-Windows systems
[14.738s] INFO:colcon.colcon_notification.desktop_notification:Sending desktop notification using 'notify2'
[14.741s] DEBUG:colcon.colcon_notification.desktop_notification.notify2:Failed to initialize notify2: org.freedesktop.DBus.Error.ServiceUnknown: The name org.freedesktop.Notifications was not provided by any .service files
[14.741s] DEBUG:colcon.colcon_core.event_reactor:joined thread
[14.801s] INFO:colcon.colcon_core.shell:Creating prefix script '/home/robotix/ros2_ws/install/local_setup.ps1'
[14.805s] INFO:colcon.colcon_core.shell:Creating prefix util module '/home/robotix/ros2_ws/install/_local_setup_util_ps1.py'
[14.811s] INFO:colcon.colcon_core.shell:Creating prefix chain script '/home/robotix/ros2_ws/install/setup.ps1'
[14.873s] INFO:colcon.colcon_core.shell:Creating prefix script '/home/robotix/ros2_ws/install/local_setup.sh'
[14.875s] INFO:colcon.colcon_core.shell:Creating prefix util module '/home/robotix/ros2_ws/install/_local_setup_util_sh.py'
[14.878s] INFO:colcon.colcon_core.shell:Creating prefix chain script '/home/robotix/ros2_ws/install/setup.sh'
[14.940s] INFO:colcon.colcon_core.shell:Creating prefix script '/home/robotix/ros2_ws/install/local_setup.bash'
[14.943s] INFO:colcon.colcon_core.shell:Creating prefix chain script '/home/robotix/ros2_ws/install/setup.bash'
[15.005s] INFO:colcon.colcon_core.shell:Creating prefix script '/home/robotix/ros2_ws/install/local_setup.zsh'
[15.007s] INFO:colcon.colcon_core.shell:Creating prefix chain script '/home/robotix/ros2_ws/install/setup.zsh'
