[4.441s] DEBUG:colcon:Command line arguments: ['/usr/bin/colcon', 'build', '--packages-select', 'vl53l1x']
[4.442s] DEBUG:colcon:Parsed command line arguments: Namespace(log_base=None, log_level=None, verb_name='build', build_base='build', install_base='install', merge_install=False, symlink_install=False, test_result_base=None, continue_on_error=False, executor='parallel', parallel_workers=4, event_handlers=None, ignore_user_meta=False, metas=['./colcon.meta'], base_paths=['.'], packages_ignore=None, packages_ignore_regex=None, paths=None, packages_up_to=None, packages_up_to_regex=None, packages_above=None, packages_above_and_dependencies=None, packages_above_depth=None, packages_select_by_dep=None, packages_skip_by_dep=None, packages_skip_up_to=None, packages_select_build_failed=False, packages_skip_build_finished=False, packages_select_test_failures=False, packages_skip_test_passed=False, packages_select=['vl53l1x'], packages_skip=None, packages_select_regex=None, packages_skip_regex=None, packages_start=None, packages_end=None, allow_overriding=[], cmake_args=None, cmake_target=None, cmake_target_skip_unavailable=False, cmake_clean_cache=False, cmake_clean_first=False, cmake_force_configure=False, ament_cmake_args=None, catkin_cmake_args=None, catkin_skip_building_tests=False, verb_parser=<colcon_defaults.argument_parser.defaults.DefaultArgumentsDecorator object at 0xffffa59b25f0>, verb_extension=<colcon_core.verb.build.BuildVerb object at 0xffffa5c78700>, main=<bound method BuildVerb.main of <colcon_core.verb.build.BuildVerb object at 0xffffa5c78700>>)
[4.714s] Level 1:colcon.colcon_core.package_discovery:discover_packages(colcon_meta) check parameters
[4.715s] Level 1:colcon.colcon_core.package_discovery:discover_packages(recursive) check parameters
[4.715s] Level 1:colcon.colcon_core.package_discovery:discover_packages(ignore) check parameters
[4.715s] Level 1:colcon.colcon_core.package_discovery:discover_packages(path) check parameters
[4.715s] Level 1:colcon.colcon_core.package_discovery:discover_packages(colcon_meta) discover
[4.716s] Level 1:colcon.colcon_core.package_discovery:discover_packages(recursive) discover
[4.716s] INFO:colcon.colcon_core.package_discovery:Crawling recursively for packages in '/home/robotix/ros2_ws/src'
[4.716s] Level 1:colcon.colcon_core.package_identification:_identify(.) by extensions ['ignore', 'ignore_ament_install']
[4.717s] Level 1:colcon.colcon_core.package_identification:_identify(.) by extension 'ignore'
[4.717s] Level 1:colcon.colcon_core.package_identification:_identify(.) by extension 'ignore_ament_install'
[4.717s] Level 1:colcon.colcon_core.package_identification:_identify(.) by extensions ['colcon_pkg']
[4.717s] Level 1:colcon.colcon_core.package_identification:_identify(.) by extension 'colcon_pkg'
[4.718s] Level 1:colcon.colcon_core.package_identification:_identify(.) by extensions ['colcon_meta']
[4.718s] Level 1:colcon.colcon_core.package_identification:_identify(.) by extension 'colcon_meta'
[4.718s] Level 1:colcon.colcon_core.package_identification:_identify(.) by extensions ['ros']
[4.718s] Level 1:colcon.colcon_core.package_identification:_identify(.) by extension 'ros'
[4.798s] Level 1:colcon.colcon_core.package_identification:_identify(.) by extensions ['cmake', 'python']
[4.798s] Level 1:colcon.colcon_core.package_identification:_identify(.) by extension 'cmake'
[4.798s] Level 1:colcon.colcon_core.package_identification:_identify(.) by extension 'python'
[4.799s] Level 1:colcon.colcon_core.package_identification:_identify(.) by extensions ['python_setup_py']
[4.799s] Level 1:colcon.colcon_core.package_identification:_identify(.) by extension 'python_setup_py'
[4.800s] Level 1:colcon.colcon_core.package_identification:_identify(ROS2-VL53L1X) by extensions ['ignore', 'ignore_ament_install']
[4.801s] Level 1:colcon.colcon_core.package_identification:_identify(ROS2-VL53L1X) by extension 'ignore'
[4.801s] Level 1:colcon.colcon_core.package_identification:_identify(ROS2-VL53L1X) by extension 'ignore_ament_install'
[4.801s] Level 1:colcon.colcon_core.package_identification:_identify(ROS2-VL53L1X) by extensions ['colcon_pkg']
[4.801s] Level 1:colcon.colcon_core.package_identification:_identify(ROS2-VL53L1X) by extension 'colcon_pkg'
[4.802s] Level 1:colcon.colcon_core.package_identification:_identify(ROS2-VL53L1X) by extensions ['colcon_meta']
[4.802s] Level 1:colcon.colcon_core.package_identification:_identify(ROS2-VL53L1X) by extension 'colcon_meta'
[4.802s] Level 1:colcon.colcon_core.package_identification:_identify(ROS2-VL53L1X) by extensions ['ros']
[4.802s] Level 1:colcon.colcon_core.package_identification:_identify(ROS2-VL53L1X) by extension 'ros'
[4.816s] DEBUG:colcon.colcon_core.package_identification:Package 'ROS2-VL53L1X' with type 'ros.ament_cmake' and name 'vl53l1x'
[4.817s] Level 1:colcon.colcon_core.package_identification:_identify(build) by extensions ['ignore', 'ignore_ament_install']
[4.817s] Level 1:colcon.colcon_core.package_identification:_identify(build) by extension 'ignore'
[4.818s] Level 1:colcon.colcon_core.package_identification:_identify(build) ignored
[4.818s] Level 1:colcon.colcon_core.package_identification:_identify(install) by extensions ['ignore', 'ignore_ament_install']
[4.819s] Level 1:colcon.colcon_core.package_identification:_identify(install) by extension 'ignore'
[4.819s] Level 1:colcon.colcon_core.package_identification:_identify(install) ignored
[4.820s] Level 1:colcon.colcon_core.package_identification:_identify(log) by extensions ['ignore', 'ignore_ament_install']
[4.820s] Level 1:colcon.colcon_core.package_identification:_identify(log) by extension 'ignore'
[4.821s] Level 1:colcon.colcon_core.package_identification:_identify(log) ignored
[4.822s] Level 1:colcon.colcon_core.package_identification:_identify(robotix) by extensions ['ignore', 'ignore_ament_install']
[4.822s] Level 1:colcon.colcon_core.package_identification:_identify(robotix) by extension 'ignore'
[4.823s] Level 1:colcon.colcon_core.package_identification:_identify(robotix) by extension 'ignore_ament_install'
[4.823s] Level 1:colcon.colcon_core.package_identification:_identify(robotix) by extensions ['colcon_pkg']
[4.823s] Level 1:colcon.colcon_core.package_identification:_identify(robotix) by extension 'colcon_pkg'
[4.823s] Level 1:colcon.colcon_core.package_identification:_identify(robotix) by extensions ['colcon_meta']
[4.824s] Level 1:colcon.colcon_core.package_identification:_identify(robotix) by extension 'colcon_meta'
[4.824s] Level 1:colcon.colcon_core.package_identification:_identify(robotix) by extensions ['ros']
[4.824s] Level 1:colcon.colcon_core.package_identification:_identify(robotix) by extension 'ros'
[4.829s] DEBUG:colcon.colcon_core.package_identification:Package 'robotix' with type 'ros.ament_python' and name 'robotix'
[4.830s] Level 1:colcon.colcon_core.package_identification:_identify(ydlidar_ros2_driver) by extensions ['ignore', 'ignore_ament_install']
[4.831s] Level 1:colcon.colcon_core.package_identification:_identify(ydlidar_ros2_driver) by extension 'ignore'
[4.831s] Level 1:colcon.colcon_core.package_identification:_identify(ydlidar_ros2_driver) by extension 'ignore_ament_install'
[4.831s] Level 1:colcon.colcon_core.package_identification:_identify(ydlidar_ros2_driver) by extensions ['colcon_pkg']
[4.831s] Level 1:colcon.colcon_core.package_identification:_identify(ydlidar_ros2_driver) by extension 'colcon_pkg'
[4.832s] Level 1:colcon.colcon_core.package_identification:_identify(ydlidar_ros2_driver) by extensions ['colcon_meta']
[4.832s] Level 1:colcon.colcon_core.package_identification:_identify(ydlidar_ros2_driver) by extension 'colcon_meta'
[4.832s] Level 1:colcon.colcon_core.package_identification:_identify(ydlidar_ros2_driver) by extensions ['ros']
[4.832s] Level 1:colcon.colcon_core.package_identification:_identify(ydlidar_ros2_driver) by extension 'ros'
[4.835s] DEBUG:colcon.colcon_core.package_identification:Package 'ydlidar_ros2_driver' with type 'ros.ament_cmake' and name 'ydlidar_ros2_driver'
[4.836s] Level 1:colcon.colcon_core.package_discovery:discover_packages(recursive) using defaults
[4.836s] Level 1:colcon.colcon_core.package_discovery:discover_packages(ignore) discover
[4.836s] Level 1:colcon.colcon_core.package_discovery:discover_packages(ignore) using defaults
[4.836s] Level 1:colcon.colcon_core.package_discovery:discover_packages(path) discover
[4.836s] Level 1:colcon.colcon_core.package_discovery:discover_packages(path) using defaults
[5.131s] INFO:colcon.colcon_core.package_selection:Skipping not selected package 'robotix' in 'robotix'
[5.131s] INFO:colcon.colcon_core.package_selection:Skipping not selected package 'ydlidar_ros2_driver' in 'ydlidar_ros2_driver'
[5.241s] Level 1:colcon.colcon_core.package_discovery:discover_packages(prefix_path) check parameters
[5.241s] Level 1:colcon.colcon_core.package_discovery:discover_packages(prefix_path) discover
[5.366s] DEBUG:colcon.colcon_installed_package_information.package_discovery:Found 2 installed packages in /home/robotix/ros2_ws/install
[5.427s] DEBUG:colcon.colcon_installed_package_information.package_discovery:Found 180 installed packages in /opt/ros/humble
[5.433s] Level 1:colcon.colcon_core.package_discovery:discover_packages(prefix_path) using defaults
[5.748s] Level 5:colcon.colcon_core.verb:set package 'vl53l1x' build argument 'cmake_args' from command line to 'None'
[5.748s] Level 5:colcon.colcon_core.verb:set package 'vl53l1x' build argument 'cmake_target' from command line to 'None'
[5.749s] Level 5:colcon.colcon_core.verb:set package 'vl53l1x' build argument 'cmake_target_skip_unavailable' from command line to 'False'
[5.749s] Level 5:colcon.colcon_core.verb:set package 'vl53l1x' build argument 'cmake_clean_cache' from command line to 'False'
[5.749s] Level 5:colcon.colcon_core.verb:set package 'vl53l1x' build argument 'cmake_clean_first' from command line to 'False'
[5.749s] Level 5:colcon.colcon_core.verb:set package 'vl53l1x' build argument 'cmake_force_configure' from command line to 'False'
[5.749s] Level 5:colcon.colcon_core.verb:set package 'vl53l1x' build argument 'ament_cmake_args' from command line to 'None'
[5.749s] Level 5:colcon.colcon_core.verb:set package 'vl53l1x' build argument 'catkin_cmake_args' from command line to 'None'
[5.749s] Level 5:colcon.colcon_core.verb:set package 'vl53l1x' build argument 'catkin_skip_building_tests' from command line to 'False'
[5.749s] DEBUG:colcon.colcon_core.verb:Building package 'vl53l1x' with the following arguments: {'ament_cmake_args': None, 'build_base': '/home/robotix/ros2_ws/src/build/vl53l1x', 'catkin_cmake_args': None, 'catkin_skip_building_tests': False, 'cmake_args': None, 'cmake_clean_cache': False, 'cmake_clean_first': False, 'cmake_force_configure': False, 'cmake_target': None, 'cmake_target_skip_unavailable': False, 'install_base': '/home/robotix/ros2_ws/src/install/vl53l1x', 'merge_install': False, 'path': '/home/robotix/ros2_ws/src/ROS2-VL53L1X', 'symlink_install': False, 'test_result_base': None}
[5.803s] INFO:colcon.colcon_core.executor:Executing jobs using 'parallel' executor
[5.859s] DEBUG:colcon.colcon_parallel_executor.executor.parallel:run_until_complete
[5.860s] INFO:colcon.colcon_ros.task.ament_cmake.build:Building ROS package in '/home/robotix/ros2_ws/src/ROS2-VL53L1X' with build type 'ament_cmake'
[5.861s] INFO:colcon.colcon_cmake.task.cmake.build:Building CMake package in '/home/robotix/ros2_ws/src/ROS2-VL53L1X'
[5.937s] INFO:colcon.colcon_core.plugin_system:Skipping extension 'colcon_core.shell.bat': Not used on non-Windows systems
[5.939s] INFO:colcon.colcon_core.shell:Skip shell extension 'powershell' for command environment: Not usable outside of PowerShell
[5.939s] DEBUG:colcon.colcon_core.shell:Skip shell extension 'dsv' for command environment
[6.152s] DEBUG:colcon.colcon_core.event_handler.log_command:Invoking command in '/home/robotix/ros2_ws/src/build/vl53l1x': CMAKE_PREFIX_PATH=${CMAKE_PREFIX_PATH}:/home/robotix/ros2_ws/install/robotix:/opt/ros/humble /usr/bin/cmake --build /home/robotix/ros2_ws/src/build/vl53l1x -- -j4 -l4
[6.984s] DEBUG:colcon.colcon_core.event_handler.log_command:Invoked command in '/home/robotix/ros2_ws/src/build/vl53l1x' returned '0': CMAKE_PREFIX_PATH=${CMAKE_PREFIX_PATH}:/home/robotix/ros2_ws/install/robotix:/opt/ros/humble /usr/bin/cmake --build /home/robotix/ros2_ws/src/build/vl53l1x -- -j4 -l4
[7.182s] DEBUG:colcon.colcon_core.event_handler.log_command:Invoking command in '/home/robotix/ros2_ws/src/build/vl53l1x': CMAKE_PREFIX_PATH=${CMAKE_PREFIX_PATH}:/home/robotix/ros2_ws/install/robotix:/opt/ros/humble /usr/bin/cmake --install /home/robotix/ros2_ws/src/build/vl53l1x
[7.251s] Level 1:colcon.colcon_core.environment:create_environment_scripts_only(vl53l1x)
[7.253s] DEBUG:colcon.colcon_core.event_handler.log_command:Invoked command in '/home/robotix/ros2_ws/src/build/vl53l1x' returned '0': CMAKE_PREFIX_PATH=${CMAKE_PREFIX_PATH}:/home/robotix/ros2_ws/install/robotix:/opt/ros/humble /usr/bin/cmake --install /home/robotix/ros2_ws/src/build/vl53l1x
[7.334s] Level 1:colcon.colcon_core.environment:checking '/home/robotix/ros2_ws/src/install/vl53l1x' for CMake module files
[7.338s] Level 1:colcon.colcon_core.environment:checking '/home/robotix/ros2_ws/src/install/vl53l1x' for CMake config files
[7.340s] Level 1:colcon.colcon_core.shell:create_environment_hook('vl53l1x', 'cmake_prefix_path')
[7.396s] INFO:colcon.colcon_core.shell:Creating environment hook '/home/robotix/ros2_ws/src/install/vl53l1x/share/vl53l1x/hook/cmake_prefix_path.ps1'
[7.401s] INFO:colcon.colcon_core.shell:Creating environment descriptor '/home/robotix/ros2_ws/src/install/vl53l1x/share/vl53l1x/hook/cmake_prefix_path.dsv'
[7.407s] INFO:colcon.colcon_core.shell:Creating environment hook '/home/robotix/ros2_ws/src/install/vl53l1x/share/vl53l1x/hook/cmake_prefix_path.sh'
[7.412s] Level 1:colcon.colcon_core.environment:checking '/home/robotix/ros2_ws/src/install/vl53l1x/lib'
[7.413s] Level 1:colcon.colcon_core.environment:checking '/home/robotix/ros2_ws/src/install/vl53l1x/bin'
[7.413s] Level 1:colcon.colcon_core.environment:checking '/home/robotix/ros2_ws/src/install/vl53l1x/lib/pkgconfig/vl53l1x.pc'
[7.415s] Level 1:colcon.colcon_core.environment:checking '/home/robotix/ros2_ws/src/install/vl53l1x/lib/python3.10/site-packages'
[7.416s] Level 1:colcon.colcon_core.environment:checking '/home/robotix/ros2_ws/src/install/vl53l1x/bin'
[7.472s] INFO:colcon.colcon_core.shell:Creating package script '/home/robotix/ros2_ws/src/install/vl53l1x/share/vl53l1x/package.ps1'
[7.477s] INFO:colcon.colcon_core.shell:Creating package descriptor '/home/robotix/ros2_ws/src/install/vl53l1x/share/vl53l1x/package.dsv'
[7.480s] INFO:colcon.colcon_core.shell:Creating package script '/home/robotix/ros2_ws/src/install/vl53l1x/share/vl53l1x/package.sh'
[7.484s] INFO:colcon.colcon_core.shell:Creating package script '/home/robotix/ros2_ws/src/install/vl53l1x/share/vl53l1x/package.bash'
[7.489s] INFO:colcon.colcon_core.shell:Creating package script '/home/robotix/ros2_ws/src/install/vl53l1x/share/vl53l1x/package.zsh'
[7.493s] Level 1:colcon.colcon_core.environment:create_file_with_runtime_dependencies(/home/robotix/ros2_ws/src/install/vl53l1x/share/colcon-core/packages/vl53l1x)
[7.710s] Level 1:colcon.colcon_core.environment:create_environment_scripts_only(vl53l1x)
[7.765s] Level 1:colcon.colcon_core.environment:checking '/home/robotix/ros2_ws/src/install/vl53l1x' for CMake module files
[7.768s] Level 1:colcon.colcon_core.environment:checking '/home/robotix/ros2_ws/src/install/vl53l1x' for CMake config files
[7.769s] Level 1:colcon.colcon_core.shell:create_environment_hook('vl53l1x', 'cmake_prefix_path')
[7.824s] INFO:colcon.colcon_core.shell:Creating environment hook '/home/robotix/ros2_ws/src/install/vl53l1x/share/vl53l1x/hook/cmake_prefix_path.ps1'
[7.826s] INFO:colcon.colcon_core.shell:Creating environment descriptor '/home/robotix/ros2_ws/src/install/vl53l1x/share/vl53l1x/hook/cmake_prefix_path.dsv'
[7.828s] INFO:colcon.colcon_core.shell:Creating environment hook '/home/robotix/ros2_ws/src/install/vl53l1x/share/vl53l1x/hook/cmake_prefix_path.sh'
[7.831s] Level 1:colcon.colcon_core.environment:checking '/home/robotix/ros2_ws/src/install/vl53l1x/lib'
[7.831s] Level 1:colcon.colcon_core.environment:checking '/home/robotix/ros2_ws/src/install/vl53l1x/bin'
[7.832s] Level 1:colcon.colcon_core.environment:checking '/home/robotix/ros2_ws/src/install/vl53l1x/lib/pkgconfig/vl53l1x.pc'
[7.833s] Level 1:colcon.colcon_core.environment:checking '/home/robotix/ros2_ws/src/install/vl53l1x/lib/python3.10/site-packages'
[7.833s] Level 1:colcon.colcon_core.environment:checking '/home/robotix/ros2_ws/src/install/vl53l1x/bin'
[7.889s] INFO:colcon.colcon_core.shell:Creating package script '/home/robotix/ros2_ws/src/install/vl53l1x/share/vl53l1x/package.ps1'
[7.891s] INFO:colcon.colcon_core.shell:Creating package descriptor '/home/robotix/ros2_ws/src/install/vl53l1x/share/vl53l1x/package.dsv'
[7.894s] INFO:colcon.colcon_core.shell:Creating package script '/home/robotix/ros2_ws/src/install/vl53l1x/share/vl53l1x/package.sh'
[7.896s] INFO:colcon.colcon_core.shell:Creating package script '/home/robotix/ros2_ws/src/install/vl53l1x/share/vl53l1x/package.bash'
[7.898s] INFO:colcon.colcon_core.shell:Creating package script '/home/robotix/ros2_ws/src/install/vl53l1x/share/vl53l1x/package.zsh'
[7.900s] Level 1:colcon.colcon_core.environment:create_file_with_runtime_dependencies(/home/robotix/ros2_ws/src/install/vl53l1x/share/colcon-core/packages/vl53l1x)
[7.901s] DEBUG:colcon.colcon_parallel_executor.executor.parallel:closing loop
[7.903s] DEBUG:colcon.colcon_parallel_executor.executor.parallel:loop closed
[7.903s] DEBUG:colcon.colcon_parallel_executor.executor.parallel:run_until_complete finished with '0'
[7.904s] DEBUG:colcon.colcon_core.event_reactor:joining thread
[7.992s] INFO:colcon.colcon_core.plugin_system:Skipping extension 'colcon_notification.desktop_notification.notify_send': Could not find 'notify-send'
[7.993s] INFO:colcon.colcon_core.plugin_system:Skipping extension 'colcon_notification.desktop_notification.terminal_notifier': Not used on non-Darwin systems
[7.993s] INFO:colcon.colcon_core.plugin_system:Skipping extension 'colcon_notification.desktop_notification.win32': Not used on non-Windows systems
[7.993s] INFO:colcon.colcon_notification.desktop_notification:Sending desktop notification using 'notify2'
[8.043s] DEBUG:colcon.colcon_notification.desktop_notification.notify2:Failed to initialize notify2: org.freedesktop.DBus.Error.ServiceUnknown: The name org.freedesktop.Notifications was not provided by any .service files
[8.043s] DEBUG:colcon.colcon_core.event_reactor:joined thread
[8.101s] INFO:colcon.colcon_core.shell:Creating prefix script '/home/robotix/ros2_ws/src/install/local_setup.ps1'
[8.106s] INFO:colcon.colcon_core.shell:Creating prefix util module '/home/robotix/ros2_ws/src/install/_local_setup_util_ps1.py'
[8.113s] INFO:colcon.colcon_core.shell:Creating prefix chain script '/home/robotix/ros2_ws/src/install/setup.ps1'
[8.175s] INFO:colcon.colcon_core.shell:Creating prefix script '/home/robotix/ros2_ws/src/install/local_setup.sh'
[8.182s] INFO:colcon.colcon_core.shell:Creating prefix util module '/home/robotix/ros2_ws/src/install/_local_setup_util_sh.py'
[8.184s] INFO:colcon.colcon_core.shell:Creating prefix chain script '/home/robotix/ros2_ws/src/install/setup.sh'
[8.246s] INFO:colcon.colcon_core.shell:Creating prefix script '/home/robotix/ros2_ws/src/install/local_setup.bash'
[8.249s] INFO:colcon.colcon_core.shell:Creating prefix chain script '/home/robotix/ros2_ws/src/install/setup.bash'
[8.310s] INFO:colcon.colcon_core.shell:Creating prefix script '/home/robotix/ros2_ws/src/install/local_setup.zsh'
[8.313s] INFO:colcon.colcon_core.shell:Creating prefix chain script '/home/robotix/ros2_ws/src/install/setup.zsh'
