[6.289s] Invoking command in '/home/robotix/ros2_ws/src/build/robotix': PYTHONPATH=/home/robotix/ros2_ws/src/build/robotix/prefix_override:/home/robotix/ros2_ws/src/install/robotix/lib/python3.10/site-packages:${PYTHONPATH} /usr/bin/python3 setup.py develop --editable --build-directory /home/robotix/ros2_ws/src/build/robotix/build --no-deps install_data
[7.634s] running develop
[8.381s] running egg_info
[8.382s] writing robotix.egg-info/PKG-INFO
[8.383s] writing dependency_links to robotix.egg-info/dependency_links.txt
[8.385s] writing entry points to robotix.egg-info/entry_points.txt
[8.385s] writing requirements to robotix.egg-info/requires.txt
[8.386s] writing top-level names to robotix.egg-info/top_level.txt
[8.394s] reading manifest file 'robotix.egg-info/SOURCES.txt'
[8.399s] writing manifest file 'robotix.egg-info/SOURCES.txt'
[8.406s] running build_ext
[8.406s] Creating /home/robotix/ros2_ws/src/install/robotix/lib/python3.10/site-packages/robotix.egg-link (link to .)
[8.414s] Installing codeuse script to /home/robotix/ros2_ws/src/install/robotix/lib/robotix
[8.414s] Installing controller script to /home/robotix/ros2_ws/src/install/robotix/lib/robotix
[8.416s] Installing ctrl_claw script to /home/robotix/ros2_ws/src/install/robotix/lib/robotix
[8.417s] Installing ctrl_nav script to /home/robotix/ros2_ws/src/install/robotix/lib/robotix
[8.419s] Installing jetson script to /home/robotix/ros2_ws/src/install/robotix/lib/robotix
[8.420s] Installing laser script to /home/robotix/ros2_ws/src/install/robotix/lib/robotix
[8.421s] Installing lidar script to /home/robotix/ros2_ws/src/install/robotix/lib/robotix
[8.421s] Installing motor script to /home/robotix/ros2_ws/src/install/robotix/lib/robotix
[8.422s] Installing motor_claw script to /home/robotix/ros2_ws/src/install/robotix/lib/robotix
[8.423s] Installing motor_plateau script to /home/robotix/ros2_ws/src/install/robotix/lib/robotix
[8.423s] Installing serial_pince script to /home/robotix/ros2_ws/src/install/robotix/lib/robotix
[8.424s] 
[8.424s] Installed /home/robotix/ros2_ws/src/build/robotix
[8.425s] running install_data
[8.615s] Invoked command in '/home/robotix/ros2_ws/src/build/robotix' returned '0': PYTHONPATH=/home/robotix/ros2_ws/src/build/robotix/prefix_override:/home/robotix/ros2_ws/src/install/robotix/lib/python3.10/site-packages:${PYTHONPATH} /usr/bin/python3 setup.py develop --editable --build-directory /home/robotix/ros2_ws/src/build/robotix/build --no-deps install_data
