[6.611s] Invoking command in '/home/robotix/ros2_ws/src/robotix': PYTHONPATH=/home/robotix/ros2_ws/build/robotix/prefix_override:/home/robotix/ros2_ws/install/robotix/lib/python3.10/site-packages:${PYTHONPATH} /usr/bin/python3 setup.py egg_info --egg-base ../../build/robotix build --build-base /home/robotix/ros2_ws/build/robotix/build install --record /home/robotix/ros2_ws/build/robotix/install.log --single-version-externally-managed
[7.946s] running egg_info
[7.949s] writing ../../build/robotix/robotix.egg-info/PKG-INFO
[7.950s] writing dependency_links to ../../build/robotix/robotix.egg-info/dependency_links.txt
[7.952s] writing entry points to ../../build/robotix/robotix.egg-info/entry_points.txt
[7.953s] writing requirements to ../../build/robotix/robotix.egg-info/requires.txt
[7.954s] writing top-level names to ../../build/robotix/robotix.egg-info/top_level.txt
[7.964s] reading manifest file '../../build/robotix/robotix.egg-info/SOURCES.txt'
[7.971s] writing manifest file '../../build/robotix/robotix.egg-info/SOURCES.txt'
[7.973s] running build
[7.973s] running build_py
[7.977s] running install
[7.979s] running install_lib
[7.989s] running install_data
[7.992s] running install_egg_info
[8.001s] removing '/home/robotix/ros2_ws/install/robotix/lib/python3.10/site-packages/robotix-0.0.0-py3.10.egg-info' (and everything under it)
[8.003s] Copying ../../build/robotix/robotix.egg-info to /home/robotix/ros2_ws/install/robotix/lib/python3.10/site-packages/robotix-0.0.0-py3.10.egg-info
[8.012s] running install_scripts
[8.111s] Installing codeuse script to /home/robotix/ros2_ws/install/robotix/lib/robotix
[8.112s] Installing controller script to /home/robotix/ros2_ws/install/robotix/lib/robotix
[8.114s] Installing ctrl_claw script to /home/robotix/ros2_ws/install/robotix/lib/robotix
[8.115s] Installing ctrl_nav script to /home/robotix/ros2_ws/install/robotix/lib/robotix
[8.116s] Installing jetson script to /home/robotix/ros2_ws/install/robotix/lib/robotix
[8.117s] Installing laser script to /home/robotix/ros2_ws/install/robotix/lib/robotix
[8.118s] Installing lidar script to /home/robotix/ros2_ws/install/robotix/lib/robotix
[8.120s] Installing motor script to /home/robotix/ros2_ws/install/robotix/lib/robotix
[8.121s] Installing motor_claw script to /home/robotix/ros2_ws/install/robotix/lib/robotix
[8.123s] Installing motor_plateau script to /home/robotix/ros2_ws/install/robotix/lib/robotix
[8.127s] writing list of installed files to '/home/robotix/ros2_ws/build/robotix/install.log'
[8.596s] Invoked command in '/home/robotix/ros2_ws/src/robotix' returned '0': PYTHONPATH=/home/robotix/ros2_ws/build/robotix/prefix_override:/home/robotix/ros2_ws/install/robotix/lib/python3.10/site-packages:${PYTHONPATH} /usr/bin/python3 setup.py egg_info --egg-base ../../build/robotix build --build-base /home/robotix/ros2_ws/build/robotix/build install --record /home/robotix/ros2_ws/build/robotix/install.log --single-version-externally-managed
