[6.379s] Invoking command in '/home/robotix/ros2_ws/src/build/robotix': PYTHONPATH=/home/robotix/ros2_ws/src/build/robotix/prefix_override:/home/robotix/ros2_ws/src/install/robotix/lib/python3.10/site-packages:${PYTHONPATH} /usr/bin/python3 setup.py develop --editable --build-directory /home/robotix/ros2_ws/src/build/robotix/build --no-deps install_data
[7.765s] running develop
[8.530s] running egg_info
[8.531s] writing robotix.egg-info/PKG-INFO
[8.532s] writing dependency_links to robotix.egg-info/dependency_links.txt
[8.533s] writing entry points to robotix.egg-info/entry_points.txt
[8.534s] writing requirements to robotix.egg-info/requires.txt
[8.535s] writing top-level names to robotix.egg-info/top_level.txt
[8.544s] reading manifest file 'robotix.egg-info/SOURCES.txt'
[8.548s] writing manifest file 'robotix.egg-info/SOURCES.txt'
[8.555s] running build_ext
[8.556s] Creating /home/robotix/ros2_ws/src/install/robotix/lib/python3.10/site-packages/robotix.egg-link (link to .)
[8.562s] Installing codeuse script to /home/robotix/ros2_ws/src/install/robotix/lib/robotix
[8.563s] Installing controller script to /home/robotix/ros2_ws/src/install/robotix/lib/robotix
[8.564s] Installing ctrl_claw script to /home/robotix/ros2_ws/src/install/robotix/lib/robotix
[8.565s] Installing ctrl_nav script to /home/robotix/ros2_ws/src/install/robotix/lib/robotix
[8.567s] Installing jetson script to /home/robotix/ros2_ws/src/install/robotix/lib/robotix
[8.568s] Installing laser script to /home/robotix/ros2_ws/src/install/robotix/lib/robotix
[8.570s] Installing lidar script to /home/robotix/ros2_ws/src/install/robotix/lib/robotix
[8.571s] Installing motor script to /home/robotix/ros2_ws/src/install/robotix/lib/robotix
[8.572s] Installing motor_claw script to /home/robotix/ros2_ws/src/install/robotix/lib/robotix
[8.573s] Installing motor_plateau script to /home/robotix/ros2_ws/src/install/robotix/lib/robotix
[8.574s] 
[8.575s] Installed /home/robotix/ros2_ws/src/build/robotix
[8.576s] running install_data
[8.810s] Invoked command in '/home/robotix/ros2_ws/src/build/robotix' returned '0': PYTHONPATH=/home/robotix/ros2_ws/src/build/robotix/prefix_override:/home/robotix/ros2_ws/src/install/robotix/lib/python3.10/site-packages:${PYTHONPATH} /usr/bin/python3 setup.py develop --editable --build-directory /home/robotix/ros2_ws/src/build/robotix/build --no-deps install_data
