[7.243s] Invoking command in '/home/robotix/ros2_ws/src/robotix': PYTHONPATH=/home/robotix/ros2_ws/build/robotix/prefix_override:/home/robotix/ros2_ws/install/robotix/lib/python3.10/site-packages:${PYTHONPATH} /usr/bin/python3 setup.py egg_info --egg-base ../../build/robotix build --build-base /home/robotix/ros2_ws/build/robotix/build install --record /home/robotix/ros2_ws/build/robotix/install.log --single-version-externally-managed
[8.593s] running egg_info
[8.595s] writing ../../build/robotix/robotix.egg-info/PKG-INFO
[8.601s] writing dependency_links to ../../build/robotix/robotix.egg-info/dependency_links.txt
[8.604s] writing entry points to ../../build/robotix/robotix.egg-info/entry_points.txt
[8.606s] writing requirements to ../../build/robotix/robotix.egg-info/requires.txt
[8.607s] writing top-level names to ../../build/robotix/robotix.egg-info/top_level.txt
[8.621s] reading manifest file '../../build/robotix/robotix.egg-info/SOURCES.txt'
[8.628s] writing manifest file '../../build/robotix/robotix.egg-info/SOURCES.txt'
[8.629s] running build
[8.630s] running build_py
[8.637s] running install
[8.639s] running install_lib
[8.653s] running install_data
[8.656s] running install_egg_info
[8.665s] removing '/home/robotix/ros2_ws/install/robotix/lib/python3.10/site-packages/robotix-0.0.0-py3.10.egg-info' (and everything under it)
[8.668s] Copying ../../build/robotix/robotix.egg-info to /home/robotix/ros2_ws/install/robotix/lib/python3.10/site-packages/robotix-0.0.0-py3.10.egg-info
[8.678s] running install_scripts
[8.787s] Installing codeuse script to /home/robotix/ros2_ws/install/robotix/lib/robotix
[8.790s] Installing controller script to /home/robotix/ros2_ws/install/robotix/lib/robotix
[8.792s] Installing ctrl_claw script to /home/robotix/ros2_ws/install/robotix/lib/robotix
[8.794s] Installing ctrl_nav script to /home/robotix/ros2_ws/install/robotix/lib/robotix
[8.796s] Installing jetson script to /home/robotix/ros2_ws/install/robotix/lib/robotix
[8.798s] Installing laser script to /home/robotix/ros2_ws/install/robotix/lib/robotix
[8.800s] Installing lidar script to /home/robotix/ros2_ws/install/robotix/lib/robotix
[8.802s] Installing motor script to /home/robotix/ros2_ws/install/robotix/lib/robotix
[8.803s] Installing motor_claw script to /home/robotix/ros2_ws/install/robotix/lib/robotix
[8.805s] Installing motor_plateau script to /home/robotix/ros2_ws/install/robotix/lib/robotix
[8.810s] writing list of installed files to '/home/robotix/ros2_ws/build/robotix/install.log'
[9.253s] Invoked command in '/home/robotix/ros2_ws/src/robotix' returned '0': PYTHONPATH=/home/robotix/ros2_ws/build/robotix/prefix_override:/home/robotix/ros2_ws/install/robotix/lib/python3.10/site-packages:${PYTHONPATH} /usr/bin/python3 setup.py egg_info --egg-base ../../build/robotix build --build-base /home/robotix/ros2_ws/build/robotix/build install --record /home/robotix/ros2_ws/build/robotix/install.log --single-version-externally-managed
