[7.753s] Invoking command in '/home/robotix/ros2_ws/build/vl53l5cx': PYTHONPATH=/home/robotix/ros2_ws/build/vl53l5cx/prefix_override:/home/robotix/ros2_ws/install/vl53l5cx/lib/python3.10/site-packages:${PYTHONPATH} /usr/bin/python3 setup.py develop --editable --build-directory /home/robotix/ros2_ws/build/vl53l5cx/build --no-deps install_data
[9.286s] running develop
[10.019s] running egg_info
[10.020s] creating vl53l5cx.egg-info
[10.020s] writing vl53l5cx.egg-info/PKG-INFO
[10.022s] writing dependency_links to vl53l5cx.egg-info/dependency_links.txt
[10.023s] writing entry points to vl53l5cx.egg-info/entry_points.txt
[10.023s] writing requirements to vl53l5cx.egg-info/requires.txt
[10.024s] writing top-level names to vl53l5cx.egg-info/top_level.txt
[10.025s] writing manifest file 'vl53l5cx.egg-info/SOURCES.txt'
[10.032s] reading manifest file 'vl53l5cx.egg-info/SOURCES.txt'
[10.036s] writing manifest file 'vl53l5cx.egg-info/SOURCES.txt'
[10.045s] running build_ext
[10.047s] Creating /home/robotix/ros2_ws/install/vl53l5cx/lib/python3.10/site-packages/vl53l5cx.egg-link (link to .)
[10.054s] 
[10.056s] Installed /home/robotix/ros2_ws/build/vl53l5cx
[10.058s] running install_data
[10.060s] creating /home/robotix/ros2_ws/install/vl53l5cx/share/ament_index
[10.062s] creating /home/robotix/ros2_ws/install/vl53l5cx/share/ament_index/resource_index
[10.071s] creating /home/robotix/ros2_ws/install/vl53l5cx/share/ament_index/resource_index/packages
[10.073s] copying resource/vl53l5cx -> /home/robotix/ros2_ws/install/vl53l5cx/share/ament_index/resource_index/packages
[10.075s] copying package.xml -> /home/robotix/ros2_ws/install/vl53l5cx/share/vl53l5cx
[10.538s] Invoked command in '/home/robotix/ros2_ws/build/vl53l5cx' returned '0': PYTHONPATH=/home/robotix/ros2_ws/build/vl53l5cx/prefix_override:/home/robotix/ros2_ws/install/vl53l5cx/lib/python3.10/site-packages:${PYTHONPATH} /usr/bin/python3 setup.py develop --editable --build-directory /home/robotix/ros2_ws/build/vl53l5cx/build --no-deps install_data
