[4.474s] Invoking command in '/home/robotix/ros2_ws/build/robotix': PYTHONPATH=/home/robotix/ros2_ws/build/robotix/prefix_override:/home/robotix/ros2_ws/install/robotix/lib/python3.10/site-packages:${PYTHONPATH} /usr/bin/python3 setup.py develop --editable --build-directory /home/robotix/ros2_ws/build/robotix/build --no-deps install_data
[6.361s] running develop
[7.622s] running egg_info
[7.623s] writing robotix.egg-info/PKG-INFO
[7.625s] writing dependency_links to robotix.egg-info/dependency_links.txt
[7.627s] writing entry points to robotix.egg-info/entry_points.txt
[7.629s] writing requirements to robotix.egg-info/requires.txt
[7.630s] writing top-level names to robotix.egg-info/top_level.txt
[7.643s] reading manifest file 'robotix.egg-info/SOURCES.txt'
[7.650s] writing manifest file 'robotix.egg-info/SOURCES.txt'
[7.658s] running build_ext
[7.659s] Creating /home/robotix/ros2_ws/install/robotix/lib/python3.10/site-packages/robotix.egg-link (link to .)
[7.665s] Installing codeuse script to /home/robotix/ros2_ws/install/robotix/lib/robotix
[7.667s] Installing controller script to /home/robotix/ros2_ws/install/robotix/lib/robotix
[7.669s] Installing ctrl_claw script to /home/robotix/ros2_ws/install/robotix/lib/robotix
[7.670s] Installing ctrl_nav script to /home/robotix/ros2_ws/install/robotix/lib/robotix
[7.671s] Installing jetson script to /home/robotix/ros2_ws/install/robotix/lib/robotix
[7.672s] Installing laser script to /home/robotix/ros2_ws/install/robotix/lib/robotix
[7.673s] Installing lidar script to /home/robotix/ros2_ws/install/robotix/lib/robotix
[7.675s] Installing motor script to /home/robotix/ros2_ws/install/robotix/lib/robotix
[7.676s] Installing motor_claw script to /home/robotix/ros2_ws/install/robotix/lib/robotix
[7.677s] Installing motor_plateau script to /home/robotix/ros2_ws/install/robotix/lib/robotix
[7.680s] 
[7.681s] Installed /home/robotix/ros2_ws/build/robotix
[7.683s] running install_data
[7.881s] Invoked command in '/home/robotix/ros2_ws/build/robotix' returned '0': PYTHONPATH=/home/robotix/ros2_ws/build/robotix/prefix_override:/home/robotix/ros2_ws/install/robotix/lib/python3.10/site-packages:${PYTHONPATH} /usr/bin/python3 setup.py develop --editable --build-directory /home/robotix/ros2_ws/build/robotix/build --no-deps install_data
