[6.864s] Invoking command in '/home/robotix/ros2_ws/src/build/robotix': PYTHONPATH=/home/robotix/ros2_ws/src/build/robotix/prefix_override:/home/robotix/ros2_ws/src/install/robotix/lib/python3.10/site-packages:${PYTHONPATH} /usr/bin/python3 setup.py develop --editable --build-directory /home/robotix/ros2_ws/src/build/robotix/build --no-deps install_data
[8.364s] running develop
[9.379s] running egg_info
[9.380s] writing robotix.egg-info/PKG-INFO
[9.381s] writing dependency_links to robotix.egg-info/dependency_links.txt
[9.383s] writing entry points to robotix.egg-info/entry_points.txt
[9.384s] writing requirements to robotix.egg-info/requires.txt
[9.386s] writing top-level names to robotix.egg-info/top_level.txt
[9.396s] reading manifest file 'robotix.egg-info/SOURCES.txt'
[9.401s] writing manifest file 'robotix.egg-info/SOURCES.txt'
[9.410s] running build_ext
[9.411s] Creating /home/robotix/ros2_ws/src/install/robotix/lib/python3.10/site-packages/robotix.egg-link (link to .)
[9.419s] Installing codeuse script to /home/robotix/ros2_ws/src/install/robotix/lib/robotix
[9.421s] Installing controller script to /home/robotix/ros2_ws/src/install/robotix/lib/robotix
[9.422s] Installing ctrl_claw script to /home/robotix/ros2_ws/src/install/robotix/lib/robotix
[9.423s] Installing ctrl_nav script to /home/robotix/ros2_ws/src/install/robotix/lib/robotix
[9.427s] Installing jetson script to /home/robotix/ros2_ws/src/install/robotix/lib/robotix
[9.429s] Installing laser script to /home/robotix/ros2_ws/src/install/robotix/lib/robotix
[9.430s] Installing lidar script to /home/robotix/ros2_ws/src/install/robotix/lib/robotix
[9.431s] Installing motor script to /home/robotix/ros2_ws/src/install/robotix/lib/robotix
[9.432s] Installing motor_claw script to /home/robotix/ros2_ws/src/install/robotix/lib/robotix
[9.433s] Installing motor_plateau script to /home/robotix/ros2_ws/src/install/robotix/lib/robotix
[9.436s] 
[9.437s] Installed /home/robotix/ros2_ws/src/build/robotix
[9.438s] running install_data
[9.630s] Invoked command in '/home/robotix/ros2_ws/src/build/robotix' returned '0': PYTHONPATH=/home/robotix/ros2_ws/src/build/robotix/prefix_override:/home/robotix/ros2_ws/src/install/robotix/lib/python3.10/site-packages:${PYTHONPATH} /usr/bin/python3 setup.py develop --editable --build-directory /home/robotix/ros2_ws/src/build/robotix/build --no-deps install_data
