[4.134s] DEBUG:colcon:Command line arguments: ['/usr/bin/colcon', 'build', '--symlink-install']
[4.134s] DEBUG:colcon:Parsed command line arguments: Namespace(log_base=None, log_level=None, verb_name='build', build_base='build', install_base='install', merge_install=False, symlink_install=True, test_result_base=None, continue_on_error=False, executor='parallel', parallel_workers=4, event_handlers=None, ignore_user_meta=False, metas=['./colcon.meta'], base_paths=['.'], packages_ignore=None, packages_ignore_regex=None, paths=None, packages_up_to=None, packages_up_to_regex=None, packages_above=None, packages_above_and_dependencies=None, packages_above_depth=None, packages_select_by_dep=None, packages_skip_by_dep=None, packages_skip_up_to=None, packages_select_build_failed=False, packages_skip_build_finished=False, packages_select_test_failures=False, packages_skip_test_passed=False, packages_select=None, packages_skip=None, packages_select_regex=None, packages_skip_regex=None, packages_start=None, packages_end=None, allow_overriding=[], cmake_args=None, cmake_target=None, cmake_target_skip_unavailable=False, cmake_clean_cache=False, cmake_clean_first=False, cmake_force_configure=False, ament_cmake_args=None, catkin_cmake_args=None, catkin_skip_building_tests=False, verb_parser=<colcon_defaults.argument_parser.defaults.DefaultArgumentsDecorator object at 0xffffae32ed40>, verb_extension=<colcon_core.verb.build.BuildVerb object at 0xffffae5d4040>, main=<bound method BuildVerb.main of <colcon_core.verb.build.BuildVerb object at 0xffffae5d4040>>)
[4.330s] Level 1:colcon.colcon_core.package_discovery:discover_packages(colcon_meta) check parameters
[4.331s] Level 1:colcon.colcon_core.package_discovery:discover_packages(recursive) check parameters
[4.331s] Level 1:colcon.colcon_core.package_discovery:discover_packages(ignore) check parameters
[4.331s] Level 1:colcon.colcon_core.package_discovery:discover_packages(path) check parameters
[4.331s] Level 1:colcon.colcon_core.package_discovery:discover_packages(colcon_meta) discover
[4.331s] Level 1:colcon.colcon_core.package_discovery:discover_packages(recursive) discover
[4.332s] INFO:colcon.colcon_core.package_discovery:Crawling recursively for packages in '/home/robotix/ros2_ws'
[4.332s] Level 1:colcon.colcon_core.package_identification:_identify(.) by extensions ['ignore', 'ignore_ament_install']
[4.333s] Level 1:colcon.colcon_core.package_identification:_identify(.) by extension 'ignore'
[4.333s] Level 1:colcon.colcon_core.package_identification:_identify(.) by extension 'ignore_ament_install'
[4.333s] Level 1:colcon.colcon_core.package_identification:_identify(.) by extensions ['colcon_pkg']
[4.333s] Level 1:colcon.colcon_core.package_identification:_identify(.) by extension 'colcon_pkg'
[4.333s] Level 1:colcon.colcon_core.package_identification:_identify(.) by extensions ['colcon_meta']
[4.333s] Level 1:colcon.colcon_core.package_identification:_identify(.) by extension 'colcon_meta'
[4.334s] Level 1:colcon.colcon_core.package_identification:_identify(.) by extensions ['ros']
[4.334s] Level 1:colcon.colcon_core.package_identification:_identify(.) by extension 'ros'
[4.387s] Level 1:colcon.colcon_core.package_identification:_identify(.) by extensions ['cmake', 'python']
[4.387s] Level 1:colcon.colcon_core.package_identification:_identify(.) by extension 'cmake'
[4.387s] Level 1:colcon.colcon_core.package_identification:_identify(.) by extension 'python'
[4.387s] Level 1:colcon.colcon_core.package_identification:_identify(.) by extensions ['python_setup_py']
[4.387s] Level 1:colcon.colcon_core.package_identification:_identify(.) by extension 'python_setup_py'
[4.388s] Level 1:colcon.colcon_core.package_identification:_identify(build) by extensions ['ignore', 'ignore_ament_install']
[4.388s] Level 1:colcon.colcon_core.package_identification:_identify(build) by extension 'ignore'
[4.389s] Level 1:colcon.colcon_core.package_identification:_identify(build) ignored
[4.389s] Level 1:colcon.colcon_core.package_identification:_identify(install) by extensions ['ignore', 'ignore_ament_install']
[4.390s] Level 1:colcon.colcon_core.package_identification:_identify(install) by extension 'ignore'
[4.390s] Level 1:colcon.colcon_core.package_identification:_identify(install) ignored
[4.391s] Level 1:colcon.colcon_core.package_identification:_identify(log) by extensions ['ignore', 'ignore_ament_install']
[4.391s] Level 1:colcon.colcon_core.package_identification:_identify(log) by extension 'ignore'
[4.392s] Level 1:colcon.colcon_core.package_identification:_identify(log) ignored
[4.392s] Level 1:colcon.colcon_core.package_identification:_identify(src) by extensions ['ignore', 'ignore_ament_install']
[4.392s] Level 1:colcon.colcon_core.package_identification:_identify(src) by extension 'ignore'
[4.393s] Level 1:colcon.colcon_core.package_identification:_identify(src) by extension 'ignore_ament_install'
[4.393s] Level 1:colcon.colcon_core.package_identification:_identify(src) by extensions ['colcon_pkg']
[4.393s] Level 1:colcon.colcon_core.package_identification:_identify(src) by extension 'colcon_pkg'
[4.393s] Level 1:colcon.colcon_core.package_identification:_identify(src) by extensions ['colcon_meta']
[4.393s] Level 1:colcon.colcon_core.package_identification:_identify(src) by extension 'colcon_meta'
[4.393s] Level 1:colcon.colcon_core.package_identification:_identify(src) by extensions ['ros']
[4.394s] Level 1:colcon.colcon_core.package_identification:_identify(src) by extension 'ros'
[4.394s] Level 1:colcon.colcon_core.package_identification:_identify(src) by extensions ['cmake', 'python']
[4.394s] Level 1:colcon.colcon_core.package_identification:_identify(src) by extension 'cmake'
[4.394s] Level 1:colcon.colcon_core.package_identification:_identify(src) by extension 'python'
[4.394s] Level 1:colcon.colcon_core.package_identification:_identify(src) by extensions ['python_setup_py']
[4.395s] Level 1:colcon.colcon_core.package_identification:_identify(src) by extension 'python_setup_py'
[4.395s] Level 1:colcon.colcon_core.package_identification:_identify(src/alextropfort) by extensions ['ignore', 'ignore_ament_install']
[4.395s] Level 1:colcon.colcon_core.package_identification:_identify(src/alextropfort) by extension 'ignore'
[4.396s] Level 1:colcon.colcon_core.package_identification:_identify(src/alextropfort) by extension 'ignore_ament_install'
[4.396s] Level 1:colcon.colcon_core.package_identification:_identify(src/alextropfort) by extensions ['colcon_pkg']
[4.396s] Level 1:colcon.colcon_core.package_identification:_identify(src/alextropfort) by extension 'colcon_pkg'
[4.396s] Level 1:colcon.colcon_core.package_identification:_identify(src/alextropfort) by extensions ['colcon_meta']
[4.396s] Level 1:colcon.colcon_core.package_identification:_identify(src/alextropfort) by extension 'colcon_meta'
[4.397s] Level 1:colcon.colcon_core.package_identification:_identify(src/alextropfort) by extensions ['ros']
[4.397s] Level 1:colcon.colcon_core.package_identification:_identify(src/alextropfort) by extension 'ros'
[4.406s] DEBUG:colcon.colcon_core.package_identification:Package 'src/alextropfort' with type 'ros.ament_python' and name 'alextropfort'
[4.407s] Level 1:colcon.colcon_core.package_identification:_identify(src/build) by extensions ['ignore', 'ignore_ament_install']
[4.408s] Level 1:colcon.colcon_core.package_identification:_identify(src/build) by extension 'ignore'
[4.408s] Level 1:colcon.colcon_core.package_identification:_identify(src/build) ignored
[4.408s] Level 1:colcon.colcon_core.package_identification:_identify(src/install) by extensions ['ignore', 'ignore_ament_install']
[4.409s] Level 1:colcon.colcon_core.package_identification:_identify(src/install) by extension 'ignore'
[4.409s] Level 1:colcon.colcon_core.package_identification:_identify(src/install) ignored
[4.410s] Level 1:colcon.colcon_core.package_identification:_identify(src/log) by extensions ['ignore', 'ignore_ament_install']
[4.410s] Level 1:colcon.colcon_core.package_identification:_identify(src/log) by extension 'ignore'
[4.411s] Level 1:colcon.colcon_core.package_identification:_identify(src/log) ignored
[4.411s] Level 1:colcon.colcon_core.package_identification:_identify(src/robotix) by extensions ['ignore', 'ignore_ament_install']
[4.412s] Level 1:colcon.colcon_core.package_identification:_identify(src/robotix) by extension 'ignore'
[4.412s] Level 1:colcon.colcon_core.package_identification:_identify(src/robotix) by extension 'ignore_ament_install'
[4.412s] Level 1:colcon.colcon_core.package_identification:_identify(src/robotix) by extensions ['colcon_pkg']
[4.412s] Level 1:colcon.colcon_core.package_identification:_identify(src/robotix) by extension 'colcon_pkg'
[4.412s] Level 1:colcon.colcon_core.package_identification:_identify(src/robotix) by extensions ['colcon_meta']
[4.413s] Level 1:colcon.colcon_core.package_identification:_identify(src/robotix) by extension 'colcon_meta'
[4.413s] Level 1:colcon.colcon_core.package_identification:_identify(src/robotix) by extensions ['ros']
[4.413s] Level 1:colcon.colcon_core.package_identification:_identify(src/robotix) by extension 'ros'
[4.417s] DEBUG:colcon.colcon_core.package_identification:Package 'src/robotix' with type 'ros.ament_python' and name 'robotix'
[4.418s] Level 1:colcon.colcon_core.package_identification:_identify(src/vl53l5cx_python) by extensions ['ignore', 'ignore_ament_install']
[4.418s] Level 1:colcon.colcon_core.package_identification:_identify(src/vl53l5cx_python) by extension 'ignore'
[4.418s] Level 1:colcon.colcon_core.package_identification:_identify(src/vl53l5cx_python) by extension 'ignore_ament_install'
[4.419s] Level 1:colcon.colcon_core.package_identification:_identify(src/vl53l5cx_python) by extensions ['colcon_pkg']
[4.419s] Level 1:colcon.colcon_core.package_identification:_identify(src/vl53l5cx_python) by extension 'colcon_pkg'
[4.419s] Level 1:colcon.colcon_core.package_identification:_identify(src/vl53l5cx_python) by extensions ['colcon_meta']
[4.419s] Level 1:colcon.colcon_core.package_identification:_identify(src/vl53l5cx_python) by extension 'colcon_meta'
[4.419s] Level 1:colcon.colcon_core.package_identification:_identify(src/vl53l5cx_python) by extensions ['ros']
[4.420s] Level 1:colcon.colcon_core.package_identification:_identify(src/vl53l5cx_python) by extension 'ros'
[4.420s] Level 1:colcon.colcon_core.package_identification:_identify(src/vl53l5cx_python) by extensions ['cmake', 'python']
[4.420s] Level 1:colcon.colcon_core.package_identification:_identify(src/vl53l5cx_python) by extension 'cmake'
[4.420s] Level 1:colcon.colcon_core.package_identification:_identify(src/vl53l5cx_python) by extension 'python'
[4.421s] Level 1:colcon.colcon_core.package_identification:_identify(src/vl53l5cx_python) by extensions ['python_setup_py']
[4.421s] Level 1:colcon.colcon_core.package_identification:_identify(src/vl53l5cx_python) by extension 'python_setup_py'
[5.617s] DEBUG:colcon.colcon_core.package_identification:Package 'src/vl53l5cx_python' with type 'python' and name 'VL53L5CX'
[5.617s] Level 1:colcon.colcon_core.package_identification:_identify(src/ydlidar_ros2_driver) by extensions ['ignore', 'ignore_ament_install']
[5.618s] Level 1:colcon.colcon_core.package_identification:_identify(src/ydlidar_ros2_driver) by extension 'ignore'
[5.618s] Level 1:colcon.colcon_core.package_identification:_identify(src/ydlidar_ros2_driver) by extension 'ignore_ament_install'
[5.618s] Level 1:colcon.colcon_core.package_identification:_identify(src/ydlidar_ros2_driver) by extensions ['colcon_pkg']
[5.618s] Level 1:colcon.colcon_core.package_identification:_identify(src/ydlidar_ros2_driver) by extension 'colcon_pkg'
[5.619s] Level 1:colcon.colcon_core.package_identification:_identify(src/ydlidar_ros2_driver) by extensions ['colcon_meta']
[5.619s] Level 1:colcon.colcon_core.package_identification:_identify(src/ydlidar_ros2_driver) by extension 'colcon_meta'
[5.619s] Level 1:colcon.colcon_core.package_identification:_identify(src/ydlidar_ros2_driver) by extensions ['ros']
[5.619s] Level 1:colcon.colcon_core.package_identification:_identify(src/ydlidar_ros2_driver) by extension 'ros'
[5.622s] DEBUG:colcon.colcon_core.package_identification:Package 'src/ydlidar_ros2_driver' with type 'ros.ament_cmake' and name 'ydlidar_ros2_driver'
[5.622s] Level 1:colcon.colcon_core.package_discovery:discover_packages(recursive) using defaults
[5.622s] Level 1:colcon.colcon_core.package_discovery:discover_packages(ignore) discover
[5.622s] Level 1:colcon.colcon_core.package_discovery:discover_packages(ignore) using defaults
[5.622s] Level 1:colcon.colcon_core.package_discovery:discover_packages(path) discover
[5.623s] Level 1:colcon.colcon_core.package_discovery:discover_packages(path) using defaults
[5.993s] Level 1:colcon.colcon_core.package_discovery:discover_packages(prefix_path) check parameters
[5.993s] Level 1:colcon.colcon_core.package_discovery:discover_packages(prefix_path) discover
[6.113s] DEBUG:colcon.colcon_installed_package_information.package_discovery:Found 3 installed packages in /home/robotix/ros2_ws/install
[6.171s] DEBUG:colcon.colcon_installed_package_information.package_discovery:Found 3 installed packages in /home/robotix/ros2_ws/src/install
[6.236s] DEBUG:colcon.colcon_installed_package_information.package_discovery:Found 180 installed packages in /opt/ros/humble
[6.241s] Level 1:colcon.colcon_core.package_discovery:discover_packages(prefix_path) using defaults
[6.544s] Level 5:colcon.colcon_core.verb:set package 'VL53L5CX' build argument 'cmake_args' from command line to 'None'
[6.544s] Level 5:colcon.colcon_core.verb:set package 'VL53L5CX' build argument 'cmake_target' from command line to 'None'
[6.544s] Level 5:colcon.colcon_core.verb:set package 'VL53L5CX' build argument 'cmake_target_skip_unavailable' from command line to 'False'
[6.544s] Level 5:colcon.colcon_core.verb:set package 'VL53L5CX' build argument 'cmake_clean_cache' from command line to 'False'
[6.544s] Level 5:colcon.colcon_core.verb:set package 'VL53L5CX' build argument 'cmake_clean_first' from command line to 'False'
[6.544s] Level 5:colcon.colcon_core.verb:set package 'VL53L5CX' build argument 'cmake_force_configure' from command line to 'False'
[6.544s] Level 5:colcon.colcon_core.verb:set package 'VL53L5CX' build argument 'ament_cmake_args' from command line to 'None'
[6.545s] Level 5:colcon.colcon_core.verb:set package 'VL53L5CX' build argument 'catkin_cmake_args' from command line to 'None'
[6.545s] Level 5:colcon.colcon_core.verb:set package 'VL53L5CX' build argument 'catkin_skip_building_tests' from command line to 'False'
[6.545s] DEBUG:colcon.colcon_core.verb:Building package 'VL53L5CX' with the following arguments: {'ament_cmake_args': None, 'build_base': '/home/robotix/ros2_ws/build/VL53L5CX', 'catkin_cmake_args': None, 'catkin_skip_building_tests': False, 'cmake_args': None, 'cmake_clean_cache': False, 'cmake_clean_first': False, 'cmake_force_configure': False, 'cmake_target': None, 'cmake_target_skip_unavailable': False, 'install_base': '/home/robotix/ros2_ws/install/VL53L5CX', 'merge_install': False, 'path': '/home/robotix/ros2_ws/src/vl53l5cx_python', 'symlink_install': True, 'test_result_base': None}
[6.601s] Level 5:colcon.colcon_core.verb:set package 'alextropfort' build argument 'cmake_args' from command line to 'None'
[6.602s] Level 5:colcon.colcon_core.verb:set package 'alextropfort' build argument 'cmake_target' from command line to 'None'
[6.602s] Level 5:colcon.colcon_core.verb:set package 'alextropfort' build argument 'cmake_target_skip_unavailable' from command line to 'False'
[6.602s] Level 5:colcon.colcon_core.verb:set package 'alextropfort' build argument 'cmake_clean_cache' from command line to 'False'
[6.602s] Level 5:colcon.colcon_core.verb:set package 'alextropfort' build argument 'cmake_clean_first' from command line to 'False'
[6.602s] Level 5:colcon.colcon_core.verb:set package 'alextropfort' build argument 'cmake_force_configure' from command line to 'False'
[6.602s] Level 5:colcon.colcon_core.verb:set package 'alextropfort' build argument 'ament_cmake_args' from command line to 'None'
[6.602s] Level 5:colcon.colcon_core.verb:set package 'alextropfort' build argument 'catkin_cmake_args' from command line to 'None'
[6.603s] Level 5:colcon.colcon_core.verb:set package 'alextropfort' build argument 'catkin_skip_building_tests' from command line to 'False'
[6.603s] DEBUG:colcon.colcon_core.verb:Building package 'alextropfort' with the following arguments: {'ament_cmake_args': None, 'build_base': '/home/robotix/ros2_ws/build/alextropfort', 'catkin_cmake_args': None, 'catkin_skip_building_tests': False, 'cmake_args': None, 'cmake_clean_cache': False, 'cmake_clean_first': False, 'cmake_force_configure': False, 'cmake_target': None, 'cmake_target_skip_unavailable': False, 'install_base': '/home/robotix/ros2_ws/install/alextropfort', 'merge_install': False, 'path': '/home/robotix/ros2_ws/src/alextropfort', 'symlink_install': True, 'test_result_base': None}
[6.660s] Level 5:colcon.colcon_core.verb:set package 'robotix' build argument 'cmake_args' from command line to 'None'
[6.660s] Level 5:colcon.colcon_core.verb:set package 'robotix' build argument 'cmake_target' from command line to 'None'
[6.660s] Level 5:colcon.colcon_core.verb:set package 'robotix' build argument 'cmake_target_skip_unavailable' from command line to 'False'
[6.660s] Level 5:colcon.colcon_core.verb:set package 'robotix' build argument 'cmake_clean_cache' from command line to 'False'
[6.660s] Level 5:colcon.colcon_core.verb:set package 'robotix' build argument 'cmake_clean_first' from command line to 'False'
[6.660s] Level 5:colcon.colcon_core.verb:set package 'robotix' build argument 'cmake_force_configure' from command line to 'False'
[6.661s] Level 5:colcon.colcon_core.verb:set package 'robotix' build argument 'ament_cmake_args' from command line to 'None'
[6.661s] Level 5:colcon.colcon_core.verb:set package 'robotix' build argument 'catkin_cmake_args' from command line to 'None'
[6.661s] Level 5:colcon.colcon_core.verb:set package 'robotix' build argument 'catkin_skip_building_tests' from command line to 'False'
[6.661s] DEBUG:colcon.colcon_core.verb:Building package 'robotix' with the following arguments: {'ament_cmake_args': None, 'build_base': '/home/robotix/ros2_ws/build/robotix', 'catkin_cmake_args': None, 'catkin_skip_building_tests': False, 'cmake_args': None, 'cmake_clean_cache': False, 'cmake_clean_first': False, 'cmake_force_configure': False, 'cmake_target': None, 'cmake_target_skip_unavailable': False, 'install_base': '/home/robotix/ros2_ws/install/robotix', 'merge_install': False, 'path': '/home/robotix/ros2_ws/src/robotix', 'symlink_install': True, 'test_result_base': None}
[6.718s] Level 5:colcon.colcon_core.verb:set package 'ydlidar_ros2_driver' build argument 'cmake_args' from command line to 'None'
[6.718s] Level 5:colcon.colcon_core.verb:set package 'ydlidar_ros2_driver' build argument 'cmake_target' from command line to 'None'
[6.718s] Level 5:colcon.colcon_core.verb:set package 'ydlidar_ros2_driver' build argument 'cmake_target_skip_unavailable' from command line to 'False'
[6.718s] Level 5:colcon.colcon_core.verb:set package 'ydlidar_ros2_driver' build argument 'cmake_clean_cache' from command line to 'False'
[6.718s] Level 5:colcon.colcon_core.verb:set package 'ydlidar_ros2_driver' build argument 'cmake_clean_first' from command line to 'False'
[6.718s] Level 5:colcon.colcon_core.verb:set package 'ydlidar_ros2_driver' build argument 'cmake_force_configure' from command line to 'False'
[6.718s] Level 5:colcon.colcon_core.verb:set package 'ydlidar_ros2_driver' build argument 'ament_cmake_args' from command line to 'None'
[6.719s] Level 5:colcon.colcon_core.verb:set package 'ydlidar_ros2_driver' build argument 'catkin_cmake_args' from command line to 'None'
[6.719s] Level 5:colcon.colcon_core.verb:set package 'ydlidar_ros2_driver' build argument 'catkin_skip_building_tests' from command line to 'False'
[6.719s] DEBUG:colcon.colcon_core.verb:Building package 'ydlidar_ros2_driver' with the following arguments: {'ament_cmake_args': None, 'build_base': '/home/robotix/ros2_ws/build/ydlidar_ros2_driver', 'catkin_cmake_args': None, 'catkin_skip_building_tests': False, 'cmake_args': None, 'cmake_clean_cache': False, 'cmake_clean_first': False, 'cmake_force_configure': False, 'cmake_target': None, 'cmake_target_skip_unavailable': False, 'install_base': '/home/robotix/ros2_ws/install/ydlidar_ros2_driver', 'merge_install': False, 'path': '/home/robotix/ros2_ws/src/ydlidar_ros2_driver', 'symlink_install': True, 'test_result_base': None}
[6.774s] INFO:colcon.colcon_core.executor:Executing jobs using 'parallel' executor
[6.832s] DEBUG:colcon.colcon_parallel_executor.executor.parallel:run_until_complete
[6.834s] INFO:colcon.colcon_core.task.python.build:Building Python package in '/home/robotix/ros2_ws/src/vl53l5cx_python'
[6.901s] INFO:colcon.colcon_core.plugin_system:Skipping extension 'colcon_core.shell.bat': Not used on non-Windows systems
[6.902s] INFO:colcon.colcon_core.shell:Skip shell extension 'powershell' for command environment: Not usable outside of PowerShell
[6.903s] DEBUG:colcon.colcon_core.shell:Skip shell extension 'dsv' for command environment
[7.146s] INFO:colcon.colcon_ros.task.ament_python.build:Building ROS package in '/home/robotix/ros2_ws/src/alextropfort' with build type 'ament_python'
[7.147s] Level 1:colcon.colcon_core.shell:create_environment_hook('alextropfort', 'ament_prefix_path')
[7.207s] INFO:colcon.colcon_core.shell:Creating environment hook '/home/robotix/ros2_ws/install/alextropfort/share/alextropfort/hook/ament_prefix_path.ps1'
[7.210s] INFO:colcon.colcon_core.shell:Creating environment descriptor '/home/robotix/ros2_ws/install/alextropfort/share/alextropfort/hook/ament_prefix_path.dsv'
[7.212s] INFO:colcon.colcon_core.shell:Creating environment hook '/home/robotix/ros2_ws/install/alextropfort/share/alextropfort/hook/ament_prefix_path.sh'
[7.271s] INFO:colcon.colcon_core.shell:Skip shell extension 'powershell' for command environment: Not usable outside of PowerShell
[7.272s] DEBUG:colcon.colcon_core.shell:Skip shell extension 'dsv' for command environment
[7.513s] INFO:colcon.colcon_ros.task.ament_python.build:Building ROS package in '/home/robotix/ros2_ws/src/robotix' with build type 'ament_python'
[7.513s] Level 1:colcon.colcon_core.shell:create_environment_hook('robotix', 'ament_prefix_path')
[7.573s] INFO:colcon.colcon_core.shell:Creating environment hook '/home/robotix/ros2_ws/install/robotix/share/robotix/hook/ament_prefix_path.ps1'
[7.575s] INFO:colcon.colcon_core.shell:Creating environment descriptor '/home/robotix/ros2_ws/install/robotix/share/robotix/hook/ament_prefix_path.dsv'
[7.577s] INFO:colcon.colcon_core.shell:Creating environment hook '/home/robotix/ros2_ws/install/robotix/share/robotix/hook/ament_prefix_path.sh'
[7.636s] INFO:colcon.colcon_core.shell:Skip shell extension 'powershell' for command environment: Not usable outside of PowerShell
[7.636s] DEBUG:colcon.colcon_core.shell:Skip shell extension 'dsv' for command environment
[7.880s] INFO:colcon.colcon_ros.task.ament_cmake.build:Building ROS package in '/home/robotix/ros2_ws/src/ydlidar_ros2_driver' with build type 'ament_cmake'
[7.880s] INFO:colcon.colcon_cmake.task.cmake.build:Building CMake package in '/home/robotix/ros2_ws/src/ydlidar_ros2_driver'
[7.941s] INFO:colcon.colcon_core.shell:Skip shell extension 'powershell' for command environment: Not usable outside of PowerShell
[7.942s] DEBUG:colcon.colcon_core.shell:Skip shell extension 'dsv' for command environment
[10.764s] INFO:colcon.colcon_core.task.python.build:Building Python package in '/home/robotix/ros2_ws/src/alextropfort'
[10.839s] INFO:colcon.colcon_core.shell:Skip shell extension 'powershell' for command environment: Not usable outside of PowerShell
[10.840s] DEBUG:colcon.colcon_core.shell:Skip shell extension 'dsv' for command environment
[12.412s] INFO:colcon.colcon_core.task.python.build:Building Python package in '/home/robotix/ros2_ws/src/robotix'
[12.473s] INFO:colcon.colcon_core.shell:Skip shell extension 'powershell' for command environment: Not usable outside of PowerShell
[12.473s] DEBUG:colcon.colcon_core.shell:Skip shell extension 'dsv' for command environment
[12.740s] DEBUG:colcon.colcon_core.event_handler.log_command:Invoking command in '/home/robotix/ros2_ws/build/ydlidar_ros2_driver': CMAKE_PREFIX_PATH=${CMAKE_PREFIX_PATH}:/home/robotix/ros2_ws/install/robotix:/home/robotix/ros2_ws/src/install/robotix:/opt/ros/humble /usr/bin/cmake --build /home/robotix/ros2_ws/build/ydlidar_ros2_driver -- -j4 -l4
[12.759s] DEBUG:colcon.colcon_core.event_handler.log_command:Invoking command in '/home/robotix/ros2_ws/build/VL53L5CX': PYTHONPATH=/home/robotix/ros2_ws/build/VL53L5CX/prefix_override:/home/robotix/ros2_ws/install/VL53L5CX/lib/python3.10/site-packages:${PYTHONPATH} /usr/bin/python3 setup.py develop --editable --build-directory /home/robotix/ros2_ws/build/VL53L5CX/build --no-deps
[13.203s] DEBUG:colcon.colcon_core.event_handler.log_command:Invoked command in '/home/robotix/ros2_ws/build/ydlidar_ros2_driver' returned '0': CMAKE_PREFIX_PATH=${CMAKE_PREFIX_PATH}:/home/robotix/ros2_ws/install/robotix:/home/robotix/ros2_ws/src/install/robotix:/opt/ros/humble /usr/bin/cmake --build /home/robotix/ros2_ws/build/ydlidar_ros2_driver -- -j4 -l4
[13.436s] DEBUG:colcon.colcon_core.event_handler.log_command:Invoking command in '/home/robotix/ros2_ws/build/ydlidar_ros2_driver': CMAKE_PREFIX_PATH=${CMAKE_PREFIX_PATH}:/home/robotix/ros2_ws/install/robotix:/home/robotix/ros2_ws/src/install/robotix:/opt/ros/humble /usr/bin/cmake --install /home/robotix/ros2_ws/build/ydlidar_ros2_driver
[13.620s] Level 1:colcon.colcon_core.environment:create_environment_scripts_only(ydlidar_ros2_driver)
[13.629s] DEBUG:colcon.colcon_core.event_handler.log_command:Invoked command in '/home/robotix/ros2_ws/build/ydlidar_ros2_driver' returned '0': CMAKE_PREFIX_PATH=${CMAKE_PREFIX_PATH}:/home/robotix/ros2_ws/install/robotix:/home/robotix/ros2_ws/src/install/robotix:/opt/ros/humble /usr/bin/cmake --install /home/robotix/ros2_ws/build/ydlidar_ros2_driver
[13.731s] Level 1:colcon.colcon_core.environment:checking '/home/robotix/ros2_ws/install/ydlidar_ros2_driver' for CMake module files
[13.735s] Level 1:colcon.colcon_core.environment:checking '/home/robotix/ros2_ws/install/ydlidar_ros2_driver' for CMake config files
[13.738s] Level 1:colcon.colcon_core.shell:create_environment_hook('ydlidar_ros2_driver', 'cmake_prefix_path')
[13.830s] INFO:colcon.colcon_core.shell:Creating environment hook '/home/robotix/ros2_ws/install/ydlidar_ros2_driver/share/ydlidar_ros2_driver/hook/cmake_prefix_path.ps1'
[13.832s] INFO:colcon.colcon_core.shell:Creating environment descriptor '/home/robotix/ros2_ws/install/ydlidar_ros2_driver/share/ydlidar_ros2_driver/hook/cmake_prefix_path.dsv'
[13.834s] INFO:colcon.colcon_core.shell:Creating environment hook '/home/robotix/ros2_ws/install/ydlidar_ros2_driver/share/ydlidar_ros2_driver/hook/cmake_prefix_path.sh'
[13.839s] Level 1:colcon.colcon_core.environment:checking '/home/robotix/ros2_ws/install/ydlidar_ros2_driver/lib'
[13.840s] Level 1:colcon.colcon_core.environment:checking '/home/robotix/ros2_ws/install/ydlidar_ros2_driver/bin'
[13.840s] Level 1:colcon.colcon_core.environment:checking '/home/robotix/ros2_ws/install/ydlidar_ros2_driver/lib/pkgconfig/ydlidar_ros2_driver.pc'
[13.842s] Level 1:colcon.colcon_core.environment:checking '/home/robotix/ros2_ws/install/ydlidar_ros2_driver/lib/python3.10/site-packages'
[13.843s] Level 1:colcon.colcon_core.environment:checking '/home/robotix/ros2_ws/install/ydlidar_ros2_driver/bin'
[13.938s] INFO:colcon.colcon_core.shell:Creating package script '/home/robotix/ros2_ws/install/ydlidar_ros2_driver/share/ydlidar_ros2_driver/package.ps1'
[13.943s] INFO:colcon.colcon_core.shell:Creating package descriptor '/home/robotix/ros2_ws/install/ydlidar_ros2_driver/share/ydlidar_ros2_driver/package.dsv'
[13.946s] INFO:colcon.colcon_core.shell:Creating package script '/home/robotix/ros2_ws/install/ydlidar_ros2_driver/share/ydlidar_ros2_driver/package.sh'
[13.951s] INFO:colcon.colcon_core.shell:Creating package script '/home/robotix/ros2_ws/install/ydlidar_ros2_driver/share/ydlidar_ros2_driver/package.bash'
[13.956s] INFO:colcon.colcon_core.shell:Creating package script '/home/robotix/ros2_ws/install/ydlidar_ros2_driver/share/ydlidar_ros2_driver/package.zsh'
[13.960s] Level 1:colcon.colcon_core.environment:create_file_with_runtime_dependencies(/home/robotix/ros2_ws/install/ydlidar_ros2_driver/share/colcon-core/packages/ydlidar_ros2_driver)
[14.288s] Level 1:colcon.colcon_core.environment:create_environment_scripts_only(ydlidar_ros2_driver)
[14.436s] Level 1:colcon.colcon_core.environment:checking '/home/robotix/ros2_ws/install/ydlidar_ros2_driver' for CMake module files
[14.440s] Level 1:colcon.colcon_core.environment:checking '/home/robotix/ros2_ws/install/ydlidar_ros2_driver' for CMake config files
[14.445s] Level 1:colcon.colcon_core.shell:create_environment_hook('ydlidar_ros2_driver', 'cmake_prefix_path')
[14.562s] INFO:colcon.colcon_core.shell:Creating environment hook '/home/robotix/ros2_ws/install/ydlidar_ros2_driver/share/ydlidar_ros2_driver/hook/cmake_prefix_path.ps1'
[14.564s] INFO:colcon.colcon_core.shell:Creating environment descriptor '/home/robotix/ros2_ws/install/ydlidar_ros2_driver/share/ydlidar_ros2_driver/hook/cmake_prefix_path.dsv'
[14.567s] INFO:colcon.colcon_core.shell:Creating environment hook '/home/robotix/ros2_ws/install/ydlidar_ros2_driver/share/ydlidar_ros2_driver/hook/cmake_prefix_path.sh'
[14.571s] Level 1:colcon.colcon_core.environment:checking '/home/robotix/ros2_ws/install/ydlidar_ros2_driver/lib'
[14.572s] Level 1:colcon.colcon_core.environment:checking '/home/robotix/ros2_ws/install/ydlidar_ros2_driver/bin'
[14.573s] Level 1:colcon.colcon_core.environment:checking '/home/robotix/ros2_ws/install/ydlidar_ros2_driver/lib/pkgconfig/ydlidar_ros2_driver.pc'
[14.575s] Level 1:colcon.colcon_core.environment:checking '/home/robotix/ros2_ws/install/ydlidar_ros2_driver/lib/python3.10/site-packages'
[14.577s] Level 1:colcon.colcon_core.environment:checking '/home/robotix/ros2_ws/install/ydlidar_ros2_driver/bin'
[14.679s] INFO:colcon.colcon_core.shell:Creating package script '/home/robotix/ros2_ws/install/ydlidar_ros2_driver/share/ydlidar_ros2_driver/package.ps1'
[14.682s] INFO:colcon.colcon_core.shell:Creating package descriptor '/home/robotix/ros2_ws/install/ydlidar_ros2_driver/share/ydlidar_ros2_driver/package.dsv'
[14.685s] INFO:colcon.colcon_core.shell:Creating package script '/home/robotix/ros2_ws/install/ydlidar_ros2_driver/share/ydlidar_ros2_driver/package.sh'
[14.687s] INFO:colcon.colcon_core.shell:Creating package script '/home/robotix/ros2_ws/install/ydlidar_ros2_driver/share/ydlidar_ros2_driver/package.bash'
[14.690s] INFO:colcon.colcon_core.shell:Creating package script '/home/robotix/ros2_ws/install/ydlidar_ros2_driver/share/ydlidar_ros2_driver/package.zsh'
[14.692s] Level 1:colcon.colcon_core.environment:create_file_with_runtime_dependencies(/home/robotix/ros2_ws/install/ydlidar_ros2_driver/share/colcon-core/packages/ydlidar_ros2_driver)
[15.211s] DEBUG:colcon.colcon_core.event_handler.log_command:Invoking command in '/home/robotix/ros2_ws/build/alextropfort': PYTHONPATH=/home/robotix/ros2_ws/build/alextropfort/prefix_override:/home/robotix/ros2_ws/install/alextropfort/lib/python3.10/site-packages:${PYTHONPATH} /usr/bin/python3 setup.py develop --editable --build-directory /home/robotix/ros2_ws/build/alextropfort/build --no-deps install_data
[15.224s] DEBUG:colcon.colcon_core.event_handler.log_command:Invoking command in '/home/robotix/ros2_ws/build/robotix': PYTHONPATH=/home/robotix/ros2_ws/build/robotix/prefix_override:/home/robotix/ros2_ws/install/robotix/lib/python3.10/site-packages:${PYTHONPATH} /usr/bin/python3 setup.py develop --editable --build-directory /home/robotix/ros2_ws/build/robotix/build --no-deps install_data
[15.831s] Level 1:colcon.colcon_core.shell:create_environment_hook('VL53L5CX', 'pythonpath_develop')
[15.845s] DEBUG:colcon.colcon_core.event_handler.log_command:Invoked command in '/home/robotix/ros2_ws/build/VL53L5CX' returned '0': PYTHONPATH=/home/robotix/ros2_ws/build/VL53L5CX/prefix_override:/home/robotix/ros2_ws/install/VL53L5CX/lib/python3.10/site-packages:${PYTHONPATH} /usr/bin/python3 setup.py develop --editable --build-directory /home/robotix/ros2_ws/build/VL53L5CX/build --no-deps
[15.910s] INFO:colcon.colcon_core.shell:Creating environment hook '/home/robotix/ros2_ws/build/VL53L5CX/share/VL53L5CX/hook/pythonpath_develop.ps1'
[15.912s] INFO:colcon.colcon_core.shell:Creating environment descriptor '/home/robotix/ros2_ws/build/VL53L5CX/share/VL53L5CX/hook/pythonpath_develop.dsv'
[15.914s] INFO:colcon.colcon_core.shell:Creating environment hook '/home/robotix/ros2_ws/build/VL53L5CX/share/VL53L5CX/hook/pythonpath_develop.sh'
[16.000s] Level 1:colcon.colcon_core.environment:checking '/home/robotix/ros2_ws/install/VL53L5CX' for CMake module files
[16.003s] Level 1:colcon.colcon_core.environment:checking '/home/robotix/ros2_ws/install/VL53L5CX' for CMake config files
[16.006s] Level 1:colcon.colcon_core.environment:checking '/home/robotix/ros2_ws/install/VL53L5CX/lib'
[16.006s] Level 1:colcon.colcon_core.environment:checking '/home/robotix/ros2_ws/install/VL53L5CX/bin'
[16.007s] Level 1:colcon.colcon_core.environment:checking '/home/robotix/ros2_ws/install/VL53L5CX/lib/pkgconfig/VL53L5CX.pc'
[16.008s] Level 1:colcon.colcon_core.environment:checking '/home/robotix/ros2_ws/install/VL53L5CX/lib/python3.10/site-packages'
[16.008s] Level 1:colcon.colcon_core.shell:create_environment_hook('VL53L5CX', 'pythonpath')
[16.087s] INFO:colcon.colcon_core.shell:Creating environment hook '/home/robotix/ros2_ws/install/VL53L5CX/share/VL53L5CX/hook/pythonpath.ps1'
[16.089s] INFO:colcon.colcon_core.shell:Creating environment descriptor '/home/robotix/ros2_ws/install/VL53L5CX/share/VL53L5CX/hook/pythonpath.dsv'
[16.091s] INFO:colcon.colcon_core.shell:Creating environment hook '/home/robotix/ros2_ws/install/VL53L5CX/share/VL53L5CX/hook/pythonpath.sh'
[16.095s] Level 1:colcon.colcon_core.environment:checking '/home/robotix/ros2_ws/install/VL53L5CX/bin'
[16.095s] Level 1:colcon.colcon_core.environment:create_environment_scripts_only(VL53L5CX)
[16.172s] INFO:colcon.colcon_core.shell:Creating package script '/home/robotix/ros2_ws/install/VL53L5CX/share/VL53L5CX/package.ps1'
[16.175s] INFO:colcon.colcon_core.shell:Creating package descriptor '/home/robotix/ros2_ws/install/VL53L5CX/share/VL53L5CX/package.dsv'
[16.177s] INFO:colcon.colcon_core.shell:Creating package script '/home/robotix/ros2_ws/install/VL53L5CX/share/VL53L5CX/package.sh'
[16.180s] INFO:colcon.colcon_core.shell:Creating package script '/home/robotix/ros2_ws/install/VL53L5CX/share/VL53L5CX/package.bash'
[16.182s] INFO:colcon.colcon_core.shell:Creating package script '/home/robotix/ros2_ws/install/VL53L5CX/share/VL53L5CX/package.zsh'
[16.184s] Level 1:colcon.colcon_core.environment:create_file_with_runtime_dependencies(/home/robotix/ros2_ws/install/VL53L5CX/share/colcon-core/packages/VL53L5CX)
[17.680s] Level 1:colcon.colcon_core.shell:create_environment_hook('alextropfort', 'pythonpath_develop')
[17.683s] DEBUG:colcon.colcon_core.event_handler.log_command:Invoked command in '/home/robotix/ros2_ws/build/alextropfort' returned '0': PYTHONPATH=/home/robotix/ros2_ws/build/alextropfort/prefix_override:/home/robotix/ros2_ws/install/alextropfort/lib/python3.10/site-packages:${PYTHONPATH} /usr/bin/python3 setup.py develop --editable --build-directory /home/robotix/ros2_ws/build/alextropfort/build --no-deps install_data
[17.758s] INFO:colcon.colcon_core.shell:Creating environment hook '/home/robotix/ros2_ws/build/alextropfort/share/alextropfort/hook/pythonpath_develop.ps1'
[17.760s] INFO:colcon.colcon_core.shell:Creating environment descriptor '/home/robotix/ros2_ws/build/alextropfort/share/alextropfort/hook/pythonpath_develop.dsv'
[17.762s] INFO:colcon.colcon_core.shell:Creating environment hook '/home/robotix/ros2_ws/build/alextropfort/share/alextropfort/hook/pythonpath_develop.sh'
[17.821s] Level 1:colcon.colcon_core.environment:checking '/home/robotix/ros2_ws/install/alextropfort' for CMake module files
[17.823s] Level 1:colcon.colcon_core.environment:checking '/home/robotix/ros2_ws/install/alextropfort' for CMake config files
[17.825s] Level 1:colcon.colcon_core.environment:checking '/home/robotix/ros2_ws/install/alextropfort/lib'
[17.826s] Level 1:colcon.colcon_core.environment:checking '/home/robotix/ros2_ws/install/alextropfort/bin'
[17.826s] Level 1:colcon.colcon_core.environment:checking '/home/robotix/ros2_ws/install/alextropfort/lib/pkgconfig/alextropfort.pc'
[17.827s] Level 1:colcon.colcon_core.environment:checking '/home/robotix/ros2_ws/install/alextropfort/lib/python3.10/site-packages'
[17.828s] Level 1:colcon.colcon_core.shell:create_environment_hook('alextropfort', 'pythonpath')
[17.885s] INFO:colcon.colcon_core.shell:Creating environment hook '/home/robotix/ros2_ws/install/alextropfort/share/alextropfort/hook/pythonpath.ps1'
[17.887s] INFO:colcon.colcon_core.shell:Creating environment descriptor '/home/robotix/ros2_ws/install/alextropfort/share/alextropfort/hook/pythonpath.dsv'
[17.889s] INFO:colcon.colcon_core.shell:Creating environment hook '/home/robotix/ros2_ws/install/alextropfort/share/alextropfort/hook/pythonpath.sh'
[17.891s] Level 1:colcon.colcon_core.environment:checking '/home/robotix/ros2_ws/install/alextropfort/bin'
[17.891s] Level 1:colcon.colcon_core.environment:create_environment_scripts_only(alextropfort)
[17.949s] INFO:colcon.colcon_core.shell:Creating package script '/home/robotix/ros2_ws/install/alextropfort/share/alextropfort/package.ps1'
[17.951s] INFO:colcon.colcon_core.shell:Creating package descriptor '/home/robotix/ros2_ws/install/alextropfort/share/alextropfort/package.dsv'
[17.953s] INFO:colcon.colcon_core.shell:Creating package script '/home/robotix/ros2_ws/install/alextropfort/share/alextropfort/package.sh'
[17.955s] INFO:colcon.colcon_core.shell:Creating package script '/home/robotix/ros2_ws/install/alextropfort/share/alextropfort/package.bash'
[17.956s] INFO:colcon.colcon_core.shell:Creating package script '/home/robotix/ros2_ws/install/alextropfort/share/alextropfort/package.zsh'
[17.958s] Level 1:colcon.colcon_core.environment:create_file_with_runtime_dependencies(/home/robotix/ros2_ws/install/alextropfort/share/colcon-core/packages/alextropfort)
[17.962s] Level 1:colcon.colcon_core.shell:create_environment_hook('robotix', 'pythonpath_develop')
[17.964s] DEBUG:colcon.colcon_core.event_handler.log_command:Invoked command in '/home/robotix/ros2_ws/build/robotix' returned '0': PYTHONPATH=/home/robotix/ros2_ws/build/robotix/prefix_override:/home/robotix/ros2_ws/install/robotix/lib/python3.10/site-packages:${PYTHONPATH} /usr/bin/python3 setup.py develop --editable --build-directory /home/robotix/ros2_ws/build/robotix/build --no-deps install_data
[18.024s] INFO:colcon.colcon_core.shell:Creating environment hook '/home/robotix/ros2_ws/build/robotix/share/robotix/hook/pythonpath_develop.ps1'
[18.026s] INFO:colcon.colcon_core.shell:Creating environment descriptor '/home/robotix/ros2_ws/build/robotix/share/robotix/hook/pythonpath_develop.dsv'
[18.028s] INFO:colcon.colcon_core.shell:Creating environment hook '/home/robotix/ros2_ws/build/robotix/share/robotix/hook/pythonpath_develop.sh'
[18.087s] Level 1:colcon.colcon_core.environment:checking '/home/robotix/ros2_ws/install/robotix' for CMake module files
[18.090s] Level 1:colcon.colcon_core.environment:checking '/home/robotix/ros2_ws/install/robotix' for CMake config files
[18.094s] Level 1:colcon.colcon_core.environment:checking '/home/robotix/ros2_ws/install/robotix/lib'
[18.094s] Level 1:colcon.colcon_core.environment:checking '/home/robotix/ros2_ws/install/robotix/bin'
[18.094s] Level 1:colcon.colcon_core.environment:checking '/home/robotix/ros2_ws/install/robotix/lib/pkgconfig/robotix.pc'
[18.095s] Level 1:colcon.colcon_core.environment:checking '/home/robotix/ros2_ws/install/robotix/lib/python3.10/site-packages'
[18.096s] Level 1:colcon.colcon_core.shell:create_environment_hook('robotix', 'pythonpath')
[18.153s] INFO:colcon.colcon_core.shell:Creating environment hook '/home/robotix/ros2_ws/install/robotix/share/robotix/hook/pythonpath.ps1'
[18.155s] INFO:colcon.colcon_core.shell:Creating environment descriptor '/home/robotix/ros2_ws/install/robotix/share/robotix/hook/pythonpath.dsv'
[18.156s] INFO:colcon.colcon_core.shell:Creating environment hook '/home/robotix/ros2_ws/install/robotix/share/robotix/hook/pythonpath.sh'
[18.159s] Level 1:colcon.colcon_core.environment:checking '/home/robotix/ros2_ws/install/robotix/bin'
[18.159s] Level 1:colcon.colcon_core.environment:create_environment_scripts_only(robotix)
[18.218s] INFO:colcon.colcon_core.shell:Creating package script '/home/robotix/ros2_ws/install/robotix/share/robotix/package.ps1'
[18.221s] INFO:colcon.colcon_core.shell:Creating package descriptor '/home/robotix/ros2_ws/install/robotix/share/robotix/package.dsv'
[18.223s] INFO:colcon.colcon_core.shell:Creating package script '/home/robotix/ros2_ws/install/robotix/share/robotix/package.sh'
[18.225s] INFO:colcon.colcon_core.shell:Creating package script '/home/robotix/ros2_ws/install/robotix/share/robotix/package.bash'
[18.227s] INFO:colcon.colcon_core.shell:Creating package script '/home/robotix/ros2_ws/install/robotix/share/robotix/package.zsh'
[18.229s] Level 1:colcon.colcon_core.environment:create_file_with_runtime_dependencies(/home/robotix/ros2_ws/install/robotix/share/colcon-core/packages/robotix)
[18.230s] DEBUG:colcon.colcon_parallel_executor.executor.parallel:closing loop
[18.232s] DEBUG:colcon.colcon_parallel_executor.executor.parallel:loop closed
[18.232s] DEBUG:colcon.colcon_parallel_executor.executor.parallel:run_until_complete finished with '0'
[18.233s] DEBUG:colcon.colcon_core.event_reactor:joining thread
[18.311s] INFO:colcon.colcon_core.plugin_system:Skipping extension 'colcon_notification.desktop_notification.notify_send': Could not find 'notify-send'
[18.312s] INFO:colcon.colcon_core.plugin_system:Skipping extension 'colcon_notification.desktop_notification.terminal_notifier': Not used on non-Darwin systems
[18.312s] INFO:colcon.colcon_core.plugin_system:Skipping extension 'colcon_notification.desktop_notification.win32': Not used on non-Windows systems
[18.312s] INFO:colcon.colcon_notification.desktop_notification:Sending desktop notification using 'notify2'
[18.315s] DEBUG:colcon.colcon_notification.desktop_notification.notify2:Failed to initialize notify2: org.freedesktop.DBus.Error.ServiceUnknown: The name org.freedesktop.Notifications was not provided by any .service files
[18.316s] DEBUG:colcon.colcon_core.event_reactor:joined thread
[18.374s] INFO:colcon.colcon_core.shell:Creating prefix script '/home/robotix/ros2_ws/install/local_setup.ps1'
[18.379s] INFO:colcon.colcon_core.shell:Creating prefix util module '/home/robotix/ros2_ws/install/_local_setup_util_ps1.py'
[18.385s] INFO:colcon.colcon_core.shell:Creating prefix chain script '/home/robotix/ros2_ws/install/setup.ps1'
[18.447s] INFO:colcon.colcon_core.shell:Creating prefix script '/home/robotix/ros2_ws/install/local_setup.sh'
[18.450s] INFO:colcon.colcon_core.shell:Creating prefix util module '/home/robotix/ros2_ws/install/_local_setup_util_sh.py'
[18.452s] INFO:colcon.colcon_core.shell:Creating prefix chain script '/home/robotix/ros2_ws/install/setup.sh'
[18.514s] INFO:colcon.colcon_core.shell:Creating prefix script '/home/robotix/ros2_ws/install/local_setup.bash'
[18.516s] INFO:colcon.colcon_core.shell:Creating prefix chain script '/home/robotix/ros2_ws/install/setup.bash'
[18.578s] INFO:colcon.colcon_core.shell:Creating prefix script '/home/robotix/ros2_ws/install/local_setup.zsh'
[18.580s] INFO:colcon.colcon_core.shell:Creating prefix chain script '/home/robotix/ros2_ws/install/setup.zsh'
