[4.276s] DEBUG:colcon:Command line arguments: ['/usr/bin/colcon', 'build']
[4.276s] DEBUG:colcon:Parsed command line arguments: Namespace(log_base=None, log_level=None, verb_name='build', build_base='build', install_base='install', merge_install=False, symlink_install=False, test_result_base=None, continue_on_error=False, executor='parallel', parallel_workers=4, event_handlers=None, ignore_user_meta=False, metas=['./colcon.meta'], base_paths=['.'], packages_ignore=None, packages_ignore_regex=None, paths=None, packages_up_to=None, packages_up_to_regex=None, packages_above=None, packages_above_and_dependencies=None, packages_above_depth=None, packages_select_by_dep=None, packages_skip_by_dep=None, packages_skip_up_to=None, packages_select_build_failed=False, packages_skip_build_finished=False, packages_select_test_failures=False, packages_skip_test_passed=False, packages_select=None, packages_skip=None, packages_select_regex=None, packages_skip_regex=None, packages_start=None, packages_end=None, allow_overriding=[], cmake_args=None, cmake_target=None, cmake_target_skip_unavailable=False, cmake_clean_cache=False, cmake_clean_first=False, cmake_force_configure=False, ament_cmake_args=None, catkin_cmake_args=None, catkin_skip_building_tests=False, verb_parser=<colcon_defaults.argument_parser.defaults.DefaultArgumentsDecorator object at 0xffff8c2df0a0>, verb_extension=<colcon_core.verb.build.BuildVerb object at 0xffff8c5864a0>, main=<bound method BuildVerb.main of <colcon_core.verb.build.BuildVerb object at 0xffff8c5864a0>>)
[4.485s] Level 1:colcon.colcon_core.package_discovery:discover_packages(colcon_meta) check parameters
[4.485s] Level 1:colcon.colcon_core.package_discovery:discover_packages(recursive) check parameters
[4.485s] Level 1:colcon.colcon_core.package_discovery:discover_packages(ignore) check parameters
[4.486s] Level 1:colcon.colcon_core.package_discovery:discover_packages(path) check parameters
[4.486s] Level 1:colcon.colcon_core.package_discovery:discover_packages(colcon_meta) discover
[4.486s] Level 1:colcon.colcon_core.package_discovery:discover_packages(recursive) discover
[4.486s] INFO:colcon.colcon_core.package_discovery:Crawling recursively for packages in '/home/robotix/ros2_ws'
[4.487s] Level 1:colcon.colcon_core.package_identification:_identify(.) by extensions ['ignore', 'ignore_ament_install']
[4.487s] Level 1:colcon.colcon_core.package_identification:_identify(.) by extension 'ignore'
[4.487s] Level 1:colcon.colcon_core.package_identification:_identify(.) by extension 'ignore_ament_install'
[4.488s] Level 1:colcon.colcon_core.package_identification:_identify(.) by extensions ['colcon_pkg']
[4.488s] Level 1:colcon.colcon_core.package_identification:_identify(.) by extension 'colcon_pkg'
[4.488s] Level 1:colcon.colcon_core.package_identification:_identify(.) by extensions ['colcon_meta']
[4.488s] Level 1:colcon.colcon_core.package_identification:_identify(.) by extension 'colcon_meta'
[4.488s] Level 1:colcon.colcon_core.package_identification:_identify(.) by extensions ['ros']
[4.489s] Level 1:colcon.colcon_core.package_identification:_identify(.) by extension 'ros'
[4.544s] Level 1:colcon.colcon_core.package_identification:_identify(.) by extensions ['cmake', 'python']
[4.544s] Level 1:colcon.colcon_core.package_identification:_identify(.) by extension 'cmake'
[4.545s] Level 1:colcon.colcon_core.package_identification:_identify(.) by extension 'python'
[4.545s] Level 1:colcon.colcon_core.package_identification:_identify(.) by extensions ['python_setup_py']
[4.545s] Level 1:colcon.colcon_core.package_identification:_identify(.) by extension 'python_setup_py'
[4.546s] Level 1:colcon.colcon_core.package_identification:_identify(build) by extensions ['ignore', 'ignore_ament_install']
[4.546s] Level 1:colcon.colcon_core.package_identification:_identify(build) by extension 'ignore'
[4.546s] Level 1:colcon.colcon_core.package_identification:_identify(build) ignored
[4.547s] Level 1:colcon.colcon_core.package_identification:_identify(install) by extensions ['ignore', 'ignore_ament_install']
[4.547s] Level 1:colcon.colcon_core.package_identification:_identify(install) by extension 'ignore'
[4.548s] Level 1:colcon.colcon_core.package_identification:_identify(install) ignored
[4.549s] Level 1:colcon.colcon_core.package_identification:_identify(log) by extensions ['ignore', 'ignore_ament_install']
[4.549s] Level 1:colcon.colcon_core.package_identification:_identify(log) by extension 'ignore'
[4.549s] Level 1:colcon.colcon_core.package_identification:_identify(log) ignored
[4.550s] Level 1:colcon.colcon_core.package_identification:_identify(src) by extensions ['ignore', 'ignore_ament_install']
[4.550s] Level 1:colcon.colcon_core.package_identification:_identify(src) by extension 'ignore'
[4.550s] Level 1:colcon.colcon_core.package_identification:_identify(src) by extension 'ignore_ament_install'
[4.551s] Level 1:colcon.colcon_core.package_identification:_identify(src) by extensions ['colcon_pkg']
[4.551s] Level 1:colcon.colcon_core.package_identification:_identify(src) by extension 'colcon_pkg'
[4.551s] Level 1:colcon.colcon_core.package_identification:_identify(src) by extensions ['colcon_meta']
[4.551s] Level 1:colcon.colcon_core.package_identification:_identify(src) by extension 'colcon_meta'
[4.551s] Level 1:colcon.colcon_core.package_identification:_identify(src) by extensions ['ros']
[4.551s] Level 1:colcon.colcon_core.package_identification:_identify(src) by extension 'ros'
[4.552s] Level 1:colcon.colcon_core.package_identification:_identify(src) by extensions ['cmake', 'python']
[4.552s] Level 1:colcon.colcon_core.package_identification:_identify(src) by extension 'cmake'
[4.552s] Level 1:colcon.colcon_core.package_identification:_identify(src) by extension 'python'
[4.552s] Level 1:colcon.colcon_core.package_identification:_identify(src) by extensions ['python_setup_py']
[4.553s] Level 1:colcon.colcon_core.package_identification:_identify(src) by extension 'python_setup_py'
[4.553s] Level 1:colcon.colcon_core.package_identification:_identify(src/build) by extensions ['ignore', 'ignore_ament_install']
[4.553s] Level 1:colcon.colcon_core.package_identification:_identify(src/build) by extension 'ignore'
[4.554s] Level 1:colcon.colcon_core.package_identification:_identify(src/build) ignored
[4.554s] Level 1:colcon.colcon_core.package_identification:_identify(src/install) by extensions ['ignore', 'ignore_ament_install']
[4.555s] Level 1:colcon.colcon_core.package_identification:_identify(src/install) by extension 'ignore'
[4.555s] Level 1:colcon.colcon_core.package_identification:_identify(src/install) ignored
[4.556s] Level 1:colcon.colcon_core.package_identification:_identify(src/log) by extensions ['ignore', 'ignore_ament_install']
[4.557s] Level 1:colcon.colcon_core.package_identification:_identify(src/log) by extension 'ignore'
[4.557s] Level 1:colcon.colcon_core.package_identification:_identify(src/log) ignored
[4.557s] Level 1:colcon.colcon_core.package_identification:_identify(src/robotix) by extensions ['ignore', 'ignore_ament_install']
[4.558s] Level 1:colcon.colcon_core.package_identification:_identify(src/robotix) by extension 'ignore'
[4.558s] Level 1:colcon.colcon_core.package_identification:_identify(src/robotix) by extension 'ignore_ament_install'
[4.558s] Level 1:colcon.colcon_core.package_identification:_identify(src/robotix) by extensions ['colcon_pkg']
[4.558s] Level 1:colcon.colcon_core.package_identification:_identify(src/robotix) by extension 'colcon_pkg'
[4.559s] Level 1:colcon.colcon_core.package_identification:_identify(src/robotix) by extensions ['colcon_meta']
[4.559s] Level 1:colcon.colcon_core.package_identification:_identify(src/robotix) by extension 'colcon_meta'
[4.559s] Level 1:colcon.colcon_core.package_identification:_identify(src/robotix) by extensions ['ros']
[4.559s] Level 1:colcon.colcon_core.package_identification:_identify(src/robotix) by extension 'ros'
[4.571s] DEBUG:colcon.colcon_core.package_identification:Package 'src/robotix' with type 'ros.ament_python' and name 'robotix'
[4.572s] Level 1:colcon.colcon_core.package_identification:_identify(src/tof_imager_ros) by extensions ['ignore', 'ignore_ament_install']
[4.573s] Level 1:colcon.colcon_core.package_identification:_identify(src/tof_imager_ros) by extension 'ignore'
[4.573s] Level 1:colcon.colcon_core.package_identification:_identify(src/tof_imager_ros) by extension 'ignore_ament_install'
[4.573s] Level 1:colcon.colcon_core.package_identification:_identify(src/tof_imager_ros) by extensions ['colcon_pkg']
[4.573s] Level 1:colcon.colcon_core.package_identification:_identify(src/tof_imager_ros) by extension 'colcon_pkg'
[4.574s] Level 1:colcon.colcon_core.package_identification:_identify(src/tof_imager_ros) by extensions ['colcon_meta']
[4.574s] Level 1:colcon.colcon_core.package_identification:_identify(src/tof_imager_ros) by extension 'colcon_meta'
[4.574s] Level 1:colcon.colcon_core.package_identification:_identify(src/tof_imager_ros) by extensions ['ros']
[4.574s] Level 1:colcon.colcon_core.package_identification:_identify(src/tof_imager_ros) by extension 'ros'
[4.577s] DEBUG:colcon.colcon_core.package_identification:Package 'src/tof_imager_ros' with type 'ros.ament_python' and name 'tof_imager_ros'
[4.578s] Level 1:colcon.colcon_core.package_identification:_identify(src/ydlidar_ros2_driver) by extensions ['ignore', 'ignore_ament_install']
[4.578s] Level 1:colcon.colcon_core.package_identification:_identify(src/ydlidar_ros2_driver) by extension 'ignore'
[4.579s] Level 1:colcon.colcon_core.package_identification:_identify(src/ydlidar_ros2_driver) by extension 'ignore_ament_install'
[4.579s] Level 1:colcon.colcon_core.package_identification:_identify(src/ydlidar_ros2_driver) by extensions ['colcon_pkg']
[4.579s] Level 1:colcon.colcon_core.package_identification:_identify(src/ydlidar_ros2_driver) by extension 'colcon_pkg'
[4.579s] Level 1:colcon.colcon_core.package_identification:_identify(src/ydlidar_ros2_driver) by extensions ['colcon_meta']
[4.579s] Level 1:colcon.colcon_core.package_identification:_identify(src/ydlidar_ros2_driver) by extension 'colcon_meta'
[4.580s] Level 1:colcon.colcon_core.package_identification:_identify(src/ydlidar_ros2_driver) by extensions ['ros']
[4.580s] Level 1:colcon.colcon_core.package_identification:_identify(src/ydlidar_ros2_driver) by extension 'ros'
[4.582s] DEBUG:colcon.colcon_core.package_identification:Package 'src/ydlidar_ros2_driver' with type 'ros.ament_cmake' and name 'ydlidar_ros2_driver'
[4.583s] Level 1:colcon.colcon_core.package_discovery:discover_packages(recursive) using defaults
[4.583s] Level 1:colcon.colcon_core.package_discovery:discover_packages(ignore) discover
[4.583s] Level 1:colcon.colcon_core.package_discovery:discover_packages(ignore) using defaults
[4.583s] Level 1:colcon.colcon_core.package_discovery:discover_packages(path) discover
[4.583s] Level 1:colcon.colcon_core.package_discovery:discover_packages(path) using defaults
[4.968s] Level 1:colcon.colcon_core.package_discovery:discover_packages(prefix_path) check parameters
[4.969s] Level 1:colcon.colcon_core.package_discovery:discover_packages(prefix_path) discover
[5.095s] DEBUG:colcon.colcon_installed_package_information.package_discovery:Found 3 installed packages in /home/robotix/ros2_ws/install
[5.156s] DEBUG:colcon.colcon_installed_package_information.package_discovery:Found 4 installed packages in /home/robotix/ros2_ws/src/install
[5.224s] DEBUG:colcon.colcon_installed_package_information.package_discovery:Found 180 installed packages in /opt/ros/humble
[5.229s] Level 1:colcon.colcon_core.package_discovery:discover_packages(prefix_path) using defaults
[5.543s] Level 5:colcon.colcon_core.verb:set package 'robotix' build argument 'cmake_args' from command line to 'None'
[5.543s] Level 5:colcon.colcon_core.verb:set package 'robotix' build argument 'cmake_target' from command line to 'None'
[5.547s] Level 5:colcon.colcon_core.verb:set package 'robotix' build argument 'cmake_target_skip_unavailable' from command line to 'False'
[5.547s] Level 5:colcon.colcon_core.verb:set package 'robotix' build argument 'cmake_clean_cache' from command line to 'False'
[5.547s] Level 5:colcon.colcon_core.verb:set package 'robotix' build argument 'cmake_clean_first' from command line to 'False'
[5.548s] Level 5:colcon.colcon_core.verb:set package 'robotix' build argument 'cmake_force_configure' from command line to 'False'
[5.548s] Level 5:colcon.colcon_core.verb:set package 'robotix' build argument 'ament_cmake_args' from command line to 'None'
[5.548s] Level 5:colcon.colcon_core.verb:set package 'robotix' build argument 'catkin_cmake_args' from command line to 'None'
[5.548s] Level 5:colcon.colcon_core.verb:set package 'robotix' build argument 'catkin_skip_building_tests' from command line to 'False'
[5.548s] DEBUG:colcon.colcon_core.verb:Building package 'robotix' with the following arguments: {'ament_cmake_args': None, 'build_base': '/home/robotix/ros2_ws/build/robotix', 'catkin_cmake_args': None, 'catkin_skip_building_tests': False, 'cmake_args': None, 'cmake_clean_cache': False, 'cmake_clean_first': False, 'cmake_force_configure': False, 'cmake_target': None, 'cmake_target_skip_unavailable': False, 'install_base': '/home/robotix/ros2_ws/install/robotix', 'merge_install': False, 'path': '/home/robotix/ros2_ws/src/robotix', 'symlink_install': False, 'test_result_base': None}
[5.610s] Level 5:colcon.colcon_core.verb:set package 'tof_imager_ros' build argument 'cmake_args' from command line to 'None'
[5.610s] Level 5:colcon.colcon_core.verb:set package 'tof_imager_ros' build argument 'cmake_target' from command line to 'None'
[5.611s] Level 5:colcon.colcon_core.verb:set package 'tof_imager_ros' build argument 'cmake_target_skip_unavailable' from command line to 'False'
[5.611s] Level 5:colcon.colcon_core.verb:set package 'tof_imager_ros' build argument 'cmake_clean_cache' from command line to 'False'
[5.611s] Level 5:colcon.colcon_core.verb:set package 'tof_imager_ros' build argument 'cmake_clean_first' from command line to 'False'
[5.611s] Level 5:colcon.colcon_core.verb:set package 'tof_imager_ros' build argument 'cmake_force_configure' from command line to 'False'
[5.611s] Level 5:colcon.colcon_core.verb:set package 'tof_imager_ros' build argument 'ament_cmake_args' from command line to 'None'
[5.611s] Level 5:colcon.colcon_core.verb:set package 'tof_imager_ros' build argument 'catkin_cmake_args' from command line to 'None'
[5.611s] Level 5:colcon.colcon_core.verb:set package 'tof_imager_ros' build argument 'catkin_skip_building_tests' from command line to 'False'
[5.611s] DEBUG:colcon.colcon_core.verb:Building package 'tof_imager_ros' with the following arguments: {'ament_cmake_args': None, 'build_base': '/home/robotix/ros2_ws/build/tof_imager_ros', 'catkin_cmake_args': None, 'catkin_skip_building_tests': False, 'cmake_args': None, 'cmake_clean_cache': False, 'cmake_clean_first': False, 'cmake_force_configure': False, 'cmake_target': None, 'cmake_target_skip_unavailable': False, 'install_base': '/home/robotix/ros2_ws/install/tof_imager_ros', 'merge_install': False, 'path': '/home/robotix/ros2_ws/src/tof_imager_ros', 'symlink_install': False, 'test_result_base': None}
[5.671s] Level 5:colcon.colcon_core.verb:set package 'ydlidar_ros2_driver' build argument 'cmake_args' from command line to 'None'
[5.671s] Level 5:colcon.colcon_core.verb:set package 'ydlidar_ros2_driver' build argument 'cmake_target' from command line to 'None'
[5.671s] Level 5:colcon.colcon_core.verb:set package 'ydlidar_ros2_driver' build argument 'cmake_target_skip_unavailable' from command line to 'False'
[5.671s] Level 5:colcon.colcon_core.verb:set package 'ydlidar_ros2_driver' build argument 'cmake_clean_cache' from command line to 'False'
[5.671s] Level 5:colcon.colcon_core.verb:set package 'ydlidar_ros2_driver' build argument 'cmake_clean_first' from command line to 'False'
[5.671s] Level 5:colcon.colcon_core.verb:set package 'ydlidar_ros2_driver' build argument 'cmake_force_configure' from command line to 'False'
[5.672s] Level 5:colcon.colcon_core.verb:set package 'ydlidar_ros2_driver' build argument 'ament_cmake_args' from command line to 'None'
[5.672s] Level 5:colcon.colcon_core.verb:set package 'ydlidar_ros2_driver' build argument 'catkin_cmake_args' from command line to 'None'
[5.672s] Level 5:colcon.colcon_core.verb:set package 'ydlidar_ros2_driver' build argument 'catkin_skip_building_tests' from command line to 'False'
[5.672s] DEBUG:colcon.colcon_core.verb:Building package 'ydlidar_ros2_driver' with the following arguments: {'ament_cmake_args': None, 'build_base': '/home/robotix/ros2_ws/build/ydlidar_ros2_driver', 'catkin_cmake_args': None, 'catkin_skip_building_tests': False, 'cmake_args': None, 'cmake_clean_cache': False, 'cmake_clean_first': False, 'cmake_force_configure': False, 'cmake_target': None, 'cmake_target_skip_unavailable': False, 'install_base': '/home/robotix/ros2_ws/install/ydlidar_ros2_driver', 'merge_install': False, 'path': '/home/robotix/ros2_ws/src/ydlidar_ros2_driver', 'symlink_install': False, 'test_result_base': None}
[5.730s] INFO:colcon.colcon_core.executor:Executing jobs using 'parallel' executor
[5.792s] DEBUG:colcon.colcon_parallel_executor.executor.parallel:run_until_complete
[5.793s] INFO:colcon.colcon_ros.task.ament_python.build:Building ROS package in '/home/robotix/ros2_ws/src/robotix' with build type 'ament_python'
[5.794s] Level 1:colcon.colcon_core.shell:create_environment_hook('robotix', 'ament_prefix_path')
[5.863s] INFO:colcon.colcon_core.plugin_system:Skipping extension 'colcon_core.shell.bat': Not used on non-Windows systems
[5.864s] INFO:colcon.colcon_core.shell:Creating environment hook '/home/robotix/ros2_ws/install/robotix/share/robotix/hook/ament_prefix_path.ps1'
[5.867s] INFO:colcon.colcon_core.shell:Creating environment descriptor '/home/robotix/ros2_ws/install/robotix/share/robotix/hook/ament_prefix_path.dsv'
[5.870s] INFO:colcon.colcon_core.shell:Creating environment hook '/home/robotix/ros2_ws/install/robotix/share/robotix/hook/ament_prefix_path.sh'
[5.933s] INFO:colcon.colcon_core.shell:Skip shell extension 'powershell' for command environment: Not usable outside of PowerShell
[5.933s] DEBUG:colcon.colcon_core.shell:Skip shell extension 'dsv' for command environment
[6.188s] INFO:colcon.colcon_ros.task.ament_python.build:Building ROS package in '/home/robotix/ros2_ws/src/tof_imager_ros' with build type 'ament_python'
[6.188s] Level 1:colcon.colcon_core.shell:create_environment_hook('tof_imager_ros', 'ament_prefix_path')
[6.252s] INFO:colcon.colcon_core.shell:Creating environment hook '/home/robotix/ros2_ws/install/tof_imager_ros/share/tof_imager_ros/hook/ament_prefix_path.ps1'
[6.254s] INFO:colcon.colcon_core.shell:Creating environment descriptor '/home/robotix/ros2_ws/install/tof_imager_ros/share/tof_imager_ros/hook/ament_prefix_path.dsv'
[6.256s] INFO:colcon.colcon_core.shell:Creating environment hook '/home/robotix/ros2_ws/install/tof_imager_ros/share/tof_imager_ros/hook/ament_prefix_path.sh'
[6.317s] INFO:colcon.colcon_core.shell:Skip shell extension 'powershell' for command environment: Not usable outside of PowerShell
[6.318s] DEBUG:colcon.colcon_core.shell:Skip shell extension 'dsv' for command environment
[6.568s] INFO:colcon.colcon_ros.task.ament_cmake.build:Building ROS package in '/home/robotix/ros2_ws/src/ydlidar_ros2_driver' with build type 'ament_cmake'
[6.569s] INFO:colcon.colcon_cmake.task.cmake.build:Building CMake package in '/home/robotix/ros2_ws/src/ydlidar_ros2_driver'
[6.632s] INFO:colcon.colcon_core.shell:Skip shell extension 'powershell' for command environment: Not usable outside of PowerShell
[6.632s] DEBUG:colcon.colcon_core.shell:Skip shell extension 'dsv' for command environment
[8.154s] INFO:colcon.colcon_core.task.python.build:Building Python package in '/home/robotix/ros2_ws/src/robotix'
[8.216s] INFO:colcon.colcon_core.shell:Skip shell extension 'powershell' for command environment: Not usable outside of PowerShell
[8.216s] DEBUG:colcon.colcon_core.shell:Skip shell extension 'dsv' for command environment
[9.738s] INFO:colcon.colcon_core.task.python.build:Building Python package in '/home/robotix/ros2_ws/src/tof_imager_ros'
[9.797s] INFO:colcon.colcon_core.shell:Skip shell extension 'powershell' for command environment: Not usable outside of PowerShell
[9.797s] DEBUG:colcon.colcon_core.shell:Skip shell extension 'dsv' for command environment
[10.069s] DEBUG:colcon.colcon_core.event_handler.log_command:Invoking command in '/home/robotix/ros2_ws/build/ydlidar_ros2_driver': CMAKE_PREFIX_PATH=${CMAKE_PREFIX_PATH}:/home/robotix/ros2_ws/install/tof_imager_ros:/home/robotix/ros2_ws/install/robotix:/home/robotix/ros2_ws/src/install/tof_imager_ros:/home/robotix/ros2_ws/src/install/robotix:/opt/ros/humble /usr/bin/cmake /home/robotix/ros2_ws/src/ydlidar_ros2_driver -DCMAKE_INSTALL_PREFIX=/home/robotix/ros2_ws/install/ydlidar_ros2_driver
[12.494s] DEBUG:colcon.colcon_core.event_handler.log_command:Invoking command in '/home/robotix/ros2_ws/build/robotix': PYTHONPATH=/home/robotix/ros2_ws/build/robotix/prefix_override:/home/robotix/ros2_ws/install/robotix/lib/python3.10/site-packages:${PYTHONPATH} /usr/bin/python3 setup.py develop --uninstall --editable --build-directory /home/robotix/ros2_ws/build/robotix/build
[12.512s] DEBUG:colcon.colcon_core.event_handler.log_command:Invoking command in '/home/robotix/ros2_ws/build/tof_imager_ros': PYTHONPATH=/home/robotix/ros2_ws/build/tof_imager_ros/prefix_override:/home/robotix/ros2_ws/install/tof_imager_ros/lib/python3.10/site-packages:${PYTHONPATH} /usr/bin/python3 setup.py develop --uninstall --editable --build-directory /home/robotix/ros2_ws/build/tof_imager_ros/build
[15.253s] DEBUG:colcon.colcon_core.event_handler.log_command:Invoked command in '/home/robotix/ros2_ws/build/robotix' returned '0': PYTHONPATH=/home/robotix/ros2_ws/build/robotix/prefix_override:/home/robotix/ros2_ws/install/robotix/lib/python3.10/site-packages:${PYTHONPATH} /usr/bin/python3 setup.py develop --uninstall --editable --build-directory /home/robotix/ros2_ws/build/robotix/build
[15.262s] DEBUG:colcon.colcon_core.event_handler.log_command:Invoking command in '/home/robotix/ros2_ws/src/robotix': PYTHONPATH=/home/robotix/ros2_ws/build/robotix/prefix_override:/home/robotix/ros2_ws/install/robotix/lib/python3.10/site-packages:${PYTHONPATH} /usr/bin/python3 setup.py egg_info --egg-base ../../build/robotix build --build-base /home/robotix/ros2_ws/build/robotix/build install --record /home/robotix/ros2_ws/build/robotix/install.log --single-version-externally-managed
[15.269s] DEBUG:colcon.colcon_core.event_handler.log_command:Invoked command in '/home/robotix/ros2_ws/build/tof_imager_ros' returned '0': PYTHONPATH=/home/robotix/ros2_ws/build/tof_imager_ros/prefix_override:/home/robotix/ros2_ws/install/tof_imager_ros/lib/python3.10/site-packages:${PYTHONPATH} /usr/bin/python3 setup.py develop --uninstall --editable --build-directory /home/robotix/ros2_ws/build/tof_imager_ros/build
[15.281s] DEBUG:colcon.colcon_core.event_handler.log_command:Invoking command in '/home/robotix/ros2_ws/src/tof_imager_ros': PYTHONPATH=/home/robotix/ros2_ws/build/tof_imager_ros/prefix_override:/home/robotix/ros2_ws/install/tof_imager_ros/lib/python3.10/site-packages:${PYTHONPATH} /usr/bin/python3 setup.py egg_info --egg-base ../../build/tof_imager_ros build --build-base /home/robotix/ros2_ws/build/tof_imager_ros/build install --record /home/robotix/ros2_ws/build/tof_imager_ros/install.log --single-version-externally-managed
[16.418s] DEBUG:colcon.colcon_core.event_handler.log_command:Invoked command in '/home/robotix/ros2_ws/build/ydlidar_ros2_driver' returned '0': CMAKE_PREFIX_PATH=${CMAKE_PREFIX_PATH}:/home/robotix/ros2_ws/install/tof_imager_ros:/home/robotix/ros2_ws/install/robotix:/home/robotix/ros2_ws/src/install/tof_imager_ros:/home/robotix/ros2_ws/src/install/robotix:/opt/ros/humble /usr/bin/cmake /home/robotix/ros2_ws/src/ydlidar_ros2_driver -DCMAKE_INSTALL_PREFIX=/home/robotix/ros2_ws/install/ydlidar_ros2_driver
[16.431s] DEBUG:colcon.colcon_core.event_handler.log_command:Invoking command in '/home/robotix/ros2_ws/build/ydlidar_ros2_driver': CMAKE_PREFIX_PATH=${CMAKE_PREFIX_PATH}:/home/robotix/ros2_ws/install/tof_imager_ros:/home/robotix/ros2_ws/install/robotix:/home/robotix/ros2_ws/src/install/tof_imager_ros:/home/robotix/ros2_ws/src/install/robotix:/opt/ros/humble /usr/bin/cmake --build /home/robotix/ros2_ws/build/ydlidar_ros2_driver -- -j4 -l4
[16.827s] DEBUG:colcon.colcon_core.event_handler.log_command:Invoked command in '/home/robotix/ros2_ws/build/ydlidar_ros2_driver' returned '0': CMAKE_PREFIX_PATH=${CMAKE_PREFIX_PATH}:/home/robotix/ros2_ws/install/tof_imager_ros:/home/robotix/ros2_ws/install/robotix:/home/robotix/ros2_ws/src/install/tof_imager_ros:/home/robotix/ros2_ws/src/install/robotix:/opt/ros/humble /usr/bin/cmake --build /home/robotix/ros2_ws/build/ydlidar_ros2_driver -- -j4 -l4
[17.049s] DEBUG:colcon.colcon_core.event_handler.log_command:Invoking command in '/home/robotix/ros2_ws/build/ydlidar_ros2_driver': CMAKE_PREFIX_PATH=${CMAKE_PREFIX_PATH}:/home/robotix/ros2_ws/install/tof_imager_ros:/home/robotix/ros2_ws/install/robotix:/home/robotix/ros2_ws/src/install/tof_imager_ros:/home/robotix/ros2_ws/src/install/robotix:/opt/ros/humble /usr/bin/cmake --install /home/robotix/ros2_ws/build/ydlidar_ros2_driver
[17.329s] Level 1:colcon.colcon_core.environment:create_environment_scripts_only(ydlidar_ros2_driver)
[17.331s] DEBUG:colcon.colcon_core.event_handler.log_command:Invoked command in '/home/robotix/ros2_ws/build/ydlidar_ros2_driver' returned '0': CMAKE_PREFIX_PATH=${CMAKE_PREFIX_PATH}:/home/robotix/ros2_ws/install/tof_imager_ros:/home/robotix/ros2_ws/install/robotix:/home/robotix/ros2_ws/src/install/tof_imager_ros:/home/robotix/ros2_ws/src/install/robotix:/opt/ros/humble /usr/bin/cmake --install /home/robotix/ros2_ws/build/ydlidar_ros2_driver
[17.404s] Level 1:colcon.colcon_core.environment:checking '/home/robotix/ros2_ws/install/ydlidar_ros2_driver' for CMake module files
[17.408s] Level 1:colcon.colcon_core.environment:checking '/home/robotix/ros2_ws/install/ydlidar_ros2_driver' for CMake config files
[17.411s] Level 1:colcon.colcon_core.shell:create_environment_hook('ydlidar_ros2_driver', 'cmake_prefix_path')
[17.470s] INFO:colcon.colcon_core.shell:Creating environment hook '/home/robotix/ros2_ws/install/ydlidar_ros2_driver/share/ydlidar_ros2_driver/hook/cmake_prefix_path.ps1'
[17.473s] INFO:colcon.colcon_core.shell:Creating environment descriptor '/home/robotix/ros2_ws/install/ydlidar_ros2_driver/share/ydlidar_ros2_driver/hook/cmake_prefix_path.dsv'
[17.475s] INFO:colcon.colcon_core.shell:Creating environment hook '/home/robotix/ros2_ws/install/ydlidar_ros2_driver/share/ydlidar_ros2_driver/hook/cmake_prefix_path.sh'
[17.478s] Level 1:colcon.colcon_core.environment:checking '/home/robotix/ros2_ws/install/ydlidar_ros2_driver/lib'
[17.479s] Level 1:colcon.colcon_core.environment:checking '/home/robotix/ros2_ws/install/ydlidar_ros2_driver/bin'
[17.479s] Level 1:colcon.colcon_core.environment:checking '/home/robotix/ros2_ws/install/ydlidar_ros2_driver/lib/pkgconfig/ydlidar_ros2_driver.pc'
[17.481s] Level 1:colcon.colcon_core.environment:checking '/home/robotix/ros2_ws/install/ydlidar_ros2_driver/lib/python3.10/site-packages'
[17.481s] Level 1:colcon.colcon_core.environment:checking '/home/robotix/ros2_ws/install/ydlidar_ros2_driver/bin'
[17.542s] INFO:colcon.colcon_core.shell:Creating package script '/home/robotix/ros2_ws/install/ydlidar_ros2_driver/share/ydlidar_ros2_driver/package.ps1'
[17.546s] INFO:colcon.colcon_core.shell:Creating package descriptor '/home/robotix/ros2_ws/install/ydlidar_ros2_driver/share/ydlidar_ros2_driver/package.dsv'
[17.548s] INFO:colcon.colcon_core.shell:Creating package script '/home/robotix/ros2_ws/install/ydlidar_ros2_driver/share/ydlidar_ros2_driver/package.sh'
[17.552s] INFO:colcon.colcon_core.shell:Creating package script '/home/robotix/ros2_ws/install/ydlidar_ros2_driver/share/ydlidar_ros2_driver/package.bash'
[17.555s] INFO:colcon.colcon_core.shell:Creating package script '/home/robotix/ros2_ws/install/ydlidar_ros2_driver/share/ydlidar_ros2_driver/package.zsh'
[17.559s] Level 1:colcon.colcon_core.environment:create_file_with_runtime_dependencies(/home/robotix/ros2_ws/install/ydlidar_ros2_driver/share/colcon-core/packages/ydlidar_ros2_driver)
[17.569s] DEBUG:colcon.colcon_core.event_handler.log_command:Invoked command in '/home/robotix/ros2_ws/src/robotix' returned '0': PYTHONPATH=/home/robotix/ros2_ws/build/robotix/prefix_override:/home/robotix/ros2_ws/install/robotix/lib/python3.10/site-packages:${PYTHONPATH} /usr/bin/python3 setup.py egg_info --egg-base ../../build/robotix build --build-base /home/robotix/ros2_ws/build/robotix/build install --record /home/robotix/ros2_ws/build/robotix/install.log --single-version-externally-managed
[17.643s] Level 1:colcon.colcon_core.environment:checking '/home/robotix/ros2_ws/install/robotix' for CMake module files
[17.647s] Level 1:colcon.colcon_core.environment:checking '/home/robotix/ros2_ws/install/robotix' for CMake config files
[17.651s] Level 1:colcon.colcon_core.environment:checking '/home/robotix/ros2_ws/install/robotix/lib'
[17.652s] Level 1:colcon.colcon_core.environment:checking '/home/robotix/ros2_ws/install/robotix/bin'
[17.652s] Level 1:colcon.colcon_core.environment:checking '/home/robotix/ros2_ws/install/robotix/lib/pkgconfig/robotix.pc'
[17.653s] Level 1:colcon.colcon_core.environment:checking '/home/robotix/ros2_ws/install/robotix/lib/python3.10/site-packages'
[17.654s] Level 1:colcon.colcon_core.shell:create_environment_hook('robotix', 'pythonpath')
[17.723s] INFO:colcon.colcon_core.shell:Creating environment hook '/home/robotix/ros2_ws/install/robotix/share/robotix/hook/pythonpath.ps1'
[17.725s] INFO:colcon.colcon_core.shell:Creating environment descriptor '/home/robotix/ros2_ws/install/robotix/share/robotix/hook/pythonpath.dsv'
[17.727s] INFO:colcon.colcon_core.shell:Creating environment hook '/home/robotix/ros2_ws/install/robotix/share/robotix/hook/pythonpath.sh'
[17.730s] Level 1:colcon.colcon_core.environment:checking '/home/robotix/ros2_ws/install/robotix/bin'
[17.730s] Level 1:colcon.colcon_core.environment:create_environment_scripts_only(robotix)
[17.789s] INFO:colcon.colcon_core.shell:Creating package script '/home/robotix/ros2_ws/install/robotix/share/robotix/package.ps1'
[17.792s] INFO:colcon.colcon_core.shell:Creating package descriptor '/home/robotix/ros2_ws/install/robotix/share/robotix/package.dsv'
[17.794s] INFO:colcon.colcon_core.shell:Creating package script '/home/robotix/ros2_ws/install/robotix/share/robotix/package.sh'
[17.796s] INFO:colcon.colcon_core.shell:Creating package script '/home/robotix/ros2_ws/install/robotix/share/robotix/package.bash'
[17.798s] INFO:colcon.colcon_core.shell:Creating package script '/home/robotix/ros2_ws/install/robotix/share/robotix/package.zsh'
[17.800s] Level 1:colcon.colcon_core.environment:create_file_with_runtime_dependencies(/home/robotix/ros2_ws/install/robotix/share/colcon-core/packages/robotix)
[17.808s] DEBUG:colcon.colcon_core.event_handler.log_command:Invoked command in '/home/robotix/ros2_ws/src/tof_imager_ros' returned '0': PYTHONPATH=/home/robotix/ros2_ws/build/tof_imager_ros/prefix_override:/home/robotix/ros2_ws/install/tof_imager_ros/lib/python3.10/site-packages:${PYTHONPATH} /usr/bin/python3 setup.py egg_info --egg-base ../../build/tof_imager_ros build --build-base /home/robotix/ros2_ws/build/tof_imager_ros/build install --record /home/robotix/ros2_ws/build/tof_imager_ros/install.log --single-version-externally-managed
[17.867s] Level 1:colcon.colcon_core.environment:checking '/home/robotix/ros2_ws/install/tof_imager_ros' for CMake module files
[17.870s] Level 1:colcon.colcon_core.environment:checking '/home/robotix/ros2_ws/install/tof_imager_ros' for CMake config files
[17.875s] Level 1:colcon.colcon_core.environment:checking '/home/robotix/ros2_ws/install/tof_imager_ros/lib'
[17.875s] Level 1:colcon.colcon_core.environment:checking '/home/robotix/ros2_ws/install/tof_imager_ros/bin'
[17.875s] Level 1:colcon.colcon_core.environment:checking '/home/robotix/ros2_ws/install/tof_imager_ros/lib/pkgconfig/tof_imager_ros.pc'
[17.876s] Level 1:colcon.colcon_core.environment:checking '/home/robotix/ros2_ws/install/tof_imager_ros/lib/python3.10/site-packages'
[17.877s] Level 1:colcon.colcon_core.shell:create_environment_hook('tof_imager_ros', 'pythonpath')
[17.936s] INFO:colcon.colcon_core.shell:Creating environment hook '/home/robotix/ros2_ws/install/tof_imager_ros/share/tof_imager_ros/hook/pythonpath.ps1'
[17.939s] INFO:colcon.colcon_core.shell:Creating environment descriptor '/home/robotix/ros2_ws/install/tof_imager_ros/share/tof_imager_ros/hook/pythonpath.dsv'
[17.940s] INFO:colcon.colcon_core.shell:Creating environment hook '/home/robotix/ros2_ws/install/tof_imager_ros/share/tof_imager_ros/hook/pythonpath.sh'
[17.943s] Level 1:colcon.colcon_core.environment:checking '/home/robotix/ros2_ws/install/tof_imager_ros/bin'
[17.944s] Level 1:colcon.colcon_core.environment:create_environment_scripts_only(tof_imager_ros)
[18.004s] INFO:colcon.colcon_core.shell:Creating package script '/home/robotix/ros2_ws/install/tof_imager_ros/share/tof_imager_ros/package.ps1'
[18.007s] INFO:colcon.colcon_core.shell:Creating package descriptor '/home/robotix/ros2_ws/install/tof_imager_ros/share/tof_imager_ros/package.dsv'
[18.009s] INFO:colcon.colcon_core.shell:Creating package script '/home/robotix/ros2_ws/install/tof_imager_ros/share/tof_imager_ros/package.sh'
[18.011s] INFO:colcon.colcon_core.shell:Creating package script '/home/robotix/ros2_ws/install/tof_imager_ros/share/tof_imager_ros/package.bash'
[18.013s] INFO:colcon.colcon_core.shell:Creating package script '/home/robotix/ros2_ws/install/tof_imager_ros/share/tof_imager_ros/package.zsh'
[18.015s] Level 1:colcon.colcon_core.environment:create_file_with_runtime_dependencies(/home/robotix/ros2_ws/install/tof_imager_ros/share/colcon-core/packages/tof_imager_ros)
[18.123s] Level 1:colcon.colcon_core.environment:create_environment_scripts_only(ydlidar_ros2_driver)
[18.182s] Level 1:colcon.colcon_core.environment:checking '/home/robotix/ros2_ws/install/ydlidar_ros2_driver' for CMake module files
[18.186s] Level 1:colcon.colcon_core.environment:checking '/home/robotix/ros2_ws/install/ydlidar_ros2_driver' for CMake config files
[18.189s] Level 1:colcon.colcon_core.shell:create_environment_hook('ydlidar_ros2_driver', 'cmake_prefix_path')
[18.249s] INFO:colcon.colcon_core.shell:Creating environment hook '/home/robotix/ros2_ws/install/ydlidar_ros2_driver/share/ydlidar_ros2_driver/hook/cmake_prefix_path.ps1'
[18.251s] INFO:colcon.colcon_core.shell:Creating environment descriptor '/home/robotix/ros2_ws/install/ydlidar_ros2_driver/share/ydlidar_ros2_driver/hook/cmake_prefix_path.dsv'
[18.253s] INFO:colcon.colcon_core.shell:Creating environment hook '/home/robotix/ros2_ws/install/ydlidar_ros2_driver/share/ydlidar_ros2_driver/hook/cmake_prefix_path.sh'
[18.256s] Level 1:colcon.colcon_core.environment:checking '/home/robotix/ros2_ws/install/ydlidar_ros2_driver/lib'
[18.257s] Level 1:colcon.colcon_core.environment:checking '/home/robotix/ros2_ws/install/ydlidar_ros2_driver/bin'
[18.257s] Level 1:colcon.colcon_core.environment:checking '/home/robotix/ros2_ws/install/ydlidar_ros2_driver/lib/pkgconfig/ydlidar_ros2_driver.pc'
[18.258s] Level 1:colcon.colcon_core.environment:checking '/home/robotix/ros2_ws/install/ydlidar_ros2_driver/lib/python3.10/site-packages'
[18.259s] Level 1:colcon.colcon_core.environment:checking '/home/robotix/ros2_ws/install/ydlidar_ros2_driver/bin'
[18.319s] INFO:colcon.colcon_core.shell:Creating package script '/home/robotix/ros2_ws/install/ydlidar_ros2_driver/share/ydlidar_ros2_driver/package.ps1'
[18.322s] INFO:colcon.colcon_core.shell:Creating package descriptor '/home/robotix/ros2_ws/install/ydlidar_ros2_driver/share/ydlidar_ros2_driver/package.dsv'
[18.324s] INFO:colcon.colcon_core.shell:Creating package script '/home/robotix/ros2_ws/install/ydlidar_ros2_driver/share/ydlidar_ros2_driver/package.sh'
[18.327s] INFO:colcon.colcon_core.shell:Creating package script '/home/robotix/ros2_ws/install/ydlidar_ros2_driver/share/ydlidar_ros2_driver/package.bash'
[18.329s] INFO:colcon.colcon_core.shell:Creating package script '/home/robotix/ros2_ws/install/ydlidar_ros2_driver/share/ydlidar_ros2_driver/package.zsh'
[18.331s] Level 1:colcon.colcon_core.environment:create_file_with_runtime_dependencies(/home/robotix/ros2_ws/install/ydlidar_ros2_driver/share/colcon-core/packages/ydlidar_ros2_driver)
[18.332s] DEBUG:colcon.colcon_parallel_executor.executor.parallel:closing loop
[18.334s] DEBUG:colcon.colcon_parallel_executor.executor.parallel:loop closed
[18.334s] DEBUG:colcon.colcon_parallel_executor.executor.parallel:run_until_complete finished with '0'
[18.334s] DEBUG:colcon.colcon_core.event_reactor:joining thread
[18.421s] INFO:colcon.colcon_core.plugin_system:Skipping extension 'colcon_notification.desktop_notification.notify_send': Could not find 'notify-send'
[18.421s] INFO:colcon.colcon_core.plugin_system:Skipping extension 'colcon_notification.desktop_notification.terminal_notifier': Not used on non-Darwin systems
[18.421s] INFO:colcon.colcon_core.plugin_system:Skipping extension 'colcon_notification.desktop_notification.win32': Not used on non-Windows systems
[18.422s] INFO:colcon.colcon_notification.desktop_notification:Sending desktop notification using 'notify2'
[18.425s] DEBUG:colcon.colcon_notification.desktop_notification.notify2:Failed to initialize notify2: org.freedesktop.DBus.Error.ServiceUnknown: The name org.freedesktop.Notifications was not provided by any .service files
[18.425s] DEBUG:colcon.colcon_core.event_reactor:joined thread
[18.486s] INFO:colcon.colcon_core.shell:Creating prefix script '/home/robotix/ros2_ws/install/local_setup.ps1'
[18.490s] INFO:colcon.colcon_core.shell:Creating prefix util module '/home/robotix/ros2_ws/install/_local_setup_util_ps1.py'
[18.497s] INFO:colcon.colcon_core.shell:Creating prefix chain script '/home/robotix/ros2_ws/install/setup.ps1'
[18.562s] INFO:colcon.colcon_core.shell:Creating prefix script '/home/robotix/ros2_ws/install/local_setup.sh'
[18.565s] INFO:colcon.colcon_core.shell:Creating prefix util module '/home/robotix/ros2_ws/install/_local_setup_util_sh.py'
[18.568s] INFO:colcon.colcon_core.shell:Creating prefix chain script '/home/robotix/ros2_ws/install/setup.sh'
[18.633s] INFO:colcon.colcon_core.shell:Creating prefix script '/home/robotix/ros2_ws/install/local_setup.bash'
[18.635s] INFO:colcon.colcon_core.shell:Creating prefix chain script '/home/robotix/ros2_ws/install/setup.bash'
[18.700s] INFO:colcon.colcon_core.shell:Creating prefix script '/home/robotix/ros2_ws/install/local_setup.zsh'
[18.702s] INFO:colcon.colcon_core.shell:Creating prefix chain script '/home/robotix/ros2_ws/install/setup.zsh'
