-- The C compiler identification is GNU 11.4.0
-- The CXX compiler identification is GNU 11.4.0
-- Detecting C compiler ABI info
-- Detecting C compiler ABI info - done
-- Check for working C compiler: /usr/bin/cc - skipped
-- Detecting C compile features
-- Detecting C compile features - done
-- Detecting CXX compiler ABI info
-- Detecting CXX compiler ABI info - done
-- Check for working CXX compiler: /usr/bin/c++ - skipped
-- Detecting CXX compile features
-- Detecting CXX compile features - done
-- Found ament_cmake: 1.3.5 (/opt/ros/humble/share/ament_cmake/cmake)
-- Found Python3: /usr/bin/python3.10 (found version "3.10.12") found components: Interpreter 
-- Found rclcpp: 16.0.6 (/opt/ros/humble/share/rclcpp/cmake)
-- Found rosidl_generator_c: 3.1.5 (/opt/ros/humble/share/rosidl_generator_c/cmake)
-- Found rosidl_adapter: 3.1.5 (/opt/ros/humble/share/rosidl_adapter/cmake)
-- Found rosidl_generator_cpp: 3.1.5 (/opt/ros/humble/share/rosidl_generator_cpp/cmake)
-- Using all available rosidl_typesupport_c: rosidl_typesupport_fastrtps_c;rosidl_typesupport_introspection_c
-- Using all available rosidl_typesupport_cpp: rosidl_typesupport_fastrtps_cpp;rosidl_typesupport_introspection_cpp
-- Found rmw_implementation_cmake: 6.1.1 (/opt/ros/humble/share/rmw_implementation_cmake/cmake)
-- Found rmw_fastrtps_cpp: 6.2.4 (/opt/ros/humble/share/rmw_fastrtps_cpp/cmake)
-- Found OpenSSL: /usr/lib/aarch64-linux-gnu/libcrypto.so (found version "3.0.2")  
-- Found FastRTPS: /opt/ros/humble/include  
-- Using RMW implementation 'rmw_fastrtps_cpp' as default
-- Looking for pthread.h
-- Looking for pthread.h - found
-- Performing Test CMAKE_HAVE_LIBC_PTHREAD
-- Performing Test CMAKE_HAVE_LIBC_PTHREAD - Success
-- Found Threads: TRUE  
-- Found sensor_msgs: 4.2.3 (/opt/ros/humble/share/sensor_msgs/cmake)
-- Configuring done
-- Generating done
-- Build files have been written to: /home/robotix/ros2_ws/src/build/vl53l1x
[ 33%] [32mBuilding CXX object CMakeFiles/vl53l1x_node.dir/src/vl53l1x_node.cpp.o[0m
[ 66%] [32mBuilding CXX object CMakeFiles/vl53l1x_node.dir/src/vl53l1x.cpp.o[0m
[100%] [32m[1mLinking CXX executable vl53l1x_node[0m
[100%] Built target vl53l1x_node
-- Install configuration: ""
-- Installing: /home/robotix/ros2_ws/src/install/vl53l1x/lib/vl53l1x/vl53l1x_node
-- Set runtime path of "/home/robotix/ros2_ws/src/install/vl53l1x/lib/vl53l1x/vl53l1x_node" to ""
-- Installing: /home/robotix/ros2_ws/src/install/vl53l1x/share/ament_index/resource_index/package_run_dependencies/vl53l1x
-- Installing: /home/robotix/ros2_ws/src/install/vl53l1x/share/ament_index/resource_index/parent_prefix_path/vl53l1x
-- Installing: /home/robotix/ros2_ws/src/install/vl53l1x/share/vl53l1x/environment/ament_prefix_path.sh
-- Installing: /home/robotix/ros2_ws/src/install/vl53l1x/share/vl53l1x/environment/ament_prefix_path.dsv
-- Installing: /home/robotix/ros2_ws/src/install/vl53l1x/share/vl53l1x/environment/path.sh
-- Installing: /home/robotix/ros2_ws/src/install/vl53l1x/share/vl53l1x/environment/path.dsv
-- Installing: /home/robotix/ros2_ws/src/install/vl53l1x/share/vl53l1x/local_setup.bash
-- Installing: /home/robotix/ros2_ws/src/install/vl53l1x/share/vl53l1x/local_setup.sh
-- Installing: /home/robotix/ros2_ws/src/install/vl53l1x/share/vl53l1x/local_setup.zsh
-- Installing: /home/robotix/ros2_ws/src/install/vl53l1x/share/vl53l1x/local_setup.dsv
-- Installing: /home/robotix/ros2_ws/src/install/vl53l1x/share/vl53l1x/package.dsv
-- Installing: /home/robotix/ros2_ws/src/install/vl53l1x/share/ament_index/resource_index/packages/vl53l1x
-- Installing: /home/robotix/ros2_ws/src/install/vl53l1x/share/vl53l1x/cmake/vl53l1xConfig.cmake
-- Installing: /home/robotix/ros2_ws/src/install/vl53l1x/share/vl53l1x/cmake/vl53l1xConfig-version.cmake
-- Installing: /home/robotix/ros2_ws/src/install/vl53l1x/share/vl53l1x/package.xml
