[6.364s] Invoking command in '/home/robotix/ros2_ws/src/build/robotix': PYTHONPATH=/home/robotix/ros2_ws/src/build/robotix/prefix_override:/home/robotix/ros2_ws/src/install/robotix/lib/python3.10/site-packages:${PYTHONPATH} /usr/bin/python3 setup.py develop --editable --build-directory /home/robotix/ros2_ws/src/build/robotix/build --no-deps install_data
[7.742s] running develop
[8.507s] running egg_info
[8.508s] writing robotix.egg-info/PKG-INFO
[8.509s] writing dependency_links to robotix.egg-info/dependency_links.txt
[8.510s] writing entry points to robotix.egg-info/entry_points.txt
[8.511s] writing requirements to robotix.egg-info/requires.txt
[8.512s] writing top-level names to robotix.egg-info/top_level.txt
[8.522s] reading manifest file 'robotix.egg-info/SOURCES.txt'
[8.526s] writing manifest file 'robotix.egg-info/SOURCES.txt'
[8.534s] running build_ext
[8.534s] Creating /home/robotix/ros2_ws/src/install/robotix/lib/python3.10/site-packages/robotix.egg-link (link to .)
[8.541s] Installing codeuse script to /home/robotix/ros2_ws/src/install/robotix/lib/robotix
[8.543s] Installing controller script to /home/robotix/ros2_ws/src/install/robotix/lib/robotix
[8.543s] Installing ctrl_claw script to /home/robotix/ros2_ws/src/install/robotix/lib/robotix
[8.545s] Installing ctrl_nav script to /home/robotix/ros2_ws/src/install/robotix/lib/robotix
[8.546s] Installing jetson script to /home/robotix/ros2_ws/src/install/robotix/lib/robotix
[8.548s] Installing laser script to /home/robotix/ros2_ws/src/install/robotix/lib/robotix
[8.551s] Installing lidar script to /home/robotix/ros2_ws/src/install/robotix/lib/robotix
[8.553s] Installing motor script to /home/robotix/ros2_ws/src/install/robotix/lib/robotix
[8.555s] Installing motor_claw script to /home/robotix/ros2_ws/src/install/robotix/lib/robotix
[8.556s] Installing motor_plateau script to /home/robotix/ros2_ws/src/install/robotix/lib/robotix
[8.557s] 
[8.559s] Installed /home/robotix/ros2_ws/src/build/robotix
[8.561s] running install_data
[9.076s] Invoked command in '/home/robotix/ros2_ws/src/build/robotix' returned '0': PYTHONPATH=/home/robotix/ros2_ws/src/build/robotix/prefix_override:/home/robotix/ros2_ws/src/install/robotix/lib/python3.10/site-packages:${PYTHONPATH} /usr/bin/python3 setup.py develop --editable --build-directory /home/robotix/ros2_ws/src/build/robotix/build --no-deps install_data
