[6.680s] Invoking command in '/home/robotix/ros2_ws/build/robotix': PYTHONPATH=/home/robotix/ros2_ws/build/robotix/prefix_override:/home/robotix/ros2_ws/install/robotix/lib/python3.10/site-packages:${PYTHONPATH} /usr/bin/python3 setup.py develop --editable --build-directory /home/robotix/ros2_ws/build/robotix/build --no-deps install_data
[8.270s] running develop
[9.151s] running egg_info
[9.152s] writing robotix.egg-info/PKG-INFO
[9.154s] writing dependency_links to robotix.egg-info/dependency_links.txt
[9.156s] writing entry points to robotix.egg-info/entry_points.txt
[9.157s] writing requirements to robotix.egg-info/requires.txt
[9.158s] writing top-level names to robotix.egg-info/top_level.txt
[9.169s] reading manifest file 'robotix.egg-info/SOURCES.txt'
[9.174s] writing manifest file 'robotix.egg-info/SOURCES.txt'
[9.183s] running build_ext
[9.185s] Creating /home/robotix/ros2_ws/install/robotix/lib/python3.10/site-packages/robotix.egg-link (link to .)
[9.193s] Installing codeuse script to /home/robotix/ros2_ws/install/robotix/lib/robotix
[9.195s] Installing controller script to /home/robotix/ros2_ws/install/robotix/lib/robotix
[9.196s] Installing ctrl_claw script to /home/robotix/ros2_ws/install/robotix/lib/robotix
[9.198s] Installing ctrl_nav script to /home/robotix/ros2_ws/install/robotix/lib/robotix
[9.200s] Installing jetson script to /home/robotix/ros2_ws/install/robotix/lib/robotix
[9.202s] Installing laser script to /home/robotix/ros2_ws/install/robotix/lib/robotix
[9.203s] Installing lidar script to /home/robotix/ros2_ws/install/robotix/lib/robotix
[9.205s] Installing motor script to /home/robotix/ros2_ws/install/robotix/lib/robotix
[9.206s] Installing motor_claw script to /home/robotix/ros2_ws/install/robotix/lib/robotix
[9.211s] Installing motor_plateau script to /home/robotix/ros2_ws/install/robotix/lib/robotix
[9.214s] 
[9.217s] Installed /home/robotix/ros2_ws/build/robotix
[9.219s] running install_data
[9.505s] Invoked command in '/home/robotix/ros2_ws/build/robotix' returned '0': PYTHONPATH=/home/robotix/ros2_ws/build/robotix/prefix_override:/home/robotix/ros2_ws/install/robotix/lib/python3.10/site-packages:${PYTHONPATH} /usr/bin/python3 setup.py develop --editable --build-directory /home/robotix/ros2_ws/build/robotix/build --no-deps install_data
