[4.200s] DEBUG:colcon:Command line arguments: ['/usr/bin/colcon', 'build', '--symlink-install']
[4.200s] DEBUG:colcon:Parsed command line arguments: Namespace(log_base=None, log_level=None, verb_name='build', build_base='build', install_base='install', merge_install=False, symlink_install=True, test_result_base=None, continue_on_error=False, executor='parallel', parallel_workers=4, event_handlers=None, ignore_user_meta=False, metas=['./colcon.meta'], base_paths=['.'], packages_ignore=None, packages_ignore_regex=None, paths=None, packages_up_to=None, packages_up_to_regex=None, packages_above=None, packages_above_and_dependencies=None, packages_above_depth=None, packages_select_by_dep=None, packages_skip_by_dep=None, packages_skip_up_to=None, packages_select_build_failed=False, packages_skip_build_finished=False, packages_select_test_failures=False, packages_skip_test_passed=False, packages_select=None, packages_skip=None, packages_select_regex=None, packages_skip_regex=None, packages_start=None, packages_end=None, allow_overriding=[], cmake_args=None, cmake_target=None, cmake_target_skip_unavailable=False, cmake_clean_cache=False, cmake_clean_first=False, cmake_force_configure=False, ament_cmake_args=None, catkin_cmake_args=None, catkin_skip_building_tests=False, verb_parser=<colcon_defaults.argument_parser.defaults.DefaultArgumentsDecorator object at 0xffffbcee6470>, verb_extension=<colcon_core.verb.build.BuildVerb object at 0xffffbd083070>, main=<bound method BuildVerb.main of <colcon_core.verb.build.BuildVerb object at 0xffffbd083070>>)
[4.438s] Level 1:colcon.colcon_core.package_discovery:discover_packages(colcon_meta) check parameters
[4.439s] Level 1:colcon.colcon_core.package_discovery:discover_packages(recursive) check parameters
[4.439s] Level 1:colcon.colcon_core.package_discovery:discover_packages(ignore) check parameters
[4.440s] Level 1:colcon.colcon_core.package_discovery:discover_packages(path) check parameters
[4.440s] Level 1:colcon.colcon_core.package_discovery:discover_packages(colcon_meta) discover
[4.441s] Level 1:colcon.colcon_core.package_discovery:discover_packages(recursive) discover
[4.441s] INFO:colcon.colcon_core.package_discovery:Crawling recursively for packages in '/home/robotix/ros2_ws'
[4.442s] Level 1:colcon.colcon_core.package_identification:_identify(.) by extensions ['ignore', 'ignore_ament_install']
[4.442s] Level 1:colcon.colcon_core.package_identification:_identify(.) by extension 'ignore'
[4.443s] Level 1:colcon.colcon_core.package_identification:_identify(.) by extension 'ignore_ament_install'
[4.444s] Level 1:colcon.colcon_core.package_identification:_identify(.) by extensions ['colcon_pkg']
[4.444s] Level 1:colcon.colcon_core.package_identification:_identify(.) by extension 'colcon_pkg'
[4.445s] Level 1:colcon.colcon_core.package_identification:_identify(.) by extensions ['colcon_meta']
[4.445s] Level 1:colcon.colcon_core.package_identification:_identify(.) by extension 'colcon_meta'
[4.445s] Level 1:colcon.colcon_core.package_identification:_identify(.) by extensions ['ros']
[4.446s] Level 1:colcon.colcon_core.package_identification:_identify(.) by extension 'ros'
[4.510s] Level 1:colcon.colcon_core.package_identification:_identify(.) by extensions ['cmake', 'python']
[4.511s] Level 1:colcon.colcon_core.package_identification:_identify(.) by extension 'cmake'
[4.511s] Level 1:colcon.colcon_core.package_identification:_identify(.) by extension 'python'
[4.512s] Level 1:colcon.colcon_core.package_identification:_identify(.) by extensions ['python_setup_py']
[4.513s] Level 1:colcon.colcon_core.package_identification:_identify(.) by extension 'python_setup_py'
[4.517s] Level 1:colcon.colcon_core.package_identification:_identify(build) by extensions ['ignore', 'ignore_ament_install']
[4.518s] Level 1:colcon.colcon_core.package_identification:_identify(build) by extension 'ignore'
[4.519s] Level 1:colcon.colcon_core.package_identification:_identify(build) ignored
[4.520s] Level 1:colcon.colcon_core.package_identification:_identify(install) by extensions ['ignore', 'ignore_ament_install']
[4.520s] Level 1:colcon.colcon_core.package_identification:_identify(install) by extension 'ignore'
[4.521s] Level 1:colcon.colcon_core.package_identification:_identify(install) ignored
[4.522s] Level 1:colcon.colcon_core.package_identification:_identify(log) by extensions ['ignore', 'ignore_ament_install']
[4.523s] Level 1:colcon.colcon_core.package_identification:_identify(log) by extension 'ignore'
[4.523s] Level 1:colcon.colcon_core.package_identification:_identify(log) ignored
[4.524s] Level 1:colcon.colcon_core.package_identification:_identify(src) by extensions ['ignore', 'ignore_ament_install']
[4.524s] Level 1:colcon.colcon_core.package_identification:_identify(src) by extension 'ignore'
[4.525s] Level 1:colcon.colcon_core.package_identification:_identify(src) by extension 'ignore_ament_install'
[4.525s] Level 1:colcon.colcon_core.package_identification:_identify(src) by extensions ['colcon_pkg']
[4.525s] Level 1:colcon.colcon_core.package_identification:_identify(src) by extension 'colcon_pkg'
[4.525s] Level 1:colcon.colcon_core.package_identification:_identify(src) by extensions ['colcon_meta']
[4.526s] Level 1:colcon.colcon_core.package_identification:_identify(src) by extension 'colcon_meta'
[4.526s] Level 1:colcon.colcon_core.package_identification:_identify(src) by extensions ['ros']
[4.526s] Level 1:colcon.colcon_core.package_identification:_identify(src) by extension 'ros'
[4.527s] Level 1:colcon.colcon_core.package_identification:_identify(src) by extensions ['cmake', 'python']
[4.527s] Level 1:colcon.colcon_core.package_identification:_identify(src) by extension 'cmake'
[4.527s] Level 1:colcon.colcon_core.package_identification:_identify(src) by extension 'python'
[4.528s] Level 1:colcon.colcon_core.package_identification:_identify(src) by extensions ['python_setup_py']
[4.528s] Level 1:colcon.colcon_core.package_identification:_identify(src) by extension 'python_setup_py'
[4.529s] Level 1:colcon.colcon_core.package_identification:_identify(src/ROS2-VL53L1X) by extensions ['ignore', 'ignore_ament_install']
[4.529s] Level 1:colcon.colcon_core.package_identification:_identify(src/ROS2-VL53L1X) by extension 'ignore'
[4.529s] Level 1:colcon.colcon_core.package_identification:_identify(src/ROS2-VL53L1X) by extension 'ignore_ament_install'
[4.530s] Level 1:colcon.colcon_core.package_identification:_identify(src/ROS2-VL53L1X) by extensions ['colcon_pkg']
[4.530s] Level 1:colcon.colcon_core.package_identification:_identify(src/ROS2-VL53L1X) by extension 'colcon_pkg'
[4.531s] Level 1:colcon.colcon_core.package_identification:_identify(src/ROS2-VL53L1X) by extensions ['colcon_meta']
[4.531s] Level 1:colcon.colcon_core.package_identification:_identify(src/ROS2-VL53L1X) by extension 'colcon_meta'
[4.531s] Level 1:colcon.colcon_core.package_identification:_identify(src/ROS2-VL53L1X) by extensions ['ros']
[4.532s] Level 1:colcon.colcon_core.package_identification:_identify(src/ROS2-VL53L1X) by extension 'ros'
[4.544s] DEBUG:colcon.colcon_core.package_identification:Package 'src/ROS2-VL53L1X' with type 'ros.ament_cmake' and name 'vl53l1x'
[4.546s] Level 1:colcon.colcon_core.package_identification:_identify(src/build) by extensions ['ignore', 'ignore_ament_install']
[4.547s] Level 1:colcon.colcon_core.package_identification:_identify(src/build) by extension 'ignore'
[4.547s] Level 1:colcon.colcon_core.package_identification:_identify(src/build) ignored
[4.548s] Level 1:colcon.colcon_core.package_identification:_identify(src/install) by extensions ['ignore', 'ignore_ament_install']
[4.549s] Level 1:colcon.colcon_core.package_identification:_identify(src/install) by extension 'ignore'
[4.549s] Level 1:colcon.colcon_core.package_identification:_identify(src/install) ignored
[4.551s] Level 1:colcon.colcon_core.package_identification:_identify(src/log) by extensions ['ignore', 'ignore_ament_install']
[4.552s] Level 1:colcon.colcon_core.package_identification:_identify(src/log) by extension 'ignore'
[4.552s] Level 1:colcon.colcon_core.package_identification:_identify(src/log) ignored
[4.554s] Level 1:colcon.colcon_core.package_identification:_identify(src/robotix) by extensions ['ignore', 'ignore_ament_install']
[4.554s] Level 1:colcon.colcon_core.package_identification:_identify(src/robotix) by extension 'ignore'
[4.555s] Level 1:colcon.colcon_core.package_identification:_identify(src/robotix) by extension 'ignore_ament_install'
[4.555s] Level 1:colcon.colcon_core.package_identification:_identify(src/robotix) by extensions ['colcon_pkg']
[4.556s] Level 1:colcon.colcon_core.package_identification:_identify(src/robotix) by extension 'colcon_pkg'
[4.556s] Level 1:colcon.colcon_core.package_identification:_identify(src/robotix) by extensions ['colcon_meta']
[4.556s] Level 1:colcon.colcon_core.package_identification:_identify(src/robotix) by extension 'colcon_meta'
[4.557s] Level 1:colcon.colcon_core.package_identification:_identify(src/robotix) by extensions ['ros']
[4.557s] Level 1:colcon.colcon_core.package_identification:_identify(src/robotix) by extension 'ros'
[4.563s] DEBUG:colcon.colcon_core.package_identification:Package 'src/robotix' with type 'ros.ament_python' and name 'robotix'
[4.565s] Level 1:colcon.colcon_core.package_identification:_identify(src/ydlidar_ros2_driver) by extensions ['ignore', 'ignore_ament_install']
[4.565s] Level 1:colcon.colcon_core.package_identification:_identify(src/ydlidar_ros2_driver) by extension 'ignore'
[4.566s] Level 1:colcon.colcon_core.package_identification:_identify(src/ydlidar_ros2_driver) by extension 'ignore_ament_install'
[4.566s] Level 1:colcon.colcon_core.package_identification:_identify(src/ydlidar_ros2_driver) by extensions ['colcon_pkg']
[4.567s] Level 1:colcon.colcon_core.package_identification:_identify(src/ydlidar_ros2_driver) by extension 'colcon_pkg'
[4.567s] Level 1:colcon.colcon_core.package_identification:_identify(src/ydlidar_ros2_driver) by extensions ['colcon_meta']
[4.567s] Level 1:colcon.colcon_core.package_identification:_identify(src/ydlidar_ros2_driver) by extension 'colcon_meta'
[4.567s] Level 1:colcon.colcon_core.package_identification:_identify(src/ydlidar_ros2_driver) by extensions ['ros']
[4.568s] Level 1:colcon.colcon_core.package_identification:_identify(src/ydlidar_ros2_driver) by extension 'ros'
[4.571s] DEBUG:colcon.colcon_core.package_identification:Package 'src/ydlidar_ros2_driver' with type 'ros.ament_cmake' and name 'ydlidar_ros2_driver'
[4.571s] Level 1:colcon.colcon_core.package_discovery:discover_packages(recursive) using defaults
[4.572s] Level 1:colcon.colcon_core.package_discovery:discover_packages(ignore) discover
[4.572s] Level 1:colcon.colcon_core.package_discovery:discover_packages(ignore) using defaults
[4.572s] Level 1:colcon.colcon_core.package_discovery:discover_packages(path) discover
[4.572s] Level 1:colcon.colcon_core.package_discovery:discover_packages(path) using defaults
[5.247s] Level 1:colcon.colcon_core.package_discovery:discover_packages(prefix_path) check parameters
[5.248s] Level 1:colcon.colcon_core.package_discovery:discover_packages(prefix_path) discover
[5.399s] DEBUG:colcon.colcon_installed_package_information.package_discovery:Found 3 installed packages in /home/robotix/ros2_ws/src/install
[5.457s] DEBUG:colcon.colcon_installed_package_information.package_discovery:Found 3 installed packages in /home/robotix/ros2_ws/install
[5.720s] DEBUG:colcon.colcon_installed_package_information.package_discovery:Found 180 installed packages in /opt/ros/humble
[5.727s] Level 1:colcon.colcon_core.package_discovery:discover_packages(prefix_path) using defaults
[7.741s] Level 5:colcon.colcon_core.verb:set package 'robotix' build argument 'cmake_args' from command line to 'None'
[7.744s] Level 5:colcon.colcon_core.verb:set package 'robotix' build argument 'cmake_target' from command line to 'None'
[7.747s] Level 5:colcon.colcon_core.verb:set package 'robotix' build argument 'cmake_target_skip_unavailable' from command line to 'False'
[7.748s] Level 5:colcon.colcon_core.verb:set package 'robotix' build argument 'cmake_clean_cache' from command line to 'False'
[7.751s] Level 5:colcon.colcon_core.verb:set package 'robotix' build argument 'cmake_clean_first' from command line to 'False'
[7.755s] Level 5:colcon.colcon_core.verb:set package 'robotix' build argument 'cmake_force_configure' from command line to 'False'
[7.756s] Level 5:colcon.colcon_core.verb:set package 'robotix' build argument 'ament_cmake_args' from command line to 'None'
[7.760s] Level 5:colcon.colcon_core.verb:set package 'robotix' build argument 'catkin_cmake_args' from command line to 'None'
[7.760s] Level 5:colcon.colcon_core.verb:set package 'robotix' build argument 'catkin_skip_building_tests' from command line to 'False'
[7.765s] DEBUG:colcon.colcon_core.verb:Building package 'robotix' with the following arguments: {'ament_cmake_args': None, 'build_base': '/home/robotix/ros2_ws/build/robotix', 'catkin_cmake_args': None, 'catkin_skip_building_tests': False, 'cmake_args': None, 'cmake_clean_cache': False, 'cmake_clean_first': False, 'cmake_force_configure': False, 'cmake_target': None, 'cmake_target_skip_unavailable': False, 'install_base': '/home/robotix/ros2_ws/install/robotix', 'merge_install': False, 'path': '/home/robotix/ros2_ws/src/robotix', 'symlink_install': True, 'test_result_base': None}
[8.127s] Level 5:colcon.colcon_core.verb:set package 'vl53l1x' build argument 'cmake_args' from command line to 'None'
[8.128s] Level 5:colcon.colcon_core.verb:set package 'vl53l1x' build argument 'cmake_target' from command line to 'None'
[8.129s] Level 5:colcon.colcon_core.verb:set package 'vl53l1x' build argument 'cmake_target_skip_unavailable' from command line to 'False'
[8.129s] Level 5:colcon.colcon_core.verb:set package 'vl53l1x' build argument 'cmake_clean_cache' from command line to 'False'
[8.130s] Level 5:colcon.colcon_core.verb:set package 'vl53l1x' build argument 'cmake_clean_first' from command line to 'False'
[8.130s] Level 5:colcon.colcon_core.verb:set package 'vl53l1x' build argument 'cmake_force_configure' from command line to 'False'
[8.130s] Level 5:colcon.colcon_core.verb:set package 'vl53l1x' build argument 'ament_cmake_args' from command line to 'None'
[8.131s] Level 5:colcon.colcon_core.verb:set package 'vl53l1x' build argument 'catkin_cmake_args' from command line to 'None'
[8.131s] Level 5:colcon.colcon_core.verb:set package 'vl53l1x' build argument 'catkin_skip_building_tests' from command line to 'False'
[8.131s] DEBUG:colcon.colcon_core.verb:Building package 'vl53l1x' with the following arguments: {'ament_cmake_args': None, 'build_base': '/home/robotix/ros2_ws/build/vl53l1x', 'catkin_cmake_args': None, 'catkin_skip_building_tests': False, 'cmake_args': None, 'cmake_clean_cache': False, 'cmake_clean_first': False, 'cmake_force_configure': False, 'cmake_target': None, 'cmake_target_skip_unavailable': False, 'install_base': '/home/robotix/ros2_ws/install/vl53l1x', 'merge_install': False, 'path': '/home/robotix/ros2_ws/src/ROS2-VL53L1X', 'symlink_install': True, 'test_result_base': None}
[8.518s] Level 5:colcon.colcon_core.verb:set package 'ydlidar_ros2_driver' build argument 'cmake_args' from command line to 'None'
[8.518s] Level 5:colcon.colcon_core.verb:set package 'ydlidar_ros2_driver' build argument 'cmake_target' from command line to 'None'
[8.519s] Level 5:colcon.colcon_core.verb:set package 'ydlidar_ros2_driver' build argument 'cmake_target_skip_unavailable' from command line to 'False'
[8.519s] Level 5:colcon.colcon_core.verb:set package 'ydlidar_ros2_driver' build argument 'cmake_clean_cache' from command line to 'False'
[8.519s] Level 5:colcon.colcon_core.verb:set package 'ydlidar_ros2_driver' build argument 'cmake_clean_first' from command line to 'False'
[8.519s] Level 5:colcon.colcon_core.verb:set package 'ydlidar_ros2_driver' build argument 'cmake_force_configure' from command line to 'False'
[8.520s] Level 5:colcon.colcon_core.verb:set package 'ydlidar_ros2_driver' build argument 'ament_cmake_args' from command line to 'None'
[8.520s] Level 5:colcon.colcon_core.verb:set package 'ydlidar_ros2_driver' build argument 'catkin_cmake_args' from command line to 'None'
[8.520s] Level 5:colcon.colcon_core.verb:set package 'ydlidar_ros2_driver' build argument 'catkin_skip_building_tests' from command line to 'False'
[8.520s] DEBUG:colcon.colcon_core.verb:Building package 'ydlidar_ros2_driver' with the following arguments: {'ament_cmake_args': None, 'build_base': '/home/robotix/ros2_ws/build/ydlidar_ros2_driver', 'catkin_cmake_args': None, 'catkin_skip_building_tests': False, 'cmake_args': None, 'cmake_clean_cache': False, 'cmake_clean_first': False, 'cmake_force_configure': False, 'cmake_target': None, 'cmake_target_skip_unavailable': False, 'install_base': '/home/robotix/ros2_ws/install/ydlidar_ros2_driver', 'merge_install': False, 'path': '/home/robotix/ros2_ws/src/ydlidar_ros2_driver', 'symlink_install': True, 'test_result_base': None}
[8.688s] INFO:colcon.colcon_core.executor:Executing jobs using 'parallel' executor
[8.887s] DEBUG:colcon.colcon_parallel_executor.executor.parallel:run_until_complete
[8.889s] INFO:colcon.colcon_ros.task.ament_python.build:Building ROS package in '/home/robotix/ros2_ws/src/robotix' with build type 'ament_python'
[8.890s] Level 1:colcon.colcon_core.shell:create_environment_hook('robotix', 'ament_prefix_path')
[9.046s] INFO:colcon.colcon_core.plugin_system:Skipping extension 'colcon_core.shell.bat': Not used on non-Windows systems
[9.047s] INFO:colcon.colcon_core.shell:Creating environment hook '/home/robotix/ros2_ws/install/robotix/share/robotix/hook/ament_prefix_path.ps1'
[9.051s] INFO:colcon.colcon_core.shell:Creating environment descriptor '/home/robotix/ros2_ws/install/robotix/share/robotix/hook/ament_prefix_path.dsv'
[9.055s] INFO:colcon.colcon_core.shell:Creating environment hook '/home/robotix/ros2_ws/install/robotix/share/robotix/hook/ament_prefix_path.sh'
[9.209s] INFO:colcon.colcon_core.shell:Skip shell extension 'powershell' for command environment: Not usable outside of PowerShell
[9.209s] DEBUG:colcon.colcon_core.shell:Skip shell extension 'dsv' for command environment
[10.353s] INFO:colcon.colcon_ros.task.ament_cmake.build:Building ROS package in '/home/robotix/ros2_ws/src/ROS2-VL53L1X' with build type 'ament_cmake'
[10.353s] INFO:colcon.colcon_cmake.task.cmake.build:Building CMake package in '/home/robotix/ros2_ws/src/ROS2-VL53L1X'
[10.710s] INFO:colcon.colcon_core.shell:Skip shell extension 'powershell' for command environment: Not usable outside of PowerShell
[10.721s] DEBUG:colcon.colcon_core.shell:Skip shell extension 'dsv' for command environment
[12.006s] INFO:colcon.colcon_ros.task.ament_cmake.build:Building ROS package in '/home/robotix/ros2_ws/src/ydlidar_ros2_driver' with build type 'ament_cmake'
[12.007s] INFO:colcon.colcon_cmake.task.cmake.build:Building CMake package in '/home/robotix/ros2_ws/src/ydlidar_ros2_driver'
[12.130s] INFO:colcon.colcon_core.shell:Skip shell extension 'powershell' for command environment: Not usable outside of PowerShell
[12.131s] DEBUG:colcon.colcon_core.shell:Skip shell extension 'dsv' for command environment
[14.329s] INFO:colcon.colcon_core.task.python.build:Building Python package in '/home/robotix/ros2_ws/src/robotix'
[14.389s] INFO:colcon.colcon_core.shell:Skip shell extension 'powershell' for command environment: Not usable outside of PowerShell
[14.390s] DEBUG:colcon.colcon_core.shell:Skip shell extension 'dsv' for command environment
[14.667s] DEBUG:colcon.colcon_core.event_handler.log_command:Invoking command in '/home/robotix/ros2_ws/build/vl53l1x': CMAKE_PREFIX_PATH=${CMAKE_PREFIX_PATH}:/home/robotix/ros2_ws/src/install/robotix:/home/robotix/ros2_ws/install/robotix:/opt/ros/humble /usr/bin/cmake --build /home/robotix/ros2_ws/build/vl53l1x -- -j4 -l4
[14.699s] DEBUG:colcon.colcon_core.event_handler.log_command:Invoking command in '/home/robotix/ros2_ws/build/ydlidar_ros2_driver': CMAKE_PREFIX_PATH=${CMAKE_PREFIX_PATH}:/home/robotix/ros2_ws/src/install/robotix:/home/robotix/ros2_ws/install/robotix:/opt/ros/humble /usr/bin/cmake --build /home/robotix/ros2_ws/build/ydlidar_ros2_driver -- -j4 -l4
[15.155s] DEBUG:colcon.colcon_core.event_handler.log_command:Invoked command in '/home/robotix/ros2_ws/build/ydlidar_ros2_driver' returned '0': CMAKE_PREFIX_PATH=${CMAKE_PREFIX_PATH}:/home/robotix/ros2_ws/src/install/robotix:/home/robotix/ros2_ws/install/robotix:/opt/ros/humble /usr/bin/cmake --build /home/robotix/ros2_ws/build/ydlidar_ros2_driver -- -j4 -l4
[15.365s] DEBUG:colcon.colcon_core.event_handler.log_command:Invoking command in '/home/robotix/ros2_ws/build/ydlidar_ros2_driver': CMAKE_PREFIX_PATH=${CMAKE_PREFIX_PATH}:/home/robotix/ros2_ws/src/install/robotix:/home/robotix/ros2_ws/install/robotix:/opt/ros/humble /usr/bin/cmake --install /home/robotix/ros2_ws/build/ydlidar_ros2_driver
[15.617s] Level 1:colcon.colcon_core.environment:create_environment_scripts_only(ydlidar_ros2_driver)
[15.622s] DEBUG:colcon.colcon_core.event_handler.log_command:Invoked command in '/home/robotix/ros2_ws/build/ydlidar_ros2_driver' returned '0': CMAKE_PREFIX_PATH=${CMAKE_PREFIX_PATH}:/home/robotix/ros2_ws/src/install/robotix:/home/robotix/ros2_ws/install/robotix:/opt/ros/humble /usr/bin/cmake --install /home/robotix/ros2_ws/build/ydlidar_ros2_driver
[15.874s] Level 1:colcon.colcon_core.environment:checking '/home/robotix/ros2_ws/install/ydlidar_ros2_driver' for CMake module files
[15.881s] Level 1:colcon.colcon_core.environment:checking '/home/robotix/ros2_ws/install/ydlidar_ros2_driver' for CMake config files
[15.887s] Level 1:colcon.colcon_core.shell:create_environment_hook('ydlidar_ros2_driver', 'cmake_prefix_path')
[16.021s] INFO:colcon.colcon_core.shell:Creating environment hook '/home/robotix/ros2_ws/install/ydlidar_ros2_driver/share/ydlidar_ros2_driver/hook/cmake_prefix_path.ps1'
[16.025s] INFO:colcon.colcon_core.shell:Creating environment descriptor '/home/robotix/ros2_ws/install/ydlidar_ros2_driver/share/ydlidar_ros2_driver/hook/cmake_prefix_path.dsv'
[16.029s] INFO:colcon.colcon_core.shell:Creating environment hook '/home/robotix/ros2_ws/install/ydlidar_ros2_driver/share/ydlidar_ros2_driver/hook/cmake_prefix_path.sh'
[16.034s] Level 1:colcon.colcon_core.environment:checking '/home/robotix/ros2_ws/install/ydlidar_ros2_driver/lib'
[16.036s] Level 1:colcon.colcon_core.environment:checking '/home/robotix/ros2_ws/install/ydlidar_ros2_driver/bin'
[16.037s] Level 1:colcon.colcon_core.environment:checking '/home/robotix/ros2_ws/install/ydlidar_ros2_driver/lib/pkgconfig/ydlidar_ros2_driver.pc'
[16.039s] Level 1:colcon.colcon_core.environment:checking '/home/robotix/ros2_ws/install/ydlidar_ros2_driver/lib/python3.10/site-packages'
[16.041s] Level 1:colcon.colcon_core.environment:checking '/home/robotix/ros2_ws/install/ydlidar_ros2_driver/bin'
[16.154s] INFO:colcon.colcon_core.shell:Creating package script '/home/robotix/ros2_ws/install/ydlidar_ros2_driver/share/ydlidar_ros2_driver/package.ps1'
[16.158s] INFO:colcon.colcon_core.shell:Creating package descriptor '/home/robotix/ros2_ws/install/ydlidar_ros2_driver/share/ydlidar_ros2_driver/package.dsv'
[16.161s] INFO:colcon.colcon_core.shell:Creating package script '/home/robotix/ros2_ws/install/ydlidar_ros2_driver/share/ydlidar_ros2_driver/package.sh'
[16.166s] INFO:colcon.colcon_core.shell:Creating package script '/home/robotix/ros2_ws/install/ydlidar_ros2_driver/share/ydlidar_ros2_driver/package.bash'
[16.170s] INFO:colcon.colcon_core.shell:Creating package script '/home/robotix/ros2_ws/install/ydlidar_ros2_driver/share/ydlidar_ros2_driver/package.zsh'
[16.174s] Level 1:colcon.colcon_core.environment:create_file_with_runtime_dependencies(/home/robotix/ros2_ws/install/ydlidar_ros2_driver/share/colcon-core/packages/ydlidar_ros2_driver)
[16.471s] Level 1:colcon.colcon_core.environment:create_environment_scripts_only(ydlidar_ros2_driver)
[16.599s] Level 1:colcon.colcon_core.environment:checking '/home/robotix/ros2_ws/install/ydlidar_ros2_driver' for CMake module files
[16.603s] Level 1:colcon.colcon_core.environment:checking '/home/robotix/ros2_ws/install/ydlidar_ros2_driver' for CMake config files
[16.607s] Level 1:colcon.colcon_core.shell:create_environment_hook('ydlidar_ros2_driver', 'cmake_prefix_path')
[16.675s] INFO:colcon.colcon_core.shell:Creating environment hook '/home/robotix/ros2_ws/install/ydlidar_ros2_driver/share/ydlidar_ros2_driver/hook/cmake_prefix_path.ps1'
[16.677s] INFO:colcon.colcon_core.shell:Creating environment descriptor '/home/robotix/ros2_ws/install/ydlidar_ros2_driver/share/ydlidar_ros2_driver/hook/cmake_prefix_path.dsv'
[16.680s] INFO:colcon.colcon_core.shell:Creating environment hook '/home/robotix/ros2_ws/install/ydlidar_ros2_driver/share/ydlidar_ros2_driver/hook/cmake_prefix_path.sh'
[16.683s] Level 1:colcon.colcon_core.environment:checking '/home/robotix/ros2_ws/install/ydlidar_ros2_driver/lib'
[16.684s] Level 1:colcon.colcon_core.environment:checking '/home/robotix/ros2_ws/install/ydlidar_ros2_driver/bin'
[16.684s] Level 1:colcon.colcon_core.environment:checking '/home/robotix/ros2_ws/install/ydlidar_ros2_driver/lib/pkgconfig/ydlidar_ros2_driver.pc'
[16.685s] Level 1:colcon.colcon_core.environment:checking '/home/robotix/ros2_ws/install/ydlidar_ros2_driver/lib/python3.10/site-packages'
[16.686s] Level 1:colcon.colcon_core.environment:checking '/home/robotix/ros2_ws/install/ydlidar_ros2_driver/bin'
[16.763s] INFO:colcon.colcon_core.shell:Creating package script '/home/robotix/ros2_ws/install/ydlidar_ros2_driver/share/ydlidar_ros2_driver/package.ps1'
[16.766s] INFO:colcon.colcon_core.shell:Creating package descriptor '/home/robotix/ros2_ws/install/ydlidar_ros2_driver/share/ydlidar_ros2_driver/package.dsv'
[16.769s] INFO:colcon.colcon_core.shell:Creating package script '/home/robotix/ros2_ws/install/ydlidar_ros2_driver/share/ydlidar_ros2_driver/package.sh'
[16.771s] INFO:colcon.colcon_core.shell:Creating package script '/home/robotix/ros2_ws/install/ydlidar_ros2_driver/share/ydlidar_ros2_driver/package.bash'
[16.774s] INFO:colcon.colcon_core.shell:Creating package script '/home/robotix/ros2_ws/install/ydlidar_ros2_driver/share/ydlidar_ros2_driver/package.zsh'
[16.776s] Level 1:colcon.colcon_core.environment:create_file_with_runtime_dependencies(/home/robotix/ros2_ws/install/ydlidar_ros2_driver/share/colcon-core/packages/ydlidar_ros2_driver)
[17.077s] DEBUG:colcon.colcon_core.event_handler.log_command:Invoking command in '/home/robotix/ros2_ws/build/robotix': PYTHONPATH=/home/robotix/ros2_ws/build/robotix/prefix_override:/home/robotix/ros2_ws/install/robotix/lib/python3.10/site-packages:${PYTHONPATH} /usr/bin/python3 setup.py develop --editable --build-directory /home/robotix/ros2_ws/build/robotix/build --no-deps install_data
[21.248s] Level 1:colcon.colcon_core.shell:create_environment_hook('robotix', 'pythonpath_develop')
[21.250s] DEBUG:colcon.colcon_core.event_handler.log_command:Invoked command in '/home/robotix/ros2_ws/build/robotix' returned '0': PYTHONPATH=/home/robotix/ros2_ws/build/robotix/prefix_override:/home/robotix/ros2_ws/install/robotix/lib/python3.10/site-packages:${PYTHONPATH} /usr/bin/python3 setup.py develop --editable --build-directory /home/robotix/ros2_ws/build/robotix/build --no-deps install_data
[21.347s] INFO:colcon.colcon_core.shell:Creating environment hook '/home/robotix/ros2_ws/build/robotix/share/robotix/hook/pythonpath_develop.ps1'
[21.350s] INFO:colcon.colcon_core.shell:Creating environment descriptor '/home/robotix/ros2_ws/build/robotix/share/robotix/hook/pythonpath_develop.dsv'
[21.352s] INFO:colcon.colcon_core.shell:Creating environment hook '/home/robotix/ros2_ws/build/robotix/share/robotix/hook/pythonpath_develop.sh'
[21.444s] Level 1:colcon.colcon_core.environment:checking '/home/robotix/ros2_ws/install/robotix' for CMake module files
[21.448s] Level 1:colcon.colcon_core.environment:checking '/home/robotix/ros2_ws/install/robotix' for CMake config files
[21.452s] Level 1:colcon.colcon_core.environment:checking '/home/robotix/ros2_ws/install/robotix/lib'
[21.453s] Level 1:colcon.colcon_core.environment:checking '/home/robotix/ros2_ws/install/robotix/bin'
[21.453s] Level 1:colcon.colcon_core.environment:checking '/home/robotix/ros2_ws/install/robotix/lib/pkgconfig/robotix.pc'
[21.455s] Level 1:colcon.colcon_core.environment:checking '/home/robotix/ros2_ws/install/robotix/lib/python3.10/site-packages'
[21.456s] Level 1:colcon.colcon_core.shell:create_environment_hook('robotix', 'pythonpath')
[21.537s] INFO:colcon.colcon_core.shell:Creating environment hook '/home/robotix/ros2_ws/install/robotix/share/robotix/hook/pythonpath.ps1'
[21.539s] INFO:colcon.colcon_core.shell:Creating environment descriptor '/home/robotix/ros2_ws/install/robotix/share/robotix/hook/pythonpath.dsv'
[21.542s] INFO:colcon.colcon_core.shell:Creating environment hook '/home/robotix/ros2_ws/install/robotix/share/robotix/hook/pythonpath.sh'
[21.545s] Level 1:colcon.colcon_core.environment:checking '/home/robotix/ros2_ws/install/robotix/bin'
[21.546s] Level 1:colcon.colcon_core.environment:create_environment_scripts_only(robotix)
[21.627s] INFO:colcon.colcon_core.shell:Creating package script '/home/robotix/ros2_ws/install/robotix/share/robotix/package.ps1'
[21.630s] INFO:colcon.colcon_core.shell:Creating package descriptor '/home/robotix/ros2_ws/install/robotix/share/robotix/package.dsv'
[21.633s] INFO:colcon.colcon_core.shell:Creating package script '/home/robotix/ros2_ws/install/robotix/share/robotix/package.sh'
[21.636s] INFO:colcon.colcon_core.shell:Creating package script '/home/robotix/ros2_ws/install/robotix/share/robotix/package.bash'
[21.638s] INFO:colcon.colcon_core.shell:Creating package script '/home/robotix/ros2_ws/install/robotix/share/robotix/package.zsh'
[21.641s] Level 1:colcon.colcon_core.environment:create_file_with_runtime_dependencies(/home/robotix/ros2_ws/install/robotix/share/colcon-core/packages/robotix)
[49.210s] DEBUG:colcon.colcon_core.event_handler.log_command:Invoked command in '/home/robotix/ros2_ws/build/vl53l1x' returned '0': CMAKE_PREFIX_PATH=${CMAKE_PREFIX_PATH}:/home/robotix/ros2_ws/src/install/robotix:/home/robotix/ros2_ws/install/robotix:/opt/ros/humble /usr/bin/cmake --build /home/robotix/ros2_ws/build/vl53l1x -- -j4 -l4
[50.143s] DEBUG:colcon.colcon_core.event_handler.log_command:Invoking command in '/home/robotix/ros2_ws/build/vl53l1x': CMAKE_PREFIX_PATH=${CMAKE_PREFIX_PATH}:/home/robotix/ros2_ws/src/install/robotix:/home/robotix/ros2_ws/install/robotix:/opt/ros/humble /usr/bin/cmake --install /home/robotix/ros2_ws/build/vl53l1x
[50.407s] Level 1:colcon.colcon_core.environment:create_environment_scripts_only(vl53l1x)
[50.410s] DEBUG:colcon.colcon_core.event_handler.log_command:Invoked command in '/home/robotix/ros2_ws/build/vl53l1x' returned '0': CMAKE_PREFIX_PATH=${CMAKE_PREFIX_PATH}:/home/robotix/ros2_ws/src/install/robotix:/home/robotix/ros2_ws/install/robotix:/opt/ros/humble /usr/bin/cmake --install /home/robotix/ros2_ws/build/vl53l1x
[51.053s] Level 1:colcon.colcon_core.environment:checking '/home/robotix/ros2_ws/install/vl53l1x' for CMake module files
[51.080s] Level 1:colcon.colcon_core.environment:checking '/home/robotix/ros2_ws/install/vl53l1x' for CMake config files
[51.095s] Level 1:colcon.colcon_core.shell:create_environment_hook('vl53l1x', 'cmake_prefix_path')
[51.288s] INFO:colcon.colcon_core.shell:Creating environment hook '/home/robotix/ros2_ws/install/vl53l1x/share/vl53l1x/hook/cmake_prefix_path.ps1'
[51.301s] INFO:colcon.colcon_core.shell:Creating environment descriptor '/home/robotix/ros2_ws/install/vl53l1x/share/vl53l1x/hook/cmake_prefix_path.dsv'
[51.307s] INFO:colcon.colcon_core.shell:Creating environment hook '/home/robotix/ros2_ws/install/vl53l1x/share/vl53l1x/hook/cmake_prefix_path.sh'
[51.314s] Level 1:colcon.colcon_core.environment:checking '/home/robotix/ros2_ws/install/vl53l1x/lib'
[51.315s] Level 1:colcon.colcon_core.environment:checking '/home/robotix/ros2_ws/install/vl53l1x/bin'
[51.316s] Level 1:colcon.colcon_core.environment:checking '/home/robotix/ros2_ws/install/vl53l1x/lib/pkgconfig/vl53l1x.pc'
[51.318s] Level 1:colcon.colcon_core.environment:checking '/home/robotix/ros2_ws/install/vl53l1x/lib/python3.10/site-packages'
[51.320s] Level 1:colcon.colcon_core.environment:checking '/home/robotix/ros2_ws/install/vl53l1x/bin'
[51.467s] INFO:colcon.colcon_core.shell:Creating package script '/home/robotix/ros2_ws/install/vl53l1x/share/vl53l1x/package.ps1'
[51.475s] INFO:colcon.colcon_core.shell:Creating package descriptor '/home/robotix/ros2_ws/install/vl53l1x/share/vl53l1x/package.dsv'
[51.499s] INFO:colcon.colcon_core.shell:Creating package script '/home/robotix/ros2_ws/install/vl53l1x/share/vl53l1x/package.sh'
[51.505s] INFO:colcon.colcon_core.shell:Creating package script '/home/robotix/ros2_ws/install/vl53l1x/share/vl53l1x/package.bash'
[51.517s] INFO:colcon.colcon_core.shell:Creating package script '/home/robotix/ros2_ws/install/vl53l1x/share/vl53l1x/package.zsh'
[51.528s] Level 1:colcon.colcon_core.environment:create_file_with_runtime_dependencies(/home/robotix/ros2_ws/install/vl53l1x/share/colcon-core/packages/vl53l1x)
[51.904s] Level 1:colcon.colcon_core.environment:create_environment_scripts_only(vl53l1x)
[52.029s] Level 1:colcon.colcon_core.environment:checking '/home/robotix/ros2_ws/install/vl53l1x' for CMake module files
[52.037s] Level 1:colcon.colcon_core.environment:checking '/home/robotix/ros2_ws/install/vl53l1x' for CMake config files
[52.039s] Level 1:colcon.colcon_core.shell:create_environment_hook('vl53l1x', 'cmake_prefix_path')
[52.121s] INFO:colcon.colcon_core.shell:Creating environment hook '/home/robotix/ros2_ws/install/vl53l1x/share/vl53l1x/hook/cmake_prefix_path.ps1'
[52.123s] INFO:colcon.colcon_core.shell:Creating environment descriptor '/home/robotix/ros2_ws/install/vl53l1x/share/vl53l1x/hook/cmake_prefix_path.dsv'
[52.125s] INFO:colcon.colcon_core.shell:Creating environment hook '/home/robotix/ros2_ws/install/vl53l1x/share/vl53l1x/hook/cmake_prefix_path.sh'
[52.128s] Level 1:colcon.colcon_core.environment:checking '/home/robotix/ros2_ws/install/vl53l1x/lib'
[52.129s] Level 1:colcon.colcon_core.environment:checking '/home/robotix/ros2_ws/install/vl53l1x/bin'
[52.129s] Level 1:colcon.colcon_core.environment:checking '/home/robotix/ros2_ws/install/vl53l1x/lib/pkgconfig/vl53l1x.pc'
[52.130s] Level 1:colcon.colcon_core.environment:checking '/home/robotix/ros2_ws/install/vl53l1x/lib/python3.10/site-packages'
[52.131s] Level 1:colcon.colcon_core.environment:checking '/home/robotix/ros2_ws/install/vl53l1x/bin'
[52.307s] INFO:colcon.colcon_core.shell:Creating package script '/home/robotix/ros2_ws/install/vl53l1x/share/vl53l1x/package.ps1'
[52.311s] INFO:colcon.colcon_core.shell:Creating package descriptor '/home/robotix/ros2_ws/install/vl53l1x/share/vl53l1x/package.dsv'
[52.316s] INFO:colcon.colcon_core.shell:Creating package script '/home/robotix/ros2_ws/install/vl53l1x/share/vl53l1x/package.sh'
[52.319s] INFO:colcon.colcon_core.shell:Creating package script '/home/robotix/ros2_ws/install/vl53l1x/share/vl53l1x/package.bash'
[52.322s] INFO:colcon.colcon_core.shell:Creating package script '/home/robotix/ros2_ws/install/vl53l1x/share/vl53l1x/package.zsh'
[52.326s] Level 1:colcon.colcon_core.environment:create_file_with_runtime_dependencies(/home/robotix/ros2_ws/install/vl53l1x/share/colcon-core/packages/vl53l1x)
[52.330s] DEBUG:colcon.colcon_parallel_executor.executor.parallel:closing loop
[52.331s] DEBUG:colcon.colcon_parallel_executor.executor.parallel:loop closed
[52.331s] DEBUG:colcon.colcon_parallel_executor.executor.parallel:run_until_complete finished with '0'
[52.332s] DEBUG:colcon.colcon_core.event_reactor:joining thread
[52.510s] INFO:colcon.colcon_core.plugin_system:Skipping extension 'colcon_notification.desktop_notification.notify_send': Could not find 'notify-send'
[52.510s] INFO:colcon.colcon_core.plugin_system:Skipping extension 'colcon_notification.desktop_notification.terminal_notifier': Not used on non-Darwin systems
[52.511s] INFO:colcon.colcon_core.plugin_system:Skipping extension 'colcon_notification.desktop_notification.win32': Not used on non-Windows systems
[52.511s] INFO:colcon.colcon_notification.desktop_notification:Sending desktop notification using 'notify2'
[52.516s] DEBUG:colcon.colcon_notification.desktop_notification.notify2:Failed to initialize notify2: org.freedesktop.DBus.Error.ServiceUnknown: The name org.freedesktop.Notifications was not provided by any .service files
[52.517s] DEBUG:colcon.colcon_core.event_reactor:joined thread
[52.630s] INFO:colcon.colcon_core.shell:Creating prefix script '/home/robotix/ros2_ws/install/local_setup.ps1'
[52.636s] INFO:colcon.colcon_core.shell:Creating prefix util module '/home/robotix/ros2_ws/install/_local_setup_util_ps1.py'
[52.647s] INFO:colcon.colcon_core.shell:Creating prefix chain script '/home/robotix/ros2_ws/install/setup.ps1'
[52.774s] INFO:colcon.colcon_core.shell:Creating prefix script '/home/robotix/ros2_ws/install/local_setup.sh'
[52.779s] INFO:colcon.colcon_core.shell:Creating prefix util module '/home/robotix/ros2_ws/install/_local_setup_util_sh.py'
[52.783s] INFO:colcon.colcon_core.shell:Creating prefix chain script '/home/robotix/ros2_ws/install/setup.sh'
[52.892s] INFO:colcon.colcon_core.shell:Creating prefix script '/home/robotix/ros2_ws/install/local_setup.bash'
[52.896s] INFO:colcon.colcon_core.shell:Creating prefix chain script '/home/robotix/ros2_ws/install/setup.bash'
[52.980s] INFO:colcon.colcon_core.shell:Creating prefix script '/home/robotix/ros2_ws/install/local_setup.zsh'
[52.984s] INFO:colcon.colcon_core.shell:Creating prefix chain script '/home/robotix/ros2_ws/install/setup.zsh'
