[7.484s] Invoking command in '/home/robotix/ros2_ws/build/robotix': PYTHONPATH=/home/robotix/ros2_ws/build/robotix/prefix_override:/home/robotix/ros2_ws/install/robotix/lib/python3.10/site-packages:${PYTHONPATH} /usr/bin/python3 setup.py develop --uninstall --editable --build-directory /home/robotix/ros2_ws/build/robotix/build
[9.393s] running develop
[10.573s] Removing /home/robotix/ros2_ws/install/robotix/lib/python3.10/site-packages/robotix.egg-link (link to .)
[10.828s] Invoked command in '/home/robotix/ros2_ws/build/robotix' returned '0': PYTHONPATH=/home/robotix/ros2_ws/build/robotix/prefix_override:/home/robotix/ros2_ws/install/robotix/lib/python3.10/site-packages:${PYTHONPATH} /usr/bin/python3 setup.py develop --uninstall --editable --build-directory /home/robotix/ros2_ws/build/robotix/build
[10.840s] Invoking command in '/home/robotix/ros2_ws/src/robotix': PYTHONPATH=/home/robotix/ros2_ws/build/robotix/prefix_override:/home/robotix/ros2_ws/install/robotix/lib/python3.10/site-packages:${PYTHONPATH} /usr/bin/python3 setup.py egg_info --egg-base ../../build/robotix build --build-base /home/robotix/ros2_ws/build/robotix/build install --record /home/robotix/ros2_ws/build/robotix/install.log --single-version-externally-managed
[12.595s] running egg_info
[12.598s] writing ../../build/robotix/robotix.egg-info/PKG-INFO
[12.599s] writing dependency_links to ../../build/robotix/robotix.egg-info/dependency_links.txt
[12.601s] writing entry points to ../../build/robotix/robotix.egg-info/entry_points.txt
[12.602s] writing requirements to ../../build/robotix/robotix.egg-info/requires.txt
[12.604s] writing top-level names to ../../build/robotix/robotix.egg-info/top_level.txt
[12.615s] reading manifest file '../../build/robotix/robotix.egg-info/SOURCES.txt'
[12.623s] writing manifest file '../../build/robotix/robotix.egg-info/SOURCES.txt'
[12.624s] running build
[12.624s] running build_py
[12.632s] running install
[12.634s] running install_lib
[12.637s] creating /home/robotix/ros2_ws/install/robotix/lib/python3.10/site-packages/robotix
[12.638s] copying /home/robotix/ros2_ws/build/robotix/build/lib/robotix/lidar.py -> /home/robotix/ros2_ws/install/robotix/lib/python3.10/site-packages/robotix
[12.640s] copying /home/robotix/ros2_ws/build/robotix/build/lib/robotix/motor.py -> /home/robotix/ros2_ws/install/robotix/lib/python3.10/site-packages/robotix
[12.642s] copying /home/robotix/ros2_ws/build/robotix/build/lib/robotix/controller.py -> /home/robotix/ros2_ws/install/robotix/lib/python3.10/site-packages/robotix
[12.644s] copying /home/robotix/ros2_ws/build/robotix/build/lib/robotix/laser.py -> /home/robotix/ros2_ws/install/robotix/lib/python3.10/site-packages/robotix
[12.645s] copying /home/robotix/ros2_ws/build/robotix/build/lib/robotix/motor_plateau.py -> /home/robotix/ros2_ws/install/robotix/lib/python3.10/site-packages/robotix
[12.647s] copying /home/robotix/ros2_ws/build/robotix/build/lib/robotix/jetson.py -> /home/robotix/ros2_ws/install/robotix/lib/python3.10/site-packages/robotix
[12.649s] copying /home/robotix/ros2_ws/build/robotix/build/lib/robotix/ctrl_nav.py -> /home/robotix/ros2_ws/install/robotix/lib/python3.10/site-packages/robotix
[12.651s] copying /home/robotix/ros2_ws/build/robotix/build/lib/robotix/codeuse.py -> /home/robotix/ros2_ws/install/robotix/lib/python3.10/site-packages/robotix
[12.653s] copying /home/robotix/ros2_ws/build/robotix/build/lib/robotix/ctrl_claw.py -> /home/robotix/ros2_ws/install/robotix/lib/python3.10/site-packages/robotix
[12.655s] copying /home/robotix/ros2_ws/build/robotix/build/lib/robotix/__init__.py -> /home/robotix/ros2_ws/install/robotix/lib/python3.10/site-packages/robotix
[12.656s] copying /home/robotix/ros2_ws/build/robotix/build/lib/robotix/motor_claw.py -> /home/robotix/ros2_ws/install/robotix/lib/python3.10/site-packages/robotix
[12.660s] byte-compiling /home/robotix/ros2_ws/install/robotix/lib/python3.10/site-packages/robotix/lidar.py to lidar.cpython-310.pyc
[12.664s] byte-compiling /home/robotix/ros2_ws/install/robotix/lib/python3.10/site-packages/robotix/motor.py to motor.cpython-310.pyc
[12.667s] byte-compiling /home/robotix/ros2_ws/install/robotix/lib/python3.10/site-packages/robotix/controller.py to controller.cpython-310.pyc
[12.670s] byte-compiling /home/robotix/ros2_ws/install/robotix/lib/python3.10/site-packages/robotix/laser.py to laser.cpython-310.pyc
[12.672s] byte-compiling /home/robotix/ros2_ws/install/robotix/lib/python3.10/site-packages/robotix/motor_plateau.py to motor_plateau.cpython-310.pyc
[12.675s] byte-compiling /home/robotix/ros2_ws/install/robotix/lib/python3.10/site-packages/robotix/jetson.py to jetson.cpython-310.pyc
[12.678s] byte-compiling /home/robotix/ros2_ws/install/robotix/lib/python3.10/site-packages/robotix/ctrl_nav.py to ctrl_nav.cpython-310.pyc
[12.685s] byte-compiling /home/robotix/ros2_ws/install/robotix/lib/python3.10/site-packages/robotix/codeuse.py to codeuse.cpython-310.pyc
[12.687s] byte-compiling /home/robotix/ros2_ws/install/robotix/lib/python3.10/site-packages/robotix/ctrl_claw.py to ctrl_claw.cpython-310.pyc
[12.690s] byte-compiling /home/robotix/ros2_ws/install/robotix/lib/python3.10/site-packages/robotix/__init__.py to __init__.cpython-310.pyc
[12.692s] byte-compiling /home/robotix/ros2_ws/install/robotix/lib/python3.10/site-packages/robotix/motor_claw.py to motor_claw.cpython-310.pyc
[12.694s] running install_data
[12.698s] running install_egg_info
[12.708s] Copying ../../build/robotix/robotix.egg-info to /home/robotix/ros2_ws/install/robotix/lib/python3.10/site-packages/robotix-0.0.0-py3.10.egg-info
[12.720s] running install_scripts
[12.839s] Installing codeuse script to /home/robotix/ros2_ws/install/robotix/lib/robotix
[12.841s] Installing controller script to /home/robotix/ros2_ws/install/robotix/lib/robotix
[12.843s] Installing ctrl_claw script to /home/robotix/ros2_ws/install/robotix/lib/robotix
[12.847s] Installing ctrl_nav script to /home/robotix/ros2_ws/install/robotix/lib/robotix
[12.848s] Installing jetson script to /home/robotix/ros2_ws/install/robotix/lib/robotix
[12.849s] Installing laser script to /home/robotix/ros2_ws/install/robotix/lib/robotix
[12.851s] Installing lidar script to /home/robotix/ros2_ws/install/robotix/lib/robotix
[12.853s] Installing motor script to /home/robotix/ros2_ws/install/robotix/lib/robotix
[12.856s] Installing motor_claw script to /home/robotix/ros2_ws/install/robotix/lib/robotix
[12.860s] Installing motor_plateau script to /home/robotix/ros2_ws/install/robotix/lib/robotix
[12.863s] writing list of installed files to '/home/robotix/ros2_ws/build/robotix/install.log'
[13.559s] Invoked command in '/home/robotix/ros2_ws/src/robotix' returned '0': PYTHONPATH=/home/robotix/ros2_ws/build/robotix/prefix_override:/home/robotix/ros2_ws/install/robotix/lib/python3.10/site-packages:${PYTHONPATH} /usr/bin/python3 setup.py egg_info --egg-base ../../build/robotix build --build-base /home/robotix/ros2_ws/build/robotix/build install --record /home/robotix/ros2_ws/build/robotix/install.log --single-version-externally-managed
