[6.385s] Invoking command in '/home/robotix/ros2_ws/src/build/robotix': PYTHONPATH=/home/robotix/ros2_ws/src/build/robotix/prefix_override:/home/robotix/ros2_ws/src/install/robotix/lib/python3.10/site-packages:${PYTHONPATH} /usr/bin/python3 setup.py develop --editable --build-directory /home/robotix/ros2_ws/src/build/robotix/build --no-deps install_data
[7.767s] running develop
[8.538s] running egg_info
[8.539s] writing robotix.egg-info/PKG-INFO
[8.540s] writing dependency_links to robotix.egg-info/dependency_links.txt
[8.541s] writing entry points to robotix.egg-info/entry_points.txt
[8.542s] writing requirements to robotix.egg-info/requires.txt
[8.543s] writing top-level names to robotix.egg-info/top_level.txt
[8.552s] reading manifest file 'robotix.egg-info/SOURCES.txt'
[8.557s] writing manifest file 'robotix.egg-info/SOURCES.txt'
[8.565s] running build_ext
[8.565s] Creating /home/robotix/ros2_ws/src/install/robotix/lib/python3.10/site-packages/robotix.egg-link (link to .)
[8.572s] Installing codeuse script to /home/robotix/ros2_ws/src/install/robotix/lib/robotix
[8.573s] Installing controller script to /home/robotix/ros2_ws/src/install/robotix/lib/robotix
[8.574s] Installing ctrl_claw script to /home/robotix/ros2_ws/src/install/robotix/lib/robotix
[8.575s] Installing ctrl_nav script to /home/robotix/ros2_ws/src/install/robotix/lib/robotix
[8.576s] Installing jetson script to /home/robotix/ros2_ws/src/install/robotix/lib/robotix
[8.577s] Installing laser script to /home/robotix/ros2_ws/src/install/robotix/lib/robotix
[8.578s] Installing lidar script to /home/robotix/ros2_ws/src/install/robotix/lib/robotix
[8.579s] Installing motor script to /home/robotix/ros2_ws/src/install/robotix/lib/robotix
[8.580s] Installing motor_claw script to /home/robotix/ros2_ws/src/install/robotix/lib/robotix
[8.581s] Installing motor_plateau script to /home/robotix/ros2_ws/src/install/robotix/lib/robotix
[8.582s] 
[8.584s] Installed /home/robotix/ros2_ws/src/build/robotix
[8.585s] running install_data
[8.795s] Invoked command in '/home/robotix/ros2_ws/src/build/robotix' returned '0': PYTHONPATH=/home/robotix/ros2_ws/src/build/robotix/prefix_override:/home/robotix/ros2_ws/src/install/robotix/lib/python3.10/site-packages:${PYTHONPATH} /usr/bin/python3 setup.py develop --editable --build-directory /home/robotix/ros2_ws/src/build/robotix/build --no-deps install_data
