[4.316s] Invoking command in '/home/robotix/ros2_ws/build/robotix': PYTHONPATH=/home/robotix/ros2_ws/build/robotix/prefix_override:/home/robotix/ros2_ws/install/robotix/lib/python3.10/site-packages:${PYTHONPATH} /usr/bin/python3 setup.py develop --editable --build-directory /home/robotix/ros2_ws/build/robotix/build --no-deps install_data
[5.529s] running develop
[6.188s] running egg_info
[6.193s] writing robotix.egg-info/PKG-INFO
[6.194s] writing dependency_links to robotix.egg-info/dependency_links.txt
[6.195s] writing entry points to robotix.egg-info/entry_points.txt
[6.196s] writing requirements to robotix.egg-info/requires.txt
[6.197s] writing top-level names to robotix.egg-info/top_level.txt
[6.206s] reading manifest file 'robotix.egg-info/SOURCES.txt'
[6.211s] writing manifest file 'robotix.egg-info/SOURCES.txt'
[6.217s] running build_ext
[6.218s] Creating /home/robotix/ros2_ws/install/robotix/lib/python3.10/site-packages/robotix.egg-link (link to .)
[6.222s] Installing codeuse script to /home/robotix/ros2_ws/install/robotix/lib/robotix
[6.223s] Installing controller script to /home/robotix/ros2_ws/install/robotix/lib/robotix
[6.224s] Installing ctrl_claw script to /home/robotix/ros2_ws/install/robotix/lib/robotix
[6.225s] Installing ctrl_nav script to /home/robotix/ros2_ws/install/robotix/lib/robotix
[6.225s] Installing jetson script to /home/robotix/ros2_ws/install/robotix/lib/robotix
[6.226s] Installing laser script to /home/robotix/ros2_ws/install/robotix/lib/robotix
[6.227s] Installing lidar script to /home/robotix/ros2_ws/install/robotix/lib/robotix
[6.228s] Installing motor script to /home/robotix/ros2_ws/install/robotix/lib/robotix
[6.229s] Installing motor_claw script to /home/robotix/ros2_ws/install/robotix/lib/robotix
[6.229s] Installing motor_plateau script to /home/robotix/ros2_ws/install/robotix/lib/robotix
[6.231s] 
[6.231s] Installed /home/robotix/ros2_ws/build/robotix
[6.232s] running install_data
[6.232s] copying package.xml -> /home/robotix/ros2_ws/install/robotix/share/robotix
[6.373s] Invoked command in '/home/robotix/ros2_ws/build/robotix' returned '0': PYTHONPATH=/home/robotix/ros2_ws/build/robotix/prefix_override:/home/robotix/ros2_ws/install/robotix/lib/python3.10/site-packages:${PYTHONPATH} /usr/bin/python3 setup.py develop --editable --build-directory /home/robotix/ros2_ws/build/robotix/build --no-deps install_data
