[6.861s] Invoking command in '/home/robotix/ros2_ws/build/robotix': PYTHONPATH=/home/robotix/ros2_ws/build/robotix/prefix_override:/home/robotix/ros2_ws/install/robotix/lib/python3.10/site-packages:${PYTHONPATH} /usr/bin/python3 setup.py develop --editable --build-directory /home/robotix/ros2_ws/build/robotix/build --no-deps install_data
[8.594s] running develop
[9.857s] running egg_info
[9.859s] writing robotix.egg-info/PKG-INFO
[9.862s] writing dependency_links to robotix.egg-info/dependency_links.txt
[9.868s] writing entry points to robotix.egg-info/entry_points.txt
[9.875s] writing requirements to robotix.egg-info/requires.txt
[9.879s] writing top-level names to robotix.egg-info/top_level.txt
[9.901s] reading manifest file 'robotix.egg-info/SOURCES.txt'
[9.928s] writing manifest file 'robotix.egg-info/SOURCES.txt'
[9.945s] running build_ext
[9.949s] Creating /home/robotix/ros2_ws/install/robotix/lib/python3.10/site-packages/robotix.egg-link (link to .)
[9.966s] Installing codeuse script to /home/robotix/ros2_ws/install/robotix/lib/robotix
[9.974s] Installing controller script to /home/robotix/ros2_ws/install/robotix/lib/robotix
[9.979s] Installing ctrl_claw script to /home/robotix/ros2_ws/install/robotix/lib/robotix
[9.984s] Installing ctrl_nav script to /home/robotix/ros2_ws/install/robotix/lib/robotix
[9.989s] Installing jetson script to /home/robotix/ros2_ws/install/robotix/lib/robotix
[9.995s] Installing laser script to /home/robotix/ros2_ws/install/robotix/lib/robotix
[9.999s] Installing lidar script to /home/robotix/ros2_ws/install/robotix/lib/robotix
[10.004s] Installing motor script to /home/robotix/ros2_ws/install/robotix/lib/robotix
[10.007s] Installing motor_claw script to /home/robotix/ros2_ws/install/robotix/lib/robotix
[10.011s] Installing motor_plateau script to /home/robotix/ros2_ws/install/robotix/lib/robotix
[10.017s] 
[10.020s] Installed /home/robotix/ros2_ws/build/robotix
[10.024s] running install_data
[10.828s] Invoked command in '/home/robotix/ros2_ws/build/robotix' returned '0': PYTHONPATH=/home/robotix/ros2_ws/build/robotix/prefix_override:/home/robotix/ros2_ws/install/robotix/lib/python3.10/site-packages:${PYTHONPATH} /usr/bin/python3 setup.py develop --editable --build-directory /home/robotix/ros2_ws/build/robotix/build --no-deps install_data
