[6.218s] Invoking command in '/home/robotix/ros2_ws/build/robotix': PYTHONPATH=/home/robotix/ros2_ws/build/robotix/prefix_override:/home/robotix/ros2_ws/install/robotix/lib/python3.10/site-packages:${PYTHONPATH} /usr/bin/python3 setup.py develop --editable --build-directory /home/robotix/ros2_ws/build/robotix/build --no-deps install_data
[7.555s] running develop
[8.296s] running egg_info
[8.297s] writing robotix.egg-info/PKG-INFO
[8.298s] writing dependency_links to robotix.egg-info/dependency_links.txt
[8.300s] writing entry points to robotix.egg-info/entry_points.txt
[8.302s] writing requirements to robotix.egg-info/requires.txt
[8.303s] writing top-level names to robotix.egg-info/top_level.txt
[8.311s] reading manifest file 'robotix.egg-info/SOURCES.txt'
[8.315s] writing manifest file 'robotix.egg-info/SOURCES.txt'
[8.322s] running build_ext
[8.324s] Creating /home/robotix/ros2_ws/install/robotix/lib/python3.10/site-packages/robotix.egg-link (link to .)
[8.329s] Installing codeuse script to /home/robotix/ros2_ws/install/robotix/lib/robotix
[8.330s] Installing controller script to /home/robotix/ros2_ws/install/robotix/lib/robotix
[8.333s] Installing ctrl_claw script to /home/robotix/ros2_ws/install/robotix/lib/robotix
[8.334s] Installing ctrl_nav script to /home/robotix/ros2_ws/install/robotix/lib/robotix
[8.336s] Installing jetson script to /home/robotix/ros2_ws/install/robotix/lib/robotix
[8.337s] Installing laser script to /home/robotix/ros2_ws/install/robotix/lib/robotix
[8.338s] Installing lidar script to /home/robotix/ros2_ws/install/robotix/lib/robotix
[8.339s] Installing motor script to /home/robotix/ros2_ws/install/robotix/lib/robotix
[8.340s] Installing motor_claw script to /home/robotix/ros2_ws/install/robotix/lib/robotix
[8.342s] Installing motor_plateau script to /home/robotix/ros2_ws/install/robotix/lib/robotix
[8.344s] 
[8.345s] Installed /home/robotix/ros2_ws/build/robotix
[8.347s] running install_data
[8.833s] Invoked command in '/home/robotix/ros2_ws/build/robotix' returned '0': PYTHONPATH=/home/robotix/ros2_ws/build/robotix/prefix_override:/home/robotix/ros2_ws/install/robotix/lib/python3.10/site-packages:${PYTHONPATH} /usr/bin/python3 setup.py develop --editable --build-directory /home/robotix/ros2_ws/build/robotix/build --no-deps install_data
