[6.968s] Invoking command in '/home/robotix/ros2_ws/src/build/robotix': PYTHONPATH=/home/robotix/ros2_ws/src/build/robotix/prefix_override:/home/robotix/ros2_ws/src/install/robotix/lib/python3.10/site-packages:${PYTHONPATH} /usr/bin/python3 setup.py develop --editable --build-directory /home/robotix/ros2_ws/src/build/robotix/build --no-deps install_data
[8.345s] running develop
[9.114s] running egg_info
[9.114s] writing robotix.egg-info/PKG-INFO
[9.115s] writing dependency_links to robotix.egg-info/dependency_links.txt
[9.117s] writing entry points to robotix.egg-info/entry_points.txt
[9.117s] writing requirements to robotix.egg-info/requires.txt
[9.118s] writing top-level names to robotix.egg-info/top_level.txt
[9.133s] reading manifest file 'robotix.egg-info/SOURCES.txt'
[9.138s] writing manifest file 'robotix.egg-info/SOURCES.txt'
[9.145s] running build_ext
[9.146s] Creating /home/robotix/ros2_ws/src/install/robotix/lib/python3.10/site-packages/robotix.egg-link (link to .)
[9.153s] Installing codeuse script to /home/robotix/ros2_ws/src/install/robotix/lib/robotix
[9.154s] Installing controller script to /home/robotix/ros2_ws/src/install/robotix/lib/robotix
[9.156s] Installing ctrl_claw script to /home/robotix/ros2_ws/src/install/robotix/lib/robotix
[9.157s] Installing ctrl_nav script to /home/robotix/ros2_ws/src/install/robotix/lib/robotix
[9.160s] Installing jetson script to /home/robotix/ros2_ws/src/install/robotix/lib/robotix
[9.161s] Installing laser script to /home/robotix/ros2_ws/src/install/robotix/lib/robotix
[9.162s] Installing lidar script to /home/robotix/ros2_ws/src/install/robotix/lib/robotix
[9.164s] Installing motor script to /home/robotix/ros2_ws/src/install/robotix/lib/robotix
[9.165s] Installing motor_claw script to /home/robotix/ros2_ws/src/install/robotix/lib/robotix
[9.167s] Installing motor_plateau script to /home/robotix/ros2_ws/src/install/robotix/lib/robotix
[9.170s] 
[9.172s] Installed /home/robotix/ros2_ws/src/build/robotix
[9.174s] running install_data
[9.694s] Invoked command in '/home/robotix/ros2_ws/src/build/robotix' returned '0': PYTHONPATH=/home/robotix/ros2_ws/src/build/robotix/prefix_override:/home/robotix/ros2_ws/src/install/robotix/lib/python3.10/site-packages:${PYTHONPATH} /usr/bin/python3 setup.py develop --editable --build-directory /home/robotix/ros2_ws/src/build/robotix/build --no-deps install_data
