[6.533s] Invoking command in '/home/robotix/ros2_ws/src/build/tof_imager_ros': PYTHONPATH=/home/robotix/ros2_ws/src/build/tof_imager_ros/prefix_override:/home/robotix/ros2_ws/src/install/tof_imager_ros/lib/python3.10/site-packages:${PYTHONPATH} /usr/bin/python3 setup.py develop --editable --build-directory /home/robotix/ros2_ws/src/build/tof_imager_ros/build --no-deps install_data
[7.911s] running develop
[8.676s] running egg_info
[8.677s] writing tof_imager_ros.egg-info/PKG-INFO
[8.678s] writing dependency_links to tof_imager_ros.egg-info/dependency_links.txt
[8.679s] writing entry points to tof_imager_ros.egg-info/entry_points.txt
[8.682s] writing requirements to tof_imager_ros.egg-info/requires.txt
[8.682s] writing top-level names to tof_imager_ros.egg-info/top_level.txt
[8.689s] reading manifest file 'tof_imager_ros.egg-info/SOURCES.txt'
[8.697s] writing manifest file 'tof_imager_ros.egg-info/SOURCES.txt'
[8.704s] running build_ext
[8.705s] Creating /home/robotix/ros2_ws/src/install/tof_imager_ros/lib/python3.10/site-packages/tof-imager-ros.egg-link (link to .)
[8.710s] Installing tof_imager_node script to /home/robotix/ros2_ws/src/install/tof_imager_ros/lib/tof_imager_ros
[8.712s] Installing tof_imager_publisher script to /home/robotix/ros2_ws/src/install/tof_imager_ros/lib/tof_imager_ros
[8.713s] Installing tof_imager_publisher_1 script to /home/robotix/ros2_ws/src/install/tof_imager_ros/lib/tof_imager_ros
[8.714s] Installing tof_imager_publisher_2 script to /home/robotix/ros2_ws/src/install/tof_imager_ros/lib/tof_imager_ros
[8.714s] Installing tof_imager_publisher_3 script to /home/robotix/ros2_ws/src/install/tof_imager_ros/lib/tof_imager_ros
[8.715s] Installing tof_imager_publisher_4 script to /home/robotix/ros2_ws/src/install/tof_imager_ros/lib/tof_imager_ros
[8.717s] 
[8.718s] Installed /home/robotix/ros2_ws/src/build/tof_imager_ros
[8.718s] running install_data
[8.720s] copying launch/tof_imager_launch.py -> /home/robotix/ros2_ws/src/install/tof_imager_ros/share/tof_imager_ros/launch
[8.722s] copying config/sensor_params.yaml -> /home/robotix/ros2_ws/src/install/tof_imager_ros/share/tof_imager_ros/config
[8.934s] Invoked command in '/home/robotix/ros2_ws/src/build/tof_imager_ros' returned '0': PYTHONPATH=/home/robotix/ros2_ws/src/build/tof_imager_ros/prefix_override:/home/robotix/ros2_ws/src/install/tof_imager_ros/lib/python3.10/site-packages:${PYTHONPATH} /usr/bin/python3 setup.py develop --editable --build-directory /home/robotix/ros2_ws/src/build/tof_imager_ros/build --no-deps install_data
