[6.631s] Invoking command in '/home/robotix/ros2_ws/src/robotix': PYTHONPATH=/home/robotix/ros2_ws/build/robotix/prefix_override:/home/robotix/ros2_ws/install/robotix/lib/python3.10/site-packages:${PYTHONPATH} /usr/bin/python3 setup.py egg_info --egg-base ../../build/robotix build --build-base /home/robotix/ros2_ws/build/robotix/build install --record /home/robotix/ros2_ws/build/robotix/install.log --single-version-externally-managed
[7.963s] running egg_info
[7.965s] writing ../../build/robotix/robotix.egg-info/PKG-INFO
[7.967s] writing dependency_links to ../../build/robotix/robotix.egg-info/dependency_links.txt
[7.968s] writing entry points to ../../build/robotix/robotix.egg-info/entry_points.txt
[7.969s] writing requirements to ../../build/robotix/robotix.egg-info/requires.txt
[7.970s] writing top-level names to ../../build/robotix/robotix.egg-info/top_level.txt
[7.980s] reading manifest file '../../build/robotix/robotix.egg-info/SOURCES.txt'
[7.987s] writing manifest file '../../build/robotix/robotix.egg-info/SOURCES.txt'
[7.989s] running build
[7.989s] running build_py
[7.993s] running install
[7.995s] running install_lib
[8.006s] running install_data
[8.008s] running install_egg_info
[8.017s] removing '/home/robotix/ros2_ws/install/robotix/lib/python3.10/site-packages/robotix-0.0.0-py3.10.egg-info' (and everything under it)
[8.019s] Copying ../../build/robotix/robotix.egg-info to /home/robotix/ros2_ws/install/robotix/lib/python3.10/site-packages/robotix-0.0.0-py3.10.egg-info
[8.028s] running install_scripts
[8.128s] Installing codeuse script to /home/robotix/ros2_ws/install/robotix/lib/robotix
[8.129s] Installing controller script to /home/robotix/ros2_ws/install/robotix/lib/robotix
[8.131s] Installing ctrl_claw script to /home/robotix/ros2_ws/install/robotix/lib/robotix
[8.132s] Installing ctrl_nav script to /home/robotix/ros2_ws/install/robotix/lib/robotix
[8.133s] Installing jetson script to /home/robotix/ros2_ws/install/robotix/lib/robotix
[8.134s] Installing laser script to /home/robotix/ros2_ws/install/robotix/lib/robotix
[8.135s] Installing lidar script to /home/robotix/ros2_ws/install/robotix/lib/robotix
[8.136s] Installing motor script to /home/robotix/ros2_ws/install/robotix/lib/robotix
[8.137s] Installing motor_claw script to /home/robotix/ros2_ws/install/robotix/lib/robotix
[8.139s] Installing motor_plateau script to /home/robotix/ros2_ws/install/robotix/lib/robotix
[8.142s] writing list of installed files to '/home/robotix/ros2_ws/build/robotix/install.log'
[8.355s] Invoked command in '/home/robotix/ros2_ws/src/robotix' returned '0': PYTHONPATH=/home/robotix/ros2_ws/build/robotix/prefix_override:/home/robotix/ros2_ws/install/robotix/lib/python3.10/site-packages:${PYTHONPATH} /usr/bin/python3 setup.py egg_info --egg-base ../../build/robotix build --build-base /home/robotix/ros2_ws/build/robotix/build install --record /home/robotix/ros2_ws/build/robotix/install.log --single-version-externally-managed
