[4.207s] DEBUG:colcon:Command line arguments: ['/usr/bin/colcon', 'build', '--packages-select', 'vl53l1x']
[4.207s] DEBUG:colcon:Parsed command line arguments: Namespace(log_base=None, log_level=None, verb_name='build', build_base='build', install_base='install', merge_install=False, symlink_install=False, test_result_base=None, continue_on_error=False, executor='parallel', parallel_workers=4, event_handlers=None, ignore_user_meta=False, metas=['./colcon.meta'], base_paths=['.'], packages_ignore=None, packages_ignore_regex=None, paths=None, packages_up_to=None, packages_up_to_regex=None, packages_above=None, packages_above_and_dependencies=None, packages_above_depth=None, packages_select_by_dep=None, packages_skip_by_dep=None, packages_skip_up_to=None, packages_select_build_failed=False, packages_skip_build_finished=False, packages_select_test_failures=False, packages_skip_test_passed=False, packages_select=['vl53l1x'], packages_skip=None, packages_select_regex=None, packages_skip_regex=None, packages_start=None, packages_end=None, allow_overriding=[], cmake_args=None, cmake_target=None, cmake_target_skip_unavailable=False, cmake_clean_cache=False, cmake_clean_first=False, cmake_force_configure=False, ament_cmake_args=None, catkin_cmake_args=None, catkin_skip_building_tests=False, verb_parser=<colcon_defaults.argument_parser.defaults.DefaultArgumentsDecorator object at 0xffff85296560>, verb_extension=<colcon_core.verb.build.BuildVerb object at 0xffff854fb0a0>, main=<bound method BuildVerb.main of <colcon_core.verb.build.BuildVerb object at 0xffff854fb0a0>>)
[4.407s] Level 1:colcon.colcon_core.package_discovery:discover_packages(colcon_meta) check parameters
[4.408s] Level 1:colcon.colcon_core.package_discovery:discover_packages(recursive) check parameters
[4.408s] Level 1:colcon.colcon_core.package_discovery:discover_packages(ignore) check parameters
[4.408s] Level 1:colcon.colcon_core.package_discovery:discover_packages(path) check parameters
[4.408s] Level 1:colcon.colcon_core.package_discovery:discover_packages(colcon_meta) discover
[4.409s] Level 1:colcon.colcon_core.package_discovery:discover_packages(recursive) discover
[4.409s] INFO:colcon.colcon_core.package_discovery:Crawling recursively for packages in '/home/robotix/ros2_ws/src'
[4.409s] Level 1:colcon.colcon_core.package_identification:_identify(.) by extensions ['ignore', 'ignore_ament_install']
[4.410s] Level 1:colcon.colcon_core.package_identification:_identify(.) by extension 'ignore'
[4.410s] Level 1:colcon.colcon_core.package_identification:_identify(.) by extension 'ignore_ament_install'
[4.410s] Level 1:colcon.colcon_core.package_identification:_identify(.) by extensions ['colcon_pkg']
[4.411s] Level 1:colcon.colcon_core.package_identification:_identify(.) by extension 'colcon_pkg'
[4.411s] Level 1:colcon.colcon_core.package_identification:_identify(.) by extensions ['colcon_meta']
[4.411s] Level 1:colcon.colcon_core.package_identification:_identify(.) by extension 'colcon_meta'
[4.411s] Level 1:colcon.colcon_core.package_identification:_identify(.) by extensions ['ros']
[4.411s] Level 1:colcon.colcon_core.package_identification:_identify(.) by extension 'ros'
[4.474s] Level 1:colcon.colcon_core.package_identification:_identify(.) by extensions ['cmake', 'python']
[4.475s] Level 1:colcon.colcon_core.package_identification:_identify(.) by extension 'cmake'
[4.475s] Level 1:colcon.colcon_core.package_identification:_identify(.) by extension 'python'
[4.475s] Level 1:colcon.colcon_core.package_identification:_identify(.) by extensions ['python_setup_py']
[4.475s] Level 1:colcon.colcon_core.package_identification:_identify(.) by extension 'python_setup_py'
[4.476s] Level 1:colcon.colcon_core.package_identification:_identify(ROS2-VL53L1X) by extensions ['ignore', 'ignore_ament_install']
[4.476s] Level 1:colcon.colcon_core.package_identification:_identify(ROS2-VL53L1X) by extension 'ignore'
[4.477s] Level 1:colcon.colcon_core.package_identification:_identify(ROS2-VL53L1X) by extension 'ignore_ament_install'
[4.477s] Level 1:colcon.colcon_core.package_identification:_identify(ROS2-VL53L1X) by extensions ['colcon_pkg']
[4.477s] Level 1:colcon.colcon_core.package_identification:_identify(ROS2-VL53L1X) by extension 'colcon_pkg'
[4.477s] Level 1:colcon.colcon_core.package_identification:_identify(ROS2-VL53L1X) by extensions ['colcon_meta']
[4.477s] Level 1:colcon.colcon_core.package_identification:_identify(ROS2-VL53L1X) by extension 'colcon_meta'
[4.478s] Level 1:colcon.colcon_core.package_identification:_identify(ROS2-VL53L1X) by extensions ['ros']
[4.478s] Level 1:colcon.colcon_core.package_identification:_identify(ROS2-VL53L1X) by extension 'ros'
[4.488s] DEBUG:colcon.colcon_core.package_identification:Package 'ROS2-VL53L1X' with type 'ros.ament_cmake' and name 'vl53l1x'
[4.488s] Level 1:colcon.colcon_core.package_identification:_identify(build) by extensions ['ignore', 'ignore_ament_install']
[4.489s] Level 1:colcon.colcon_core.package_identification:_identify(build) by extension 'ignore'
[4.489s] Level 1:colcon.colcon_core.package_identification:_identify(build) ignored
[4.490s] Level 1:colcon.colcon_core.package_identification:_identify(install) by extensions ['ignore', 'ignore_ament_install']
[4.490s] Level 1:colcon.colcon_core.package_identification:_identify(install) by extension 'ignore'
[4.491s] Level 1:colcon.colcon_core.package_identification:_identify(install) ignored
[4.492s] Level 1:colcon.colcon_core.package_identification:_identify(log) by extensions ['ignore', 'ignore_ament_install']
[4.492s] Level 1:colcon.colcon_core.package_identification:_identify(log) by extension 'ignore'
[4.492s] Level 1:colcon.colcon_core.package_identification:_identify(log) ignored
[4.493s] Level 1:colcon.colcon_core.package_identification:_identify(robotix) by extensions ['ignore', 'ignore_ament_install']
[4.493s] Level 1:colcon.colcon_core.package_identification:_identify(robotix) by extension 'ignore'
[4.493s] Level 1:colcon.colcon_core.package_identification:_identify(robotix) by extension 'ignore_ament_install'
[4.494s] Level 1:colcon.colcon_core.package_identification:_identify(robotix) by extensions ['colcon_pkg']
[4.494s] Level 1:colcon.colcon_core.package_identification:_identify(robotix) by extension 'colcon_pkg'
[4.494s] Level 1:colcon.colcon_core.package_identification:_identify(robotix) by extensions ['colcon_meta']
[4.495s] Level 1:colcon.colcon_core.package_identification:_identify(robotix) by extension 'colcon_meta'
[4.495s] Level 1:colcon.colcon_core.package_identification:_identify(robotix) by extensions ['ros']
[4.495s] Level 1:colcon.colcon_core.package_identification:_identify(robotix) by extension 'ros'
[4.499s] DEBUG:colcon.colcon_core.package_identification:Package 'robotix' with type 'ros.ament_python' and name 'robotix'
[4.500s] Level 1:colcon.colcon_core.package_identification:_identify(ydlidar_ros2_driver) by extensions ['ignore', 'ignore_ament_install']
[4.501s] Level 1:colcon.colcon_core.package_identification:_identify(ydlidar_ros2_driver) by extension 'ignore'
[4.501s] Level 1:colcon.colcon_core.package_identification:_identify(ydlidar_ros2_driver) by extension 'ignore_ament_install'
[4.501s] Level 1:colcon.colcon_core.package_identification:_identify(ydlidar_ros2_driver) by extensions ['colcon_pkg']
[4.501s] Level 1:colcon.colcon_core.package_identification:_identify(ydlidar_ros2_driver) by extension 'colcon_pkg'
[4.502s] Level 1:colcon.colcon_core.package_identification:_identify(ydlidar_ros2_driver) by extensions ['colcon_meta']
[4.502s] Level 1:colcon.colcon_core.package_identification:_identify(ydlidar_ros2_driver) by extension 'colcon_meta'
[4.502s] Level 1:colcon.colcon_core.package_identification:_identify(ydlidar_ros2_driver) by extensions ['ros']
[4.502s] Level 1:colcon.colcon_core.package_identification:_identify(ydlidar_ros2_driver) by extension 'ros'
[4.505s] DEBUG:colcon.colcon_core.package_identification:Package 'ydlidar_ros2_driver' with type 'ros.ament_cmake' and name 'ydlidar_ros2_driver'
[4.505s] Level 1:colcon.colcon_core.package_discovery:discover_packages(recursive) using defaults
[4.505s] Level 1:colcon.colcon_core.package_discovery:discover_packages(ignore) discover
[4.505s] Level 1:colcon.colcon_core.package_discovery:discover_packages(ignore) using defaults
[4.506s] Level 1:colcon.colcon_core.package_discovery:discover_packages(path) discover
[4.506s] Level 1:colcon.colcon_core.package_discovery:discover_packages(path) using defaults
[4.768s] INFO:colcon.colcon_core.package_selection:Skipping not selected package 'robotix' in 'robotix'
[4.768s] INFO:colcon.colcon_core.package_selection:Skipping not selected package 'ydlidar_ros2_driver' in 'ydlidar_ros2_driver'
[4.877s] Level 1:colcon.colcon_core.package_discovery:discover_packages(prefix_path) check parameters
[4.878s] Level 1:colcon.colcon_core.package_discovery:discover_packages(prefix_path) discover
[4.998s] DEBUG:colcon.colcon_installed_package_information.package_discovery:Found 3 installed packages in /home/robotix/ros2_ws/src/install
[5.055s] DEBUG:colcon.colcon_installed_package_information.package_discovery:Found 3 installed packages in /home/robotix/ros2_ws/install
[5.119s] DEBUG:colcon.colcon_installed_package_information.package_discovery:Found 180 installed packages in /opt/ros/humble
[5.124s] Level 1:colcon.colcon_core.package_discovery:discover_packages(prefix_path) using defaults
[5.440s] Level 5:colcon.colcon_core.verb:set package 'vl53l1x' build argument 'cmake_args' from command line to 'None'
[5.440s] Level 5:colcon.colcon_core.verb:set package 'vl53l1x' build argument 'cmake_target' from command line to 'None'
[5.440s] Level 5:colcon.colcon_core.verb:set package 'vl53l1x' build argument 'cmake_target_skip_unavailable' from command line to 'False'
[5.441s] Level 5:colcon.colcon_core.verb:set package 'vl53l1x' build argument 'cmake_clean_cache' from command line to 'False'
[5.441s] Level 5:colcon.colcon_core.verb:set package 'vl53l1x' build argument 'cmake_clean_first' from command line to 'False'
[5.441s] Level 5:colcon.colcon_core.verb:set package 'vl53l1x' build argument 'cmake_force_configure' from command line to 'False'
[5.441s] Level 5:colcon.colcon_core.verb:set package 'vl53l1x' build argument 'ament_cmake_args' from command line to 'None'
[5.441s] Level 5:colcon.colcon_core.verb:set package 'vl53l1x' build argument 'catkin_cmake_args' from command line to 'None'
[5.441s] Level 5:colcon.colcon_core.verb:set package 'vl53l1x' build argument 'catkin_skip_building_tests' from command line to 'False'
[5.441s] DEBUG:colcon.colcon_core.verb:Building package 'vl53l1x' with the following arguments: {'ament_cmake_args': None, 'build_base': '/home/robotix/ros2_ws/src/build/vl53l1x', 'catkin_cmake_args': None, 'catkin_skip_building_tests': False, 'cmake_args': None, 'cmake_clean_cache': False, 'cmake_clean_first': False, 'cmake_force_configure': False, 'cmake_target': None, 'cmake_target_skip_unavailable': False, 'install_base': '/home/robotix/ros2_ws/src/install/vl53l1x', 'merge_install': False, 'path': '/home/robotix/ros2_ws/src/ROS2-VL53L1X', 'symlink_install': False, 'test_result_base': None}
[5.496s] INFO:colcon.colcon_core.executor:Executing jobs using 'parallel' executor
[5.554s] DEBUG:colcon.colcon_parallel_executor.executor.parallel:run_until_complete
[5.555s] INFO:colcon.colcon_ros.task.ament_cmake.build:Building ROS package in '/home/robotix/ros2_ws/src/ROS2-VL53L1X' with build type 'ament_cmake'
[5.555s] INFO:colcon.colcon_cmake.task.cmake.build:Building CMake package in '/home/robotix/ros2_ws/src/ROS2-VL53L1X'
[5.621s] INFO:colcon.colcon_core.plugin_system:Skipping extension 'colcon_core.shell.bat': Not used on non-Windows systems
[5.622s] INFO:colcon.colcon_core.shell:Skip shell extension 'powershell' for command environment: Not usable outside of PowerShell
[5.622s] DEBUG:colcon.colcon_core.shell:Skip shell extension 'dsv' for command environment
[5.886s] DEBUG:colcon.colcon_core.event_handler.log_command:Invoking command in '/home/robotix/ros2_ws/src/build/vl53l1x': CMAKE_PREFIX_PATH=${CMAKE_PREFIX_PATH}:/home/robotix/ros2_ws/install/robotix:/home/robotix/ros2_ws/src/install/robotix:/opt/ros/humble /usr/bin/cmake --build /home/robotix/ros2_ws/src/build/vl53l1x -- -j4 -l4
[6.244s] DEBUG:colcon.colcon_core.event_handler.log_command:Invoked command in '/home/robotix/ros2_ws/src/build/vl53l1x' returned '0': CMAKE_PREFIX_PATH=${CMAKE_PREFIX_PATH}:/home/robotix/ros2_ws/install/robotix:/home/robotix/ros2_ws/src/install/robotix:/opt/ros/humble /usr/bin/cmake --build /home/robotix/ros2_ws/src/build/vl53l1x -- -j4 -l4
[6.437s] DEBUG:colcon.colcon_core.event_handler.log_command:Invoking command in '/home/robotix/ros2_ws/src/build/vl53l1x': CMAKE_PREFIX_PATH=${CMAKE_PREFIX_PATH}:/home/robotix/ros2_ws/install/robotix:/home/robotix/ros2_ws/src/install/robotix:/opt/ros/humble /usr/bin/cmake --install /home/robotix/ros2_ws/src/build/vl53l1x
[6.520s] Level 1:colcon.colcon_core.environment:create_environment_scripts_only(vl53l1x)
[6.521s] DEBUG:colcon.colcon_core.event_handler.log_command:Invoked command in '/home/robotix/ros2_ws/src/build/vl53l1x' returned '0': CMAKE_PREFIX_PATH=${CMAKE_PREFIX_PATH}:/home/robotix/ros2_ws/install/robotix:/home/robotix/ros2_ws/src/install/robotix:/opt/ros/humble /usr/bin/cmake --install /home/robotix/ros2_ws/src/build/vl53l1x
[6.591s] Level 1:colcon.colcon_core.environment:checking '/home/robotix/ros2_ws/src/install/vl53l1x' for CMake module files
[6.594s] Level 1:colcon.colcon_core.environment:checking '/home/robotix/ros2_ws/src/install/vl53l1x' for CMake config files
[6.596s] Level 1:colcon.colcon_core.shell:create_environment_hook('vl53l1x', 'cmake_prefix_path')
[6.651s] INFO:colcon.colcon_core.shell:Creating environment hook '/home/robotix/ros2_ws/src/install/vl53l1x/share/vl53l1x/hook/cmake_prefix_path.ps1'
[6.654s] INFO:colcon.colcon_core.shell:Creating environment descriptor '/home/robotix/ros2_ws/src/install/vl53l1x/share/vl53l1x/hook/cmake_prefix_path.dsv'
[6.656s] INFO:colcon.colcon_core.shell:Creating environment hook '/home/robotix/ros2_ws/src/install/vl53l1x/share/vl53l1x/hook/cmake_prefix_path.sh'
[6.661s] Level 1:colcon.colcon_core.environment:checking '/home/robotix/ros2_ws/src/install/vl53l1x/lib'
[6.662s] Level 1:colcon.colcon_core.environment:checking '/home/robotix/ros2_ws/src/install/vl53l1x/bin'
[6.662s] Level 1:colcon.colcon_core.environment:checking '/home/robotix/ros2_ws/src/install/vl53l1x/lib/pkgconfig/vl53l1x.pc'
[6.663s] Level 1:colcon.colcon_core.environment:checking '/home/robotix/ros2_ws/src/install/vl53l1x/lib/python3.10/site-packages'
[6.664s] Level 1:colcon.colcon_core.environment:checking '/home/robotix/ros2_ws/src/install/vl53l1x/bin'
[6.720s] INFO:colcon.colcon_core.shell:Creating package script '/home/robotix/ros2_ws/src/install/vl53l1x/share/vl53l1x/package.ps1'
[6.724s] INFO:colcon.colcon_core.shell:Creating package descriptor '/home/robotix/ros2_ws/src/install/vl53l1x/share/vl53l1x/package.dsv'
[6.727s] INFO:colcon.colcon_core.shell:Creating package script '/home/robotix/ros2_ws/src/install/vl53l1x/share/vl53l1x/package.sh'
[6.730s] INFO:colcon.colcon_core.shell:Creating package script '/home/robotix/ros2_ws/src/install/vl53l1x/share/vl53l1x/package.bash'
[6.733s] INFO:colcon.colcon_core.shell:Creating package script '/home/robotix/ros2_ws/src/install/vl53l1x/share/vl53l1x/package.zsh'
[6.737s] Level 1:colcon.colcon_core.environment:create_file_with_runtime_dependencies(/home/robotix/ros2_ws/src/install/vl53l1x/share/colcon-core/packages/vl53l1x)
[6.947s] Level 1:colcon.colcon_core.environment:create_environment_scripts_only(vl53l1x)
[7.005s] Level 1:colcon.colcon_core.environment:checking '/home/robotix/ros2_ws/src/install/vl53l1x' for CMake module files
[7.008s] Level 1:colcon.colcon_core.environment:checking '/home/robotix/ros2_ws/src/install/vl53l1x' for CMake config files
[7.010s] Level 1:colcon.colcon_core.shell:create_environment_hook('vl53l1x', 'cmake_prefix_path')
[7.066s] INFO:colcon.colcon_core.shell:Creating environment hook '/home/robotix/ros2_ws/src/install/vl53l1x/share/vl53l1x/hook/cmake_prefix_path.ps1'
[7.068s] INFO:colcon.colcon_core.shell:Creating environment descriptor '/home/robotix/ros2_ws/src/install/vl53l1x/share/vl53l1x/hook/cmake_prefix_path.dsv'
[7.070s] INFO:colcon.colcon_core.shell:Creating environment hook '/home/robotix/ros2_ws/src/install/vl53l1x/share/vl53l1x/hook/cmake_prefix_path.sh'
[7.073s] Level 1:colcon.colcon_core.environment:checking '/home/robotix/ros2_ws/src/install/vl53l1x/lib'
[7.073s] Level 1:colcon.colcon_core.environment:checking '/home/robotix/ros2_ws/src/install/vl53l1x/bin'
[7.073s] Level 1:colcon.colcon_core.environment:checking '/home/robotix/ros2_ws/src/install/vl53l1x/lib/pkgconfig/vl53l1x.pc'
[7.075s] Level 1:colcon.colcon_core.environment:checking '/home/robotix/ros2_ws/src/install/vl53l1x/lib/python3.10/site-packages'
[7.076s] Level 1:colcon.colcon_core.environment:checking '/home/robotix/ros2_ws/src/install/vl53l1x/bin'
[7.133s] INFO:colcon.colcon_core.shell:Creating package script '/home/robotix/ros2_ws/src/install/vl53l1x/share/vl53l1x/package.ps1'
[7.136s] INFO:colcon.colcon_core.shell:Creating package descriptor '/home/robotix/ros2_ws/src/install/vl53l1x/share/vl53l1x/package.dsv'
[7.138s] INFO:colcon.colcon_core.shell:Creating package script '/home/robotix/ros2_ws/src/install/vl53l1x/share/vl53l1x/package.sh'
[7.141s] INFO:colcon.colcon_core.shell:Creating package script '/home/robotix/ros2_ws/src/install/vl53l1x/share/vl53l1x/package.bash'
[7.143s] INFO:colcon.colcon_core.shell:Creating package script '/home/robotix/ros2_ws/src/install/vl53l1x/share/vl53l1x/package.zsh'
[7.145s] Level 1:colcon.colcon_core.environment:create_file_with_runtime_dependencies(/home/robotix/ros2_ws/src/install/vl53l1x/share/colcon-core/packages/vl53l1x)
[7.146s] DEBUG:colcon.colcon_parallel_executor.executor.parallel:closing loop
[7.147s] DEBUG:colcon.colcon_parallel_executor.executor.parallel:loop closed
[7.147s] DEBUG:colcon.colcon_parallel_executor.executor.parallel:run_until_complete finished with '0'
[7.148s] DEBUG:colcon.colcon_core.event_reactor:joining thread
[7.226s] INFO:colcon.colcon_core.plugin_system:Skipping extension 'colcon_notification.desktop_notification.notify_send': Could not find 'notify-send'
[7.226s] INFO:colcon.colcon_core.plugin_system:Skipping extension 'colcon_notification.desktop_notification.terminal_notifier': Not used on non-Darwin systems
[7.227s] INFO:colcon.colcon_core.plugin_system:Skipping extension 'colcon_notification.desktop_notification.win32': Not used on non-Windows systems
[7.227s] INFO:colcon.colcon_notification.desktop_notification:Sending desktop notification using 'notify2'
[7.230s] DEBUG:colcon.colcon_notification.desktop_notification.notify2:Failed to initialize notify2: org.freedesktop.DBus.Error.ServiceUnknown: The name org.freedesktop.Notifications was not provided by any .service files
[7.230s] DEBUG:colcon.colcon_core.event_reactor:joined thread
[7.291s] INFO:colcon.colcon_core.shell:Creating prefix script '/home/robotix/ros2_ws/src/install/local_setup.ps1'
[7.295s] INFO:colcon.colcon_core.shell:Creating prefix util module '/home/robotix/ros2_ws/src/install/_local_setup_util_ps1.py'
[7.301s] INFO:colcon.colcon_core.shell:Creating prefix chain script '/home/robotix/ros2_ws/src/install/setup.ps1'
[7.364s] INFO:colcon.colcon_core.shell:Creating prefix script '/home/robotix/ros2_ws/src/install/local_setup.sh'
[7.367s] INFO:colcon.colcon_core.shell:Creating prefix util module '/home/robotix/ros2_ws/src/install/_local_setup_util_sh.py'
[7.369s] INFO:colcon.colcon_core.shell:Creating prefix chain script '/home/robotix/ros2_ws/src/install/setup.sh'
[7.430s] INFO:colcon.colcon_core.shell:Creating prefix script '/home/robotix/ros2_ws/src/install/local_setup.bash'
[7.433s] INFO:colcon.colcon_core.shell:Creating prefix chain script '/home/robotix/ros2_ws/src/install/setup.bash'
[7.494s] INFO:colcon.colcon_core.shell:Creating prefix script '/home/robotix/ros2_ws/src/install/local_setup.zsh'
[7.496s] INFO:colcon.colcon_core.shell:Creating prefix chain script '/home/robotix/ros2_ws/src/install/setup.zsh'
