[10.609s] Invoking command in '/home/robotix/ros2_ws/src/tof_imager_ros': PYTHONPATH=/home/robotix/ros2_ws/src/build/tof_imager_ros/prefix_override:/home/robotix/ros2_ws/src/install/tof_imager_ros/lib/python3.10/site-packages:${PYTHONPATH} /usr/bin/python3 setup.py egg_info --egg-base ../build/tof_imager_ros build --build-base /home/robotix/ros2_ws/src/build/tof_imager_ros/build install --record /home/robotix/ros2_ws/src/build/tof_imager_ros/install.log --single-version-externally-managed
[12.337s] running egg_info
[12.340s] writing ../build/tof_imager_ros/tof_imager_ros.egg-info/PKG-INFO
[12.341s] writing dependency_links to ../build/tof_imager_ros/tof_imager_ros.egg-info/dependency_links.txt
[12.342s] writing entry points to ../build/tof_imager_ros/tof_imager_ros.egg-info/entry_points.txt
[12.342s] writing requirements to ../build/tof_imager_ros/tof_imager_ros.egg-info/requires.txt
[12.343s] writing top-level names to ../build/tof_imager_ros/tof_imager_ros.egg-info/top_level.txt
[12.351s] reading manifest file '../build/tof_imager_ros/tof_imager_ros.egg-info/SOURCES.txt'
[12.353s] adding license file 'LICENSE'
[12.356s] writing manifest file '../build/tof_imager_ros/tof_imager_ros.egg-info/SOURCES.txt'
[12.357s] running build
[12.358s] running build_py
[12.358s] copying tof_imager_ros/tof_imager_publisher.py -> /home/robotix/ros2_ws/src/build/tof_imager_ros/build/lib/tof_imager_ros
[12.360s] running install
[12.362s] running install_lib
[12.365s] copying /home/robotix/ros2_ws/src/build/tof_imager_ros/build/lib/tof_imager_ros/tof_imager_publisher.py -> /home/robotix/ros2_ws/src/install/tof_imager_ros/lib/python3.10/site-packages/tof_imager_ros
[12.368s] byte-compiling /home/robotix/ros2_ws/src/install/tof_imager_ros/lib/python3.10/site-packages/tof_imager_ros/tof_imager_publisher.py to tof_imager_publisher.cpython-310.pyc
[12.375s] running install_data
[12.377s] running install_egg_info
[12.386s] removing '/home/robotix/ros2_ws/src/install/tof_imager_ros/lib/python3.10/site-packages/tof_imager_ros-0.0.0-py3.10.egg-info' (and everything under it)
[12.388s] Copying ../build/tof_imager_ros/tof_imager_ros.egg-info to /home/robotix/ros2_ws/src/install/tof_imager_ros/lib/python3.10/site-packages/tof_imager_ros-0.0.0-py3.10.egg-info
[12.394s] running install_scripts
[12.482s] Installing tof_imager_node script to /home/robotix/ros2_ws/src/install/tof_imager_ros/lib/tof_imager_ros
[12.483s] Installing tof_imager_publisher script to /home/robotix/ros2_ws/src/install/tof_imager_ros/lib/tof_imager_ros
[12.484s] writing list of installed files to '/home/robotix/ros2_ws/src/build/tof_imager_ros/install.log'
[12.610s] Invoked command in '/home/robotix/ros2_ws/src/tof_imager_ros' returned '0': PYTHONPATH=/home/robotix/ros2_ws/src/build/tof_imager_ros/prefix_override:/home/robotix/ros2_ws/src/install/tof_imager_ros/lib/python3.10/site-packages:${PYTHONPATH} /usr/bin/python3 setup.py egg_info --egg-base ../build/tof_imager_ros build --build-base /home/robotix/ros2_ws/src/build/tof_imager_ros/build install --record /home/robotix/ros2_ws/src/build/tof_imager_ros/install.log --single-version-externally-managed
