[4.972s] Invoking command in '/home/robotix/ros2_ws/build/robotix': PYTHONPATH=/home/robotix/ros2_ws/build/robotix/prefix_override:/home/robotix/ros2_ws/install/robotix/lib/python3.10/site-packages:${PYTHONPATH} /usr/bin/python3 setup.py develop --editable --build-directory /home/robotix/ros2_ws/build/robotix/build --no-deps install_data
[6.267s] running develop
[7.106s] running egg_info
[7.107s] writing robotix.egg-info/PKG-INFO
[7.109s] writing dependency_links to robotix.egg-info/dependency_links.txt
[7.110s] writing entry points to robotix.egg-info/entry_points.txt
[7.111s] writing requirements to robotix.egg-info/requires.txt
[7.112s] writing top-level names to robotix.egg-info/top_level.txt
[7.125s] reading manifest file 'robotix.egg-info/SOURCES.txt'
[7.132s] writing manifest file 'robotix.egg-info/SOURCES.txt'
[7.141s] running build_ext
[7.142s] Creating /home/robotix/ros2_ws/install/robotix/lib/python3.10/site-packages/robotix.egg-link (link to .)
[7.148s] Installing codeuse script to /home/robotix/ros2_ws/install/robotix/lib/robotix
[7.149s] Installing controller script to /home/robotix/ros2_ws/install/robotix/lib/robotix
[7.151s] Installing ctrl_claw script to /home/robotix/ros2_ws/install/robotix/lib/robotix
[7.153s] Installing ctrl_nav script to /home/robotix/ros2_ws/install/robotix/lib/robotix
[7.154s] Installing jetson script to /home/robotix/ros2_ws/install/robotix/lib/robotix
[7.155s] Installing laser script to /home/robotix/ros2_ws/install/robotix/lib/robotix
[7.157s] Installing lidar script to /home/robotix/ros2_ws/install/robotix/lib/robotix
[7.158s] Installing motor script to /home/robotix/ros2_ws/install/robotix/lib/robotix
[7.159s] Installing motor_claw script to /home/robotix/ros2_ws/install/robotix/lib/robotix
[7.160s] Installing motor_plateau script to /home/robotix/ros2_ws/install/robotix/lib/robotix
[7.162s] 
[7.163s] Installed /home/robotix/ros2_ws/build/robotix
[7.164s] running install_data
[7.350s] Invoked command in '/home/robotix/ros2_ws/build/robotix' returned '0': PYTHONPATH=/home/robotix/ros2_ws/build/robotix/prefix_override:/home/robotix/ros2_ws/install/robotix/lib/python3.10/site-packages:${PYTHONPATH} /usr/bin/python3 setup.py develop --editable --build-directory /home/robotix/ros2_ws/build/robotix/build --no-deps install_data
