[0.322s] Invoking command in '/home/robotix/ros2_ws/src/build/vl53l1x': CMAKE_PREFIX_PATH=${CMAKE_PREFIX_PATH}:/home/robotix/ros2_ws/install/robotix:/home/robotix/ros2_ws/src/install/robotix:/opt/ros/humble /usr/bin/cmake --build /home/robotix/ros2_ws/src/build/vl53l1x -- -j4 -l4
[0.516s] [35m[1mConsolidate compiler generated dependencies of target vl53l1x_node[0m
[0.618s] [ 33%] [32mBuilding CXX object CMakeFiles/vl53l1x_node.dir/src/vl53l1x_node.cpp.o[0m
[19.309s] [ 66%] [32m[1mLinking CXX executable vl53l1x_node[0m
[20.317s] [100%] Built target vl53l1x_node
[20.357s] Invoked command in '/home/robotix/ros2_ws/src/build/vl53l1x' returned '0': CMAKE_PREFIX_PATH=${CMAKE_PREFIX_PATH}:/home/robotix/ros2_ws/install/robotix:/home/robotix/ros2_ws/src/install/robotix:/opt/ros/humble /usr/bin/cmake --build /home/robotix/ros2_ws/src/build/vl53l1x -- -j4 -l4
[20.557s] Invoking command in '/home/robotix/ros2_ws/src/build/vl53l1x': CMAKE_PREFIX_PATH=${CMAKE_PREFIX_PATH}:/home/robotix/ros2_ws/install/robotix:/home/robotix/ros2_ws/src/install/robotix:/opt/ros/humble /usr/bin/cmake --install /home/robotix/ros2_ws/src/build/vl53l1x
[20.586s] -- Install configuration: ""
[20.588s] -- Execute custom install script
[20.589s] -- Up-to-date symlink: /home/robotix/ros2_ws/src/install/vl53l1x/lib/vl53l1x/vl53l1x_node
[20.591s] -- Up-to-date symlink: /home/robotix/ros2_ws/src/install/vl53l1x/share/ament_index/resource_index/package_run_dependencies/vl53l1x
[20.592s] -- Up-to-date symlink: /home/robotix/ros2_ws/src/install/vl53l1x/share/ament_index/resource_index/parent_prefix_path/vl53l1x
[20.593s] -- Up-to-date symlink: /home/robotix/ros2_ws/src/install/vl53l1x/share/vl53l1x/environment/ament_prefix_path.sh
[20.594s] -- Up-to-date symlink: /home/robotix/ros2_ws/src/install/vl53l1x/share/vl53l1x/environment/ament_prefix_path.dsv
[20.595s] -- Up-to-date symlink: /home/robotix/ros2_ws/src/install/vl53l1x/share/vl53l1x/environment/path.sh
[20.596s] -- Up-to-date symlink: /home/robotix/ros2_ws/src/install/vl53l1x/share/vl53l1x/environment/path.dsv
[20.597s] -- Up-to-date symlink: /home/robotix/ros2_ws/src/install/vl53l1x/share/vl53l1x/local_setup.bash
[20.598s] -- Up-to-date symlink: /home/robotix/ros2_ws/src/install/vl53l1x/share/vl53l1x/local_setup.sh
[20.599s] -- Up-to-date symlink: /home/robotix/ros2_ws/src/install/vl53l1x/share/vl53l1x/local_setup.zsh
[20.600s] -- Up-to-date symlink: /home/robotix/ros2_ws/src/install/vl53l1x/share/vl53l1x/local_setup.dsv
[20.600s] -- Symlinking: /home/robotix/ros2_ws/src/install/vl53l1x/share/vl53l1x/package.dsv
[20.633s] -- Up-to-date symlink: /home/robotix/ros2_ws/src/install/vl53l1x/share/ament_index/resource_index/packages/vl53l1x
[20.634s] -- Up-to-date symlink: /home/robotix/ros2_ws/src/install/vl53l1x/share/vl53l1x/cmake/vl53l1xConfig.cmake
[20.635s] -- Up-to-date symlink: /home/robotix/ros2_ws/src/install/vl53l1x/share/vl53l1x/cmake/vl53l1xConfig-version.cmake
[20.636s] -- Up-to-date symlink: /home/robotix/ros2_ws/src/install/vl53l1x/share/vl53l1x/package.xml
[20.643s] Invoked command in '/home/robotix/ros2_ws/src/build/vl53l1x' returned '0': CMAKE_PREFIX_PATH=${CMAKE_PREFIX_PATH}:/home/robotix/ros2_ws/install/robotix:/home/robotix/ros2_ws/src/install/robotix:/opt/ros/humble /usr/bin/cmake --install /home/robotix/ros2_ws/src/build/vl53l1x
