[4.588s] Invoking command in '/home/robotix/ros2_ws/src/build/robotix': PYTHONPATH=/home/robotix/ros2_ws/src/build/robotix/prefix_override:/home/robotix/ros2_ws/src/install/robotix/lib/python3.10/site-packages:${PYTHONPATH} /usr/bin/python3 setup.py develop --editable --build-directory /home/robotix/ros2_ws/src/build/robotix/build --no-deps install_data
[5.999s] running develop
[6.711s] running egg_info
[6.711s] writing robotix.egg-info/PKG-INFO
[6.713s] writing dependency_links to robotix.egg-info/dependency_links.txt
[6.714s] writing entry points to robotix.egg-info/entry_points.txt
[6.715s] writing requirements to robotix.egg-info/requires.txt
[6.715s] writing top-level names to robotix.egg-info/top_level.txt
[6.728s] reading manifest file 'robotix.egg-info/SOURCES.txt'
[6.733s] writing manifest file 'robotix.egg-info/SOURCES.txt'
[6.739s] running build_ext
[6.740s] Creating /home/robotix/ros2_ws/src/install/robotix/lib/python3.10/site-packages/robotix.egg-link (link to .)
[6.744s] Installing codeuse script to /home/robotix/ros2_ws/src/install/robotix/lib/robotix
[6.745s] Installing controller script to /home/robotix/ros2_ws/src/install/robotix/lib/robotix
[6.746s] Installing ctrl_claw script to /home/robotix/ros2_ws/src/install/robotix/lib/robotix
[6.747s] Installing ctrl_nav script to /home/robotix/ros2_ws/src/install/robotix/lib/robotix
[6.747s] Installing jetson script to /home/robotix/ros2_ws/src/install/robotix/lib/robotix
[6.748s] Installing laser script to /home/robotix/ros2_ws/src/install/robotix/lib/robotix
[6.749s] Installing lidar script to /home/robotix/ros2_ws/src/install/robotix/lib/robotix
[6.751s] Installing motor script to /home/robotix/ros2_ws/src/install/robotix/lib/robotix
[6.752s] Installing motor_claw script to /home/robotix/ros2_ws/src/install/robotix/lib/robotix
[6.752s] Installing motor_plateau script to /home/robotix/ros2_ws/src/install/robotix/lib/robotix
[6.753s] 
[6.754s] Installed /home/robotix/ros2_ws/src/build/robotix
[6.754s] running install_data
[6.755s] copying package.xml -> /home/robotix/ros2_ws/src/install/robotix/share/robotix
[6.903s] Invoked command in '/home/robotix/ros2_ws/src/build/robotix' returned '0': PYTHONPATH=/home/robotix/ros2_ws/src/build/robotix/prefix_override:/home/robotix/ros2_ws/src/install/robotix/lib/python3.10/site-packages:${PYTHONPATH} /usr/bin/python3 setup.py develop --editable --build-directory /home/robotix/ros2_ws/src/build/robotix/build --no-deps install_data
