[6.887s] Invoking command in '/home/robotix/ros2_ws/build/robotix': PYTHONPATH=/home/robotix/ros2_ws/build/robotix/prefix_override:/home/robotix/ros2_ws/install/robotix/lib/python3.10/site-packages:${PYTHONPATH} /usr/bin/python3 setup.py develop --editable --build-directory /home/robotix/ros2_ws/build/robotix/build --no-deps install_data
[8.254s] running develop
[9.026s] running egg_info
[9.027s] writing robotix.egg-info/PKG-INFO
[9.028s] writing dependency_links to robotix.egg-info/dependency_links.txt
[9.030s] writing entry points to robotix.egg-info/entry_points.txt
[9.030s] writing requirements to robotix.egg-info/requires.txt
[9.031s] writing top-level names to robotix.egg-info/top_level.txt
[9.046s] reading manifest file 'robotix.egg-info/SOURCES.txt'
[9.053s] writing manifest file 'robotix.egg-info/SOURCES.txt'
[9.061s] running build_ext
[9.063s] Creating /home/robotix/ros2_ws/install/robotix/lib/python3.10/site-packages/robotix.egg-link (link to .)
[9.069s] Installing codeuse script to /home/robotix/ros2_ws/install/robotix/lib/robotix
[9.071s] Installing controller script to /home/robotix/ros2_ws/install/robotix/lib/robotix
[9.076s] Installing ctrl_claw script to /home/robotix/ros2_ws/install/robotix/lib/robotix
[9.078s] Installing ctrl_nav script to /home/robotix/ros2_ws/install/robotix/lib/robotix
[9.082s] Installing jetson script to /home/robotix/ros2_ws/install/robotix/lib/robotix
[9.083s] Installing laser script to /home/robotix/ros2_ws/install/robotix/lib/robotix
[9.086s] Installing lidar script to /home/robotix/ros2_ws/install/robotix/lib/robotix
[9.087s] Installing motor script to /home/robotix/ros2_ws/install/robotix/lib/robotix
[9.089s] Installing motor_claw script to /home/robotix/ros2_ws/install/robotix/lib/robotix
[9.091s] Installing motor_plateau script to /home/robotix/ros2_ws/install/robotix/lib/robotix
[9.093s] 
[9.095s] Installed /home/robotix/ros2_ws/build/robotix
[9.097s] running install_data
[9.597s] Invoked command in '/home/robotix/ros2_ws/build/robotix' returned '0': PYTHONPATH=/home/robotix/ros2_ws/build/robotix/prefix_override:/home/robotix/ros2_ws/install/robotix/lib/python3.10/site-packages:${PYTHONPATH} /usr/bin/python3 setup.py develop --editable --build-directory /home/robotix/ros2_ws/build/robotix/build --no-deps install_data
