[6.983s] Invoking command in '/home/robotix/ros2_ws/build/robotix': PYTHONPATH=/home/robotix/ros2_ws/build/robotix/prefix_override:/home/robotix/ros2_ws/install/robotix/lib/python3.10/site-packages:${PYTHONPATH} /usr/bin/python3 setup.py develop --editable --build-directory /home/robotix/ros2_ws/build/robotix/build --no-deps install_data
[8.502s] running develop
[9.337s] running egg_info
[9.339s] writing robotix.egg-info/PKG-INFO
[9.340s] writing dependency_links to robotix.egg-info/dependency_links.txt
[9.341s] writing entry points to robotix.egg-info/entry_points.txt
[9.342s] writing requirements to robotix.egg-info/requires.txt
[9.343s] writing top-level names to robotix.egg-info/top_level.txt
[9.361s] reading manifest file 'robotix.egg-info/SOURCES.txt'
[9.372s] writing manifest file 'robotix.egg-info/SOURCES.txt'
[9.385s] running build_ext
[9.387s] Creating /home/robotix/ros2_ws/install/robotix/lib/python3.10/site-packages/robotix.egg-link (link to .)
[9.397s] Installing codeuse script to /home/robotix/ros2_ws/install/robotix/lib/robotix
[9.401s] Installing controller script to /home/robotix/ros2_ws/install/robotix/lib/robotix
[9.403s] Installing ctrl_claw script to /home/robotix/ros2_ws/install/robotix/lib/robotix
[9.405s] Installing ctrl_nav script to /home/robotix/ros2_ws/install/robotix/lib/robotix
[9.407s] Installing jetson script to /home/robotix/ros2_ws/install/robotix/lib/robotix
[9.409s] Installing laser script to /home/robotix/ros2_ws/install/robotix/lib/robotix
[9.411s] Installing lidar script to /home/robotix/ros2_ws/install/robotix/lib/robotix
[9.413s] Installing motor script to /home/robotix/ros2_ws/install/robotix/lib/robotix
[9.414s] Installing motor_claw script to /home/robotix/ros2_ws/install/robotix/lib/robotix
[9.416s] Installing motor_plateau script to /home/robotix/ros2_ws/install/robotix/lib/robotix
[9.420s] 
[9.421s] Installed /home/robotix/ros2_ws/build/robotix
[9.424s] running install_data
[9.993s] Invoked command in '/home/robotix/ros2_ws/build/robotix' returned '0': PYTHONPATH=/home/robotix/ros2_ws/build/robotix/prefix_override:/home/robotix/ros2_ws/install/robotix/lib/python3.10/site-packages:${PYTHONPATH} /usr/bin/python3 setup.py develop --editable --build-directory /home/robotix/ros2_ws/build/robotix/build --no-deps install_data
