[4.882s] Invoking command in '/home/robotix/ros2_ws/build/ydlidar_ros2_driver': CMAKE_PREFIX_PATH=${CMAKE_PREFIX_PATH}:/home/robotix/ros2_ws/install/robotix:/home/robotix/ros2_ws/install/alextropfort:/home/robotix/ros2_ws/src/install/robotix:/opt/ros/humble /usr/bin/cmake --build /home/robotix/ros2_ws/build/ydlidar_ros2_driver -- -j4 -l4
[5.278s] [ 50%] Built target ydlidar_ros2_driver_node
[5.318s] [100%] Built target ydlidar_ros2_driver_client
[5.378s] Invoked command in '/home/robotix/ros2_ws/build/ydlidar_ros2_driver' returned '0': CMAKE_PREFIX_PATH=${CMAKE_PREFIX_PATH}:/home/robotix/ros2_ws/install/robotix:/home/robotix/ros2_ws/install/alextropfort:/home/robotix/ros2_ws/src/install/robotix:/opt/ros/humble /usr/bin/cmake --build /home/robotix/ros2_ws/build/ydlidar_ros2_driver -- -j4 -l4
[5.606s] Invoking command in '/home/robotix/ros2_ws/build/ydlidar_ros2_driver': CMAKE_PREFIX_PATH=${CMAKE_PREFIX_PATH}:/home/robotix/ros2_ws/install/robotix:/home/robotix/ros2_ws/install/alextropfort:/home/robotix/ros2_ws/src/install/robotix:/opt/ros/humble /usr/bin/cmake --install /home/robotix/ros2_ws/build/ydlidar_ros2_driver
[5.643s] -- Install configuration: ""
[5.647s] -- Execute custom install script
[5.650s] -- Up-to-date symlink: /home/robotix/ros2_ws/install/ydlidar_ros2_driver/lib/ydlidar_ros2_driver/ydlidar_ros2_driver_node
[5.653s] -- Up-to-date symlink: /home/robotix/ros2_ws/install/ydlidar_ros2_driver/lib/ydlidar_ros2_driver/ydlidar_ros2_driver_client
[5.656s] -- Up-to-date symlink: /home/robotix/ros2_ws/install/ydlidar_ros2_driver/share/ydlidar_ros2_driver/launch/.uuid
[5.658s] -- Up-to-date symlink: /home/robotix/ros2_ws/install/ydlidar_ros2_driver/share/ydlidar_ros2_driver/launch/ydlidar.py
[5.661s] -- Up-to-date symlink: /home/robotix/ros2_ws/install/ydlidar_ros2_driver/share/ydlidar_ros2_driver/launch/ydlidar_launch.py
[5.663s] -- Up-to-date symlink: /home/robotix/ros2_ws/install/ydlidar_ros2_driver/share/ydlidar_ros2_driver/launch/ydlidar_launch_view.py
[5.666s] -- Up-to-date symlink: /home/robotix/ros2_ws/install/ydlidar_ros2_driver/share/ydlidar_ros2_driver/params/.uuid
[5.668s] -- Up-to-date symlink: /home/robotix/ros2_ws/install/ydlidar_ros2_driver/share/ydlidar_ros2_driver/params/G1.yaml
[5.670s] -- Up-to-date symlink: /home/robotix/ros2_ws/install/ydlidar_ros2_driver/share/ydlidar_ros2_driver/params/G2.yaml
[5.673s] -- Up-to-date symlink: /home/robotix/ros2_ws/install/ydlidar_ros2_driver/share/ydlidar_ros2_driver/params/G6.yaml
[5.675s] -- Up-to-date symlink: /home/robotix/ros2_ws/install/ydlidar_ros2_driver/share/ydlidar_ros2_driver/params/GS2.yaml
[5.677s] -- Up-to-date symlink: /home/robotix/ros2_ws/install/ydlidar_ros2_driver/share/ydlidar_ros2_driver/params/TG.yaml
[5.679s] -- Up-to-date symlink: /home/robotix/ros2_ws/install/ydlidar_ros2_driver/share/ydlidar_ros2_driver/params/TminiPro.yaml
[5.682s] -- Up-to-date symlink: /home/robotix/ros2_ws/install/ydlidar_ros2_driver/share/ydlidar_ros2_driver/params/X2.yaml
[5.684s] -- Up-to-date symlink: /home/robotix/ros2_ws/install/ydlidar_ros2_driver/share/ydlidar_ros2_driver/params/X4-Pro.yaml
[5.686s] -- Up-to-date symlink: /home/robotix/ros2_ws/install/ydlidar_ros2_driver/share/ydlidar_ros2_driver/params/X4.yaml
[5.688s] -- Up-to-date symlink: /home/robotix/ros2_ws/install/ydlidar_ros2_driver/share/ydlidar_ros2_driver/params/ydlidar.yaml
[5.691s] -- Up-to-date symlink: /home/robotix/ros2_ws/install/ydlidar_ros2_driver/share/ydlidar_ros2_driver/startup/.uuid
[5.694s] -- Up-to-date symlink: /home/robotix/ros2_ws/install/ydlidar_ros2_driver/share/ydlidar_ros2_driver/startup/initenv.sh
[5.697s] -- Up-to-date symlink: /home/robotix/ros2_ws/install/ydlidar_ros2_driver/share/ydlidar_ros2_driver/config/.uuid
[5.699s] -- Up-to-date symlink: /home/robotix/ros2_ws/install/ydlidar_ros2_driver/share/ydlidar_ros2_driver/config/ydlidar.rviz
[5.702s] -- Up-to-date symlink: /home/robotix/ros2_ws/install/ydlidar_ros2_driver/share/ament_index/resource_index/package_run_dependencies/ydlidar_ros2_driver
[5.705s] -- Up-to-date symlink: /home/robotix/ros2_ws/install/ydlidar_ros2_driver/share/ament_index/resource_index/parent_prefix_path/ydlidar_ros2_driver
[5.708s] -- Up-to-date symlink: /home/robotix/ros2_ws/install/ydlidar_ros2_driver/share/ydlidar_ros2_driver/environment/ament_prefix_path.sh
[5.710s] -- Up-to-date symlink: /home/robotix/ros2_ws/install/ydlidar_ros2_driver/share/ydlidar_ros2_driver/environment/ament_prefix_path.dsv
[5.714s] -- Up-to-date symlink: /home/robotix/ros2_ws/install/ydlidar_ros2_driver/share/ydlidar_ros2_driver/environment/path.sh
[5.716s] -- Up-to-date symlink: /home/robotix/ros2_ws/install/ydlidar_ros2_driver/share/ydlidar_ros2_driver/environment/path.dsv
[5.719s] -- Up-to-date symlink: /home/robotix/ros2_ws/install/ydlidar_ros2_driver/share/ydlidar_ros2_driver/local_setup.bash
[5.721s] -- Up-to-date symlink: /home/robotix/ros2_ws/install/ydlidar_ros2_driver/share/ydlidar_ros2_driver/local_setup.sh
[5.723s] -- Up-to-date symlink: /home/robotix/ros2_ws/install/ydlidar_ros2_driver/share/ydlidar_ros2_driver/local_setup.zsh
[5.725s] -- Up-to-date symlink: /home/robotix/ros2_ws/install/ydlidar_ros2_driver/share/ydlidar_ros2_driver/local_setup.dsv
[5.726s] -- Symlinking: /home/robotix/ros2_ws/install/ydlidar_ros2_driver/share/ydlidar_ros2_driver/package.dsv
[5.769s] -- Up-to-date symlink: /home/robotix/ros2_ws/install/ydlidar_ros2_driver/share/ament_index/resource_index/packages/ydlidar_ros2_driver
[5.771s] -- Up-to-date symlink: /home/robotix/ros2_ws/install/ydlidar_ros2_driver/share/ydlidar_ros2_driver/cmake/ydlidar_ros2_driverConfig.cmake
[5.772s] -- Up-to-date symlink: /home/robotix/ros2_ws/install/ydlidar_ros2_driver/share/ydlidar_ros2_driver/cmake/ydlidar_ros2_driverConfig-version.cmake
[5.774s] -- Up-to-date symlink: /home/robotix/ros2_ws/install/ydlidar_ros2_driver/share/ydlidar_ros2_driver/package.xml
[5.788s] Invoked command in '/home/robotix/ros2_ws/build/ydlidar_ros2_driver' returned '0': CMAKE_PREFIX_PATH=${CMAKE_PREFIX_PATH}:/home/robotix/ros2_ws/install/robotix:/home/robotix/ros2_ws/install/alextropfort:/home/robotix/ros2_ws/src/install/robotix:/opt/ros/humble /usr/bin/cmake --install /home/robotix/ros2_ws/build/ydlidar_ros2_driver
