[3.482s] Invoking command in '/home/robotix/ros2_ws/src/build/ydlidar_ros2_driver': CMAKE_PREFIX_PATH=${CMAKE_PREFIX_PATH}:/home/robotix/ros2_ws/install/tof_imager_ros:/home/robotix/ros2_ws/install/robotix:/home/robotix/ros2_ws/src/install/tof_imager_ros:/home/robotix/ros2_ws/src/install/robotix:/opt/ros/humble /usr/bin/cmake --build /home/robotix/ros2_ws/src/build/ydlidar_ros2_driver -- -j4 -l4
[3.782s] [ 50%] Built target ydlidar_ros2_driver_node
[3.797s] [100%] Built target ydlidar_ros2_driver_client
[3.844s] Invoked command in '/home/robotix/ros2_ws/src/build/ydlidar_ros2_driver' returned '0': CMAKE_PREFIX_PATH=${CMAKE_PREFIX_PATH}:/home/robotix/ros2_ws/install/tof_imager_ros:/home/robotix/ros2_ws/install/robotix:/home/robotix/ros2_ws/src/install/tof_imager_ros:/home/robotix/ros2_ws/src/install/robotix:/opt/ros/humble /usr/bin/cmake --build /home/robotix/ros2_ws/src/build/ydlidar_ros2_driver -- -j4 -l4
[4.060s] Invoking command in '/home/robotix/ros2_ws/src/build/ydlidar_ros2_driver': CMAKE_PREFIX_PATH=${CMAKE_PREFIX_PATH}:/home/robotix/ros2_ws/install/tof_imager_ros:/home/robotix/ros2_ws/install/robotix:/home/robotix/ros2_ws/src/install/tof_imager_ros:/home/robotix/ros2_ws/src/install/robotix:/opt/ros/humble /usr/bin/cmake --install /home/robotix/ros2_ws/src/build/ydlidar_ros2_driver
[4.094s] -- Install configuration: ""
[4.096s] -- Execute custom install script
[4.098s] -- Up-to-date symlink: /home/robotix/ros2_ws/src/install/ydlidar_ros2_driver/lib/ydlidar_ros2_driver/ydlidar_ros2_driver_node
[4.099s] -- Up-to-date symlink: /home/robotix/ros2_ws/src/install/ydlidar_ros2_driver/lib/ydlidar_ros2_driver/ydlidar_ros2_driver_client
[4.102s] -- Up-to-date symlink: /home/robotix/ros2_ws/src/install/ydlidar_ros2_driver/share/ydlidar_ros2_driver/launch/.uuid
[4.103s] -- Up-to-date symlink: /home/robotix/ros2_ws/src/install/ydlidar_ros2_driver/share/ydlidar_ros2_driver/launch/ydlidar.py
[4.104s] -- Up-to-date symlink: /home/robotix/ros2_ws/src/install/ydlidar_ros2_driver/share/ydlidar_ros2_driver/launch/ydlidar_launch.py
[4.105s] -- Up-to-date symlink: /home/robotix/ros2_ws/src/install/ydlidar_ros2_driver/share/ydlidar_ros2_driver/launch/ydlidar_launch_view.py
[4.107s] -- Up-to-date symlink: /home/robotix/ros2_ws/src/install/ydlidar_ros2_driver/share/ydlidar_ros2_driver/params/.uuid
[4.108s] -- Up-to-date symlink: /home/robotix/ros2_ws/src/install/ydlidar_ros2_driver/share/ydlidar_ros2_driver/params/G1.yaml
[4.109s] -- Up-to-date symlink: /home/robotix/ros2_ws/src/install/ydlidar_ros2_driver/share/ydlidar_ros2_driver/params/G2.yaml
[4.110s] -- Up-to-date symlink: /home/robotix/ros2_ws/src/install/ydlidar_ros2_driver/share/ydlidar_ros2_driver/params/G6.yaml
[4.112s] -- Up-to-date symlink: /home/robotix/ros2_ws/src/install/ydlidar_ros2_driver/share/ydlidar_ros2_driver/params/GS2.yaml
[4.113s] -- Up-to-date symlink: /home/robotix/ros2_ws/src/install/ydlidar_ros2_driver/share/ydlidar_ros2_driver/params/TG.yaml
[4.114s] -- Up-to-date symlink: /home/robotix/ros2_ws/src/install/ydlidar_ros2_driver/share/ydlidar_ros2_driver/params/TminiPro.yaml
[4.115s] -- Up-to-date symlink: /home/robotix/ros2_ws/src/install/ydlidar_ros2_driver/share/ydlidar_ros2_driver/params/X2.yaml
[4.116s] -- Up-to-date symlink: /home/robotix/ros2_ws/src/install/ydlidar_ros2_driver/share/ydlidar_ros2_driver/params/X4-Pro.yaml
[4.117s] -- Up-to-date symlink: /home/robotix/ros2_ws/src/install/ydlidar_ros2_driver/share/ydlidar_ros2_driver/params/X4.yaml
[4.118s] -- Up-to-date symlink: /home/robotix/ros2_ws/src/install/ydlidar_ros2_driver/share/ydlidar_ros2_driver/params/ydlidar.yaml
[4.119s] -- Up-to-date symlink: /home/robotix/ros2_ws/src/install/ydlidar_ros2_driver/share/ydlidar_ros2_driver/startup/.uuid
[4.120s] -- Up-to-date symlink: /home/robotix/ros2_ws/src/install/ydlidar_ros2_driver/share/ydlidar_ros2_driver/startup/initenv.sh
[4.122s] -- Up-to-date symlink: /home/robotix/ros2_ws/src/install/ydlidar_ros2_driver/share/ydlidar_ros2_driver/config/.uuid
[4.124s] -- Up-to-date symlink: /home/robotix/ros2_ws/src/install/ydlidar_ros2_driver/share/ydlidar_ros2_driver/config/ydlidar.rviz
[4.125s] -- Up-to-date symlink: /home/robotix/ros2_ws/src/install/ydlidar_ros2_driver/share/ament_index/resource_index/package_run_dependencies/ydlidar_ros2_driver
[4.127s] -- Up-to-date symlink: /home/robotix/ros2_ws/src/install/ydlidar_ros2_driver/share/ament_index/resource_index/parent_prefix_path/ydlidar_ros2_driver
[4.130s] -- Up-to-date symlink: /home/robotix/ros2_ws/src/install/ydlidar_ros2_driver/share/ydlidar_ros2_driver/environment/ament_prefix_path.sh
[4.131s] -- Up-to-date symlink: /home/robotix/ros2_ws/src/install/ydlidar_ros2_driver/share/ydlidar_ros2_driver/environment/ament_prefix_path.dsv
[4.132s] -- Up-to-date symlink: /home/robotix/ros2_ws/src/install/ydlidar_ros2_driver/share/ydlidar_ros2_driver/environment/path.sh
[4.133s] -- Up-to-date symlink: /home/robotix/ros2_ws/src/install/ydlidar_ros2_driver/share/ydlidar_ros2_driver/environment/path.dsv
[4.135s] -- Up-to-date symlink: /home/robotix/ros2_ws/src/install/ydlidar_ros2_driver/share/ydlidar_ros2_driver/local_setup.bash
[4.136s] -- Up-to-date symlink: /home/robotix/ros2_ws/src/install/ydlidar_ros2_driver/share/ydlidar_ros2_driver/local_setup.sh
[4.137s] -- Up-to-date symlink: /home/robotix/ros2_ws/src/install/ydlidar_ros2_driver/share/ydlidar_ros2_driver/local_setup.zsh
[4.139s] -- Up-to-date symlink: /home/robotix/ros2_ws/src/install/ydlidar_ros2_driver/share/ydlidar_ros2_driver/local_setup.dsv
[4.140s] -- Symlinking: /home/robotix/ros2_ws/src/install/ydlidar_ros2_driver/share/ydlidar_ros2_driver/package.dsv
[4.178s] -- Up-to-date symlink: /home/robotix/ros2_ws/src/install/ydlidar_ros2_driver/share/ament_index/resource_index/packages/ydlidar_ros2_driver
[4.180s] -- Up-to-date symlink: /home/robotix/ros2_ws/src/install/ydlidar_ros2_driver/share/ydlidar_ros2_driver/cmake/ydlidar_ros2_driverConfig.cmake
[4.181s] -- Up-to-date symlink: /home/robotix/ros2_ws/src/install/ydlidar_ros2_driver/share/ydlidar_ros2_driver/cmake/ydlidar_ros2_driverConfig-version.cmake
[4.182s] -- Up-to-date symlink: /home/robotix/ros2_ws/src/install/ydlidar_ros2_driver/share/ydlidar_ros2_driver/package.xml
[4.192s] Invoked command in '/home/robotix/ros2_ws/src/build/ydlidar_ros2_driver' returned '0': CMAKE_PREFIX_PATH=${CMAKE_PREFIX_PATH}:/home/robotix/ros2_ws/install/tof_imager_ros:/home/robotix/ros2_ws/install/robotix:/home/robotix/ros2_ws/src/install/tof_imager_ros:/home/robotix/ros2_ws/src/install/robotix:/opt/ros/humble /usr/bin/cmake --install /home/robotix/ros2_ws/src/build/ydlidar_ros2_driver
