[4.390s] Invoking command in '/home/robotix/ros2_ws/src/build/robotix': PYTHONPATH=/home/robotix/ros2_ws/src/build/robotix/prefix_override:/home/robotix/ros2_ws/src/install/robotix/lib/python3.10/site-packages:${PYTHONPATH} /usr/bin/python3 setup.py develop --editable --build-directory /home/robotix/ros2_ws/src/build/robotix/build --no-deps install_data
[5.753s] running develop
[6.461s] running egg_info
[6.462s] writing robotix.egg-info/PKG-INFO
[6.463s] writing dependency_links to robotix.egg-info/dependency_links.txt
[6.464s] writing entry points to robotix.egg-info/entry_points.txt
[6.465s] writing requirements to robotix.egg-info/requires.txt
[6.465s] writing top-level names to robotix.egg-info/top_level.txt
[6.478s] reading manifest file 'robotix.egg-info/SOURCES.txt'
[6.484s] writing manifest file 'robotix.egg-info/SOURCES.txt'
[6.491s] running build_ext
[6.491s] Creating /home/robotix/ros2_ws/src/install/robotix/lib/python3.10/site-packages/robotix.egg-link (link to .)
[6.495s] Installing codeuse script to /home/robotix/ros2_ws/src/install/robotix/lib/robotix
[6.497s] Installing controller script to /home/robotix/ros2_ws/src/install/robotix/lib/robotix
[6.498s] Installing ctrl_claw script to /home/robotix/ros2_ws/src/install/robotix/lib/robotix
[6.498s] Installing ctrl_nav script to /home/robotix/ros2_ws/src/install/robotix/lib/robotix
[6.499s] Installing jetson script to /home/robotix/ros2_ws/src/install/robotix/lib/robotix
[6.500s] Installing laser script to /home/robotix/ros2_ws/src/install/robotix/lib/robotix
[6.501s] Installing lidar script to /home/robotix/ros2_ws/src/install/robotix/lib/robotix
[6.501s] Installing motor script to /home/robotix/ros2_ws/src/install/robotix/lib/robotix
[6.502s] Installing motor_claw script to /home/robotix/ros2_ws/src/install/robotix/lib/robotix
[6.503s] Installing motor_plateau script to /home/robotix/ros2_ws/src/install/robotix/lib/robotix
[6.504s] 
[6.505s] Installed /home/robotix/ros2_ws/src/build/robotix
[6.505s] running install_data
[6.507s] copying package.xml -> /home/robotix/ros2_ws/src/install/robotix/share/robotix
[6.646s] Invoked command in '/home/robotix/ros2_ws/src/build/robotix' returned '0': PYTHONPATH=/home/robotix/ros2_ws/src/build/robotix/prefix_override:/home/robotix/ros2_ws/src/install/robotix/lib/python3.10/site-packages:${PYTHONPATH} /usr/bin/python3 setup.py develop --editable --build-directory /home/robotix/ros2_ws/src/build/robotix/build --no-deps install_data
