[6.698s] Invoking command in '/home/robotix/ros2_ws/build/robotix': PYTHONPATH=/home/robotix/ros2_ws/build/robotix/prefix_override:/home/robotix/ros2_ws/install/robotix/lib/python3.10/site-packages:${PYTHONPATH} /usr/bin/python3 setup.py develop --uninstall --editable --build-directory /home/robotix/ros2_ws/build/robotix/build
[8.286s] running develop
[9.195s] Removing /home/robotix/ros2_ws/install/robotix/lib/python3.10/site-packages/robotix.egg-link (link to .)
[9.457s] Invoked command in '/home/robotix/ros2_ws/build/robotix' returned '0': PYTHONPATH=/home/robotix/ros2_ws/build/robotix/prefix_override:/home/robotix/ros2_ws/install/robotix/lib/python3.10/site-packages:${PYTHONPATH} /usr/bin/python3 setup.py develop --uninstall --editable --build-directory /home/robotix/ros2_ws/build/robotix/build
[9.466s] Invoking command in '/home/robotix/ros2_ws/src/robotix': PYTHONPATH=/home/robotix/ros2_ws/build/robotix/prefix_override:/home/robotix/ros2_ws/install/robotix/lib/python3.10/site-packages:${PYTHONPATH} /usr/bin/python3 setup.py egg_info --egg-base ../../build/robotix build --build-base /home/robotix/ros2_ws/build/robotix/build install --record /home/robotix/ros2_ws/build/robotix/install.log --single-version-externally-managed
[11.027s] running egg_info
[11.037s] writing ../../build/robotix/robotix.egg-info/PKG-INFO
[11.038s] writing dependency_links to ../../build/robotix/robotix.egg-info/dependency_links.txt
[11.039s] writing entry points to ../../build/robotix/robotix.egg-info/entry_points.txt
[11.039s] writing requirements to ../../build/robotix/robotix.egg-info/requires.txt
[11.040s] writing top-level names to ../../build/robotix/robotix.egg-info/top_level.txt
[11.047s] reading manifest file '../../build/robotix/robotix.egg-info/SOURCES.txt'
[11.056s] writing manifest file '../../build/robotix/robotix.egg-info/SOURCES.txt'
[11.057s] running build
[11.058s] running build_py
[11.066s] running install
[11.069s] running install_lib
[11.073s] creating /home/robotix/ros2_ws/install/robotix/lib/python3.10/site-packages/robotix
[11.075s] copying /home/robotix/ros2_ws/build/robotix/build/lib/robotix/lidar.py -> /home/robotix/ros2_ws/install/robotix/lib/python3.10/site-packages/robotix
[11.075s] copying /home/robotix/ros2_ws/build/robotix/build/lib/robotix/motor.py -> /home/robotix/ros2_ws/install/robotix/lib/python3.10/site-packages/robotix
[11.077s] copying /home/robotix/ros2_ws/build/robotix/build/lib/robotix/controller.py -> /home/robotix/ros2_ws/install/robotix/lib/python3.10/site-packages/robotix
[11.078s] copying /home/robotix/ros2_ws/build/robotix/build/lib/robotix/laser.py -> /home/robotix/ros2_ws/install/robotix/lib/python3.10/site-packages/robotix
[11.080s] copying /home/robotix/ros2_ws/build/robotix/build/lib/robotix/motor_plateau.py -> /home/robotix/ros2_ws/install/robotix/lib/python3.10/site-packages/robotix
[11.082s] copying /home/robotix/ros2_ws/build/robotix/build/lib/robotix/jetson.py -> /home/robotix/ros2_ws/install/robotix/lib/python3.10/site-packages/robotix
[11.083s] copying /home/robotix/ros2_ws/build/robotix/build/lib/robotix/ctrl_nav.py -> /home/robotix/ros2_ws/install/robotix/lib/python3.10/site-packages/robotix
[11.085s] copying /home/robotix/ros2_ws/build/robotix/build/lib/robotix/codeuse.py -> /home/robotix/ros2_ws/install/robotix/lib/python3.10/site-packages/robotix
[11.086s] copying /home/robotix/ros2_ws/build/robotix/build/lib/robotix/ctrl_claw.py -> /home/robotix/ros2_ws/install/robotix/lib/python3.10/site-packages/robotix
[11.088s] copying /home/robotix/ros2_ws/build/robotix/build/lib/robotix/__init__.py -> /home/robotix/ros2_ws/install/robotix/lib/python3.10/site-packages/robotix
[11.090s] copying /home/robotix/ros2_ws/build/robotix/build/lib/robotix/motor_claw.py -> /home/robotix/ros2_ws/install/robotix/lib/python3.10/site-packages/robotix
[11.094s] byte-compiling /home/robotix/ros2_ws/install/robotix/lib/python3.10/site-packages/robotix/lidar.py to lidar.cpython-310.pyc
[11.095s] byte-compiling /home/robotix/ros2_ws/install/robotix/lib/python3.10/site-packages/robotix/motor.py to motor.cpython-310.pyc
[11.101s] byte-compiling /home/robotix/ros2_ws/install/robotix/lib/python3.10/site-packages/robotix/controller.py to controller.cpython-310.pyc
[11.107s] byte-compiling /home/robotix/ros2_ws/install/robotix/lib/python3.10/site-packages/robotix/laser.py to laser.cpython-310.pyc
[11.108s] byte-compiling /home/robotix/ros2_ws/install/robotix/lib/python3.10/site-packages/robotix/motor_plateau.py to motor_plateau.cpython-310.pyc
[11.111s] byte-compiling /home/robotix/ros2_ws/install/robotix/lib/python3.10/site-packages/robotix/jetson.py to jetson.cpython-310.pyc
[11.113s] byte-compiling /home/robotix/ros2_ws/install/robotix/lib/python3.10/site-packages/robotix/ctrl_nav.py to ctrl_nav.cpython-310.pyc
[11.117s] byte-compiling /home/robotix/ros2_ws/install/robotix/lib/python3.10/site-packages/robotix/codeuse.py to codeuse.cpython-310.pyc
[11.119s] byte-compiling /home/robotix/ros2_ws/install/robotix/lib/python3.10/site-packages/robotix/ctrl_claw.py to ctrl_claw.cpython-310.pyc
[11.122s] byte-compiling /home/robotix/ros2_ws/install/robotix/lib/python3.10/site-packages/robotix/__init__.py to __init__.cpython-310.pyc
[11.123s] byte-compiling /home/robotix/ros2_ws/install/robotix/lib/python3.10/site-packages/robotix/motor_claw.py to motor_claw.cpython-310.pyc
[11.127s] running install_data
[11.129s] running install_egg_info
[11.139s] Copying ../../build/robotix/robotix.egg-info to /home/robotix/ros2_ws/install/robotix/lib/python3.10/site-packages/robotix-0.0.0-py3.10.egg-info
[11.151s] running install_scripts
[11.261s] Installing codeuse script to /home/robotix/ros2_ws/install/robotix/lib/robotix
[11.262s] Installing controller script to /home/robotix/ros2_ws/install/robotix/lib/robotix
[11.263s] Installing ctrl_claw script to /home/robotix/ros2_ws/install/robotix/lib/robotix
[11.265s] Installing ctrl_nav script to /home/robotix/ros2_ws/install/robotix/lib/robotix
[11.267s] Installing jetson script to /home/robotix/ros2_ws/install/robotix/lib/robotix
[11.270s] Installing laser script to /home/robotix/ros2_ws/install/robotix/lib/robotix
[11.272s] Installing lidar script to /home/robotix/ros2_ws/install/robotix/lib/robotix
[11.276s] Installing motor script to /home/robotix/ros2_ws/install/robotix/lib/robotix
[11.277s] Installing motor_claw script to /home/robotix/ros2_ws/install/robotix/lib/robotix
[11.280s] Installing motor_plateau script to /home/robotix/ros2_ws/install/robotix/lib/robotix
[11.282s] writing list of installed files to '/home/robotix/ros2_ws/build/robotix/install.log'
[11.774s] Invoked command in '/home/robotix/ros2_ws/src/robotix' returned '0': PYTHONPATH=/home/robotix/ros2_ws/build/robotix/prefix_override:/home/robotix/ros2_ws/install/robotix/lib/python3.10/site-packages:${PYTHONPATH} /usr/bin/python3 setup.py egg_info --egg-base ../../build/robotix build --build-base /home/robotix/ros2_ws/build/robotix/build install --record /home/robotix/ros2_ws/build/robotix/install.log --single-version-externally-managed
