[6.339s] Invoking command in '/home/robotix/ros2_ws/build/tof_imager_ros': PYTHONPATH=/home/robotix/ros2_ws/build/tof_imager_ros/prefix_override:/home/robotix/ros2_ws/install/tof_imager_ros/lib/python3.10/site-packages:${PYTHONPATH} /usr/bin/python3 setup.py develop --editable --build-directory /home/robotix/ros2_ws/build/tof_imager_ros/build --no-deps install_data
[7.790s] running develop
[8.573s] running egg_info
[8.573s] writing tof_imager_ros.egg-info/PKG-INFO
[8.576s] writing dependency_links to tof_imager_ros.egg-info/dependency_links.txt
[8.579s] writing entry points to tof_imager_ros.egg-info/entry_points.txt
[8.579s] writing requirements to tof_imager_ros.egg-info/requires.txt
[8.580s] writing top-level names to tof_imager_ros.egg-info/top_level.txt
[8.589s] reading manifest file 'tof_imager_ros.egg-info/SOURCES.txt'
[8.597s] writing manifest file 'tof_imager_ros.egg-info/SOURCES.txt'
[8.606s] running build_ext
[8.607s] Creating /home/robotix/ros2_ws/install/tof_imager_ros/lib/python3.10/site-packages/tof-imager-ros.egg-link (link to .)
[8.612s] Installing tof_imager_node script to /home/robotix/ros2_ws/install/tof_imager_ros/lib/tof_imager_ros
[8.613s] Installing tof_imager_publisher script to /home/robotix/ros2_ws/install/tof_imager_ros/lib/tof_imager_ros
[8.616s] 
[8.616s] Installed /home/robotix/ros2_ws/build/tof_imager_ros
[8.617s] running install_data
[8.617s] copying resource/tof_imager_ros -> /home/robotix/ros2_ws/install/tof_imager_ros/share/ament_index/resource_index/packages
[8.618s] copying package.xml -> /home/robotix/ros2_ws/install/tof_imager_ros/share/tof_imager_ros
[8.619s] copying launch/tof_imager_launch.py -> /home/robotix/ros2_ws/install/tof_imager_ros/share/tof_imager_ros/launch
[8.622s] copying config/sensor_params.yaml -> /home/robotix/ros2_ws/install/tof_imager_ros/share/tof_imager_ros/config
[8.863s] Invoked command in '/home/robotix/ros2_ws/build/tof_imager_ros' returned '0': PYTHONPATH=/home/robotix/ros2_ws/build/tof_imager_ros/prefix_override:/home/robotix/ros2_ws/install/tof_imager_ros/lib/python3.10/site-packages:${PYTHONPATH} /usr/bin/python3 setup.py develop --editable --build-directory /home/robotix/ros2_ws/build/tof_imager_ros/build --no-deps install_data
