[6.376s] Invoking command in '/home/robotix/ros2_ws/build/robotix': PYTHONPATH=/home/robotix/ros2_ws/build/robotix/prefix_override:/home/robotix/ros2_ws/install/robotix/lib/python3.10/site-packages:${PYTHONPATH} /usr/bin/python3 setup.py develop --editable --build-directory /home/robotix/ros2_ws/build/robotix/build --no-deps install_data
[7.744s] running develop
[8.498s] running egg_info
[8.499s] writing robotix.egg-info/PKG-INFO
[8.500s] writing dependency_links to robotix.egg-info/dependency_links.txt
[8.501s] writing entry points to robotix.egg-info/entry_points.txt
[8.502s] writing requirements to robotix.egg-info/requires.txt
[8.503s] writing top-level names to robotix.egg-info/top_level.txt
[8.513s] reading manifest file 'robotix.egg-info/SOURCES.txt'
[8.517s] writing manifest file 'robotix.egg-info/SOURCES.txt'
[8.524s] running build_ext
[8.525s] Creating /home/robotix/ros2_ws/install/robotix/lib/python3.10/site-packages/robotix.egg-link (link to .)
[8.532s] Installing codeuse script to /home/robotix/ros2_ws/install/robotix/lib/robotix
[8.533s] Installing controller script to /home/robotix/ros2_ws/install/robotix/lib/robotix
[8.534s] Installing ctrl_claw script to /home/robotix/ros2_ws/install/robotix/lib/robotix
[8.535s] Installing ctrl_nav script to /home/robotix/ros2_ws/install/robotix/lib/robotix
[8.536s] Installing jetson script to /home/robotix/ros2_ws/install/robotix/lib/robotix
[8.537s] Installing laser script to /home/robotix/ros2_ws/install/robotix/lib/robotix
[8.539s] Installing lidar script to /home/robotix/ros2_ws/install/robotix/lib/robotix
[8.541s] Installing motor script to /home/robotix/ros2_ws/install/robotix/lib/robotix
[8.544s] Installing motor_claw script to /home/robotix/ros2_ws/install/robotix/lib/robotix
[8.545s] Installing motor_plateau script to /home/robotix/ros2_ws/install/robotix/lib/robotix
[8.546s] Installing serial_pince script to /home/robotix/ros2_ws/install/robotix/lib/robotix
[8.548s] 
[8.550s] Installed /home/robotix/ros2_ws/build/robotix
[8.552s] running install_data
[9.059s] Invoked command in '/home/robotix/ros2_ws/build/robotix' returned '0': PYTHONPATH=/home/robotix/ros2_ws/build/robotix/prefix_override:/home/robotix/ros2_ws/install/robotix/lib/python3.10/site-packages:${PYTHONPATH} /usr/bin/python3 setup.py develop --editable --build-directory /home/robotix/ros2_ws/build/robotix/build --no-deps install_data
