[1.777s] Invoking command in '/home/robotix/ros2_ws/build/ydlidar_ros2_driver': CMAKE_PREFIX_PATH=${CMAKE_PREFIX_PATH}:/home/robotix/ros2_ws/install/robotix:/opt/ros/humble /usr/bin/cmake --build /home/robotix/ros2_ws/build/ydlidar_ros2_driver -- -j4 -l4
[2.675s] [35m[1mConsolidate compiler generated dependencies of target ydlidar_ros2_driver_node[0m
[2.857s] [ 75%] Built target ydlidar_ros2_driver_node
[2.860s] [100%] Built target ydlidar_ros2_driver_client
[2.934s] Invoked command in '/home/robotix/ros2_ws/build/ydlidar_ros2_driver' returned '0': CMAKE_PREFIX_PATH=${CMAKE_PREFIX_PATH}:/home/robotix/ros2_ws/install/robotix:/opt/ros/humble /usr/bin/cmake --build /home/robotix/ros2_ws/build/ydlidar_ros2_driver -- -j4 -l4
[3.119s] Invoking command in '/home/robotix/ros2_ws/build/ydlidar_ros2_driver': CMAKE_PREFIX_PATH=${CMAKE_PREFIX_PATH}:/home/robotix/ros2_ws/install/robotix:/opt/ros/humble /usr/bin/cmake --install /home/robotix/ros2_ws/build/ydlidar_ros2_driver
[3.155s] -- Install configuration: ""
[3.160s] -- Execute custom install script
[3.165s] -- Up-to-date symlink: /home/robotix/ros2_ws/install/ydlidar_ros2_driver/lib/ydlidar_ros2_driver/ydlidar_ros2_driver_node
[3.167s] -- Up-to-date symlink: /home/robotix/ros2_ws/install/ydlidar_ros2_driver/lib/ydlidar_ros2_driver/ydlidar_ros2_driver_client
[3.180s] -- Up-to-date symlink: /home/robotix/ros2_ws/install/ydlidar_ros2_driver/share/ydlidar_ros2_driver/launch/.uuid
[3.184s] -- Up-to-date symlink: /home/robotix/ros2_ws/install/ydlidar_ros2_driver/share/ydlidar_ros2_driver/launch/ydlidar.py
[3.186s] -- Up-to-date symlink: /home/robotix/ros2_ws/install/ydlidar_ros2_driver/share/ydlidar_ros2_driver/launch/ydlidar_launch.py
[3.188s] -- Up-to-date symlink: /home/robotix/ros2_ws/install/ydlidar_ros2_driver/share/ydlidar_ros2_driver/launch/ydlidar_launch_view.py
[3.192s] -- Up-to-date symlink: /home/robotix/ros2_ws/install/ydlidar_ros2_driver/share/ydlidar_ros2_driver/params/.uuid
[3.195s] -- Up-to-date symlink: /home/robotix/ros2_ws/install/ydlidar_ros2_driver/share/ydlidar_ros2_driver/params/G1.yaml
[3.197s] -- Up-to-date symlink: /home/robotix/ros2_ws/install/ydlidar_ros2_driver/share/ydlidar_ros2_driver/params/G2.yaml
[3.199s] -- Up-to-date symlink: /home/robotix/ros2_ws/install/ydlidar_ros2_driver/share/ydlidar_ros2_driver/params/G6.yaml
[3.202s] -- Up-to-date symlink: /home/robotix/ros2_ws/install/ydlidar_ros2_driver/share/ydlidar_ros2_driver/params/GS2.yaml
[3.204s] -- Up-to-date symlink: /home/robotix/ros2_ws/install/ydlidar_ros2_driver/share/ydlidar_ros2_driver/params/TG.yaml
[3.205s] -- Up-to-date symlink: /home/robotix/ros2_ws/install/ydlidar_ros2_driver/share/ydlidar_ros2_driver/params/TminiPro.yaml
[3.208s] -- Up-to-date symlink: /home/robotix/ros2_ws/install/ydlidar_ros2_driver/share/ydlidar_ros2_driver/params/X2.yaml
[3.209s] -- Up-to-date symlink: /home/robotix/ros2_ws/install/ydlidar_ros2_driver/share/ydlidar_ros2_driver/params/X4-Pro.yaml
[3.211s] -- Up-to-date symlink: /home/robotix/ros2_ws/install/ydlidar_ros2_driver/share/ydlidar_ros2_driver/params/X4.yaml
[3.214s] -- Up-to-date symlink: /home/robotix/ros2_ws/install/ydlidar_ros2_driver/share/ydlidar_ros2_driver/params/ydlidar.yaml
[3.218s] -- Up-to-date symlink: /home/robotix/ros2_ws/install/ydlidar_ros2_driver/share/ydlidar_ros2_driver/startup/.uuid
[3.220s] -- Up-to-date symlink: /home/robotix/ros2_ws/install/ydlidar_ros2_driver/share/ydlidar_ros2_driver/startup/initenv.sh
[3.223s] -- Up-to-date symlink: /home/robotix/ros2_ws/install/ydlidar_ros2_driver/share/ydlidar_ros2_driver/config/.uuid
[3.226s] -- Up-to-date symlink: /home/robotix/ros2_ws/install/ydlidar_ros2_driver/share/ydlidar_ros2_driver/config/ydlidar.rviz
[3.234s] -- Up-to-date symlink: /home/robotix/ros2_ws/install/ydlidar_ros2_driver/share/ament_index/resource_index/package_run_dependencies/ydlidar_ros2_driver
[3.237s] -- Up-to-date symlink: /home/robotix/ros2_ws/install/ydlidar_ros2_driver/share/ament_index/resource_index/parent_prefix_path/ydlidar_ros2_driver
[3.240s] -- Up-to-date symlink: /home/robotix/ros2_ws/install/ydlidar_ros2_driver/share/ydlidar_ros2_driver/environment/ament_prefix_path.sh
[3.243s] -- Up-to-date symlink: /home/robotix/ros2_ws/install/ydlidar_ros2_driver/share/ydlidar_ros2_driver/environment/ament_prefix_path.dsv
[3.245s] -- Up-to-date symlink: /home/robotix/ros2_ws/install/ydlidar_ros2_driver/share/ydlidar_ros2_driver/environment/path.sh
[3.247s] -- Up-to-date symlink: /home/robotix/ros2_ws/install/ydlidar_ros2_driver/share/ydlidar_ros2_driver/environment/path.dsv
[3.250s] -- Up-to-date symlink: /home/robotix/ros2_ws/install/ydlidar_ros2_driver/share/ydlidar_ros2_driver/local_setup.bash
[3.252s] -- Up-to-date symlink: /home/robotix/ros2_ws/install/ydlidar_ros2_driver/share/ydlidar_ros2_driver/local_setup.sh
[3.255s] -- Up-to-date symlink: /home/robotix/ros2_ws/install/ydlidar_ros2_driver/share/ydlidar_ros2_driver/local_setup.zsh
[3.258s] -- Up-to-date symlink: /home/robotix/ros2_ws/install/ydlidar_ros2_driver/share/ydlidar_ros2_driver/local_setup.dsv
[3.259s] -- Symlinking: /home/robotix/ros2_ws/install/ydlidar_ros2_driver/share/ydlidar_ros2_driver/package.dsv
[3.304s] -- Up-to-date symlink: /home/robotix/ros2_ws/install/ydlidar_ros2_driver/share/ament_index/resource_index/packages/ydlidar_ros2_driver
[3.307s] -- Up-to-date symlink: /home/robotix/ros2_ws/install/ydlidar_ros2_driver/share/ydlidar_ros2_driver/cmake/ydlidar_ros2_driverConfig.cmake
[3.309s] -- Up-to-date symlink: /home/robotix/ros2_ws/install/ydlidar_ros2_driver/share/ydlidar_ros2_driver/cmake/ydlidar_ros2_driverConfig-version.cmake
[3.310s] -- Up-to-date symlink: /home/robotix/ros2_ws/install/ydlidar_ros2_driver/share/ydlidar_ros2_driver/package.xml
[3.319s] Invoked command in '/home/robotix/ros2_ws/build/ydlidar_ros2_driver' returned '0': CMAKE_PREFIX_PATH=${CMAKE_PREFIX_PATH}:/home/robotix/ros2_ws/install/robotix:/opt/ros/humble /usr/bin/cmake --install /home/robotix/ros2_ws/build/ydlidar_ros2_driver
