[35m[1mConsolidate compiler generated dependencies of target vl53l1x_node[0m
[ 33%] [32mBuilding CXX object CMakeFiles/vl53l1x_node.dir/src/vl53l1x_node.cpp.o[0m
[ 66%] [32m[1mLinking CXX executable vl53l1x_node[0m
[100%] Built target vl53l1x_node
-- Install configuration: ""
-- Execute custom install script
-- Up-to-date symlink: /home/robotix/ros2_ws/install/vl53l1x/lib/vl53l1x/vl53l1x_node
-- Up-to-date symlink: /home/robotix/ros2_ws/install/vl53l1x/share/ament_index/resource_index/package_run_dependencies/vl53l1x
-- Up-to-date symlink: /home/robotix/ros2_ws/install/vl53l1x/share/ament_index/resource_index/parent_prefix_path/vl53l1x
-- Up-to-date symlink: /home/robotix/ros2_ws/install/vl53l1x/share/vl53l1x/environment/ament_prefix_path.sh
-- Up-to-date symlink: /home/robotix/ros2_ws/install/vl53l1x/share/vl53l1x/environment/ament_prefix_path.dsv
-- Up-to-date symlink: /home/robotix/ros2_ws/install/vl53l1x/share/vl53l1x/environment/path.sh
-- Up-to-date symlink: /home/robotix/ros2_ws/install/vl53l1x/share/vl53l1x/environment/path.dsv
-- Up-to-date symlink: /home/robotix/ros2_ws/install/vl53l1x/share/vl53l1x/local_setup.bash
-- Up-to-date symlink: /home/robotix/ros2_ws/install/vl53l1x/share/vl53l1x/local_setup.sh
-- Up-to-date symlink: /home/robotix/ros2_ws/install/vl53l1x/share/vl53l1x/local_setup.zsh
-- Up-to-date symlink: /home/robotix/ros2_ws/install/vl53l1x/share/vl53l1x/local_setup.dsv
-- Symlinking: /home/robotix/ros2_ws/install/vl53l1x/share/vl53l1x/package.dsv
-- Up-to-date symlink: /home/robotix/ros2_ws/install/vl53l1x/share/ament_index/resource_index/packages/vl53l1x
-- Up-to-date symlink: /home/robotix/ros2_ws/install/vl53l1x/share/vl53l1x/cmake/vl53l1xConfig.cmake
-- Up-to-date symlink: /home/robotix/ros2_ws/install/vl53l1x/share/vl53l1x/cmake/vl53l1xConfig-version.cmake
-- Up-to-date symlink: /home/robotix/ros2_ws/install/vl53l1x/share/vl53l1x/package.xml
