[2.135s] Invoking command in '/home/robotix/ros2_ws/build/vl53l1x': CMAKE_PREFIX_PATH=${CMAKE_PREFIX_PATH}:/home/robotix/ros2_ws/src/install/robotix:/home/robotix/ros2_ws/install/robotix:/opt/ros/humble /usr/bin/cmake --build /home/robotix/ros2_ws/build/vl53l1x -- -j4 -l4
[2.369s] [35m[1mConsolidate compiler generated dependencies of target vl53l1x_node[0m
[2.509s] [ 33%] [32mBuilding CXX object CMakeFiles/vl53l1x_node.dir/src/vl53l1x_node.cpp.o[0m
[18.528s] [ 66%] [32m[1mLinking CXX executable vl53l1x_node[0m
[19.557s] [100%] Built target vl53l1x_node
[19.624s] Invoked command in '/home/robotix/ros2_ws/build/vl53l1x' returned '0': CMAKE_PREFIX_PATH=${CMAKE_PREFIX_PATH}:/home/robotix/ros2_ws/src/install/robotix:/home/robotix/ros2_ws/install/robotix:/opt/ros/humble /usr/bin/cmake --build /home/robotix/ros2_ws/build/vl53l1x -- -j4 -l4
[19.785s] Invoking command in '/home/robotix/ros2_ws/build/vl53l1x': CMAKE_PREFIX_PATH=${CMAKE_PREFIX_PATH}:/home/robotix/ros2_ws/src/install/robotix:/home/robotix/ros2_ws/install/robotix:/opt/ros/humble /usr/bin/cmake --install /home/robotix/ros2_ws/build/vl53l1x
[19.817s] -- Install configuration: ""
[19.820s] -- Execute custom install script
[19.822s] -- Up-to-date symlink: /home/robotix/ros2_ws/install/vl53l1x/lib/vl53l1x/vl53l1x_node
[19.824s] -- Up-to-date symlink: /home/robotix/ros2_ws/install/vl53l1x/share/ament_index/resource_index/package_run_dependencies/vl53l1x
[19.826s] -- Up-to-date symlink: /home/robotix/ros2_ws/install/vl53l1x/share/ament_index/resource_index/parent_prefix_path/vl53l1x
[19.828s] -- Up-to-date symlink: /home/robotix/ros2_ws/install/vl53l1x/share/vl53l1x/environment/ament_prefix_path.sh
[19.829s] -- Up-to-date symlink: /home/robotix/ros2_ws/install/vl53l1x/share/vl53l1x/environment/ament_prefix_path.dsv
[19.831s] -- Up-to-date symlink: /home/robotix/ros2_ws/install/vl53l1x/share/vl53l1x/environment/path.sh
[19.832s] -- Up-to-date symlink: /home/robotix/ros2_ws/install/vl53l1x/share/vl53l1x/environment/path.dsv
[19.834s] -- Up-to-date symlink: /home/robotix/ros2_ws/install/vl53l1x/share/vl53l1x/local_setup.bash
[19.835s] -- Up-to-date symlink: /home/robotix/ros2_ws/install/vl53l1x/share/vl53l1x/local_setup.sh
[19.836s] -- Up-to-date symlink: /home/robotix/ros2_ws/install/vl53l1x/share/vl53l1x/local_setup.zsh
[19.837s] -- Up-to-date symlink: /home/robotix/ros2_ws/install/vl53l1x/share/vl53l1x/local_setup.dsv
[19.837s] -- Symlinking: /home/robotix/ros2_ws/install/vl53l1x/share/vl53l1x/package.dsv
[19.875s] -- Up-to-date symlink: /home/robotix/ros2_ws/install/vl53l1x/share/ament_index/resource_index/packages/vl53l1x
[19.877s] -- Up-to-date symlink: /home/robotix/ros2_ws/install/vl53l1x/share/vl53l1x/cmake/vl53l1xConfig.cmake
[19.878s] -- Up-to-date symlink: /home/robotix/ros2_ws/install/vl53l1x/share/vl53l1x/cmake/vl53l1xConfig-version.cmake
[19.879s] -- Up-to-date symlink: /home/robotix/ros2_ws/install/vl53l1x/share/vl53l1x/package.xml
[19.887s] Invoked command in '/home/robotix/ros2_ws/build/vl53l1x' returned '0': CMAKE_PREFIX_PATH=${CMAKE_PREFIX_PATH}:/home/robotix/ros2_ws/src/install/robotix:/home/robotix/ros2_ws/install/robotix:/opt/ros/humble /usr/bin/cmake --install /home/robotix/ros2_ws/build/vl53l1x
