[4.149s] DEBUG:colcon:Command line arguments: ['/usr/bin/colcon', 'build', '--symlink-install']
[4.150s] DEBUG:colcon:Parsed command line arguments: Namespace(log_base=None, log_level=None, verb_name='build', build_base='build', install_base='install', merge_install=False, symlink_install=True, test_result_base=None, continue_on_error=False, executor='parallel', parallel_workers=4, event_handlers=None, ignore_user_meta=False, metas=['./colcon.meta'], base_paths=['.'], packages_ignore=None, packages_ignore_regex=None, paths=None, packages_up_to=None, packages_up_to_regex=None, packages_above=None, packages_above_and_dependencies=None, packages_above_depth=None, packages_select_by_dep=None, packages_skip_by_dep=None, packages_skip_up_to=None, packages_select_build_failed=False, packages_skip_build_finished=False, packages_select_test_failures=False, packages_skip_test_passed=False, packages_select=None, packages_skip=None, packages_select_regex=None, packages_skip_regex=None, packages_start=None, packages_end=None, allow_overriding=[], cmake_args=None, cmake_target=None, cmake_target_skip_unavailable=False, cmake_clean_cache=False, cmake_clean_first=False, cmake_force_configure=False, ament_cmake_args=None, catkin_cmake_args=None, catkin_skip_building_tests=False, verb_parser=<colcon_defaults.argument_parser.defaults.DefaultArgumentsDecorator object at 0xffff9622f4c0>, verb_extension=<colcon_core.verb.build.BuildVerb object at 0xffff96517310>, main=<bound method BuildVerb.main of <colcon_core.verb.build.BuildVerb object at 0xffff96517310>>)
[4.346s] Level 1:colcon.colcon_core.package_discovery:discover_packages(colcon_meta) check parameters
[4.347s] Level 1:colcon.colcon_core.package_discovery:discover_packages(recursive) check parameters
[4.347s] Level 1:colcon.colcon_core.package_discovery:discover_packages(ignore) check parameters
[4.347s] Level 1:colcon.colcon_core.package_discovery:discover_packages(path) check parameters
[4.347s] Level 1:colcon.colcon_core.package_discovery:discover_packages(colcon_meta) discover
[4.347s] Level 1:colcon.colcon_core.package_discovery:discover_packages(recursive) discover
[4.348s] INFO:colcon.colcon_core.package_discovery:Crawling recursively for packages in '/home/robotix/ros2_ws/src'
[4.348s] Level 1:colcon.colcon_core.package_identification:_identify(.) by extensions ['ignore', 'ignore_ament_install']
[4.349s] Level 1:colcon.colcon_core.package_identification:_identify(.) by extension 'ignore'
[4.349s] Level 1:colcon.colcon_core.package_identification:_identify(.) by extension 'ignore_ament_install'
[4.349s] Level 1:colcon.colcon_core.package_identification:_identify(.) by extensions ['colcon_pkg']
[4.349s] Level 1:colcon.colcon_core.package_identification:_identify(.) by extension 'colcon_pkg'
[4.349s] Level 1:colcon.colcon_core.package_identification:_identify(.) by extensions ['colcon_meta']
[4.349s] Level 1:colcon.colcon_core.package_identification:_identify(.) by extension 'colcon_meta'
[4.350s] Level 1:colcon.colcon_core.package_identification:_identify(.) by extensions ['ros']
[4.350s] Level 1:colcon.colcon_core.package_identification:_identify(.) by extension 'ros'
[4.403s] Level 1:colcon.colcon_core.package_identification:_identify(.) by extensions ['cmake', 'python']
[4.403s] Level 1:colcon.colcon_core.package_identification:_identify(.) by extension 'cmake'
[4.403s] Level 1:colcon.colcon_core.package_identification:_identify(.) by extension 'python'
[4.403s] Level 1:colcon.colcon_core.package_identification:_identify(.) by extensions ['python_setup_py']
[4.403s] Level 1:colcon.colcon_core.package_identification:_identify(.) by extension 'python_setup_py'
[4.404s] Level 1:colcon.colcon_core.package_identification:_identify(build) by extensions ['ignore', 'ignore_ament_install']
[4.404s] Level 1:colcon.colcon_core.package_identification:_identify(build) by extension 'ignore'
[4.405s] Level 1:colcon.colcon_core.package_identification:_identify(build) ignored
[4.405s] Level 1:colcon.colcon_core.package_identification:_identify(install) by extensions ['ignore', 'ignore_ament_install']
[4.406s] Level 1:colcon.colcon_core.package_identification:_identify(install) by extension 'ignore'
[4.406s] Level 1:colcon.colcon_core.package_identification:_identify(install) ignored
[4.407s] Level 1:colcon.colcon_core.package_identification:_identify(log) by extensions ['ignore', 'ignore_ament_install']
[4.408s] Level 1:colcon.colcon_core.package_identification:_identify(log) by extension 'ignore'
[4.408s] Level 1:colcon.colcon_core.package_identification:_identify(log) ignored
[4.408s] Level 1:colcon.colcon_core.package_identification:_identify(robotix) by extensions ['ignore', 'ignore_ament_install']
[4.409s] Level 1:colcon.colcon_core.package_identification:_identify(robotix) by extension 'ignore'
[4.409s] Level 1:colcon.colcon_core.package_identification:_identify(robotix) by extension 'ignore_ament_install'
[4.409s] Level 1:colcon.colcon_core.package_identification:_identify(robotix) by extensions ['colcon_pkg']
[4.409s] Level 1:colcon.colcon_core.package_identification:_identify(robotix) by extension 'colcon_pkg'
[4.409s] Level 1:colcon.colcon_core.package_identification:_identify(robotix) by extensions ['colcon_meta']
[4.410s] Level 1:colcon.colcon_core.package_identification:_identify(robotix) by extension 'colcon_meta'
[4.410s] Level 1:colcon.colcon_core.package_identification:_identify(robotix) by extensions ['ros']
[4.410s] Level 1:colcon.colcon_core.package_identification:_identify(robotix) by extension 'ros'
[4.422s] DEBUG:colcon.colcon_core.package_identification:Package 'robotix' with type 'ros.ament_python' and name 'robotix'
[4.422s] Level 1:colcon.colcon_core.package_identification:_identify(tof_imager_ros) by extensions ['ignore', 'ignore_ament_install']
[4.423s] Level 1:colcon.colcon_core.package_identification:_identify(tof_imager_ros) by extension 'ignore'
[4.423s] Level 1:colcon.colcon_core.package_identification:_identify(tof_imager_ros) by extension 'ignore_ament_install'
[4.423s] Level 1:colcon.colcon_core.package_identification:_identify(tof_imager_ros) by extensions ['colcon_pkg']
[4.423s] Level 1:colcon.colcon_core.package_identification:_identify(tof_imager_ros) by extension 'colcon_pkg'
[4.423s] Level 1:colcon.colcon_core.package_identification:_identify(tof_imager_ros) by extensions ['colcon_meta']
[4.424s] Level 1:colcon.colcon_core.package_identification:_identify(tof_imager_ros) by extension 'colcon_meta'
[4.424s] Level 1:colcon.colcon_core.package_identification:_identify(tof_imager_ros) by extensions ['ros']
[4.424s] Level 1:colcon.colcon_core.package_identification:_identify(tof_imager_ros) by extension 'ros'
[4.427s] DEBUG:colcon.colcon_core.package_identification:Package 'tof_imager_ros' with type 'ros.ament_python' and name 'tof_imager_ros'
[4.428s] Level 1:colcon.colcon_core.package_identification:_identify(ydlidar_ros2_driver) by extensions ['ignore', 'ignore_ament_install']
[4.428s] Level 1:colcon.colcon_core.package_identification:_identify(ydlidar_ros2_driver) by extension 'ignore'
[4.428s] Level 1:colcon.colcon_core.package_identification:_identify(ydlidar_ros2_driver) by extension 'ignore_ament_install'
[4.429s] Level 1:colcon.colcon_core.package_identification:_identify(ydlidar_ros2_driver) by extensions ['colcon_pkg']
[4.429s] Level 1:colcon.colcon_core.package_identification:_identify(ydlidar_ros2_driver) by extension 'colcon_pkg'
[4.429s] Level 1:colcon.colcon_core.package_identification:_identify(ydlidar_ros2_driver) by extensions ['colcon_meta']
[4.429s] Level 1:colcon.colcon_core.package_identification:_identify(ydlidar_ros2_driver) by extension 'colcon_meta'
[4.429s] Level 1:colcon.colcon_core.package_identification:_identify(ydlidar_ros2_driver) by extensions ['ros']
[4.429s] Level 1:colcon.colcon_core.package_identification:_identify(ydlidar_ros2_driver) by extension 'ros'
[4.432s] DEBUG:colcon.colcon_core.package_identification:Package 'ydlidar_ros2_driver' with type 'ros.ament_cmake' and name 'ydlidar_ros2_driver'
[4.432s] Level 1:colcon.colcon_core.package_discovery:discover_packages(recursive) using defaults
[4.432s] Level 1:colcon.colcon_core.package_discovery:discover_packages(ignore) discover
[4.433s] Level 1:colcon.colcon_core.package_discovery:discover_packages(ignore) using defaults
[4.433s] Level 1:colcon.colcon_core.package_discovery:discover_packages(path) discover
[4.433s] Level 1:colcon.colcon_core.package_discovery:discover_packages(path) using defaults
[4.802s] Level 1:colcon.colcon_core.package_discovery:discover_packages(prefix_path) check parameters
[4.803s] Level 1:colcon.colcon_core.package_discovery:discover_packages(prefix_path) discover
[4.924s] DEBUG:colcon.colcon_installed_package_information.package_discovery:Found 3 installed packages in /home/robotix/ros2_ws/install
[4.982s] DEBUG:colcon.colcon_installed_package_information.package_discovery:Found 4 installed packages in /home/robotix/ros2_ws/src/install
[5.048s] DEBUG:colcon.colcon_installed_package_information.package_discovery:Found 180 installed packages in /opt/ros/humble
[5.052s] Level 1:colcon.colcon_core.package_discovery:discover_packages(prefix_path) using defaults
[5.356s] Level 5:colcon.colcon_core.verb:set package 'robotix' build argument 'cmake_args' from command line to 'None'
[5.356s] Level 5:colcon.colcon_core.verb:set package 'robotix' build argument 'cmake_target' from command line to 'None'
[5.356s] Level 5:colcon.colcon_core.verb:set package 'robotix' build argument 'cmake_target_skip_unavailable' from command line to 'False'
[5.357s] Level 5:colcon.colcon_core.verb:set package 'robotix' build argument 'cmake_clean_cache' from command line to 'False'
[5.357s] Level 5:colcon.colcon_core.verb:set package 'robotix' build argument 'cmake_clean_first' from command line to 'False'
[5.357s] Level 5:colcon.colcon_core.verb:set package 'robotix' build argument 'cmake_force_configure' from command line to 'False'
[5.357s] Level 5:colcon.colcon_core.verb:set package 'robotix' build argument 'ament_cmake_args' from command line to 'None'
[5.357s] Level 5:colcon.colcon_core.verb:set package 'robotix' build argument 'catkin_cmake_args' from command line to 'None'
[5.357s] Level 5:colcon.colcon_core.verb:set package 'robotix' build argument 'catkin_skip_building_tests' from command line to 'False'
[5.357s] DEBUG:colcon.colcon_core.verb:Building package 'robotix' with the following arguments: {'ament_cmake_args': None, 'build_base': '/home/robotix/ros2_ws/src/build/robotix', 'catkin_cmake_args': None, 'catkin_skip_building_tests': False, 'cmake_args': None, 'cmake_clean_cache': False, 'cmake_clean_first': False, 'cmake_force_configure': False, 'cmake_target': None, 'cmake_target_skip_unavailable': False, 'install_base': '/home/robotix/ros2_ws/src/install/robotix', 'merge_install': False, 'path': '/home/robotix/ros2_ws/src/robotix', 'symlink_install': True, 'test_result_base': None}
[5.414s] Level 5:colcon.colcon_core.verb:set package 'tof_imager_ros' build argument 'cmake_args' from command line to 'None'
[5.415s] Level 5:colcon.colcon_core.verb:set package 'tof_imager_ros' build argument 'cmake_target' from command line to 'None'
[5.415s] Level 5:colcon.colcon_core.verb:set package 'tof_imager_ros' build argument 'cmake_target_skip_unavailable' from command line to 'False'
[5.415s] Level 5:colcon.colcon_core.verb:set package 'tof_imager_ros' build argument 'cmake_clean_cache' from command line to 'False'
[5.415s] Level 5:colcon.colcon_core.verb:set package 'tof_imager_ros' build argument 'cmake_clean_first' from command line to 'False'
[5.415s] Level 5:colcon.colcon_core.verb:set package 'tof_imager_ros' build argument 'cmake_force_configure' from command line to 'False'
[5.415s] Level 5:colcon.colcon_core.verb:set package 'tof_imager_ros' build argument 'ament_cmake_args' from command line to 'None'
[5.415s] Level 5:colcon.colcon_core.verb:set package 'tof_imager_ros' build argument 'catkin_cmake_args' from command line to 'None'
[5.415s] Level 5:colcon.colcon_core.verb:set package 'tof_imager_ros' build argument 'catkin_skip_building_tests' from command line to 'False'
[5.416s] DEBUG:colcon.colcon_core.verb:Building package 'tof_imager_ros' with the following arguments: {'ament_cmake_args': None, 'build_base': '/home/robotix/ros2_ws/src/build/tof_imager_ros', 'catkin_cmake_args': None, 'catkin_skip_building_tests': False, 'cmake_args': None, 'cmake_clean_cache': False, 'cmake_clean_first': False, 'cmake_force_configure': False, 'cmake_target': None, 'cmake_target_skip_unavailable': False, 'install_base': '/home/robotix/ros2_ws/src/install/tof_imager_ros', 'merge_install': False, 'path': '/home/robotix/ros2_ws/src/tof_imager_ros', 'symlink_install': True, 'test_result_base': None}
[5.473s] Level 5:colcon.colcon_core.verb:set package 'ydlidar_ros2_driver' build argument 'cmake_args' from command line to 'None'
[5.473s] Level 5:colcon.colcon_core.verb:set package 'ydlidar_ros2_driver' build argument 'cmake_target' from command line to 'None'
[5.473s] Level 5:colcon.colcon_core.verb:set package 'ydlidar_ros2_driver' build argument 'cmake_target_skip_unavailable' from command line to 'False'
[5.473s] Level 5:colcon.colcon_core.verb:set package 'ydlidar_ros2_driver' build argument 'cmake_clean_cache' from command line to 'False'
[5.473s] Level 5:colcon.colcon_core.verb:set package 'ydlidar_ros2_driver' build argument 'cmake_clean_first' from command line to 'False'
[5.474s] Level 5:colcon.colcon_core.verb:set package 'ydlidar_ros2_driver' build argument 'cmake_force_configure' from command line to 'False'
[5.474s] Level 5:colcon.colcon_core.verb:set package 'ydlidar_ros2_driver' build argument 'ament_cmake_args' from command line to 'None'
[5.474s] Level 5:colcon.colcon_core.verb:set package 'ydlidar_ros2_driver' build argument 'catkin_cmake_args' from command line to 'None'
[5.474s] Level 5:colcon.colcon_core.verb:set package 'ydlidar_ros2_driver' build argument 'catkin_skip_building_tests' from command line to 'False'
[5.474s] DEBUG:colcon.colcon_core.verb:Building package 'ydlidar_ros2_driver' with the following arguments: {'ament_cmake_args': None, 'build_base': '/home/robotix/ros2_ws/src/build/ydlidar_ros2_driver', 'catkin_cmake_args': None, 'catkin_skip_building_tests': False, 'cmake_args': None, 'cmake_clean_cache': False, 'cmake_clean_first': False, 'cmake_force_configure': False, 'cmake_target': None, 'cmake_target_skip_unavailable': False, 'install_base': '/home/robotix/ros2_ws/src/install/ydlidar_ros2_driver', 'merge_install': False, 'path': '/home/robotix/ros2_ws/src/ydlidar_ros2_driver', 'symlink_install': True, 'test_result_base': None}
[5.530s] INFO:colcon.colcon_core.executor:Executing jobs using 'parallel' executor
[5.589s] DEBUG:colcon.colcon_parallel_executor.executor.parallel:run_until_complete
[5.589s] INFO:colcon.colcon_ros.task.ament_python.build:Building ROS package in '/home/robotix/ros2_ws/src/robotix' with build type 'ament_python'
[5.590s] Level 1:colcon.colcon_core.shell:create_environment_hook('robotix', 'ament_prefix_path')
[5.672s] INFO:colcon.colcon_core.plugin_system:Skipping extension 'colcon_core.shell.bat': Not used on non-Windows systems
[5.673s] INFO:colcon.colcon_core.shell:Creating environment hook '/home/robotix/ros2_ws/src/install/robotix/share/robotix/hook/ament_prefix_path.ps1'
[5.677s] INFO:colcon.colcon_core.shell:Creating environment descriptor '/home/robotix/ros2_ws/src/install/robotix/share/robotix/hook/ament_prefix_path.dsv'
[5.680s] INFO:colcon.colcon_core.shell:Creating environment hook '/home/robotix/ros2_ws/src/install/robotix/share/robotix/hook/ament_prefix_path.sh'
[5.743s] INFO:colcon.colcon_core.shell:Skip shell extension 'powershell' for command environment: Not usable outside of PowerShell
[5.744s] DEBUG:colcon.colcon_core.shell:Skip shell extension 'dsv' for command environment
[5.996s] INFO:colcon.colcon_ros.task.ament_python.build:Building ROS package in '/home/robotix/ros2_ws/src/tof_imager_ros' with build type 'ament_python'
[5.997s] Level 1:colcon.colcon_core.shell:create_environment_hook('tof_imager_ros', 'ament_prefix_path')
[6.059s] INFO:colcon.colcon_core.shell:Creating environment hook '/home/robotix/ros2_ws/src/install/tof_imager_ros/share/tof_imager_ros/hook/ament_prefix_path.ps1'
[6.061s] INFO:colcon.colcon_core.shell:Creating environment descriptor '/home/robotix/ros2_ws/src/install/tof_imager_ros/share/tof_imager_ros/hook/ament_prefix_path.dsv'
[6.063s] INFO:colcon.colcon_core.shell:Creating environment hook '/home/robotix/ros2_ws/src/install/tof_imager_ros/share/tof_imager_ros/hook/ament_prefix_path.sh'
[6.123s] INFO:colcon.colcon_core.shell:Skip shell extension 'powershell' for command environment: Not usable outside of PowerShell
[6.123s] DEBUG:colcon.colcon_core.shell:Skip shell extension 'dsv' for command environment
[6.370s] INFO:colcon.colcon_ros.task.ament_cmake.build:Building ROS package in '/home/robotix/ros2_ws/src/ydlidar_ros2_driver' with build type 'ament_cmake'
[6.370s] INFO:colcon.colcon_cmake.task.cmake.build:Building CMake package in '/home/robotix/ros2_ws/src/ydlidar_ros2_driver'
[6.431s] INFO:colcon.colcon_core.shell:Skip shell extension 'powershell' for command environment: Not usable outside of PowerShell
[6.432s] DEBUG:colcon.colcon_core.shell:Skip shell extension 'dsv' for command environment
[7.933s] INFO:colcon.colcon_core.task.python.build:Building Python package in '/home/robotix/ros2_ws/src/robotix'
[7.993s] INFO:colcon.colcon_core.shell:Skip shell extension 'powershell' for command environment: Not usable outside of PowerShell
[7.993s] DEBUG:colcon.colcon_core.shell:Skip shell extension 'dsv' for command environment
[9.477s] INFO:colcon.colcon_core.task.python.build:Building Python package in '/home/robotix/ros2_ws/src/tof_imager_ros'
[9.538s] INFO:colcon.colcon_core.shell:Skip shell extension 'powershell' for command environment: Not usable outside of PowerShell
[9.538s] DEBUG:colcon.colcon_core.shell:Skip shell extension 'dsv' for command environment
[9.807s] DEBUG:colcon.colcon_core.event_handler.log_command:Invoking command in '/home/robotix/ros2_ws/src/build/ydlidar_ros2_driver': CMAKE_PREFIX_PATH=${CMAKE_PREFIX_PATH}:/home/robotix/ros2_ws/install/tof_imager_ros:/home/robotix/ros2_ws/install/robotix:/home/robotix/ros2_ws/src/install/tof_imager_ros:/home/robotix/ros2_ws/src/install/robotix:/opt/ros/humble /usr/bin/cmake --build /home/robotix/ros2_ws/src/build/ydlidar_ros2_driver -- -j4 -l4
[10.664s] DEBUG:colcon.colcon_core.event_handler.log_command:Invoked command in '/home/robotix/ros2_ws/src/build/ydlidar_ros2_driver' returned '0': CMAKE_PREFIX_PATH=${CMAKE_PREFIX_PATH}:/home/robotix/ros2_ws/install/tof_imager_ros:/home/robotix/ros2_ws/install/robotix:/home/robotix/ros2_ws/src/install/tof_imager_ros:/home/robotix/ros2_ws/src/install/robotix:/opt/ros/humble /usr/bin/cmake --build /home/robotix/ros2_ws/src/build/ydlidar_ros2_driver -- -j4 -l4
[10.859s] DEBUG:colcon.colcon_core.event_handler.log_command:Invoking command in '/home/robotix/ros2_ws/src/build/ydlidar_ros2_driver': CMAKE_PREFIX_PATH=${CMAKE_PREFIX_PATH}:/home/robotix/ros2_ws/install/tof_imager_ros:/home/robotix/ros2_ws/install/robotix:/home/robotix/ros2_ws/src/install/tof_imager_ros:/home/robotix/ros2_ws/src/install/robotix:/opt/ros/humble /usr/bin/cmake --install /home/robotix/ros2_ws/src/build/ydlidar_ros2_driver
[11.027s] Level 1:colcon.colcon_core.environment:create_environment_scripts_only(ydlidar_ros2_driver)
[11.029s] DEBUG:colcon.colcon_core.event_handler.log_command:Invoked command in '/home/robotix/ros2_ws/src/build/ydlidar_ros2_driver' returned '0': CMAKE_PREFIX_PATH=${CMAKE_PREFIX_PATH}:/home/robotix/ros2_ws/install/tof_imager_ros:/home/robotix/ros2_ws/install/robotix:/home/robotix/ros2_ws/src/install/tof_imager_ros:/home/robotix/ros2_ws/src/install/robotix:/opt/ros/humble /usr/bin/cmake --install /home/robotix/ros2_ws/src/build/ydlidar_ros2_driver
[11.152s] Level 1:colcon.colcon_core.environment:checking '/home/robotix/ros2_ws/src/install/ydlidar_ros2_driver' for CMake module files
[11.156s] Level 1:colcon.colcon_core.environment:checking '/home/robotix/ros2_ws/src/install/ydlidar_ros2_driver' for CMake config files
[11.160s] Level 1:colcon.colcon_core.shell:create_environment_hook('ydlidar_ros2_driver', 'cmake_prefix_path')
[11.248s] INFO:colcon.colcon_core.shell:Creating environment hook '/home/robotix/ros2_ws/src/install/ydlidar_ros2_driver/share/ydlidar_ros2_driver/hook/cmake_prefix_path.ps1'
[11.251s] INFO:colcon.colcon_core.shell:Creating environment descriptor '/home/robotix/ros2_ws/src/install/ydlidar_ros2_driver/share/ydlidar_ros2_driver/hook/cmake_prefix_path.dsv'
[11.253s] INFO:colcon.colcon_core.shell:Creating environment hook '/home/robotix/ros2_ws/src/install/ydlidar_ros2_driver/share/ydlidar_ros2_driver/hook/cmake_prefix_path.sh'
[11.257s] Level 1:colcon.colcon_core.environment:checking '/home/robotix/ros2_ws/src/install/ydlidar_ros2_driver/lib'
[11.259s] Level 1:colcon.colcon_core.environment:checking '/home/robotix/ros2_ws/src/install/ydlidar_ros2_driver/bin'
[11.259s] Level 1:colcon.colcon_core.environment:checking '/home/robotix/ros2_ws/src/install/ydlidar_ros2_driver/lib/pkgconfig/ydlidar_ros2_driver.pc'
[11.260s] Level 1:colcon.colcon_core.environment:checking '/home/robotix/ros2_ws/src/install/ydlidar_ros2_driver/lib/python3.10/site-packages'
[11.262s] Level 1:colcon.colcon_core.environment:checking '/home/robotix/ros2_ws/src/install/ydlidar_ros2_driver/bin'
[11.354s] INFO:colcon.colcon_core.shell:Creating package script '/home/robotix/ros2_ws/src/install/ydlidar_ros2_driver/share/ydlidar_ros2_driver/package.ps1'
[11.359s] INFO:colcon.colcon_core.shell:Creating package descriptor '/home/robotix/ros2_ws/src/install/ydlidar_ros2_driver/share/ydlidar_ros2_driver/package.dsv'
[11.363s] INFO:colcon.colcon_core.shell:Creating package script '/home/robotix/ros2_ws/src/install/ydlidar_ros2_driver/share/ydlidar_ros2_driver/package.sh'
[11.368s] INFO:colcon.colcon_core.shell:Creating package script '/home/robotix/ros2_ws/src/install/ydlidar_ros2_driver/share/ydlidar_ros2_driver/package.bash'
[11.375s] INFO:colcon.colcon_core.shell:Creating package script '/home/robotix/ros2_ws/src/install/ydlidar_ros2_driver/share/ydlidar_ros2_driver/package.zsh'
[11.381s] Level 1:colcon.colcon_core.environment:create_file_with_runtime_dependencies(/home/robotix/ros2_ws/src/install/ydlidar_ros2_driver/share/colcon-core/packages/ydlidar_ros2_driver)
[11.634s] Level 1:colcon.colcon_core.environment:create_environment_scripts_only(ydlidar_ros2_driver)
[11.708s] Level 1:colcon.colcon_core.environment:checking '/home/robotix/ros2_ws/src/install/ydlidar_ros2_driver' for CMake module files
[11.711s] Level 1:colcon.colcon_core.environment:checking '/home/robotix/ros2_ws/src/install/ydlidar_ros2_driver' for CMake config files
[11.714s] Level 1:colcon.colcon_core.shell:create_environment_hook('ydlidar_ros2_driver', 'cmake_prefix_path')
[11.788s] INFO:colcon.colcon_core.shell:Creating environment hook '/home/robotix/ros2_ws/src/install/ydlidar_ros2_driver/share/ydlidar_ros2_driver/hook/cmake_prefix_path.ps1'
[11.790s] INFO:colcon.colcon_core.shell:Creating environment descriptor '/home/robotix/ros2_ws/src/install/ydlidar_ros2_driver/share/ydlidar_ros2_driver/hook/cmake_prefix_path.dsv'
[11.792s] INFO:colcon.colcon_core.shell:Creating environment hook '/home/robotix/ros2_ws/src/install/ydlidar_ros2_driver/share/ydlidar_ros2_driver/hook/cmake_prefix_path.sh'
[11.795s] Level 1:colcon.colcon_core.environment:checking '/home/robotix/ros2_ws/src/install/ydlidar_ros2_driver/lib'
[11.795s] Level 1:colcon.colcon_core.environment:checking '/home/robotix/ros2_ws/src/install/ydlidar_ros2_driver/bin'
[11.796s] Level 1:colcon.colcon_core.environment:checking '/home/robotix/ros2_ws/src/install/ydlidar_ros2_driver/lib/pkgconfig/ydlidar_ros2_driver.pc'
[11.797s] Level 1:colcon.colcon_core.environment:checking '/home/robotix/ros2_ws/src/install/ydlidar_ros2_driver/lib/python3.10/site-packages'
[11.798s] Level 1:colcon.colcon_core.environment:checking '/home/robotix/ros2_ws/src/install/ydlidar_ros2_driver/bin'
[11.873s] INFO:colcon.colcon_core.shell:Creating package script '/home/robotix/ros2_ws/src/install/ydlidar_ros2_driver/share/ydlidar_ros2_driver/package.ps1'
[11.876s] INFO:colcon.colcon_core.shell:Creating package descriptor '/home/robotix/ros2_ws/src/install/ydlidar_ros2_driver/share/ydlidar_ros2_driver/package.dsv'
[11.878s] INFO:colcon.colcon_core.shell:Creating package script '/home/robotix/ros2_ws/src/install/ydlidar_ros2_driver/share/ydlidar_ros2_driver/package.sh'
[11.881s] INFO:colcon.colcon_core.shell:Creating package script '/home/robotix/ros2_ws/src/install/ydlidar_ros2_driver/share/ydlidar_ros2_driver/package.bash'
[11.883s] INFO:colcon.colcon_core.shell:Creating package script '/home/robotix/ros2_ws/src/install/ydlidar_ros2_driver/share/ydlidar_ros2_driver/package.zsh'
[11.885s] Level 1:colcon.colcon_core.environment:create_file_with_runtime_dependencies(/home/robotix/ros2_ws/src/install/ydlidar_ros2_driver/share/colcon-core/packages/ydlidar_ros2_driver)
[12.498s] DEBUG:colcon.colcon_core.event_handler.log_command:Invoking command in '/home/robotix/ros2_ws/src/build/robotix': PYTHONPATH=/home/robotix/ros2_ws/src/build/robotix/prefix_override:/home/robotix/ros2_ws/src/install/robotix/lib/python3.10/site-packages:${PYTHONPATH} /usr/bin/python3 setup.py develop --editable --build-directory /home/robotix/ros2_ws/src/build/robotix/build --no-deps install_data
[12.517s] DEBUG:colcon.colcon_core.event_handler.log_command:Invoking command in '/home/robotix/ros2_ws/src/build/tof_imager_ros': PYTHONPATH=/home/robotix/ros2_ws/src/build/tof_imager_ros/prefix_override:/home/robotix/ros2_ws/src/install/tof_imager_ros/lib/python3.10/site-packages:${PYTHONPATH} /usr/bin/python3 setup.py develop --editable --build-directory /home/robotix/ros2_ws/src/build/tof_imager_ros/build --no-deps install_data
[14.904s] Level 1:colcon.colcon_core.shell:create_environment_hook('tof_imager_ros', 'pythonpath_develop')
[14.907s] DEBUG:colcon.colcon_core.event_handler.log_command:Invoked command in '/home/robotix/ros2_ws/src/build/tof_imager_ros' returned '0': PYTHONPATH=/home/robotix/ros2_ws/src/build/tof_imager_ros/prefix_override:/home/robotix/ros2_ws/src/install/tof_imager_ros/lib/python3.10/site-packages:${PYTHONPATH} /usr/bin/python3 setup.py develop --editable --build-directory /home/robotix/ros2_ws/src/build/tof_imager_ros/build --no-deps install_data
[14.967s] INFO:colcon.colcon_core.shell:Creating environment hook '/home/robotix/ros2_ws/src/build/tof_imager_ros/share/tof_imager_ros/hook/pythonpath_develop.ps1'
[14.970s] INFO:colcon.colcon_core.shell:Creating environment descriptor '/home/robotix/ros2_ws/src/build/tof_imager_ros/share/tof_imager_ros/hook/pythonpath_develop.dsv'
[14.971s] INFO:colcon.colcon_core.shell:Creating environment hook '/home/robotix/ros2_ws/src/build/tof_imager_ros/share/tof_imager_ros/hook/pythonpath_develop.sh'
[15.069s] Level 1:colcon.colcon_core.environment:checking '/home/robotix/ros2_ws/src/install/tof_imager_ros' for CMake module files
[15.072s] Level 1:colcon.colcon_core.environment:checking '/home/robotix/ros2_ws/src/install/tof_imager_ros' for CMake config files
[15.077s] Level 1:colcon.colcon_core.environment:checking '/home/robotix/ros2_ws/src/install/tof_imager_ros/lib'
[15.077s] Level 1:colcon.colcon_core.environment:checking '/home/robotix/ros2_ws/src/install/tof_imager_ros/bin'
[15.078s] Level 1:colcon.colcon_core.environment:checking '/home/robotix/ros2_ws/src/install/tof_imager_ros/lib/pkgconfig/tof_imager_ros.pc'
[15.079s] Level 1:colcon.colcon_core.environment:checking '/home/robotix/ros2_ws/src/install/tof_imager_ros/lib/python3.10/site-packages'
[15.079s] Level 1:colcon.colcon_core.shell:create_environment_hook('tof_imager_ros', 'pythonpath')
[15.138s] INFO:colcon.colcon_core.shell:Creating environment hook '/home/robotix/ros2_ws/src/install/tof_imager_ros/share/tof_imager_ros/hook/pythonpath.ps1'
[15.141s] INFO:colcon.colcon_core.shell:Creating environment descriptor '/home/robotix/ros2_ws/src/install/tof_imager_ros/share/tof_imager_ros/hook/pythonpath.dsv'
[15.142s] INFO:colcon.colcon_core.shell:Creating environment hook '/home/robotix/ros2_ws/src/install/tof_imager_ros/share/tof_imager_ros/hook/pythonpath.sh'
[15.145s] Level 1:colcon.colcon_core.environment:checking '/home/robotix/ros2_ws/src/install/tof_imager_ros/bin'
[15.145s] Level 1:colcon.colcon_core.environment:create_environment_scripts_only(tof_imager_ros)
[15.204s] INFO:colcon.colcon_core.shell:Creating package script '/home/robotix/ros2_ws/src/install/tof_imager_ros/share/tof_imager_ros/package.ps1'
[15.207s] INFO:colcon.colcon_core.shell:Creating package descriptor '/home/robotix/ros2_ws/src/install/tof_imager_ros/share/tof_imager_ros/package.dsv'
[15.210s] INFO:colcon.colcon_core.shell:Creating package script '/home/robotix/ros2_ws/src/install/tof_imager_ros/share/tof_imager_ros/package.sh'
[15.212s] INFO:colcon.colcon_core.shell:Creating package script '/home/robotix/ros2_ws/src/install/tof_imager_ros/share/tof_imager_ros/package.bash'
[15.214s] INFO:colcon.colcon_core.shell:Creating package script '/home/robotix/ros2_ws/src/install/tof_imager_ros/share/tof_imager_ros/package.zsh'
[15.215s] Level 1:colcon.colcon_core.environment:create_file_with_runtime_dependencies(/home/robotix/ros2_ws/src/install/tof_imager_ros/share/colcon-core/packages/tof_imager_ros)
[15.219s] Level 1:colcon.colcon_core.shell:create_environment_hook('robotix', 'pythonpath_develop')
[15.222s] DEBUG:colcon.colcon_core.event_handler.log_command:Invoked command in '/home/robotix/ros2_ws/src/build/robotix' returned '0': PYTHONPATH=/home/robotix/ros2_ws/src/build/robotix/prefix_override:/home/robotix/ros2_ws/src/install/robotix/lib/python3.10/site-packages:${PYTHONPATH} /usr/bin/python3 setup.py develop --editable --build-directory /home/robotix/ros2_ws/src/build/robotix/build --no-deps install_data
[15.281s] INFO:colcon.colcon_core.shell:Creating environment hook '/home/robotix/ros2_ws/src/build/robotix/share/robotix/hook/pythonpath_develop.ps1'
[15.283s] INFO:colcon.colcon_core.shell:Creating environment descriptor '/home/robotix/ros2_ws/src/build/robotix/share/robotix/hook/pythonpath_develop.dsv'
[15.285s] INFO:colcon.colcon_core.shell:Creating environment hook '/home/robotix/ros2_ws/src/build/robotix/share/robotix/hook/pythonpath_develop.sh'
[15.345s] Level 1:colcon.colcon_core.environment:checking '/home/robotix/ros2_ws/src/install/robotix' for CMake module files
[15.348s] Level 1:colcon.colcon_core.environment:checking '/home/robotix/ros2_ws/src/install/robotix' for CMake config files
[15.352s] Level 1:colcon.colcon_core.environment:checking '/home/robotix/ros2_ws/src/install/robotix/lib'
[15.352s] Level 1:colcon.colcon_core.environment:checking '/home/robotix/ros2_ws/src/install/robotix/bin'
[15.352s] Level 1:colcon.colcon_core.environment:checking '/home/robotix/ros2_ws/src/install/robotix/lib/pkgconfig/robotix.pc'
[15.353s] Level 1:colcon.colcon_core.environment:checking '/home/robotix/ros2_ws/src/install/robotix/lib/python3.10/site-packages'
[15.354s] Level 1:colcon.colcon_core.shell:create_environment_hook('robotix', 'pythonpath')
[15.412s] INFO:colcon.colcon_core.shell:Creating environment hook '/home/robotix/ros2_ws/src/install/robotix/share/robotix/hook/pythonpath.ps1'
[15.414s] INFO:colcon.colcon_core.shell:Creating environment descriptor '/home/robotix/ros2_ws/src/install/robotix/share/robotix/hook/pythonpath.dsv'
[15.416s] INFO:colcon.colcon_core.shell:Creating environment hook '/home/robotix/ros2_ws/src/install/robotix/share/robotix/hook/pythonpath.sh'
[15.419s] Level 1:colcon.colcon_core.environment:checking '/home/robotix/ros2_ws/src/install/robotix/bin'
[15.419s] Level 1:colcon.colcon_core.environment:create_environment_scripts_only(robotix)
[15.477s] INFO:colcon.colcon_core.shell:Creating package script '/home/robotix/ros2_ws/src/install/robotix/share/robotix/package.ps1'
[15.480s] INFO:colcon.colcon_core.shell:Creating package descriptor '/home/robotix/ros2_ws/src/install/robotix/share/robotix/package.dsv'
[15.482s] INFO:colcon.colcon_core.shell:Creating package script '/home/robotix/ros2_ws/src/install/robotix/share/robotix/package.sh'
[15.485s] INFO:colcon.colcon_core.shell:Creating package script '/home/robotix/ros2_ws/src/install/robotix/share/robotix/package.bash'
[15.487s] INFO:colcon.colcon_core.shell:Creating package script '/home/robotix/ros2_ws/src/install/robotix/share/robotix/package.zsh'
[15.489s] Level 1:colcon.colcon_core.environment:create_file_with_runtime_dependencies(/home/robotix/ros2_ws/src/install/robotix/share/colcon-core/packages/robotix)
[15.490s] DEBUG:colcon.colcon_parallel_executor.executor.parallel:closing loop
[15.491s] DEBUG:colcon.colcon_parallel_executor.executor.parallel:loop closed
[15.491s] DEBUG:colcon.colcon_parallel_executor.executor.parallel:run_until_complete finished with '0'
[15.492s] DEBUG:colcon.colcon_core.event_reactor:joining thread
[15.579s] INFO:colcon.colcon_core.plugin_system:Skipping extension 'colcon_notification.desktop_notification.notify_send': Could not find 'notify-send'
[15.580s] INFO:colcon.colcon_core.plugin_system:Skipping extension 'colcon_notification.desktop_notification.terminal_notifier': Not used on non-Darwin systems
[15.580s] INFO:colcon.colcon_core.plugin_system:Skipping extension 'colcon_notification.desktop_notification.win32': Not used on non-Windows systems
[15.580s] INFO:colcon.colcon_notification.desktop_notification:Sending desktop notification using 'notify2'
[15.610s] DEBUG:colcon.colcon_notification.desktop_notification.notify2:Failed to initialize notify2: org.freedesktop.DBus.Error.ServiceUnknown: The name org.freedesktop.Notifications was not provided by any .service files
[15.611s] DEBUG:colcon.colcon_core.event_reactor:joined thread
[15.672s] INFO:colcon.colcon_core.shell:Creating prefix script '/home/robotix/ros2_ws/src/install/local_setup.ps1'
[15.677s] INFO:colcon.colcon_core.shell:Creating prefix util module '/home/robotix/ros2_ws/src/install/_local_setup_util_ps1.py'
[15.684s] INFO:colcon.colcon_core.shell:Creating prefix chain script '/home/robotix/ros2_ws/src/install/setup.ps1'
[15.749s] INFO:colcon.colcon_core.shell:Creating prefix script '/home/robotix/ros2_ws/src/install/local_setup.sh'
[15.752s] INFO:colcon.colcon_core.shell:Creating prefix util module '/home/robotix/ros2_ws/src/install/_local_setup_util_sh.py'
[15.755s] INFO:colcon.colcon_core.shell:Creating prefix chain script '/home/robotix/ros2_ws/src/install/setup.sh'
[15.819s] INFO:colcon.colcon_core.shell:Creating prefix script '/home/robotix/ros2_ws/src/install/local_setup.bash'
[15.826s] INFO:colcon.colcon_core.shell:Creating prefix chain script '/home/robotix/ros2_ws/src/install/setup.bash'
[15.891s] INFO:colcon.colcon_core.shell:Creating prefix script '/home/robotix/ros2_ws/src/install/local_setup.zsh'
[15.895s] INFO:colcon.colcon_core.shell:Creating prefix chain script '/home/robotix/ros2_ws/src/install/setup.zsh'
