[6.731s] Invoking command in '/home/robotix/ros2_ws/src/robotix': PYTHONPATH=/home/robotix/ros2_ws/build/robotix/prefix_override:/home/robotix/ros2_ws/install/robotix/lib/python3.10/site-packages:${PYTHONPATH} /usr/bin/python3 setup.py egg_info --egg-base ../../build/robotix build --build-base /home/robotix/ros2_ws/build/robotix/build install --record /home/robotix/ros2_ws/build/robotix/install.log --single-version-externally-managed
[8.086s] running egg_info
[8.089s] writing ../../build/robotix/robotix.egg-info/PKG-INFO
[8.091s] writing dependency_links to ../../build/robotix/robotix.egg-info/dependency_links.txt
[8.092s] writing entry points to ../../build/robotix/robotix.egg-info/entry_points.txt
[8.093s] writing requirements to ../../build/robotix/robotix.egg-info/requires.txt
[8.095s] writing top-level names to ../../build/robotix/robotix.egg-info/top_level.txt
[8.105s] reading manifest file '../../build/robotix/robotix.egg-info/SOURCES.txt'
[8.112s] writing manifest file '../../build/robotix/robotix.egg-info/SOURCES.txt'
[8.112s] running build
[8.113s] running build_py
[8.118s] running install
[8.119s] running install_lib
[8.129s] running install_data
[8.132s] running install_egg_info
[8.141s] removing '/home/robotix/ros2_ws/install/robotix/lib/python3.10/site-packages/robotix-0.0.0-py3.10.egg-info' (and everything under it)
[8.143s] Copying ../../build/robotix/robotix.egg-info to /home/robotix/ros2_ws/install/robotix/lib/python3.10/site-packages/robotix-0.0.0-py3.10.egg-info
[8.151s] running install_scripts
[8.250s] Installing codeuse script to /home/robotix/ros2_ws/install/robotix/lib/robotix
[8.252s] Installing controller script to /home/robotix/ros2_ws/install/robotix/lib/robotix
[8.252s] Installing ctrl_claw script to /home/robotix/ros2_ws/install/robotix/lib/robotix
[8.255s] Installing ctrl_nav script to /home/robotix/ros2_ws/install/robotix/lib/robotix
[8.260s] Installing jetson script to /home/robotix/ros2_ws/install/robotix/lib/robotix
[8.262s] Installing laser script to /home/robotix/ros2_ws/install/robotix/lib/robotix
[8.264s] Installing lidar script to /home/robotix/ros2_ws/install/robotix/lib/robotix
[8.267s] Installing motor script to /home/robotix/ros2_ws/install/robotix/lib/robotix
[8.268s] Installing motor_claw script to /home/robotix/ros2_ws/install/robotix/lib/robotix
[8.270s] Installing motor_plateau script to /home/robotix/ros2_ws/install/robotix/lib/robotix
[8.273s] writing list of installed files to '/home/robotix/ros2_ws/build/robotix/install.log'
[8.726s] Invoked command in '/home/robotix/ros2_ws/src/robotix' returned '0': PYTHONPATH=/home/robotix/ros2_ws/build/robotix/prefix_override:/home/robotix/ros2_ws/install/robotix/lib/python3.10/site-packages:${PYTHONPATH} /usr/bin/python3 setup.py egg_info --egg-base ../../build/robotix build --build-base /home/robotix/ros2_ws/build/robotix/build install --record /home/robotix/ros2_ws/build/robotix/install.log --single-version-externally-managed
