[5.730s] Invoking command in '/home/robotix/ros2_ws/build/robotix': PYTHONPATH=/home/robotix/ros2_ws/build/robotix/prefix_override:/home/robotix/ros2_ws/install/robotix/lib/python3.10/site-packages:${PYTHONPATH} /usr/bin/python3 setup.py develop --editable --build-directory /home/robotix/ros2_ws/build/robotix/build --no-deps install_data
[7.069s] running develop
[7.721s] running egg_info
[7.721s] writing robotix.egg-info/PKG-INFO
[7.722s] writing dependency_links to robotix.egg-info/dependency_links.txt
[7.723s] writing entry points to robotix.egg-info/entry_points.txt
[7.724s] writing requirements to robotix.egg-info/requires.txt
[7.725s] writing top-level names to robotix.egg-info/top_level.txt
[7.733s] reading manifest file 'robotix.egg-info/SOURCES.txt'
[7.737s] writing manifest file 'robotix.egg-info/SOURCES.txt'
[7.743s] running build_ext
[7.744s] Creating /home/robotix/ros2_ws/install/robotix/lib/python3.10/site-packages/robotix.egg-link (link to .)
[7.749s] Installing codeuse script to /home/robotix/ros2_ws/install/robotix/lib/robotix
[7.750s] Installing controller script to /home/robotix/ros2_ws/install/robotix/lib/robotix
[7.751s] Installing ctrl_claw script to /home/robotix/ros2_ws/install/robotix/lib/robotix
[7.752s] Installing ctrl_nav script to /home/robotix/ros2_ws/install/robotix/lib/robotix
[7.753s] Installing jetson script to /home/robotix/ros2_ws/install/robotix/lib/robotix
[7.753s] Installing laser script to /home/robotix/ros2_ws/install/robotix/lib/robotix
[7.754s] Installing lidar script to /home/robotix/ros2_ws/install/robotix/lib/robotix
[7.755s] Installing motor script to /home/robotix/ros2_ws/install/robotix/lib/robotix
[7.756s] Installing motor_claw script to /home/robotix/ros2_ws/install/robotix/lib/robotix
[7.756s] Installing motor_plateau script to /home/robotix/ros2_ws/install/robotix/lib/robotix
[7.758s] 
[7.759s] Installed /home/robotix/ros2_ws/build/robotix
[7.760s] running install_data
[7.899s] Invoked command in '/home/robotix/ros2_ws/build/robotix' returned '0': PYTHONPATH=/home/robotix/ros2_ws/build/robotix/prefix_override:/home/robotix/ros2_ws/install/robotix/lib/python3.10/site-packages:${PYTHONPATH} /usr/bin/python3 setup.py develop --editable --build-directory /home/robotix/ros2_ws/build/robotix/build --no-deps install_data
