[11.895s] Invoking command in '/home/robotix/ros2_ws/build/robotix': PYTHONPATH=/home/robotix/ros2_ws/build/robotix/prefix_override:/home/robotix/ros2_ws/install/robotix/lib/python3.10/site-packages:${PYTHONPATH} /usr/bin/python3 setup.py develop --editable --build-directory /home/robotix/ros2_ws/build/robotix/build --no-deps install_data
[14.232s] running develop
[15.490s] running egg_info
[15.491s] writing robotix.egg-info/PKG-INFO
[15.494s] writing dependency_links to robotix.egg-info/dependency_links.txt
[15.496s] writing entry points to robotix.egg-info/entry_points.txt
[15.498s] writing requirements to robotix.egg-info/requires.txt
[15.499s] writing top-level names to robotix.egg-info/top_level.txt
[15.526s] reading manifest file 'robotix.egg-info/SOURCES.txt'
[15.530s] writing manifest file 'robotix.egg-info/SOURCES.txt'
[15.538s] running build_ext
[15.539s] Creating /home/robotix/ros2_ws/install/robotix/lib/python3.10/site-packages/robotix.egg-link (link to .)
[15.548s] Installing codeuse script to /home/robotix/ros2_ws/install/robotix/lib/robotix
[15.550s] Installing controller script to /home/robotix/ros2_ws/install/robotix/lib/robotix
[15.551s] Installing ctrl_claw script to /home/robotix/ros2_ws/install/robotix/lib/robotix
[15.553s] Installing ctrl_nav script to /home/robotix/ros2_ws/install/robotix/lib/robotix
[15.554s] Installing jetson script to /home/robotix/ros2_ws/install/robotix/lib/robotix
[15.557s] Installing laser script to /home/robotix/ros2_ws/install/robotix/lib/robotix
[15.557s] Installing lidar script to /home/robotix/ros2_ws/install/robotix/lib/robotix
[15.558s] Installing motor script to /home/robotix/ros2_ws/install/robotix/lib/robotix
[15.560s] Installing motor_claw script to /home/robotix/ros2_ws/install/robotix/lib/robotix
[15.561s] Installing motor_plateau script to /home/robotix/ros2_ws/install/robotix/lib/robotix
[15.564s] 
[15.564s] Installed /home/robotix/ros2_ws/build/robotix
[15.566s] running install_data
[16.051s] Invoked command in '/home/robotix/ros2_ws/build/robotix' returned '0': PYTHONPATH=/home/robotix/ros2_ws/build/robotix/prefix_override:/home/robotix/ros2_ws/install/robotix/lib/python3.10/site-packages:${PYTHONPATH} /usr/bin/python3 setup.py develop --editable --build-directory /home/robotix/ros2_ws/build/robotix/build --no-deps install_data
