[3.864s] Invoking command in '/home/robotix/ros2_ws/src/build/robotix': PYTHONPATH=/home/robotix/ros2_ws/src/build/robotix/prefix_override:/home/robotix/ros2_ws/src/install/robotix/lib/python3.10/site-packages:${PYTHONPATH} /usr/bin/python3 setup.py develop --editable --build-directory /home/robotix/ros2_ws/src/build/robotix/build --no-deps install_data
[5.147s] running develop
[5.856s] running egg_info
[5.857s] writing robotix.egg-info/PKG-INFO
[5.858s] writing dependency_links to robotix.egg-info/dependency_links.txt
[5.859s] writing entry points to robotix.egg-info/entry_points.txt
[5.860s] writing requirements to robotix.egg-info/requires.txt
[5.861s] writing top-level names to robotix.egg-info/top_level.txt
[5.869s] reading manifest file 'robotix.egg-info/SOURCES.txt'
[5.874s] writing manifest file 'robotix.egg-info/SOURCES.txt'
[5.880s] running build_ext
[5.881s] Creating /home/robotix/ros2_ws/src/install/robotix/lib/python3.10/site-packages/robotix.egg-link (link to .)
[5.886s] Installing codeuse script to /home/robotix/ros2_ws/src/install/robotix/lib/robotix
[5.887s] Installing controller script to /home/robotix/ros2_ws/src/install/robotix/lib/robotix
[5.888s] Installing ctrl_claw script to /home/robotix/ros2_ws/src/install/robotix/lib/robotix
[5.889s] Installing ctrl_nav script to /home/robotix/ros2_ws/src/install/robotix/lib/robotix
[5.889s] Installing jetson script to /home/robotix/ros2_ws/src/install/robotix/lib/robotix
[5.890s] Installing laser script to /home/robotix/ros2_ws/src/install/robotix/lib/robotix
[5.892s] Installing lidar script to /home/robotix/ros2_ws/src/install/robotix/lib/robotix
[5.893s] Installing motor script to /home/robotix/ros2_ws/src/install/robotix/lib/robotix
[5.894s] Installing motor_claw script to /home/robotix/ros2_ws/src/install/robotix/lib/robotix
[5.895s] Installing motor_plateau script to /home/robotix/ros2_ws/src/install/robotix/lib/robotix
[5.896s] 
[5.897s] Installed /home/robotix/ros2_ws/src/build/robotix
[5.898s] running install_data
[6.047s] Invoked command in '/home/robotix/ros2_ws/src/build/robotix' returned '0': PYTHONPATH=/home/robotix/ros2_ws/src/build/robotix/prefix_override:/home/robotix/ros2_ws/src/install/robotix/lib/python3.10/site-packages:${PYTHONPATH} /usr/bin/python3 setup.py develop --editable --build-directory /home/robotix/ros2_ws/src/build/robotix/build --no-deps install_data
