running egg_info
writing ../../build/robotix/robotix.egg-info/PKG-INFO
writing dependency_links to ../../build/robotix/robotix.egg-info/dependency_links.txt
writing entry points to ../../build/robotix/robotix.egg-info/entry_points.txt
writing requirements to ../../build/robotix/robotix.egg-info/requires.txt
writing top-level names to ../../build/robotix/robotix.egg-info/top_level.txt
reading manifest file '../../build/robotix/robotix.egg-info/SOURCES.txt'
writing manifest file '../../build/robotix/robotix.egg-info/SOURCES.txt'
running build
running build_py
running install
running install_lib
running install_data
running install_egg_info
removing '/home/robotix/ros2_ws/install/robotix/lib/python3.10/site-packages/robotix-0.0.0-py3.10.egg-info' (and everything under it)
Copying ../../build/robotix/robotix.egg-info to /home/robotix/ros2_ws/install/robotix/lib/python3.10/site-packages/robotix-0.0.0-py3.10.egg-info
running install_scripts
Installing codeuse script to /home/robotix/ros2_ws/install/robotix/lib/robotix
Installing controller script to /home/robotix/ros2_ws/install/robotix/lib/robotix
Installing ctrl_claw script to /home/robotix/ros2_ws/install/robotix/lib/robotix
Installing ctrl_nav script to /home/robotix/ros2_ws/install/robotix/lib/robotix
Installing jetson script to /home/robotix/ros2_ws/install/robotix/lib/robotix
Installing laser script to /home/robotix/ros2_ws/install/robotix/lib/robotix
Installing lidar script to /home/robotix/ros2_ws/install/robotix/lib/robotix
Installing motor script to /home/robotix/ros2_ws/install/robotix/lib/robotix
Installing motor_claw script to /home/robotix/ros2_ws/install/robotix/lib/robotix
Installing motor_plateau script to /home/robotix/ros2_ws/install/robotix/lib/robotix
writing list of installed files to '/home/robotix/ros2_ws/build/robotix/install.log'
