[4.092s] Invoking command in '/home/robotix/ros2_ws/src/build/robotix': PYTHONPATH=/home/robotix/ros2_ws/src/build/robotix/prefix_override:/home/robotix/ros2_ws/src/install/robotix/lib/python3.10/site-packages:${PYTHONPATH} /usr/bin/python3 setup.py develop --editable --build-directory /home/robotix/ros2_ws/src/build/robotix/build --no-deps install_data
[5.300s] running develop
[5.961s] running egg_info
[5.961s] writing robotix.egg-info/PKG-INFO
[5.962s] writing dependency_links to robotix.egg-info/dependency_links.txt
[5.963s] writing entry points to robotix.egg-info/entry_points.txt
[5.964s] writing requirements to robotix.egg-info/requires.txt
[5.965s] writing top-level names to robotix.egg-info/top_level.txt
[5.973s] reading manifest file 'robotix.egg-info/SOURCES.txt'
[5.977s] writing manifest file 'robotix.egg-info/SOURCES.txt'
[5.983s] running build_ext
[5.984s] Creating /home/robotix/ros2_ws/src/install/robotix/lib/python3.10/site-packages/robotix.egg-link (link to .)
[5.988s] Installing codeuse script to /home/robotix/ros2_ws/src/install/robotix/lib/robotix
[5.989s] Installing controller script to /home/robotix/ros2_ws/src/install/robotix/lib/robotix
[5.990s] Installing ctrl_claw script to /home/robotix/ros2_ws/src/install/robotix/lib/robotix
[5.991s] Installing ctrl_nav script to /home/robotix/ros2_ws/src/install/robotix/lib/robotix
[5.992s] Installing jetson script to /home/robotix/ros2_ws/src/install/robotix/lib/robotix
[5.993s] Installing laser script to /home/robotix/ros2_ws/src/install/robotix/lib/robotix
[5.994s] Installing lidar script to /home/robotix/ros2_ws/src/install/robotix/lib/robotix
[5.994s] Installing motor script to /home/robotix/ros2_ws/src/install/robotix/lib/robotix
[5.995s] Installing motor_claw script to /home/robotix/ros2_ws/src/install/robotix/lib/robotix
[5.996s] Installing motor_plateau script to /home/robotix/ros2_ws/src/install/robotix/lib/robotix
[6.002s] 
[6.003s] Installed /home/robotix/ros2_ws/src/build/robotix
[6.005s] running install_data
[6.156s] Invoked command in '/home/robotix/ros2_ws/src/build/robotix' returned '0': PYTHONPATH=/home/robotix/ros2_ws/src/build/robotix/prefix_override:/home/robotix/ros2_ws/src/install/robotix/lib/python3.10/site-packages:${PYTHONPATH} /usr/bin/python3 setup.py develop --editable --build-directory /home/robotix/ros2_ws/src/build/robotix/build --no-deps install_data
