running develop
Removing /home/robotix/ros2_ws/install/tof_imager_ros/lib/python3.10/site-packages/tof-imager-ros.egg-link (link to .)
running egg_info
writing ../../build/tof_imager_ros/tof_imager_ros.egg-info/PKG-INFO
writing dependency_links to ../../build/tof_imager_ros/tof_imager_ros.egg-info/dependency_links.txt
writing entry points to ../../build/tof_imager_ros/tof_imager_ros.egg-info/entry_points.txt
writing requirements to ../../build/tof_imager_ros/tof_imager_ros.egg-info/requires.txt
writing top-level names to ../../build/tof_imager_ros/tof_imager_ros.egg-info/top_level.txt
reading manifest file '../../build/tof_imager_ros/tof_imager_ros.egg-info/SOURCES.txt'
adding license file 'LICENSE'
writing manifest file '../../build/tof_imager_ros/tof_imager_ros.egg-info/SOURCES.txt'
running build
running build_py
copying tof_imager_ros/tof_imager_publisher.py -> /home/robotix/ros2_ws/build/tof_imager_ros/build/lib/tof_imager_ros
copying tof_imager_ros/__init__.py -> /home/robotix/ros2_ws/build/tof_imager_ros/build/lib/tof_imager_ros
running install
running install_lib
creating /home/robotix/ros2_ws/install/tof_imager_ros/lib/python3.10/site-packages/tof_imager_ros
copying /home/robotix/ros2_ws/build/tof_imager_ros/build/lib/tof_imager_ros/tof_imager_publisher.py -> /home/robotix/ros2_ws/install/tof_imager_ros/lib/python3.10/site-packages/tof_imager_ros
copying /home/robotix/ros2_ws/build/tof_imager_ros/build/lib/tof_imager_ros/__init__.py -> /home/robotix/ros2_ws/install/tof_imager_ros/lib/python3.10/site-packages/tof_imager_ros
byte-compiling /home/robotix/ros2_ws/install/tof_imager_ros/lib/python3.10/site-packages/tof_imager_ros/tof_imager_publisher.py to tof_imager_publisher.cpython-310.pyc
byte-compiling /home/robotix/ros2_ws/install/tof_imager_ros/lib/python3.10/site-packages/tof_imager_ros/__init__.py to __init__.cpython-310.pyc
running install_data
running install_egg_info
Copying ../../build/tof_imager_ros/tof_imager_ros.egg-info to /home/robotix/ros2_ws/install/tof_imager_ros/lib/python3.10/site-packages/tof_imager_ros-0.0.0-py3.10.egg-info
running install_scripts
Installing tof_imager_node script to /home/robotix/ros2_ws/install/tof_imager_ros/lib/tof_imager_ros
Installing tof_imager_publisher script to /home/robotix/ros2_ws/install/tof_imager_ros/lib/tof_imager_ros
writing list of installed files to '/home/robotix/ros2_ws/build/tof_imager_ros/install.log'
