[6.844s] Invoking command in '/home/robotix/ros2_ws/src/tof_imager_ros': PYTHONPATH=/home/robotix/ros2_ws/build/tof_imager_ros/prefix_override:/home/robotix/ros2_ws/install/tof_imager_ros/lib/python3.10/site-packages:${PYTHONPATH} /usr/bin/python3 setup.py egg_info --egg-base ../../build/tof_imager_ros build --build-base /home/robotix/ros2_ws/build/tof_imager_ros/build install --record /home/robotix/ros2_ws/build/tof_imager_ros/install.log --single-version-externally-managed
[8.182s] running egg_info
[8.185s] writing ../../build/tof_imager_ros/tof_imager_ros.egg-info/PKG-INFO
[8.189s] writing dependency_links to ../../build/tof_imager_ros/tof_imager_ros.egg-info/dependency_links.txt
[8.191s] writing entry points to ../../build/tof_imager_ros/tof_imager_ros.egg-info/entry_points.txt
[8.193s] writing requirements to ../../build/tof_imager_ros/tof_imager_ros.egg-info/requires.txt
[8.194s] writing top-level names to ../../build/tof_imager_ros/tof_imager_ros.egg-info/top_level.txt
[8.204s] reading manifest file '../../build/tof_imager_ros/tof_imager_ros.egg-info/SOURCES.txt'
[8.210s] adding license file 'LICENSE'
[8.213s] writing manifest file '../../build/tof_imager_ros/tof_imager_ros.egg-info/SOURCES.txt'
[8.214s] running build
[8.215s] running build_py
[8.220s] running install
[8.221s] running install_lib
[8.230s] running install_data
[8.234s] copying launch/tof_imager_launch.py -> /home/robotix/ros2_ws/install/tof_imager_ros/share/tof_imager_ros/launch
[8.235s] running install_egg_info
[8.246s] removing '/home/robotix/ros2_ws/install/tof_imager_ros/lib/python3.10/site-packages/tof_imager_ros-0.0.0-py3.10.egg-info' (and everything under it)
[8.248s] Copying ../../build/tof_imager_ros/tof_imager_ros.egg-info to /home/robotix/ros2_ws/install/tof_imager_ros/lib/python3.10/site-packages/tof_imager_ros-0.0.0-py3.10.egg-info
[8.257s] running install_scripts
[8.356s] Installing tof_imager_node script to /home/robotix/ros2_ws/install/tof_imager_ros/lib/tof_imager_ros
[8.358s] Installing tof_imager_publisher script to /home/robotix/ros2_ws/install/tof_imager_ros/lib/tof_imager_ros
[8.361s] writing list of installed files to '/home/robotix/ros2_ws/build/tof_imager_ros/install.log'
[8.570s] Invoked command in '/home/robotix/ros2_ws/src/tof_imager_ros' returned '0': PYTHONPATH=/home/robotix/ros2_ws/build/tof_imager_ros/prefix_override:/home/robotix/ros2_ws/install/tof_imager_ros/lib/python3.10/site-packages:${PYTHONPATH} /usr/bin/python3 setup.py egg_info --egg-base ../../build/tof_imager_ros build --build-base /home/robotix/ros2_ws/build/tof_imager_ros/build install --record /home/robotix/ros2_ws/build/tof_imager_ros/install.log --single-version-externally-managed
