[4.190s] DEBUG:colcon:Command line arguments: ['/usr/bin/colcon', 'build', '--symlink-install']
[4.190s] DEBUG:colcon:Parsed command line arguments: Namespace(log_base=None, log_level=None, verb_name='build', build_base='build', install_base='install', merge_install=False, symlink_install=True, test_result_base=None, continue_on_error=False, executor='parallel', parallel_workers=4, event_handlers=None, ignore_user_meta=False, metas=['./colcon.meta'], base_paths=['.'], packages_ignore=None, packages_ignore_regex=None, paths=None, packages_up_to=None, packages_up_to_regex=None, packages_above=None, packages_above_and_dependencies=None, packages_above_depth=None, packages_select_by_dep=None, packages_skip_by_dep=None, packages_skip_up_to=None, packages_select_build_failed=False, packages_skip_build_finished=False, packages_select_test_failures=False, packages_skip_test_passed=False, packages_select=None, packages_skip=None, packages_select_regex=None, packages_skip_regex=None, packages_start=None, packages_end=None, allow_overriding=[], cmake_args=None, cmake_target=None, cmake_target_skip_unavailable=False, cmake_clean_cache=False, cmake_clean_first=False, cmake_force_configure=False, ament_cmake_args=None, catkin_cmake_args=None, catkin_skip_building_tests=False, verb_parser=<colcon_defaults.argument_parser.defaults.DefaultArgumentsDecorator object at 0xffff8d4af550>, verb_extension=<colcon_core.verb.build.BuildVerb object at 0xffff8d7c3fd0>, main=<bound method BuildVerb.main of <colcon_core.verb.build.BuildVerb object at 0xffff8d7c3fd0>>)
[4.390s] Level 1:colcon.colcon_core.package_discovery:discover_packages(colcon_meta) check parameters
[4.391s] Level 1:colcon.colcon_core.package_discovery:discover_packages(recursive) check parameters
[4.391s] Level 1:colcon.colcon_core.package_discovery:discover_packages(ignore) check parameters
[4.391s] Level 1:colcon.colcon_core.package_discovery:discover_packages(path) check parameters
[4.391s] Level 1:colcon.colcon_core.package_discovery:discover_packages(colcon_meta) discover
[4.391s] Level 1:colcon.colcon_core.package_discovery:discover_packages(recursive) discover
[4.392s] INFO:colcon.colcon_core.package_discovery:Crawling recursively for packages in '/home/robotix/ros2_ws'
[4.392s] Level 1:colcon.colcon_core.package_identification:_identify(.) by extensions ['ignore', 'ignore_ament_install']
[4.393s] Level 1:colcon.colcon_core.package_identification:_identify(.) by extension 'ignore'
[4.393s] Level 1:colcon.colcon_core.package_identification:_identify(.) by extension 'ignore_ament_install'
[4.393s] Level 1:colcon.colcon_core.package_identification:_identify(.) by extensions ['colcon_pkg']
[4.393s] Level 1:colcon.colcon_core.package_identification:_identify(.) by extension 'colcon_pkg'
[4.393s] Level 1:colcon.colcon_core.package_identification:_identify(.) by extensions ['colcon_meta']
[4.393s] Level 1:colcon.colcon_core.package_identification:_identify(.) by extension 'colcon_meta'
[4.394s] Level 1:colcon.colcon_core.package_identification:_identify(.) by extensions ['ros']
[4.394s] Level 1:colcon.colcon_core.package_identification:_identify(.) by extension 'ros'
[4.447s] Level 1:colcon.colcon_core.package_identification:_identify(.) by extensions ['cmake', 'python']
[4.447s] Level 1:colcon.colcon_core.package_identification:_identify(.) by extension 'cmake'
[4.448s] Level 1:colcon.colcon_core.package_identification:_identify(.) by extension 'python'
[4.448s] Level 1:colcon.colcon_core.package_identification:_identify(.) by extensions ['python_setup_py']
[4.448s] Level 1:colcon.colcon_core.package_identification:_identify(.) by extension 'python_setup_py'
[4.449s] Level 1:colcon.colcon_core.package_identification:_identify(build) by extensions ['ignore', 'ignore_ament_install']
[4.449s] Level 1:colcon.colcon_core.package_identification:_identify(build) by extension 'ignore'
[4.449s] Level 1:colcon.colcon_core.package_identification:_identify(build) ignored
[4.450s] Level 1:colcon.colcon_core.package_identification:_identify(install) by extensions ['ignore', 'ignore_ament_install']
[4.450s] Level 1:colcon.colcon_core.package_identification:_identify(install) by extension 'ignore'
[4.450s] Level 1:colcon.colcon_core.package_identification:_identify(install) ignored
[4.451s] Level 1:colcon.colcon_core.package_identification:_identify(log) by extensions ['ignore', 'ignore_ament_install']
[4.451s] Level 1:colcon.colcon_core.package_identification:_identify(log) by extension 'ignore'
[4.451s] Level 1:colcon.colcon_core.package_identification:_identify(log) ignored
[4.452s] Level 1:colcon.colcon_core.package_identification:_identify(src) by extensions ['ignore', 'ignore_ament_install']
[4.452s] Level 1:colcon.colcon_core.package_identification:_identify(src) by extension 'ignore'
[4.452s] Level 1:colcon.colcon_core.package_identification:_identify(src) by extension 'ignore_ament_install'
[4.453s] Level 1:colcon.colcon_core.package_identification:_identify(src) by extensions ['colcon_pkg']
[4.453s] Level 1:colcon.colcon_core.package_identification:_identify(src) by extension 'colcon_pkg'
[4.453s] Level 1:colcon.colcon_core.package_identification:_identify(src) by extensions ['colcon_meta']
[4.453s] Level 1:colcon.colcon_core.package_identification:_identify(src) by extension 'colcon_meta'
[4.453s] Level 1:colcon.colcon_core.package_identification:_identify(src) by extensions ['ros']
[4.453s] Level 1:colcon.colcon_core.package_identification:_identify(src) by extension 'ros'
[4.454s] Level 1:colcon.colcon_core.package_identification:_identify(src) by extensions ['cmake', 'python']
[4.454s] Level 1:colcon.colcon_core.package_identification:_identify(src) by extension 'cmake'
[4.454s] Level 1:colcon.colcon_core.package_identification:_identify(src) by extension 'python'
[4.454s] Level 1:colcon.colcon_core.package_identification:_identify(src) by extensions ['python_setup_py']
[4.454s] Level 1:colcon.colcon_core.package_identification:_identify(src) by extension 'python_setup_py'
[4.455s] Level 1:colcon.colcon_core.package_identification:_identify(src/build) by extensions ['ignore', 'ignore_ament_install']
[4.455s] Level 1:colcon.colcon_core.package_identification:_identify(src/build) by extension 'ignore'
[4.456s] Level 1:colcon.colcon_core.package_identification:_identify(src/build) ignored
[4.456s] Level 1:colcon.colcon_core.package_identification:_identify(src/install) by extensions ['ignore', 'ignore_ament_install']
[4.457s] Level 1:colcon.colcon_core.package_identification:_identify(src/install) by extension 'ignore'
[4.457s] Level 1:colcon.colcon_core.package_identification:_identify(src/install) ignored
[4.458s] Level 1:colcon.colcon_core.package_identification:_identify(src/log) by extensions ['ignore', 'ignore_ament_install']
[4.459s] Level 1:colcon.colcon_core.package_identification:_identify(src/log) by extension 'ignore'
[4.459s] Level 1:colcon.colcon_core.package_identification:_identify(src/log) ignored
[4.459s] Level 1:colcon.colcon_core.package_identification:_identify(src/robotix) by extensions ['ignore', 'ignore_ament_install']
[4.460s] Level 1:colcon.colcon_core.package_identification:_identify(src/robotix) by extension 'ignore'
[4.460s] Level 1:colcon.colcon_core.package_identification:_identify(src/robotix) by extension 'ignore_ament_install'
[4.460s] Level 1:colcon.colcon_core.package_identification:_identify(src/robotix) by extensions ['colcon_pkg']
[4.460s] Level 1:colcon.colcon_core.package_identification:_identify(src/robotix) by extension 'colcon_pkg'
[4.461s] Level 1:colcon.colcon_core.package_identification:_identify(src/robotix) by extensions ['colcon_meta']
[4.461s] Level 1:colcon.colcon_core.package_identification:_identify(src/robotix) by extension 'colcon_meta'
[4.461s] Level 1:colcon.colcon_core.package_identification:_identify(src/robotix) by extensions ['ros']
[4.461s] Level 1:colcon.colcon_core.package_identification:_identify(src/robotix) by extension 'ros'
[4.473s] DEBUG:colcon.colcon_core.package_identification:Package 'src/robotix' with type 'ros.ament_python' and name 'robotix'
[4.474s] Level 1:colcon.colcon_core.package_identification:_identify(src/tof_imager_ros) by extensions ['ignore', 'ignore_ament_install']
[4.475s] Level 1:colcon.colcon_core.package_identification:_identify(src/tof_imager_ros) by extension 'ignore'
[4.475s] Level 1:colcon.colcon_core.package_identification:_identify(src/tof_imager_ros) by extension 'ignore_ament_install'
[4.475s] Level 1:colcon.colcon_core.package_identification:_identify(src/tof_imager_ros) by extensions ['colcon_pkg']
[4.475s] Level 1:colcon.colcon_core.package_identification:_identify(src/tof_imager_ros) by extension 'colcon_pkg'
[4.476s] Level 1:colcon.colcon_core.package_identification:_identify(src/tof_imager_ros) by extensions ['colcon_meta']
[4.476s] Level 1:colcon.colcon_core.package_identification:_identify(src/tof_imager_ros) by extension 'colcon_meta'
[4.476s] Level 1:colcon.colcon_core.package_identification:_identify(src/tof_imager_ros) by extensions ['ros']
[4.476s] Level 1:colcon.colcon_core.package_identification:_identify(src/tof_imager_ros) by extension 'ros'
[4.479s] DEBUG:colcon.colcon_core.package_identification:Package 'src/tof_imager_ros' with type 'ros.ament_python' and name 'tof_imager_ros'
[4.480s] Level 1:colcon.colcon_core.package_identification:_identify(src/ydlidar_ros2_driver) by extensions ['ignore', 'ignore_ament_install']
[4.480s] Level 1:colcon.colcon_core.package_identification:_identify(src/ydlidar_ros2_driver) by extension 'ignore'
[4.480s] Level 1:colcon.colcon_core.package_identification:_identify(src/ydlidar_ros2_driver) by extension 'ignore_ament_install'
[4.481s] Level 1:colcon.colcon_core.package_identification:_identify(src/ydlidar_ros2_driver) by extensions ['colcon_pkg']
[4.481s] Level 1:colcon.colcon_core.package_identification:_identify(src/ydlidar_ros2_driver) by extension 'colcon_pkg'
[4.481s] Level 1:colcon.colcon_core.package_identification:_identify(src/ydlidar_ros2_driver) by extensions ['colcon_meta']
[4.481s] Level 1:colcon.colcon_core.package_identification:_identify(src/ydlidar_ros2_driver) by extension 'colcon_meta'
[4.481s] Level 1:colcon.colcon_core.package_identification:_identify(src/ydlidar_ros2_driver) by extensions ['ros']
[4.482s] Level 1:colcon.colcon_core.package_identification:_identify(src/ydlidar_ros2_driver) by extension 'ros'
[4.484s] DEBUG:colcon.colcon_core.package_identification:Package 'src/ydlidar_ros2_driver' with type 'ros.ament_cmake' and name 'ydlidar_ros2_driver'
[4.484s] Level 1:colcon.colcon_core.package_discovery:discover_packages(recursive) using defaults
[4.485s] Level 1:colcon.colcon_core.package_discovery:discover_packages(ignore) discover
[4.485s] Level 1:colcon.colcon_core.package_discovery:discover_packages(ignore) using defaults
[4.485s] Level 1:colcon.colcon_core.package_discovery:discover_packages(path) discover
[4.485s] Level 1:colcon.colcon_core.package_discovery:discover_packages(path) using defaults
[4.860s] Level 1:colcon.colcon_core.package_discovery:discover_packages(prefix_path) check parameters
[4.860s] Level 1:colcon.colcon_core.package_discovery:discover_packages(prefix_path) discover
[4.922s] WARNING:colcon.colcon_ros.prefix_path.ament:The path '/home/robotix/ros2_ws/src/install/vl53l1x' in the environment variable AMENT_PREFIX_PATH doesn't exist
[4.924s] WARNING:colcon.colcon_ros.prefix_path.catkin:The path '/home/robotix/ros2_ws/src/install/vl53l1x' in the environment variable CMAKE_PREFIX_PATH doesn't exist
[4.984s] DEBUG:colcon.colcon_installed_package_information.package_discovery:Found 3 installed packages in /home/robotix/ros2_ws/install
[5.042s] DEBUG:colcon.colcon_installed_package_information.package_discovery:Found 3 installed packages in /home/robotix/ros2_ws/src/install
[5.109s] DEBUG:colcon.colcon_installed_package_information.package_discovery:Found 180 installed packages in /opt/ros/humble
[5.113s] Level 1:colcon.colcon_core.package_discovery:discover_packages(prefix_path) using defaults
[5.421s] Level 5:colcon.colcon_core.verb:set package 'robotix' build argument 'cmake_args' from command line to 'None'
[5.421s] Level 5:colcon.colcon_core.verb:set package 'robotix' build argument 'cmake_target' from command line to 'None'
[5.421s] Level 5:colcon.colcon_core.verb:set package 'robotix' build argument 'cmake_target_skip_unavailable' from command line to 'False'
[5.421s] Level 5:colcon.colcon_core.verb:set package 'robotix' build argument 'cmake_clean_cache' from command line to 'False'
[5.421s] Level 5:colcon.colcon_core.verb:set package 'robotix' build argument 'cmake_clean_first' from command line to 'False'
[5.421s] Level 5:colcon.colcon_core.verb:set package 'robotix' build argument 'cmake_force_configure' from command line to 'False'
[5.422s] Level 5:colcon.colcon_core.verb:set package 'robotix' build argument 'ament_cmake_args' from command line to 'None'
[5.422s] Level 5:colcon.colcon_core.verb:set package 'robotix' build argument 'catkin_cmake_args' from command line to 'None'
[5.422s] Level 5:colcon.colcon_core.verb:set package 'robotix' build argument 'catkin_skip_building_tests' from command line to 'False'
[5.422s] DEBUG:colcon.colcon_core.verb:Building package 'robotix' with the following arguments: {'ament_cmake_args': None, 'build_base': '/home/robotix/ros2_ws/build/robotix', 'catkin_cmake_args': None, 'catkin_skip_building_tests': False, 'cmake_args': None, 'cmake_clean_cache': False, 'cmake_clean_first': False, 'cmake_force_configure': False, 'cmake_target': None, 'cmake_target_skip_unavailable': False, 'install_base': '/home/robotix/ros2_ws/install/robotix', 'merge_install': False, 'path': '/home/robotix/ros2_ws/src/robotix', 'symlink_install': True, 'test_result_base': None}
[5.480s] Level 5:colcon.colcon_core.verb:set package 'tof_imager_ros' build argument 'cmake_args' from command line to 'None'
[5.480s] Level 5:colcon.colcon_core.verb:set package 'tof_imager_ros' build argument 'cmake_target' from command line to 'None'
[5.480s] Level 5:colcon.colcon_core.verb:set package 'tof_imager_ros' build argument 'cmake_target_skip_unavailable' from command line to 'False'
[5.480s] Level 5:colcon.colcon_core.verb:set package 'tof_imager_ros' build argument 'cmake_clean_cache' from command line to 'False'
[5.480s] Level 5:colcon.colcon_core.verb:set package 'tof_imager_ros' build argument 'cmake_clean_first' from command line to 'False'
[5.481s] Level 5:colcon.colcon_core.verb:set package 'tof_imager_ros' build argument 'cmake_force_configure' from command line to 'False'
[5.481s] Level 5:colcon.colcon_core.verb:set package 'tof_imager_ros' build argument 'ament_cmake_args' from command line to 'None'
[5.481s] Level 5:colcon.colcon_core.verb:set package 'tof_imager_ros' build argument 'catkin_cmake_args' from command line to 'None'
[5.481s] Level 5:colcon.colcon_core.verb:set package 'tof_imager_ros' build argument 'catkin_skip_building_tests' from command line to 'False'
[5.481s] DEBUG:colcon.colcon_core.verb:Building package 'tof_imager_ros' with the following arguments: {'ament_cmake_args': None, 'build_base': '/home/robotix/ros2_ws/build/tof_imager_ros', 'catkin_cmake_args': None, 'catkin_skip_building_tests': False, 'cmake_args': None, 'cmake_clean_cache': False, 'cmake_clean_first': False, 'cmake_force_configure': False, 'cmake_target': None, 'cmake_target_skip_unavailable': False, 'install_base': '/home/robotix/ros2_ws/install/tof_imager_ros', 'merge_install': False, 'path': '/home/robotix/ros2_ws/src/tof_imager_ros', 'symlink_install': True, 'test_result_base': None}
[5.539s] Level 5:colcon.colcon_core.verb:set package 'ydlidar_ros2_driver' build argument 'cmake_args' from command line to 'None'
[5.539s] Level 5:colcon.colcon_core.verb:set package 'ydlidar_ros2_driver' build argument 'cmake_target' from command line to 'None'
[5.539s] Level 5:colcon.colcon_core.verb:set package 'ydlidar_ros2_driver' build argument 'cmake_target_skip_unavailable' from command line to 'False'
[5.539s] Level 5:colcon.colcon_core.verb:set package 'ydlidar_ros2_driver' build argument 'cmake_clean_cache' from command line to 'False'
[5.539s] Level 5:colcon.colcon_core.verb:set package 'ydlidar_ros2_driver' build argument 'cmake_clean_first' from command line to 'False'
[5.539s] Level 5:colcon.colcon_core.verb:set package 'ydlidar_ros2_driver' build argument 'cmake_force_configure' from command line to 'False'
[5.540s] Level 5:colcon.colcon_core.verb:set package 'ydlidar_ros2_driver' build argument 'ament_cmake_args' from command line to 'None'
[5.540s] Level 5:colcon.colcon_core.verb:set package 'ydlidar_ros2_driver' build argument 'catkin_cmake_args' from command line to 'None'
[5.540s] Level 5:colcon.colcon_core.verb:set package 'ydlidar_ros2_driver' build argument 'catkin_skip_building_tests' from command line to 'False'
[5.540s] DEBUG:colcon.colcon_core.verb:Building package 'ydlidar_ros2_driver' with the following arguments: {'ament_cmake_args': None, 'build_base': '/home/robotix/ros2_ws/build/ydlidar_ros2_driver', 'catkin_cmake_args': None, 'catkin_skip_building_tests': False, 'cmake_args': None, 'cmake_clean_cache': False, 'cmake_clean_first': False, 'cmake_force_configure': False, 'cmake_target': None, 'cmake_target_skip_unavailable': False, 'install_base': '/home/robotix/ros2_ws/install/ydlidar_ros2_driver', 'merge_install': False, 'path': '/home/robotix/ros2_ws/src/ydlidar_ros2_driver', 'symlink_install': True, 'test_result_base': None}
[5.596s] INFO:colcon.colcon_core.executor:Executing jobs using 'parallel' executor
[5.655s] DEBUG:colcon.colcon_parallel_executor.executor.parallel:run_until_complete
[5.656s] INFO:colcon.colcon_ros.task.ament_python.build:Building ROS package in '/home/robotix/ros2_ws/src/robotix' with build type 'ament_python'
[5.657s] Level 1:colcon.colcon_core.shell:create_environment_hook('robotix', 'ament_prefix_path')
[5.725s] INFO:colcon.colcon_core.plugin_system:Skipping extension 'colcon_core.shell.bat': Not used on non-Windows systems
[5.726s] INFO:colcon.colcon_core.shell:Creating environment hook '/home/robotix/ros2_ws/install/robotix/share/robotix/hook/ament_prefix_path.ps1'
[5.728s] INFO:colcon.colcon_core.shell:Creating environment descriptor '/home/robotix/ros2_ws/install/robotix/share/robotix/hook/ament_prefix_path.dsv'
[5.730s] INFO:colcon.colcon_core.shell:Creating environment hook '/home/robotix/ros2_ws/install/robotix/share/robotix/hook/ament_prefix_path.sh'
[5.791s] INFO:colcon.colcon_core.shell:Skip shell extension 'powershell' for command environment: Not usable outside of PowerShell
[5.792s] DEBUG:colcon.colcon_core.shell:Skip shell extension 'dsv' for command environment
[6.040s] INFO:colcon.colcon_ros.task.ament_python.build:Building ROS package in '/home/robotix/ros2_ws/src/tof_imager_ros' with build type 'ament_python'
[6.041s] Level 1:colcon.colcon_core.shell:create_environment_hook('tof_imager_ros', 'ament_prefix_path')
[6.102s] INFO:colcon.colcon_core.shell:Creating environment hook '/home/robotix/ros2_ws/install/tof_imager_ros/share/tof_imager_ros/hook/ament_prefix_path.ps1'
[6.104s] INFO:colcon.colcon_core.shell:Creating environment descriptor '/home/robotix/ros2_ws/install/tof_imager_ros/share/tof_imager_ros/hook/ament_prefix_path.dsv'
[6.106s] INFO:colcon.colcon_core.shell:Creating environment hook '/home/robotix/ros2_ws/install/tof_imager_ros/share/tof_imager_ros/hook/ament_prefix_path.sh'
[6.166s] INFO:colcon.colcon_core.shell:Skip shell extension 'powershell' for command environment: Not usable outside of PowerShell
[6.166s] DEBUG:colcon.colcon_core.shell:Skip shell extension 'dsv' for command environment
[6.413s] INFO:colcon.colcon_ros.task.ament_cmake.build:Building ROS package in '/home/robotix/ros2_ws/src/ydlidar_ros2_driver' with build type 'ament_cmake'
[6.414s] INFO:colcon.colcon_cmake.task.cmake.build:Building CMake package in '/home/robotix/ros2_ws/src/ydlidar_ros2_driver'
[6.474s] INFO:colcon.colcon_core.shell:Skip shell extension 'powershell' for command environment: Not usable outside of PowerShell
[6.475s] DEBUG:colcon.colcon_core.shell:Skip shell extension 'dsv' for command environment
[7.973s] INFO:colcon.colcon_core.task.python.build:Building Python package in '/home/robotix/ros2_ws/src/robotix'
[8.031s] INFO:colcon.colcon_core.shell:Skip shell extension 'powershell' for command environment: Not usable outside of PowerShell
[8.031s] DEBUG:colcon.colcon_core.shell:Skip shell extension 'dsv' for command environment
[9.526s] INFO:colcon.colcon_core.task.python.build:Building Python package in '/home/robotix/ros2_ws/src/tof_imager_ros'
[9.586s] INFO:colcon.colcon_core.shell:Skip shell extension 'powershell' for command environment: Not usable outside of PowerShell
[9.587s] DEBUG:colcon.colcon_core.shell:Skip shell extension 'dsv' for command environment
[9.852s] DEBUG:colcon.colcon_core.event_handler.log_command:Invoking command in '/home/robotix/ros2_ws/build/ydlidar_ros2_driver': CMAKE_PREFIX_PATH=${CMAKE_PREFIX_PATH}:/home/robotix/ros2_ws/install/tof_imager_ros:/home/robotix/ros2_ws/install/robotix:/home/robotix/ros2_ws/src/install/tof_imager_ros:/home/robotix/ros2_ws/src/install/robotix:/opt/ros/humble /usr/bin/cmake --build /home/robotix/ros2_ws/build/ydlidar_ros2_driver -- -j4 -l4
[10.208s] DEBUG:colcon.colcon_core.event_handler.log_command:Invoked command in '/home/robotix/ros2_ws/build/ydlidar_ros2_driver' returned '0': CMAKE_PREFIX_PATH=${CMAKE_PREFIX_PATH}:/home/robotix/ros2_ws/install/tof_imager_ros:/home/robotix/ros2_ws/install/robotix:/home/robotix/ros2_ws/src/install/tof_imager_ros:/home/robotix/ros2_ws/src/install/robotix:/opt/ros/humble /usr/bin/cmake --build /home/robotix/ros2_ws/build/ydlidar_ros2_driver -- -j4 -l4
[10.414s] DEBUG:colcon.colcon_core.event_handler.log_command:Invoking command in '/home/robotix/ros2_ws/build/ydlidar_ros2_driver': CMAKE_PREFIX_PATH=${CMAKE_PREFIX_PATH}:/home/robotix/ros2_ws/install/tof_imager_ros:/home/robotix/ros2_ws/install/robotix:/home/robotix/ros2_ws/src/install/tof_imager_ros:/home/robotix/ros2_ws/src/install/robotix:/opt/ros/humble /usr/bin/cmake --install /home/robotix/ros2_ws/build/ydlidar_ros2_driver
[10.554s] Level 1:colcon.colcon_core.environment:create_environment_scripts_only(ydlidar_ros2_driver)
[10.556s] DEBUG:colcon.colcon_core.event_handler.log_command:Invoked command in '/home/robotix/ros2_ws/build/ydlidar_ros2_driver' returned '0': CMAKE_PREFIX_PATH=${CMAKE_PREFIX_PATH}:/home/robotix/ros2_ws/install/tof_imager_ros:/home/robotix/ros2_ws/install/robotix:/home/robotix/ros2_ws/src/install/tof_imager_ros:/home/robotix/ros2_ws/src/install/robotix:/opt/ros/humble /usr/bin/cmake --install /home/robotix/ros2_ws/build/ydlidar_ros2_driver
[10.653s] Level 1:colcon.colcon_core.environment:checking '/home/robotix/ros2_ws/install/ydlidar_ros2_driver' for CMake module files
[10.657s] Level 1:colcon.colcon_core.environment:checking '/home/robotix/ros2_ws/install/ydlidar_ros2_driver' for CMake config files
[10.660s] Level 1:colcon.colcon_core.shell:create_environment_hook('ydlidar_ros2_driver', 'cmake_prefix_path')
[10.741s] INFO:colcon.colcon_core.shell:Creating environment hook '/home/robotix/ros2_ws/install/ydlidar_ros2_driver/share/ydlidar_ros2_driver/hook/cmake_prefix_path.ps1'
[10.743s] INFO:colcon.colcon_core.shell:Creating environment descriptor '/home/robotix/ros2_ws/install/ydlidar_ros2_driver/share/ydlidar_ros2_driver/hook/cmake_prefix_path.dsv'
[10.745s] INFO:colcon.colcon_core.shell:Creating environment hook '/home/robotix/ros2_ws/install/ydlidar_ros2_driver/share/ydlidar_ros2_driver/hook/cmake_prefix_path.sh'
[10.749s] Level 1:colcon.colcon_core.environment:checking '/home/robotix/ros2_ws/install/ydlidar_ros2_driver/lib'
[10.750s] Level 1:colcon.colcon_core.environment:checking '/home/robotix/ros2_ws/install/ydlidar_ros2_driver/bin'
[10.751s] Level 1:colcon.colcon_core.environment:checking '/home/robotix/ros2_ws/install/ydlidar_ros2_driver/lib/pkgconfig/ydlidar_ros2_driver.pc'
[10.752s] Level 1:colcon.colcon_core.environment:checking '/home/robotix/ros2_ws/install/ydlidar_ros2_driver/lib/python3.10/site-packages'
[10.753s] Level 1:colcon.colcon_core.environment:checking '/home/robotix/ros2_ws/install/ydlidar_ros2_driver/bin'
[10.831s] INFO:colcon.colcon_core.shell:Creating package script '/home/robotix/ros2_ws/install/ydlidar_ros2_driver/share/ydlidar_ros2_driver/package.ps1'
[10.835s] INFO:colcon.colcon_core.shell:Creating package descriptor '/home/robotix/ros2_ws/install/ydlidar_ros2_driver/share/ydlidar_ros2_driver/package.dsv'
[10.839s] INFO:colcon.colcon_core.shell:Creating package script '/home/robotix/ros2_ws/install/ydlidar_ros2_driver/share/ydlidar_ros2_driver/package.sh'
[10.843s] INFO:colcon.colcon_core.shell:Creating package script '/home/robotix/ros2_ws/install/ydlidar_ros2_driver/share/ydlidar_ros2_driver/package.bash'
[10.847s] INFO:colcon.colcon_core.shell:Creating package script '/home/robotix/ros2_ws/install/ydlidar_ros2_driver/share/ydlidar_ros2_driver/package.zsh'
[10.851s] Level 1:colcon.colcon_core.environment:create_file_with_runtime_dependencies(/home/robotix/ros2_ws/install/ydlidar_ros2_driver/share/colcon-core/packages/ydlidar_ros2_driver)
[11.111s] Level 1:colcon.colcon_core.environment:create_environment_scripts_only(ydlidar_ros2_driver)
[11.190s] Level 1:colcon.colcon_core.environment:checking '/home/robotix/ros2_ws/install/ydlidar_ros2_driver' for CMake module files
[11.195s] Level 1:colcon.colcon_core.environment:checking '/home/robotix/ros2_ws/install/ydlidar_ros2_driver' for CMake config files
[11.198s] Level 1:colcon.colcon_core.shell:create_environment_hook('ydlidar_ros2_driver', 'cmake_prefix_path')
[11.294s] INFO:colcon.colcon_core.shell:Creating environment hook '/home/robotix/ros2_ws/install/ydlidar_ros2_driver/share/ydlidar_ros2_driver/hook/cmake_prefix_path.ps1'
[11.296s] INFO:colcon.colcon_core.shell:Creating environment descriptor '/home/robotix/ros2_ws/install/ydlidar_ros2_driver/share/ydlidar_ros2_driver/hook/cmake_prefix_path.dsv'
[11.299s] INFO:colcon.colcon_core.shell:Creating environment hook '/home/robotix/ros2_ws/install/ydlidar_ros2_driver/share/ydlidar_ros2_driver/hook/cmake_prefix_path.sh'
[11.302s] Level 1:colcon.colcon_core.environment:checking '/home/robotix/ros2_ws/install/ydlidar_ros2_driver/lib'
[11.303s] Level 1:colcon.colcon_core.environment:checking '/home/robotix/ros2_ws/install/ydlidar_ros2_driver/bin'
[11.303s] Level 1:colcon.colcon_core.environment:checking '/home/robotix/ros2_ws/install/ydlidar_ros2_driver/lib/pkgconfig/ydlidar_ros2_driver.pc'
[11.305s] Level 1:colcon.colcon_core.environment:checking '/home/robotix/ros2_ws/install/ydlidar_ros2_driver/lib/python3.10/site-packages'
[11.306s] Level 1:colcon.colcon_core.environment:checking '/home/robotix/ros2_ws/install/ydlidar_ros2_driver/bin'
[11.405s] INFO:colcon.colcon_core.shell:Creating package script '/home/robotix/ros2_ws/install/ydlidar_ros2_driver/share/ydlidar_ros2_driver/package.ps1'
[11.409s] INFO:colcon.colcon_core.shell:Creating package descriptor '/home/robotix/ros2_ws/install/ydlidar_ros2_driver/share/ydlidar_ros2_driver/package.dsv'
[11.412s] INFO:colcon.colcon_core.shell:Creating package script '/home/robotix/ros2_ws/install/ydlidar_ros2_driver/share/ydlidar_ros2_driver/package.sh'
[11.415s] INFO:colcon.colcon_core.shell:Creating package script '/home/robotix/ros2_ws/install/ydlidar_ros2_driver/share/ydlidar_ros2_driver/package.bash'
[11.418s] INFO:colcon.colcon_core.shell:Creating package script '/home/robotix/ros2_ws/install/ydlidar_ros2_driver/share/ydlidar_ros2_driver/package.zsh'
[11.422s] Level 1:colcon.colcon_core.environment:create_file_with_runtime_dependencies(/home/robotix/ros2_ws/install/ydlidar_ros2_driver/share/colcon-core/packages/ydlidar_ros2_driver)
[12.034s] DEBUG:colcon.colcon_core.event_handler.log_command:Invoking command in '/home/robotix/ros2_ws/build/robotix': PYTHONPATH=/home/robotix/ros2_ws/build/robotix/prefix_override:/home/robotix/ros2_ws/install/robotix/lib/python3.10/site-packages:${PYTHONPATH} /usr/bin/python3 setup.py develop --editable --build-directory /home/robotix/ros2_ws/build/robotix/build --no-deps install_data
[12.050s] DEBUG:colcon.colcon_core.event_handler.log_command:Invoking command in '/home/robotix/ros2_ws/build/tof_imager_ros': PYTHONPATH=/home/robotix/ros2_ws/build/tof_imager_ros/prefix_override:/home/robotix/ros2_ws/install/tof_imager_ros/lib/python3.10/site-packages:${PYTHONPATH} /usr/bin/python3 setup.py develop --editable --build-directory /home/robotix/ros2_ws/build/tof_imager_ros/build --no-deps install_data
[14.403s] Level 1:colcon.colcon_core.shell:create_environment_hook('tof_imager_ros', 'pythonpath_develop')
[14.405s] DEBUG:colcon.colcon_core.event_handler.log_command:Invoked command in '/home/robotix/ros2_ws/build/tof_imager_ros' returned '0': PYTHONPATH=/home/robotix/ros2_ws/build/tof_imager_ros/prefix_override:/home/robotix/ros2_ws/install/tof_imager_ros/lib/python3.10/site-packages:${PYTHONPATH} /usr/bin/python3 setup.py develop --editable --build-directory /home/robotix/ros2_ws/build/tof_imager_ros/build --no-deps install_data
[14.466s] INFO:colcon.colcon_core.shell:Creating environment hook '/home/robotix/ros2_ws/build/tof_imager_ros/share/tof_imager_ros/hook/pythonpath_develop.ps1'
[14.469s] INFO:colcon.colcon_core.shell:Creating environment descriptor '/home/robotix/ros2_ws/build/tof_imager_ros/share/tof_imager_ros/hook/pythonpath_develop.dsv'
[14.470s] INFO:colcon.colcon_core.shell:Creating environment hook '/home/robotix/ros2_ws/build/tof_imager_ros/share/tof_imager_ros/hook/pythonpath_develop.sh'
[14.568s] Level 1:colcon.colcon_core.environment:checking '/home/robotix/ros2_ws/install/tof_imager_ros' for CMake module files
[14.571s] Level 1:colcon.colcon_core.environment:checking '/home/robotix/ros2_ws/install/tof_imager_ros' for CMake config files
[14.574s] Level 1:colcon.colcon_core.environment:checking '/home/robotix/ros2_ws/install/tof_imager_ros/lib'
[14.575s] Level 1:colcon.colcon_core.environment:checking '/home/robotix/ros2_ws/install/tof_imager_ros/bin'
[14.575s] Level 1:colcon.colcon_core.environment:checking '/home/robotix/ros2_ws/install/tof_imager_ros/lib/pkgconfig/tof_imager_ros.pc'
[14.576s] Level 1:colcon.colcon_core.environment:checking '/home/robotix/ros2_ws/install/tof_imager_ros/lib/python3.10/site-packages'
[14.576s] Level 1:colcon.colcon_core.shell:create_environment_hook('tof_imager_ros', 'pythonpath')
[14.634s] INFO:colcon.colcon_core.shell:Creating environment hook '/home/robotix/ros2_ws/install/tof_imager_ros/share/tof_imager_ros/hook/pythonpath.ps1'
[14.636s] INFO:colcon.colcon_core.shell:Creating environment descriptor '/home/robotix/ros2_ws/install/tof_imager_ros/share/tof_imager_ros/hook/pythonpath.dsv'
[14.638s] INFO:colcon.colcon_core.shell:Creating environment hook '/home/robotix/ros2_ws/install/tof_imager_ros/share/tof_imager_ros/hook/pythonpath.sh'
[14.641s] Level 1:colcon.colcon_core.environment:checking '/home/robotix/ros2_ws/install/tof_imager_ros/bin'
[14.641s] Level 1:colcon.colcon_core.environment:create_environment_scripts_only(tof_imager_ros)
[14.700s] INFO:colcon.colcon_core.shell:Creating package script '/home/robotix/ros2_ws/install/tof_imager_ros/share/tof_imager_ros/package.ps1'
[14.703s] INFO:colcon.colcon_core.shell:Creating package descriptor '/home/robotix/ros2_ws/install/tof_imager_ros/share/tof_imager_ros/package.dsv'
[14.705s] INFO:colcon.colcon_core.shell:Creating package script '/home/robotix/ros2_ws/install/tof_imager_ros/share/tof_imager_ros/package.sh'
[14.707s] INFO:colcon.colcon_core.shell:Creating package script '/home/robotix/ros2_ws/install/tof_imager_ros/share/tof_imager_ros/package.bash'
[14.709s] INFO:colcon.colcon_core.shell:Creating package script '/home/robotix/ros2_ws/install/tof_imager_ros/share/tof_imager_ros/package.zsh'
[14.711s] Level 1:colcon.colcon_core.environment:create_file_with_runtime_dependencies(/home/robotix/ros2_ws/install/tof_imager_ros/share/colcon-core/packages/tof_imager_ros)
[14.715s] Level 1:colcon.colcon_core.shell:create_environment_hook('robotix', 'pythonpath_develop')
[14.718s] DEBUG:colcon.colcon_core.event_handler.log_command:Invoked command in '/home/robotix/ros2_ws/build/robotix' returned '0': PYTHONPATH=/home/robotix/ros2_ws/build/robotix/prefix_override:/home/robotix/ros2_ws/install/robotix/lib/python3.10/site-packages:${PYTHONPATH} /usr/bin/python3 setup.py develop --editable --build-directory /home/robotix/ros2_ws/build/robotix/build --no-deps install_data
[14.778s] INFO:colcon.colcon_core.shell:Creating environment hook '/home/robotix/ros2_ws/build/robotix/share/robotix/hook/pythonpath_develop.ps1'
[14.780s] INFO:colcon.colcon_core.shell:Creating environment descriptor '/home/robotix/ros2_ws/build/robotix/share/robotix/hook/pythonpath_develop.dsv'
[14.782s] INFO:colcon.colcon_core.shell:Creating environment hook '/home/robotix/ros2_ws/build/robotix/share/robotix/hook/pythonpath_develop.sh'
[14.841s] Level 1:colcon.colcon_core.environment:checking '/home/robotix/ros2_ws/install/robotix' for CMake module files
[14.844s] Level 1:colcon.colcon_core.environment:checking '/home/robotix/ros2_ws/install/robotix' for CMake config files
[14.847s] Level 1:colcon.colcon_core.environment:checking '/home/robotix/ros2_ws/install/robotix/lib'
[14.848s] Level 1:colcon.colcon_core.environment:checking '/home/robotix/ros2_ws/install/robotix/bin'
[14.848s] Level 1:colcon.colcon_core.environment:checking '/home/robotix/ros2_ws/install/robotix/lib/pkgconfig/robotix.pc'
[14.849s] Level 1:colcon.colcon_core.environment:checking '/home/robotix/ros2_ws/install/robotix/lib/python3.10/site-packages'
[14.849s] Level 1:colcon.colcon_core.shell:create_environment_hook('robotix', 'pythonpath')
[14.907s] INFO:colcon.colcon_core.shell:Creating environment hook '/home/robotix/ros2_ws/install/robotix/share/robotix/hook/pythonpath.ps1'
[14.910s] INFO:colcon.colcon_core.shell:Creating environment descriptor '/home/robotix/ros2_ws/install/robotix/share/robotix/hook/pythonpath.dsv'
[14.911s] INFO:colcon.colcon_core.shell:Creating environment hook '/home/robotix/ros2_ws/install/robotix/share/robotix/hook/pythonpath.sh'
[14.914s] Level 1:colcon.colcon_core.environment:checking '/home/robotix/ros2_ws/install/robotix/bin'
[14.914s] Level 1:colcon.colcon_core.environment:create_environment_scripts_only(robotix)
[14.973s] INFO:colcon.colcon_core.shell:Creating package script '/home/robotix/ros2_ws/install/robotix/share/robotix/package.ps1'
[14.976s] INFO:colcon.colcon_core.shell:Creating package descriptor '/home/robotix/ros2_ws/install/robotix/share/robotix/package.dsv'
[14.978s] INFO:colcon.colcon_core.shell:Creating package script '/home/robotix/ros2_ws/install/robotix/share/robotix/package.sh'
[14.981s] INFO:colcon.colcon_core.shell:Creating package script '/home/robotix/ros2_ws/install/robotix/share/robotix/package.bash'
[14.983s] INFO:colcon.colcon_core.shell:Creating package script '/home/robotix/ros2_ws/install/robotix/share/robotix/package.zsh'
[14.984s] Level 1:colcon.colcon_core.environment:create_file_with_runtime_dependencies(/home/robotix/ros2_ws/install/robotix/share/colcon-core/packages/robotix)
[14.986s] DEBUG:colcon.colcon_parallel_executor.executor.parallel:closing loop
[14.987s] DEBUG:colcon.colcon_parallel_executor.executor.parallel:loop closed
[14.987s] DEBUG:colcon.colcon_parallel_executor.executor.parallel:run_until_complete finished with '0'
[14.988s] DEBUG:colcon.colcon_core.event_reactor:joining thread
[15.071s] INFO:colcon.colcon_core.plugin_system:Skipping extension 'colcon_notification.desktop_notification.notify_send': Could not find 'notify-send'
[15.071s] INFO:colcon.colcon_core.plugin_system:Skipping extension 'colcon_notification.desktop_notification.terminal_notifier': Not used on non-Darwin systems
[15.072s] INFO:colcon.colcon_core.plugin_system:Skipping extension 'colcon_notification.desktop_notification.win32': Not used on non-Windows systems
[15.072s] INFO:colcon.colcon_notification.desktop_notification:Sending desktop notification using 'notify2'
[15.075s] DEBUG:colcon.colcon_notification.desktop_notification.notify2:Failed to initialize notify2: org.freedesktop.DBus.Error.ServiceUnknown: The name org.freedesktop.Notifications was not provided by any .service files
[15.075s] DEBUG:colcon.colcon_core.event_reactor:joined thread
[15.134s] INFO:colcon.colcon_core.shell:Creating prefix script '/home/robotix/ros2_ws/install/local_setup.ps1'
[15.139s] INFO:colcon.colcon_core.shell:Creating prefix util module '/home/robotix/ros2_ws/install/_local_setup_util_ps1.py'
[15.145s] INFO:colcon.colcon_core.shell:Creating prefix chain script '/home/robotix/ros2_ws/install/setup.ps1'
[15.208s] INFO:colcon.colcon_core.shell:Creating prefix script '/home/robotix/ros2_ws/install/local_setup.sh'
[15.211s] INFO:colcon.colcon_core.shell:Creating prefix util module '/home/robotix/ros2_ws/install/_local_setup_util_sh.py'
[15.213s] INFO:colcon.colcon_core.shell:Creating prefix chain script '/home/robotix/ros2_ws/install/setup.sh'
[15.276s] INFO:colcon.colcon_core.shell:Creating prefix script '/home/robotix/ros2_ws/install/local_setup.bash'
[15.279s] INFO:colcon.colcon_core.shell:Creating prefix chain script '/home/robotix/ros2_ws/install/setup.bash'
[15.342s] INFO:colcon.colcon_core.shell:Creating prefix script '/home/robotix/ros2_ws/install/local_setup.zsh'
[15.345s] INFO:colcon.colcon_core.shell:Creating prefix chain script '/home/robotix/ros2_ws/install/setup.zsh'
