[4.405s] Invoking command in '/home/robotix/ros2_ws/build/robotix': PYTHONPATH=/home/robotix/ros2_ws/build/robotix/prefix_override:/home/robotix/ros2_ws/install/robotix/lib/python3.10/site-packages:${PYTHONPATH} /usr/bin/python3 setup.py develop --editable --build-directory /home/robotix/ros2_ws/build/robotix/build --no-deps install_data
[5.818s] running develop
[6.756s] running egg_info
[6.757s] writing robotix.egg-info/PKG-INFO
[6.758s] writing dependency_links to robotix.egg-info/dependency_links.txt
[6.759s] writing entry points to robotix.egg-info/entry_points.txt
[6.760s] writing requirements to robotix.egg-info/requires.txt
[6.761s] writing top-level names to robotix.egg-info/top_level.txt
[6.770s] reading manifest file 'robotix.egg-info/SOURCES.txt'
[6.776s] writing manifest file 'robotix.egg-info/SOURCES.txt'
[6.783s] running build_ext
[6.784s] Creating /home/robotix/ros2_ws/install/robotix/lib/python3.10/site-packages/robotix.egg-link (link to .)
[6.789s] Installing codeuse script to /home/robotix/ros2_ws/install/robotix/lib/robotix
[6.790s] Installing controller script to /home/robotix/ros2_ws/install/robotix/lib/robotix
[6.791s] Installing ctrl_claw script to /home/robotix/ros2_ws/install/robotix/lib/robotix
[6.792s] Installing ctrl_nav script to /home/robotix/ros2_ws/install/robotix/lib/robotix
[6.793s] Installing jetson script to /home/robotix/ros2_ws/install/robotix/lib/robotix
[6.794s] Installing laser script to /home/robotix/ros2_ws/install/robotix/lib/robotix
[6.795s] Installing lidar script to /home/robotix/ros2_ws/install/robotix/lib/robotix
[6.796s] Installing motor script to /home/robotix/ros2_ws/install/robotix/lib/robotix
[6.797s] Installing motor_claw script to /home/robotix/ros2_ws/install/robotix/lib/robotix
[6.798s] Installing motor_plateau script to /home/robotix/ros2_ws/install/robotix/lib/robotix
[6.800s] 
[6.801s] Installed /home/robotix/ros2_ws/build/robotix
[6.802s] running install_data
[6.953s] Invoked command in '/home/robotix/ros2_ws/build/robotix' returned '0': PYTHONPATH=/home/robotix/ros2_ws/build/robotix/prefix_override:/home/robotix/ros2_ws/install/robotix/lib/python3.10/site-packages:${PYTHONPATH} /usr/bin/python3 setup.py develop --editable --build-directory /home/robotix/ros2_ws/build/robotix/build --no-deps install_data
