-- Found ament_cmake: 1.3.5 (/opt/ros/humble/share/ament_cmake/cmake)
-- Override CMake install command with custom implementation using symlinks instead of copying resources
-- Found rclcpp: 16.0.6 (/opt/ros/humble/share/rclcpp/cmake)
-- Found rosidl_generator_c: 3.1.5 (/opt/ros/humble/share/rosidl_generator_c/cmake)
-- Found rosidl_adapter: 3.1.5 (/opt/ros/humble/share/rosidl_adapter/cmake)
-- Found rosidl_generator_cpp: 3.1.5 (/opt/ros/humble/share/rosidl_generator_cpp/cmake)
-- Using all available rosidl_typesupport_c: rosidl_typesupport_fastrtps_c;rosidl_typesupport_introspection_c
-- Using all available rosidl_typesupport_cpp: rosidl_typesupport_fastrtps_cpp;rosidl_typesupport_introspection_cpp
-- Found rmw_implementation_cmake: 6.1.1 (/opt/ros/humble/share/rmw_implementation_cmake/cmake)
-- Found rmw_fastrtps_cpp: 6.2.4 (/opt/ros/humble/share/rmw_fastrtps_cpp/cmake)
-- Using RMW implementation 'rmw_fastrtps_cpp' as default
-- Found sensor_msgs: 4.2.3 (/opt/ros/humble/share/sensor_msgs/cmake)
-- Configuring done
-- Generating done
-- Build files have been written to: /home/robotix/ros2_ws/build/vl53l1x
[35m[1mConsolidate compiler generated dependencies of target vl53l1x_node[0m
[ 33%] [32m[1mLinking CXX executable vl53l1x_node[0m
[100%] Built target vl53l1x_node
-- Install configuration: ""
-- Execute custom install script
-- Symlinking: /home/robotix/ros2_ws/install/vl53l1x/lib/vl53l1x/vl53l1x_node
-- Symlinking: /home/robotix/ros2_ws/install/vl53l1x/share/ament_index/resource_index/package_run_dependencies/vl53l1x
-- Symlinking: /home/robotix/ros2_ws/install/vl53l1x/share/ament_index/resource_index/parent_prefix_path/vl53l1x
-- Symlinking: /home/robotix/ros2_ws/install/vl53l1x/share/vl53l1x/environment/ament_prefix_path.sh
-- Symlinking: /home/robotix/ros2_ws/install/vl53l1x/share/vl53l1x/environment/ament_prefix_path.dsv
-- Symlinking: /home/robotix/ros2_ws/install/vl53l1x/share/vl53l1x/environment/path.sh
-- Symlinking: /home/robotix/ros2_ws/install/vl53l1x/share/vl53l1x/environment/path.dsv
-- Symlinking: /home/robotix/ros2_ws/install/vl53l1x/share/vl53l1x/local_setup.bash
-- Symlinking: /home/robotix/ros2_ws/install/vl53l1x/share/vl53l1x/local_setup.sh
-- Symlinking: /home/robotix/ros2_ws/install/vl53l1x/share/vl53l1x/local_setup.zsh
-- Symlinking: /home/robotix/ros2_ws/install/vl53l1x/share/vl53l1x/local_setup.dsv
-- Symlinking: /home/robotix/ros2_ws/install/vl53l1x/share/vl53l1x/package.dsv
-- Symlinking: /home/robotix/ros2_ws/install/vl53l1x/share/ament_index/resource_index/packages/vl53l1x
-- Symlinking: /home/robotix/ros2_ws/install/vl53l1x/share/vl53l1x/cmake/vl53l1xConfig.cmake
-- Symlinking: /home/robotix/ros2_ws/install/vl53l1x/share/vl53l1x/cmake/vl53l1xConfig-version.cmake
-- Symlinking: /home/robotix/ros2_ws/install/vl53l1x/share/vl53l1x/package.xml
