[2.097s] Invoking command in '/home/robotix/ros2_ws/build/vl53l1x': CMAKE_PREFIX_PATH=${CMAKE_PREFIX_PATH}:/home/robotix/ros2_ws/src/install/robotix:/home/robotix/ros2_ws/install/robotix:/opt/ros/humble /usr/bin/cmake /home/robotix/ros2_ws/src/ROS2-VL53L1X -DAMENT_CMAKE_SYMLINK_INSTALL=1 -DCMAKE_INSTALL_PREFIX=/home/robotix/ros2_ws/install/vl53l1x
[2.165s] -- Found ament_cmake: 1.3.5 (/opt/ros/humble/share/ament_cmake/cmake)
[3.005s] -- Override CMake install command with custom implementation using symlinks instead of copying resources
[3.055s] -- Found rclcpp: 16.0.6 (/opt/ros/humble/share/rclcpp/cmake)
[3.249s] -- Found rosidl_generator_c: 3.1.5 (/opt/ros/humble/share/rosidl_generator_c/cmake)
[3.255s] -- Found rosidl_adapter: 3.1.5 (/opt/ros/humble/share/rosidl_adapter/cmake)
[3.292s] -- Found rosidl_generator_cpp: 3.1.5 (/opt/ros/humble/share/rosidl_generator_cpp/cmake)
[3.357s] -- Using all available rosidl_typesupport_c: rosidl_typesupport_fastrtps_c;rosidl_typesupport_introspection_c
[3.447s] -- Using all available rosidl_typesupport_cpp: rosidl_typesupport_fastrtps_cpp;rosidl_typesupport_introspection_cpp
[3.760s] -- Found rmw_implementation_cmake: 6.1.1 (/opt/ros/humble/share/rmw_implementation_cmake/cmake)
[3.768s] -- Found rmw_fastrtps_cpp: 6.2.4 (/opt/ros/humble/share/rmw_fastrtps_cpp/cmake)
[4.419s] -- Using RMW implementation 'rmw_fastrtps_cpp' as default
[5.193s] -- Found sensor_msgs: 4.2.3 (/opt/ros/humble/share/sensor_msgs/cmake)
[6.118s] -- Configuring done
[6.186s] -- Generating done
[6.196s] -- Build files have been written to: /home/robotix/ros2_ws/build/vl53l1x
[6.221s] Invoked command in '/home/robotix/ros2_ws/build/vl53l1x' returned '0': CMAKE_PREFIX_PATH=${CMAKE_PREFIX_PATH}:/home/robotix/ros2_ws/src/install/robotix:/home/robotix/ros2_ws/install/robotix:/opt/ros/humble /usr/bin/cmake /home/robotix/ros2_ws/src/ROS2-VL53L1X -DAMENT_CMAKE_SYMLINK_INSTALL=1 -DCMAKE_INSTALL_PREFIX=/home/robotix/ros2_ws/install/vl53l1x
[6.230s] Invoking command in '/home/robotix/ros2_ws/build/vl53l1x': CMAKE_PREFIX_PATH=${CMAKE_PREFIX_PATH}:/home/robotix/ros2_ws/src/install/robotix:/home/robotix/ros2_ws/install/robotix:/opt/ros/humble /usr/bin/cmake --build /home/robotix/ros2_ws/build/vl53l1x -- -j4 -l4
[6.397s] [35m[1mConsolidate compiler generated dependencies of target vl53l1x_node[0m
[6.496s] [ 33%] [32m[1mLinking CXX executable vl53l1x_node[0m
[7.572s] [100%] Built target vl53l1x_node
[7.611s] Invoked command in '/home/robotix/ros2_ws/build/vl53l1x' returned '0': CMAKE_PREFIX_PATH=${CMAKE_PREFIX_PATH}:/home/robotix/ros2_ws/src/install/robotix:/home/robotix/ros2_ws/install/robotix:/opt/ros/humble /usr/bin/cmake --build /home/robotix/ros2_ws/build/vl53l1x -- -j4 -l4
[7.778s] Invoking command in '/home/robotix/ros2_ws/build/vl53l1x': CMAKE_PREFIX_PATH=${CMAKE_PREFIX_PATH}:/home/robotix/ros2_ws/src/install/robotix:/home/robotix/ros2_ws/install/robotix:/opt/ros/humble /usr/bin/cmake --install /home/robotix/ros2_ws/build/vl53l1x
[7.806s] -- Install configuration: ""
[7.807s] -- Execute custom install script
[7.809s] -- Symlinking: /home/robotix/ros2_ws/install/vl53l1x/lib/vl53l1x/vl53l1x_node
[7.842s] -- Symlinking: /home/robotix/ros2_ws/install/vl53l1x/share/ament_index/resource_index/package_run_dependencies/vl53l1x
[7.875s] -- Symlinking: /home/robotix/ros2_ws/install/vl53l1x/share/ament_index/resource_index/parent_prefix_path/vl53l1x
[7.909s] -- Symlinking: /home/robotix/ros2_ws/install/vl53l1x/share/vl53l1x/environment/ament_prefix_path.sh
[7.942s] -- Symlinking: /home/robotix/ros2_ws/install/vl53l1x/share/vl53l1x/environment/ament_prefix_path.dsv
[7.975s] -- Symlinking: /home/robotix/ros2_ws/install/vl53l1x/share/vl53l1x/environment/path.sh
[8.007s] -- Symlinking: /home/robotix/ros2_ws/install/vl53l1x/share/vl53l1x/environment/path.dsv
[8.040s] -- Symlinking: /home/robotix/ros2_ws/install/vl53l1x/share/vl53l1x/local_setup.bash
[8.072s] -- Symlinking: /home/robotix/ros2_ws/install/vl53l1x/share/vl53l1x/local_setup.sh
[8.106s] -- Symlinking: /home/robotix/ros2_ws/install/vl53l1x/share/vl53l1x/local_setup.zsh
[8.139s] -- Symlinking: /home/robotix/ros2_ws/install/vl53l1x/share/vl53l1x/local_setup.dsv
[8.171s] -- Symlinking: /home/robotix/ros2_ws/install/vl53l1x/share/vl53l1x/package.dsv
[8.204s] -- Symlinking: /home/robotix/ros2_ws/install/vl53l1x/share/ament_index/resource_index/packages/vl53l1x
[8.312s] -- Symlinking: /home/robotix/ros2_ws/install/vl53l1x/share/vl53l1x/cmake/vl53l1xConfig.cmake
[8.350s] -- Symlinking: /home/robotix/ros2_ws/install/vl53l1x/share/vl53l1x/cmake/vl53l1xConfig-version.cmake
[8.383s] -- Symlinking: /home/robotix/ros2_ws/install/vl53l1x/share/vl53l1x/package.xml
[8.423s] Invoked command in '/home/robotix/ros2_ws/build/vl53l1x' returned '0': CMAKE_PREFIX_PATH=${CMAKE_PREFIX_PATH}:/home/robotix/ros2_ws/src/install/robotix:/home/robotix/ros2_ws/install/robotix:/opt/ros/humble /usr/bin/cmake --install /home/robotix/ros2_ws/build/vl53l1x
