[5.960s] Invoking command in '/home/robotix/ros2_ws/src/build/tof_imager_ros': PYTHONPATH=/home/robotix/ros2_ws/src/build/tof_imager_ros/prefix_override:/home/robotix/ros2_ws/src/install/tof_imager_ros/lib/python3.10/site-packages:${PYTHONPATH} /usr/bin/python3 setup.py develop --editable --build-directory /home/robotix/ros2_ws/src/build/tof_imager_ros/build --no-deps install_data
[7.306s] running develop
[8.049s] running egg_info
[8.050s] creating tof_imager_ros.egg-info
[8.050s] writing tof_imager_ros.egg-info/PKG-INFO
[8.051s] writing dependency_links to tof_imager_ros.egg-info/dependency_links.txt
[8.052s] writing entry points to tof_imager_ros.egg-info/entry_points.txt
[8.053s] writing requirements to tof_imager_ros.egg-info/requires.txt
[8.054s] writing top-level names to tof_imager_ros.egg-info/top_level.txt
[8.054s] writing manifest file 'tof_imager_ros.egg-info/SOURCES.txt'
[8.061s] reading manifest file 'tof_imager_ros.egg-info/SOURCES.txt'
[8.064s] writing manifest file 'tof_imager_ros.egg-info/SOURCES.txt'
[8.072s] running build_ext
[8.074s] Creating /home/robotix/ros2_ws/src/install/tof_imager_ros/lib/python3.10/site-packages/tof-imager-ros.egg-link (link to .)
[8.078s] Installing tof_imager_node script to /home/robotix/ros2_ws/src/install/tof_imager_ros/lib/tof_imager_ros
[8.078s] Installing tof_imager_publisher script to /home/robotix/ros2_ws/src/install/tof_imager_ros/lib/tof_imager_ros
[8.080s] 
[8.081s] Installed /home/robotix/ros2_ws/src/build/tof_imager_ros
[8.081s] running install_data
[8.082s] copying resource/tof_imager_ros -> /home/robotix/ros2_ws/src/install/tof_imager_ros/share/ament_index/resource_index/packages
[8.082s] copying package.xml -> /home/robotix/ros2_ws/src/install/tof_imager_ros/share/tof_imager_ros
[8.083s] copying launch/tof_imager_launch.py -> /home/robotix/ros2_ws/src/install/tof_imager_ros/share/tof_imager_ros/launch
[8.084s] copying config/sensor_params.yaml -> /home/robotix/ros2_ws/src/install/tof_imager_ros/share/tof_imager_ros/config
[8.297s] Invoked command in '/home/robotix/ros2_ws/src/build/tof_imager_ros' returned '0': PYTHONPATH=/home/robotix/ros2_ws/src/build/tof_imager_ros/prefix_override:/home/robotix/ros2_ws/src/install/tof_imager_ros/lib/python3.10/site-packages:${PYTHONPATH} /usr/bin/python3 setup.py develop --editable --build-directory /home/robotix/ros2_ws/src/build/tof_imager_ros/build --no-deps install_data
