[4.576s] Invoking command in '/home/robotix/ros2_ws/build/robotix': PYTHONPATH=/home/robotix/ros2_ws/build/robotix/prefix_override:/home/robotix/ros2_ws/install/robotix/lib/python3.10/site-packages:${PYTHONPATH} /usr/bin/python3 setup.py develop --editable --build-directory /home/robotix/ros2_ws/build/robotix/build --no-deps install_data
[6.090s] running develop
[7.076s] running egg_info
[7.078s] writing robotix.egg-info/PKG-INFO
[7.079s] writing dependency_links to robotix.egg-info/dependency_links.txt
[7.081s] writing entry points to robotix.egg-info/entry_points.txt
[7.082s] writing requirements to robotix.egg-info/requires.txt
[7.083s] writing top-level names to robotix.egg-info/top_level.txt
[7.093s] reading manifest file 'robotix.egg-info/SOURCES.txt'
[7.099s] writing manifest file 'robotix.egg-info/SOURCES.txt'
[7.107s] running build_ext
[7.107s] Creating /home/robotix/ros2_ws/install/robotix/lib/python3.10/site-packages/robotix.egg-link (link to .)
[7.113s] Installing codeuse script to /home/robotix/ros2_ws/install/robotix/lib/robotix
[7.114s] Installing controller script to /home/robotix/ros2_ws/install/robotix/lib/robotix
[7.116s] Installing ctrl_claw script to /home/robotix/ros2_ws/install/robotix/lib/robotix
[7.117s] Installing ctrl_nav script to /home/robotix/ros2_ws/install/robotix/lib/robotix
[7.118s] Installing jetson script to /home/robotix/ros2_ws/install/robotix/lib/robotix
[7.120s] Installing laser script to /home/robotix/ros2_ws/install/robotix/lib/robotix
[7.121s] Installing lidar script to /home/robotix/ros2_ws/install/robotix/lib/robotix
[7.122s] Installing motor script to /home/robotix/ros2_ws/install/robotix/lib/robotix
[7.123s] Installing motor_claw script to /home/robotix/ros2_ws/install/robotix/lib/robotix
[7.124s] Installing motor_plateau script to /home/robotix/ros2_ws/install/robotix/lib/robotix
[7.126s] 
[7.127s] Installed /home/robotix/ros2_ws/build/robotix
[7.129s] running install_data
[7.280s] Invoked command in '/home/robotix/ros2_ws/build/robotix' returned '0': PYTHONPATH=/home/robotix/ros2_ws/build/robotix/prefix_override:/home/robotix/ros2_ws/install/robotix/lib/python3.10/site-packages:${PYTHONPATH} /usr/bin/python3 setup.py develop --editable --build-directory /home/robotix/ros2_ws/build/robotix/build --no-deps install_data
