[4.170s] Invoking command in '/home/robotix/ros2_ws/src/build/robotix': PYTHONPATH=/home/robotix/ros2_ws/src/build/robotix/prefix_override:/home/robotix/ros2_ws/src/install/robotix/lib/python3.10/site-packages:${PYTHONPATH} /usr/bin/python3 setup.py develop --editable --build-directory /home/robotix/ros2_ws/src/build/robotix/build --no-deps install_data
[5.358s] running develop
[6.005s] running egg_info
[6.005s] writing robotix.egg-info/PKG-INFO
[6.006s] writing dependency_links to robotix.egg-info/dependency_links.txt
[6.007s] writing entry points to robotix.egg-info/entry_points.txt
[6.008s] writing requirements to robotix.egg-info/requires.txt
[6.009s] writing top-level names to robotix.egg-info/top_level.txt
[6.017s] reading manifest file 'robotix.egg-info/SOURCES.txt'
[6.022s] writing manifest file 'robotix.egg-info/SOURCES.txt'
[6.027s] running build_ext
[6.028s] Creating /home/robotix/ros2_ws/src/install/robotix/lib/python3.10/site-packages/robotix.egg-link (link to .)
[6.033s] Installing codeuse script to /home/robotix/ros2_ws/src/install/robotix/lib/robotix
[6.034s] Installing controller script to /home/robotix/ros2_ws/src/install/robotix/lib/robotix
[6.034s] Installing ctrl_claw script to /home/robotix/ros2_ws/src/install/robotix/lib/robotix
[6.035s] Installing ctrl_nav script to /home/robotix/ros2_ws/src/install/robotix/lib/robotix
[6.036s] Installing jetson script to /home/robotix/ros2_ws/src/install/robotix/lib/robotix
[6.037s] Installing laser script to /home/robotix/ros2_ws/src/install/robotix/lib/robotix
[6.038s] Installing lidar script to /home/robotix/ros2_ws/src/install/robotix/lib/robotix
[6.038s] Installing motor script to /home/robotix/ros2_ws/src/install/robotix/lib/robotix
[6.039s] Installing motor_claw script to /home/robotix/ros2_ws/src/install/robotix/lib/robotix
[6.040s] Installing motor_plateau script to /home/robotix/ros2_ws/src/install/robotix/lib/robotix
[6.041s] 
[6.042s] Installed /home/robotix/ros2_ws/src/build/robotix
[6.042s] running install_data
[6.175s] Invoked command in '/home/robotix/ros2_ws/src/build/robotix' returned '0': PYTHONPATH=/home/robotix/ros2_ws/src/build/robotix/prefix_override:/home/robotix/ros2_ws/src/install/robotix/lib/python3.10/site-packages:${PYTHONPATH} /usr/bin/python3 setup.py develop --editable --build-directory /home/robotix/ros2_ws/src/build/robotix/build --no-deps install_data
