[4.078s] DEBUG:colcon:Command line arguments: ['/usr/bin/colcon', 'build', '--symlink-install']
[4.079s] DEBUG:colcon:Parsed command line arguments: Namespace(log_base=None, log_level=None, verb_name='build', build_base='build', install_base='install', merge_install=False, symlink_install=True, test_result_base=None, continue_on_error=False, executor='parallel', parallel_workers=4, event_handlers=None, ignore_user_meta=False, metas=['./colcon.meta'], base_paths=['.'], packages_ignore=None, packages_ignore_regex=None, paths=None, packages_up_to=None, packages_up_to_regex=None, packages_above=None, packages_above_and_dependencies=None, packages_above_depth=None, packages_select_by_dep=None, packages_skip_by_dep=None, packages_skip_up_to=None, packages_select_build_failed=False, packages_skip_build_finished=False, packages_select_test_failures=False, packages_skip_test_passed=False, packages_select=None, packages_skip=None, packages_select_regex=None, packages_skip_regex=None, packages_start=None, packages_end=None, allow_overriding=[], cmake_args=None, cmake_target=None, cmake_target_skip_unavailable=False, cmake_clean_cache=False, cmake_clean_first=False, cmake_force_configure=False, ament_cmake_args=None, catkin_cmake_args=None, catkin_skip_building_tests=False, verb_parser=<colcon_defaults.argument_parser.defaults.DefaultArgumentsDecorator object at 0xffff93bba9b0>, verb_extension=<colcon_core.verb.build.BuildVerb object at 0xffff93e8ab30>, main=<bound method BuildVerb.main of <colcon_core.verb.build.BuildVerb object at 0xffff93e8ab30>>)
[4.275s] Level 1:colcon.colcon_core.package_discovery:discover_packages(colcon_meta) check parameters
[4.276s] Level 1:colcon.colcon_core.package_discovery:discover_packages(recursive) check parameters
[4.276s] Level 1:colcon.colcon_core.package_discovery:discover_packages(ignore) check parameters
[4.276s] Level 1:colcon.colcon_core.package_discovery:discover_packages(path) check parameters
[4.276s] Level 1:colcon.colcon_core.package_discovery:discover_packages(colcon_meta) discover
[4.277s] Level 1:colcon.colcon_core.package_discovery:discover_packages(recursive) discover
[4.277s] INFO:colcon.colcon_core.package_discovery:Crawling recursively for packages in '/home/robotix/ros2_ws'
[4.277s] Level 1:colcon.colcon_core.package_identification:_identify(.) by extensions ['ignore', 'ignore_ament_install']
[4.278s] Level 1:colcon.colcon_core.package_identification:_identify(.) by extension 'ignore'
[4.278s] Level 1:colcon.colcon_core.package_identification:_identify(.) by extension 'ignore_ament_install'
[4.278s] Level 1:colcon.colcon_core.package_identification:_identify(.) by extensions ['colcon_pkg']
[4.278s] Level 1:colcon.colcon_core.package_identification:_identify(.) by extension 'colcon_pkg'
[4.278s] Level 1:colcon.colcon_core.package_identification:_identify(.) by extensions ['colcon_meta']
[4.279s] Level 1:colcon.colcon_core.package_identification:_identify(.) by extension 'colcon_meta'
[4.279s] Level 1:colcon.colcon_core.package_identification:_identify(.) by extensions ['ros']
[4.279s] Level 1:colcon.colcon_core.package_identification:_identify(.) by extension 'ros'
[4.332s] Level 1:colcon.colcon_core.package_identification:_identify(.) by extensions ['cmake', 'python']
[4.332s] Level 1:colcon.colcon_core.package_identification:_identify(.) by extension 'cmake'
[4.332s] Level 1:colcon.colcon_core.package_identification:_identify(.) by extension 'python'
[4.333s] Level 1:colcon.colcon_core.package_identification:_identify(.) by extensions ['python_setup_py']
[4.333s] Level 1:colcon.colcon_core.package_identification:_identify(.) by extension 'python_setup_py'
[4.333s] Level 1:colcon.colcon_core.package_identification:_identify(build) by extensions ['ignore', 'ignore_ament_install']
[4.334s] Level 1:colcon.colcon_core.package_identification:_identify(build) by extension 'ignore'
[4.334s] Level 1:colcon.colcon_core.package_identification:_identify(build) ignored
[4.335s] Level 1:colcon.colcon_core.package_identification:_identify(install) by extensions ['ignore', 'ignore_ament_install']
[4.335s] Level 1:colcon.colcon_core.package_identification:_identify(install) by extension 'ignore'
[4.335s] Level 1:colcon.colcon_core.package_identification:_identify(install) ignored
[4.336s] Level 1:colcon.colcon_core.package_identification:_identify(log) by extensions ['ignore', 'ignore_ament_install']
[4.337s] Level 1:colcon.colcon_core.package_identification:_identify(log) by extension 'ignore'
[4.337s] Level 1:colcon.colcon_core.package_identification:_identify(log) ignored
[4.337s] Level 1:colcon.colcon_core.package_identification:_identify(src) by extensions ['ignore', 'ignore_ament_install']
[4.338s] Level 1:colcon.colcon_core.package_identification:_identify(src) by extension 'ignore'
[4.338s] Level 1:colcon.colcon_core.package_identification:_identify(src) by extension 'ignore_ament_install'
[4.338s] Level 1:colcon.colcon_core.package_identification:_identify(src) by extensions ['colcon_pkg']
[4.338s] Level 1:colcon.colcon_core.package_identification:_identify(src) by extension 'colcon_pkg'
[4.338s] Level 1:colcon.colcon_core.package_identification:_identify(src) by extensions ['colcon_meta']
[4.339s] Level 1:colcon.colcon_core.package_identification:_identify(src) by extension 'colcon_meta'
[4.339s] Level 1:colcon.colcon_core.package_identification:_identify(src) by extensions ['ros']
[4.339s] Level 1:colcon.colcon_core.package_identification:_identify(src) by extension 'ros'
[4.339s] Level 1:colcon.colcon_core.package_identification:_identify(src) by extensions ['cmake', 'python']
[4.339s] Level 1:colcon.colcon_core.package_identification:_identify(src) by extension 'cmake'
[4.340s] Level 1:colcon.colcon_core.package_identification:_identify(src) by extension 'python'
[4.340s] Level 1:colcon.colcon_core.package_identification:_identify(src) by extensions ['python_setup_py']
[4.340s] Level 1:colcon.colcon_core.package_identification:_identify(src) by extension 'python_setup_py'
[4.340s] Level 1:colcon.colcon_core.package_identification:_identify(src/build) by extensions ['ignore', 'ignore_ament_install']
[4.341s] Level 1:colcon.colcon_core.package_identification:_identify(src/build) by extension 'ignore'
[4.341s] Level 1:colcon.colcon_core.package_identification:_identify(src/build) ignored
[4.342s] Level 1:colcon.colcon_core.package_identification:_identify(src/install) by extensions ['ignore', 'ignore_ament_install']
[4.342s] Level 1:colcon.colcon_core.package_identification:_identify(src/install) by extension 'ignore'
[4.342s] Level 1:colcon.colcon_core.package_identification:_identify(src/install) ignored
[4.343s] Level 1:colcon.colcon_core.package_identification:_identify(src/log) by extensions ['ignore', 'ignore_ament_install']
[4.344s] Level 1:colcon.colcon_core.package_identification:_identify(src/log) by extension 'ignore'
[4.344s] Level 1:colcon.colcon_core.package_identification:_identify(src/log) ignored
[4.344s] Level 1:colcon.colcon_core.package_identification:_identify(src/robotix) by extensions ['ignore', 'ignore_ament_install']
[4.345s] Level 1:colcon.colcon_core.package_identification:_identify(src/robotix) by extension 'ignore'
[4.345s] Level 1:colcon.colcon_core.package_identification:_identify(src/robotix) by extension 'ignore_ament_install'
[4.345s] Level 1:colcon.colcon_core.package_identification:_identify(src/robotix) by extensions ['colcon_pkg']
[4.345s] Level 1:colcon.colcon_core.package_identification:_identify(src/robotix) by extension 'colcon_pkg'
[4.345s] Level 1:colcon.colcon_core.package_identification:_identify(src/robotix) by extensions ['colcon_meta']
[4.346s] Level 1:colcon.colcon_core.package_identification:_identify(src/robotix) by extension 'colcon_meta'
[4.346s] Level 1:colcon.colcon_core.package_identification:_identify(src/robotix) by extensions ['ros']
[4.346s] Level 1:colcon.colcon_core.package_identification:_identify(src/robotix) by extension 'ros'
[4.358s] DEBUG:colcon.colcon_core.package_identification:Package 'src/robotix' with type 'ros.ament_python' and name 'robotix'
[4.359s] Level 1:colcon.colcon_core.package_identification:_identify(src/vl53l5cx_python) by extensions ['ignore', 'ignore_ament_install']
[4.359s] Level 1:colcon.colcon_core.package_identification:_identify(src/vl53l5cx_python) by extension 'ignore'
[4.359s] Level 1:colcon.colcon_core.package_identification:_identify(src/vl53l5cx_python) by extension 'ignore_ament_install'
[4.360s] Level 1:colcon.colcon_core.package_identification:_identify(src/vl53l5cx_python) by extensions ['colcon_pkg']
[4.360s] Level 1:colcon.colcon_core.package_identification:_identify(src/vl53l5cx_python) by extension 'colcon_pkg'
[4.360s] Level 1:colcon.colcon_core.package_identification:_identify(src/vl53l5cx_python) by extensions ['colcon_meta']
[4.360s] Level 1:colcon.colcon_core.package_identification:_identify(src/vl53l5cx_python) by extension 'colcon_meta'
[4.360s] Level 1:colcon.colcon_core.package_identification:_identify(src/vl53l5cx_python) by extensions ['ros']
[4.360s] Level 1:colcon.colcon_core.package_identification:_identify(src/vl53l5cx_python) by extension 'ros'
[4.361s] Level 1:colcon.colcon_core.package_identification:_identify(src/vl53l5cx_python) by extensions ['cmake', 'python']
[4.361s] Level 1:colcon.colcon_core.package_identification:_identify(src/vl53l5cx_python) by extension 'cmake'
[4.361s] Level 1:colcon.colcon_core.package_identification:_identify(src/vl53l5cx_python) by extension 'python'
[4.361s] Level 1:colcon.colcon_core.package_identification:_identify(src/vl53l5cx_python) by extensions ['python_setup_py']
[4.362s] Level 1:colcon.colcon_core.package_identification:_identify(src/vl53l5cx_python) by extension 'python_setup_py'
[5.566s] ERROR:colcon.colcon_core.package_identification:Exception in package identification extension 'python_setup_py' in 'src/vl53l5cx_python': Command '['/usr/bin/python3', '-c', 'import sys;from contextlib import suppress;exec("with suppress(ImportError):    from setuptools.extern.packaging.specifiers    import SpecifierSet");exec("with suppress(ImportError):    from packaging.specifiers import SpecifierSet");from distutils.core import run_setup;dist = run_setup(    \'setup.py\', script_args=(\'--dry-run\',), stop_after=\'config\');skip_keys = (\'cmdclass\', \'distclass\', \'ext_modules\', \'metadata\');data = {    key: value for key, value in dist.__dict__.items()     if (        not key.startswith(\'_\') and         not callable(value) and         key not in skip_keys and         key not in dist.display_option_names    )};data[\'metadata\'] = {    k: v for k, v in dist.metadata.__dict__.items()     if k not in (\'license_files\', \'provides_extras\')};sys.stdout.buffer.write(repr(data).encode(\'utf-8\'))']' returned non-zero exit status 1.
Traceback (most recent call last):
  File "/usr/lib/python3/dist-packages/colcon_core/package_identification/__init__.py", line 142, in _identify
    retval = extension.identify(_reused_descriptor_instance)
  File "/usr/lib/python3/dist-packages/colcon_python_setup_py/package_identification/python_setup_py.py", line 48, in identify
    config = get_setup_information(setup_py)
  File "/usr/lib/python3/dist-packages/colcon_python_setup_py/package_identification/python_setup_py.py", line 241, in get_setup_information
    _setup_information_cache[hashable_env] = _get_setup_information(
  File "/usr/lib/python3/dist-packages/colcon_python_setup_py/package_identification/python_setup_py.py", line 288, in _get_setup_information
    result = subprocess.run(
  File "/usr/lib/python3.10/subprocess.py", line 526, in run
    raise CalledProcessError(retcode, process.args,
subprocess.CalledProcessError: Command '['/usr/bin/python3', '-c', 'import sys;from contextlib import suppress;exec("with suppress(ImportError):    from setuptools.extern.packaging.specifiers    import SpecifierSet");exec("with suppress(ImportError):    from packaging.specifiers import SpecifierSet");from distutils.core import run_setup;dist = run_setup(    \'setup.py\', script_args=(\'--dry-run\',), stop_after=\'config\');skip_keys = (\'cmdclass\', \'distclass\', \'ext_modules\', \'metadata\');data = {    key: value for key, value in dist.__dict__.items()     if (        not key.startswith(\'_\') and         not callable(value) and         key not in skip_keys and         key not in dist.display_option_names    )};data[\'metadata\'] = {    k: v for k, v in dist.metadata.__dict__.items()     if k not in (\'license_files\', \'provides_extras\')};sys.stdout.buffer.write(repr(data).encode(\'utf-8\'))']' returned non-zero exit status 1.

[5.567s] Level 1:colcon.colcon_core.package_identification:_identify(src/vl53l5cx_python/VL53L5CX.egg-info) by extensions ['ignore', 'ignore_ament_install']
[5.568s] Level 1:colcon.colcon_core.package_identification:_identify(src/vl53l5cx_python/VL53L5CX.egg-info) by extension 'ignore'
[5.568s] Level 1:colcon.colcon_core.package_identification:_identify(src/vl53l5cx_python/VL53L5CX.egg-info) by extension 'ignore_ament_install'
[5.568s] Level 1:colcon.colcon_core.package_identification:_identify(src/vl53l5cx_python/VL53L5CX.egg-info) by extensions ['colcon_pkg']
[5.569s] Level 1:colcon.colcon_core.package_identification:_identify(src/vl53l5cx_python/VL53L5CX.egg-info) by extension 'colcon_pkg'
[5.569s] Level 1:colcon.colcon_core.package_identification:_identify(src/vl53l5cx_python/VL53L5CX.egg-info) by extensions ['colcon_meta']
[5.569s] Level 1:colcon.colcon_core.package_identification:_identify(src/vl53l5cx_python/VL53L5CX.egg-info) by extension 'colcon_meta'
[5.570s] Level 1:colcon.colcon_core.package_identification:_identify(src/vl53l5cx_python/VL53L5CX.egg-info) by extensions ['ros']
[5.570s] Level 1:colcon.colcon_core.package_identification:_identify(src/vl53l5cx_python/VL53L5CX.egg-info) by extension 'ros'
[5.570s] Level 1:colcon.colcon_core.package_identification:_identify(src/vl53l5cx_python/VL53L5CX.egg-info) by extensions ['cmake', 'python']
[5.571s] Level 1:colcon.colcon_core.package_identification:_identify(src/vl53l5cx_python/VL53L5CX.egg-info) by extension 'cmake'
[5.571s] Level 1:colcon.colcon_core.package_identification:_identify(src/vl53l5cx_python/VL53L5CX.egg-info) by extension 'python'
[5.571s] Level 1:colcon.colcon_core.package_identification:_identify(src/vl53l5cx_python/VL53L5CX.egg-info) by extensions ['python_setup_py']
[5.571s] Level 1:colcon.colcon_core.package_identification:_identify(src/vl53l5cx_python/VL53L5CX.egg-info) by extension 'python_setup_py'
[5.573s] Level 1:colcon.colcon_core.package_identification:_identify(src/vl53l5cx_python/build) by extensions ['ignore', 'ignore_ament_install']
[5.574s] Level 1:colcon.colcon_core.package_identification:_identify(src/vl53l5cx_python/build) by extension 'ignore'
[5.574s] Level 1:colcon.colcon_core.package_identification:_identify(src/vl53l5cx_python/build) by extension 'ignore_ament_install'
[5.574s] Level 1:colcon.colcon_core.package_identification:_identify(src/vl53l5cx_python/build) by extensions ['colcon_pkg']
[5.575s] Level 1:colcon.colcon_core.package_identification:_identify(src/vl53l5cx_python/build) by extension 'colcon_pkg'
[5.575s] Level 1:colcon.colcon_core.package_identification:_identify(src/vl53l5cx_python/build) by extensions ['colcon_meta']
[5.575s] Level 1:colcon.colcon_core.package_identification:_identify(src/vl53l5cx_python/build) by extension 'colcon_meta'
[5.575s] Level 1:colcon.colcon_core.package_identification:_identify(src/vl53l5cx_python/build) by extensions ['ros']
[5.576s] Level 1:colcon.colcon_core.package_identification:_identify(src/vl53l5cx_python/build) by extension 'ros'
[5.576s] Level 1:colcon.colcon_core.package_identification:_identify(src/vl53l5cx_python/build) by extensions ['cmake', 'python']
[5.577s] Level 1:colcon.colcon_core.package_identification:_identify(src/vl53l5cx_python/build) by extension 'cmake'
[5.577s] Level 1:colcon.colcon_core.package_identification:_identify(src/vl53l5cx_python/build) by extension 'python'
[5.577s] Level 1:colcon.colcon_core.package_identification:_identify(src/vl53l5cx_python/build) by extensions ['python_setup_py']
[5.577s] Level 1:colcon.colcon_core.package_identification:_identify(src/vl53l5cx_python/build) by extension 'python_setup_py'
[5.579s] Level 1:colcon.colcon_core.package_identification:_identify(src/vl53l5cx_python/build/bdist.linux-aarch64) by extensions ['ignore', 'ignore_ament_install']
[5.580s] Level 1:colcon.colcon_core.package_identification:_identify(src/vl53l5cx_python/build/bdist.linux-aarch64) by extension 'ignore'
[5.580s] Level 1:colcon.colcon_core.package_identification:_identify(src/vl53l5cx_python/build/bdist.linux-aarch64) by extension 'ignore_ament_install'
[5.580s] Level 1:colcon.colcon_core.package_identification:_identify(src/vl53l5cx_python/build/bdist.linux-aarch64) by extensions ['colcon_pkg']
[5.580s] Level 1:colcon.colcon_core.package_identification:_identify(src/vl53l5cx_python/build/bdist.linux-aarch64) by extension 'colcon_pkg'
[5.581s] Level 1:colcon.colcon_core.package_identification:_identify(src/vl53l5cx_python/build/bdist.linux-aarch64) by extensions ['colcon_meta']
[5.581s] Level 1:colcon.colcon_core.package_identification:_identify(src/vl53l5cx_python/build/bdist.linux-aarch64) by extension 'colcon_meta'
[5.581s] Level 1:colcon.colcon_core.package_identification:_identify(src/vl53l5cx_python/build/bdist.linux-aarch64) by extensions ['ros']
[5.581s] Level 1:colcon.colcon_core.package_identification:_identify(src/vl53l5cx_python/build/bdist.linux-aarch64) by extension 'ros'
[5.582s] Level 1:colcon.colcon_core.package_identification:_identify(src/vl53l5cx_python/build/bdist.linux-aarch64) by extensions ['cmake', 'python']
[5.582s] Level 1:colcon.colcon_core.package_identification:_identify(src/vl53l5cx_python/build/bdist.linux-aarch64) by extension 'cmake'
[5.582s] Level 1:colcon.colcon_core.package_identification:_identify(src/vl53l5cx_python/build/bdist.linux-aarch64) by extension 'python'
[5.582s] Level 1:colcon.colcon_core.package_identification:_identify(src/vl53l5cx_python/build/bdist.linux-aarch64) by extensions ['python_setup_py']
[5.582s] Level 1:colcon.colcon_core.package_identification:_identify(src/vl53l5cx_python/build/bdist.linux-aarch64) by extension 'python_setup_py'
[5.583s] Level 1:colcon.colcon_core.package_identification:_identify(src/vl53l5cx_python/build/lib) by extensions ['ignore', 'ignore_ament_install']
[5.584s] Level 1:colcon.colcon_core.package_identification:_identify(src/vl53l5cx_python/build/lib) by extension 'ignore'
[5.584s] Level 1:colcon.colcon_core.package_identification:_identify(src/vl53l5cx_python/build/lib) by extension 'ignore_ament_install'
[5.584s] Level 1:colcon.colcon_core.package_identification:_identify(src/vl53l5cx_python/build/lib) by extensions ['colcon_pkg']
[5.584s] Level 1:colcon.colcon_core.package_identification:_identify(src/vl53l5cx_python/build/lib) by extension 'colcon_pkg'
[5.585s] Level 1:colcon.colcon_core.package_identification:_identify(src/vl53l5cx_python/build/lib) by extensions ['colcon_meta']
[5.585s] Level 1:colcon.colcon_core.package_identification:_identify(src/vl53l5cx_python/build/lib) by extension 'colcon_meta'
[5.585s] Level 1:colcon.colcon_core.package_identification:_identify(src/vl53l5cx_python/build/lib) by extensions ['ros']
[5.585s] Level 1:colcon.colcon_core.package_identification:_identify(src/vl53l5cx_python/build/lib) by extension 'ros'
[5.586s] Level 1:colcon.colcon_core.package_identification:_identify(src/vl53l5cx_python/build/lib) by extensions ['cmake', 'python']
[5.586s] Level 1:colcon.colcon_core.package_identification:_identify(src/vl53l5cx_python/build/lib) by extension 'cmake'
[5.586s] Level 1:colcon.colcon_core.package_identification:_identify(src/vl53l5cx_python/build/lib) by extension 'python'
[5.586s] Level 1:colcon.colcon_core.package_identification:_identify(src/vl53l5cx_python/build/lib) by extensions ['python_setup_py']
[5.586s] Level 1:colcon.colcon_core.package_identification:_identify(src/vl53l5cx_python/build/lib) by extension 'python_setup_py'
[5.587s] Level 1:colcon.colcon_core.package_identification:_identify(src/vl53l5cx_python/build/lib/vl53l5cx) by extensions ['ignore', 'ignore_ament_install']
[5.588s] Level 1:colcon.colcon_core.package_identification:_identify(src/vl53l5cx_python/build/lib/vl53l5cx) by extension 'ignore'
[5.588s] Level 1:colcon.colcon_core.package_identification:_identify(src/vl53l5cx_python/build/lib/vl53l5cx) by extension 'ignore_ament_install'
[5.588s] Level 1:colcon.colcon_core.package_identification:_identify(src/vl53l5cx_python/build/lib/vl53l5cx) by extensions ['colcon_pkg']
[5.589s] Level 1:colcon.colcon_core.package_identification:_identify(src/vl53l5cx_python/build/lib/vl53l5cx) by extension 'colcon_pkg'
[5.589s] Level 1:colcon.colcon_core.package_identification:_identify(src/vl53l5cx_python/build/lib/vl53l5cx) by extensions ['colcon_meta']
[5.589s] Level 1:colcon.colcon_core.package_identification:_identify(src/vl53l5cx_python/build/lib/vl53l5cx) by extension 'colcon_meta'
[5.589s] Level 1:colcon.colcon_core.package_identification:_identify(src/vl53l5cx_python/build/lib/vl53l5cx) by extensions ['ros']
[5.589s] Level 1:colcon.colcon_core.package_identification:_identify(src/vl53l5cx_python/build/lib/vl53l5cx) by extension 'ros'
[5.590s] Level 1:colcon.colcon_core.package_identification:_identify(src/vl53l5cx_python/build/lib/vl53l5cx) by extensions ['cmake', 'python']
[5.590s] Level 1:colcon.colcon_core.package_identification:_identify(src/vl53l5cx_python/build/lib/vl53l5cx) by extension 'cmake'
[5.590s] Level 1:colcon.colcon_core.package_identification:_identify(src/vl53l5cx_python/build/lib/vl53l5cx) by extension 'python'
[5.590s] Level 1:colcon.colcon_core.package_identification:_identify(src/vl53l5cx_python/build/lib/vl53l5cx) by extensions ['python_setup_py']
[5.591s] Level 1:colcon.colcon_core.package_identification:_identify(src/vl53l5cx_python/build/lib/vl53l5cx) by extension 'python_setup_py'
[5.592s] Level 1:colcon.colcon_core.package_identification:_identify(src/vl53l5cx_python/dist) by extensions ['ignore', 'ignore_ament_install']
[5.592s] Level 1:colcon.colcon_core.package_identification:_identify(src/vl53l5cx_python/dist) by extension 'ignore'
[5.592s] Level 1:colcon.colcon_core.package_identification:_identify(src/vl53l5cx_python/dist) by extension 'ignore_ament_install'
[5.593s] Level 1:colcon.colcon_core.package_identification:_identify(src/vl53l5cx_python/dist) by extensions ['colcon_pkg']
[5.593s] Level 1:colcon.colcon_core.package_identification:_identify(src/vl53l5cx_python/dist) by extension 'colcon_pkg'
[5.593s] Level 1:colcon.colcon_core.package_identification:_identify(src/vl53l5cx_python/dist) by extensions ['colcon_meta']
[5.593s] Level 1:colcon.colcon_core.package_identification:_identify(src/vl53l5cx_python/dist) by extension 'colcon_meta'
[5.593s] Level 1:colcon.colcon_core.package_identification:_identify(src/vl53l5cx_python/dist) by extensions ['ros']
[5.594s] Level 1:colcon.colcon_core.package_identification:_identify(src/vl53l5cx_python/dist) by extension 'ros'
[5.594s] Level 1:colcon.colcon_core.package_identification:_identify(src/vl53l5cx_python/dist) by extensions ['cmake', 'python']
[5.594s] Level 1:colcon.colcon_core.package_identification:_identify(src/vl53l5cx_python/dist) by extension 'cmake'
[5.594s] Level 1:colcon.colcon_core.package_identification:_identify(src/vl53l5cx_python/dist) by extension 'python'
[5.595s] Level 1:colcon.colcon_core.package_identification:_identify(src/vl53l5cx_python/dist) by extensions ['python_setup_py']
[5.595s] Level 1:colcon.colcon_core.package_identification:_identify(src/vl53l5cx_python/dist) by extension 'python_setup_py'
[5.596s] Level 1:colcon.colcon_core.package_identification:_identify(src/vl53l5cx_python/examples) by extensions ['ignore', 'ignore_ament_install']
[5.596s] Level 1:colcon.colcon_core.package_identification:_identify(src/vl53l5cx_python/examples) by extension 'ignore'
[5.596s] Level 1:colcon.colcon_core.package_identification:_identify(src/vl53l5cx_python/examples) by extension 'ignore_ament_install'
[5.597s] Level 1:colcon.colcon_core.package_identification:_identify(src/vl53l5cx_python/examples) by extensions ['colcon_pkg']
[5.597s] Level 1:colcon.colcon_core.package_identification:_identify(src/vl53l5cx_python/examples) by extension 'colcon_pkg'
[5.597s] Level 1:colcon.colcon_core.package_identification:_identify(src/vl53l5cx_python/examples) by extensions ['colcon_meta']
[5.597s] Level 1:colcon.colcon_core.package_identification:_identify(src/vl53l5cx_python/examples) by extension 'colcon_meta'
[5.598s] Level 1:colcon.colcon_core.package_identification:_identify(src/vl53l5cx_python/examples) by extensions ['ros']
[5.598s] Level 1:colcon.colcon_core.package_identification:_identify(src/vl53l5cx_python/examples) by extension 'ros'
[5.598s] Level 1:colcon.colcon_core.package_identification:_identify(src/vl53l5cx_python/examples) by extensions ['cmake', 'python']
[5.598s] Level 1:colcon.colcon_core.package_identification:_identify(src/vl53l5cx_python/examples) by extension 'cmake'
[5.598s] Level 1:colcon.colcon_core.package_identification:_identify(src/vl53l5cx_python/examples) by extension 'python'
[5.599s] Level 1:colcon.colcon_core.package_identification:_identify(src/vl53l5cx_python/examples) by extensions ['python_setup_py']
[5.599s] Level 1:colcon.colcon_core.package_identification:_identify(src/vl53l5cx_python/examples) by extension 'python_setup_py'
[5.600s] Level 1:colcon.colcon_core.package_identification:_identify(src/vl53l5cx_python/vl53l5cx) by extensions ['ignore', 'ignore_ament_install']
[5.600s] Level 1:colcon.colcon_core.package_identification:_identify(src/vl53l5cx_python/vl53l5cx) by extension 'ignore'
[5.601s] Level 1:colcon.colcon_core.package_identification:_identify(src/vl53l5cx_python/vl53l5cx) by extension 'ignore_ament_install'
[5.601s] Level 1:colcon.colcon_core.package_identification:_identify(src/vl53l5cx_python/vl53l5cx) by extensions ['colcon_pkg']
[5.601s] Level 1:colcon.colcon_core.package_identification:_identify(src/vl53l5cx_python/vl53l5cx) by extension 'colcon_pkg'
[5.601s] Level 1:colcon.colcon_core.package_identification:_identify(src/vl53l5cx_python/vl53l5cx) by extensions ['colcon_meta']
[5.601s] Level 1:colcon.colcon_core.package_identification:_identify(src/vl53l5cx_python/vl53l5cx) by extension 'colcon_meta'
[5.602s] Level 1:colcon.colcon_core.package_identification:_identify(src/vl53l5cx_python/vl53l5cx) by extensions ['ros']
[5.602s] Level 1:colcon.colcon_core.package_identification:_identify(src/vl53l5cx_python/vl53l5cx) by extension 'ros'
[5.602s] Level 1:colcon.colcon_core.package_identification:_identify(src/vl53l5cx_python/vl53l5cx) by extensions ['cmake', 'python']
[5.602s] Level 1:colcon.colcon_core.package_identification:_identify(src/vl53l5cx_python/vl53l5cx) by extension 'cmake'
[5.603s] Level 1:colcon.colcon_core.package_identification:_identify(src/vl53l5cx_python/vl53l5cx) by extension 'python'
[5.603s] Level 1:colcon.colcon_core.package_identification:_identify(src/vl53l5cx_python/vl53l5cx) by extensions ['python_setup_py']
[5.603s] Level 1:colcon.colcon_core.package_identification:_identify(src/vl53l5cx_python/vl53l5cx) by extension 'python_setup_py'
[5.604s] Level 1:colcon.colcon_core.package_identification:_identify(src/ydlidar_ros2_driver) by extensions ['ignore', 'ignore_ament_install']
[5.604s] Level 1:colcon.colcon_core.package_identification:_identify(src/ydlidar_ros2_driver) by extension 'ignore'
[5.604s] Level 1:colcon.colcon_core.package_identification:_identify(src/ydlidar_ros2_driver) by extension 'ignore_ament_install'
[5.604s] Level 1:colcon.colcon_core.package_identification:_identify(src/ydlidar_ros2_driver) by extensions ['colcon_pkg']
[5.605s] Level 1:colcon.colcon_core.package_identification:_identify(src/ydlidar_ros2_driver) by extension 'colcon_pkg'
[5.605s] Level 1:colcon.colcon_core.package_identification:_identify(src/ydlidar_ros2_driver) by extensions ['colcon_meta']
[5.605s] Level 1:colcon.colcon_core.package_identification:_identify(src/ydlidar_ros2_driver) by extension 'colcon_meta'
[5.605s] Level 1:colcon.colcon_core.package_identification:_identify(src/ydlidar_ros2_driver) by extensions ['ros']
[5.605s] Level 1:colcon.colcon_core.package_identification:_identify(src/ydlidar_ros2_driver) by extension 'ros'
[5.608s] DEBUG:colcon.colcon_core.package_identification:Package 'src/ydlidar_ros2_driver' with type 'ros.ament_cmake' and name 'ydlidar_ros2_driver'
[5.608s] Level 1:colcon.colcon_core.package_discovery:discover_packages(recursive) using defaults
[5.608s] Level 1:colcon.colcon_core.package_discovery:discover_packages(ignore) discover
[5.608s] Level 1:colcon.colcon_core.package_discovery:discover_packages(ignore) using defaults
[5.609s] Level 1:colcon.colcon_core.package_discovery:discover_packages(path) discover
[5.609s] Level 1:colcon.colcon_core.package_discovery:discover_packages(path) using defaults
[5.971s] Level 1:colcon.colcon_core.package_discovery:discover_packages(prefix_path) check parameters
[5.971s] Level 1:colcon.colcon_core.package_discovery:discover_packages(prefix_path) discover
[6.090s] DEBUG:colcon.colcon_installed_package_information.package_discovery:Found 3 installed packages in /home/robotix/ros2_ws/install
[6.148s] DEBUG:colcon.colcon_installed_package_information.package_discovery:Found 3 installed packages in /home/robotix/ros2_ws/src/install
[6.212s] DEBUG:colcon.colcon_installed_package_information.package_discovery:Found 180 installed packages in /opt/ros/humble
[6.217s] Level 1:colcon.colcon_core.package_discovery:discover_packages(prefix_path) using defaults
[6.519s] Level 5:colcon.colcon_core.verb:set package 'robotix' build argument 'cmake_args' from command line to 'None'
[6.519s] Level 5:colcon.colcon_core.verb:set package 'robotix' build argument 'cmake_target' from command line to 'None'
[6.519s] Level 5:colcon.colcon_core.verb:set package 'robotix' build argument 'cmake_target_skip_unavailable' from command line to 'False'
[6.520s] Level 5:colcon.colcon_core.verb:set package 'robotix' build argument 'cmake_clean_cache' from command line to 'False'
[6.520s] Level 5:colcon.colcon_core.verb:set package 'robotix' build argument 'cmake_clean_first' from command line to 'False'
[6.520s] Level 5:colcon.colcon_core.verb:set package 'robotix' build argument 'cmake_force_configure' from command line to 'False'
[6.520s] Level 5:colcon.colcon_core.verb:set package 'robotix' build argument 'ament_cmake_args' from command line to 'None'
[6.520s] Level 5:colcon.colcon_core.verb:set package 'robotix' build argument 'catkin_cmake_args' from command line to 'None'
[6.520s] Level 5:colcon.colcon_core.verb:set package 'robotix' build argument 'catkin_skip_building_tests' from command line to 'False'
[6.520s] DEBUG:colcon.colcon_core.verb:Building package 'robotix' with the following arguments: {'ament_cmake_args': None, 'build_base': '/home/robotix/ros2_ws/build/robotix', 'catkin_cmake_args': None, 'catkin_skip_building_tests': False, 'cmake_args': None, 'cmake_clean_cache': False, 'cmake_clean_first': False, 'cmake_force_configure': False, 'cmake_target': None, 'cmake_target_skip_unavailable': False, 'install_base': '/home/robotix/ros2_ws/install/robotix', 'merge_install': False, 'path': '/home/robotix/ros2_ws/src/robotix', 'symlink_install': True, 'test_result_base': None}
[6.576s] Level 5:colcon.colcon_core.verb:set package 'ydlidar_ros2_driver' build argument 'cmake_args' from command line to 'None'
[6.577s] Level 5:colcon.colcon_core.verb:set package 'ydlidar_ros2_driver' build argument 'cmake_target' from command line to 'None'
[6.577s] Level 5:colcon.colcon_core.verb:set package 'ydlidar_ros2_driver' build argument 'cmake_target_skip_unavailable' from command line to 'False'
[6.577s] Level 5:colcon.colcon_core.verb:set package 'ydlidar_ros2_driver' build argument 'cmake_clean_cache' from command line to 'False'
[6.577s] Level 5:colcon.colcon_core.verb:set package 'ydlidar_ros2_driver' build argument 'cmake_clean_first' from command line to 'False'
[6.577s] Level 5:colcon.colcon_core.verb:set package 'ydlidar_ros2_driver' build argument 'cmake_force_configure' from command line to 'False'
[6.577s] Level 5:colcon.colcon_core.verb:set package 'ydlidar_ros2_driver' build argument 'ament_cmake_args' from command line to 'None'
[6.577s] Level 5:colcon.colcon_core.verb:set package 'ydlidar_ros2_driver' build argument 'catkin_cmake_args' from command line to 'None'
[6.578s] Level 5:colcon.colcon_core.verb:set package 'ydlidar_ros2_driver' build argument 'catkin_skip_building_tests' from command line to 'False'
[6.578s] DEBUG:colcon.colcon_core.verb:Building package 'ydlidar_ros2_driver' with the following arguments: {'ament_cmake_args': None, 'build_base': '/home/robotix/ros2_ws/build/ydlidar_ros2_driver', 'catkin_cmake_args': None, 'catkin_skip_building_tests': False, 'cmake_args': None, 'cmake_clean_cache': False, 'cmake_clean_first': False, 'cmake_force_configure': False, 'cmake_target': None, 'cmake_target_skip_unavailable': False, 'install_base': '/home/robotix/ros2_ws/install/ydlidar_ros2_driver', 'merge_install': False, 'path': '/home/robotix/ros2_ws/src/ydlidar_ros2_driver', 'symlink_install': True, 'test_result_base': None}
[6.632s] INFO:colcon.colcon_core.executor:Executing jobs using 'parallel' executor
[6.690s] DEBUG:colcon.colcon_parallel_executor.executor.parallel:run_until_complete
[6.691s] INFO:colcon.colcon_ros.task.ament_python.build:Building ROS package in '/home/robotix/ros2_ws/src/robotix' with build type 'ament_python'
[6.691s] Level 1:colcon.colcon_core.shell:create_environment_hook('robotix', 'ament_prefix_path')
[6.757s] INFO:colcon.colcon_core.plugin_system:Skipping extension 'colcon_core.shell.bat': Not used on non-Windows systems
[6.758s] INFO:colcon.colcon_core.shell:Creating environment hook '/home/robotix/ros2_ws/install/robotix/share/robotix/hook/ament_prefix_path.ps1'
[6.761s] INFO:colcon.colcon_core.shell:Creating environment descriptor '/home/robotix/ros2_ws/install/robotix/share/robotix/hook/ament_prefix_path.dsv'
[6.763s] INFO:colcon.colcon_core.shell:Creating environment hook '/home/robotix/ros2_ws/install/robotix/share/robotix/hook/ament_prefix_path.sh'
[6.823s] INFO:colcon.colcon_core.shell:Skip shell extension 'powershell' for command environment: Not usable outside of PowerShell
[6.823s] DEBUG:colcon.colcon_core.shell:Skip shell extension 'dsv' for command environment
[7.066s] INFO:colcon.colcon_ros.task.ament_cmake.build:Building ROS package in '/home/robotix/ros2_ws/src/ydlidar_ros2_driver' with build type 'ament_cmake'
[7.066s] INFO:colcon.colcon_cmake.task.cmake.build:Building CMake package in '/home/robotix/ros2_ws/src/ydlidar_ros2_driver'
[7.126s] INFO:colcon.colcon_core.shell:Skip shell extension 'powershell' for command environment: Not usable outside of PowerShell
[7.126s] DEBUG:colcon.colcon_core.shell:Skip shell extension 'dsv' for command environment
[8.563s] INFO:colcon.colcon_core.task.python.build:Building Python package in '/home/robotix/ros2_ws/src/robotix'
[8.622s] INFO:colcon.colcon_core.shell:Skip shell extension 'powershell' for command environment: Not usable outside of PowerShell
[8.622s] DEBUG:colcon.colcon_core.shell:Skip shell extension 'dsv' for command environment
[8.883s] DEBUG:colcon.colcon_core.event_handler.log_command:Invoking command in '/home/robotix/ros2_ws/build/ydlidar_ros2_driver': CMAKE_PREFIX_PATH=${CMAKE_PREFIX_PATH}:/home/robotix/ros2_ws/install/robotix:/home/robotix/ros2_ws/src/install/robotix:/opt/ros/humble /usr/bin/cmake --build /home/robotix/ros2_ws/build/ydlidar_ros2_driver -- -j4 -l4
[9.217s] DEBUG:colcon.colcon_core.event_handler.log_command:Invoked command in '/home/robotix/ros2_ws/build/ydlidar_ros2_driver' returned '0': CMAKE_PREFIX_PATH=${CMAKE_PREFIX_PATH}:/home/robotix/ros2_ws/install/robotix:/home/robotix/ros2_ws/src/install/robotix:/opt/ros/humble /usr/bin/cmake --build /home/robotix/ros2_ws/build/ydlidar_ros2_driver -- -j4 -l4
[9.401s] DEBUG:colcon.colcon_core.event_handler.log_command:Invoking command in '/home/robotix/ros2_ws/build/ydlidar_ros2_driver': CMAKE_PREFIX_PATH=${CMAKE_PREFIX_PATH}:/home/robotix/ros2_ws/install/robotix:/home/robotix/ros2_ws/src/install/robotix:/opt/ros/humble /usr/bin/cmake --install /home/robotix/ros2_ws/build/ydlidar_ros2_driver
[9.531s] Level 1:colcon.colcon_core.environment:create_environment_scripts_only(ydlidar_ros2_driver)
[9.533s] DEBUG:colcon.colcon_core.event_handler.log_command:Invoked command in '/home/robotix/ros2_ws/build/ydlidar_ros2_driver' returned '0': CMAKE_PREFIX_PATH=${CMAKE_PREFIX_PATH}:/home/robotix/ros2_ws/install/robotix:/home/robotix/ros2_ws/src/install/robotix:/opt/ros/humble /usr/bin/cmake --install /home/robotix/ros2_ws/build/ydlidar_ros2_driver
[9.611s] Level 1:colcon.colcon_core.environment:checking '/home/robotix/ros2_ws/install/ydlidar_ros2_driver' for CMake module files
[9.616s] Level 1:colcon.colcon_core.environment:checking '/home/robotix/ros2_ws/install/ydlidar_ros2_driver' for CMake config files
[9.619s] Level 1:colcon.colcon_core.shell:create_environment_hook('ydlidar_ros2_driver', 'cmake_prefix_path')
[9.682s] INFO:colcon.colcon_core.shell:Creating environment hook '/home/robotix/ros2_ws/install/ydlidar_ros2_driver/share/ydlidar_ros2_driver/hook/cmake_prefix_path.ps1'
[9.684s] INFO:colcon.colcon_core.shell:Creating environment descriptor '/home/robotix/ros2_ws/install/ydlidar_ros2_driver/share/ydlidar_ros2_driver/hook/cmake_prefix_path.dsv'
[9.686s] INFO:colcon.colcon_core.shell:Creating environment hook '/home/robotix/ros2_ws/install/ydlidar_ros2_driver/share/ydlidar_ros2_driver/hook/cmake_prefix_path.sh'
[9.689s] Level 1:colcon.colcon_core.environment:checking '/home/robotix/ros2_ws/install/ydlidar_ros2_driver/lib'
[9.691s] Level 1:colcon.colcon_core.environment:checking '/home/robotix/ros2_ws/install/ydlidar_ros2_driver/bin'
[9.691s] Level 1:colcon.colcon_core.environment:checking '/home/robotix/ros2_ws/install/ydlidar_ros2_driver/lib/pkgconfig/ydlidar_ros2_driver.pc'
[9.692s] Level 1:colcon.colcon_core.environment:checking '/home/robotix/ros2_ws/install/ydlidar_ros2_driver/lib/python3.10/site-packages'
[9.694s] Level 1:colcon.colcon_core.environment:checking '/home/robotix/ros2_ws/install/ydlidar_ros2_driver/bin'
[9.758s] INFO:colcon.colcon_core.shell:Creating package script '/home/robotix/ros2_ws/install/ydlidar_ros2_driver/share/ydlidar_ros2_driver/package.ps1'
[9.761s] INFO:colcon.colcon_core.shell:Creating package descriptor '/home/robotix/ros2_ws/install/ydlidar_ros2_driver/share/ydlidar_ros2_driver/package.dsv'
[9.764s] INFO:colcon.colcon_core.shell:Creating package script '/home/robotix/ros2_ws/install/ydlidar_ros2_driver/share/ydlidar_ros2_driver/package.sh'
[9.768s] INFO:colcon.colcon_core.shell:Creating package script '/home/robotix/ros2_ws/install/ydlidar_ros2_driver/share/ydlidar_ros2_driver/package.bash'
[9.772s] INFO:colcon.colcon_core.shell:Creating package script '/home/robotix/ros2_ws/install/ydlidar_ros2_driver/share/ydlidar_ros2_driver/package.zsh'
[9.775s] Level 1:colcon.colcon_core.environment:create_file_with_runtime_dependencies(/home/robotix/ros2_ws/install/ydlidar_ros2_driver/share/colcon-core/packages/ydlidar_ros2_driver)
[9.987s] Level 1:colcon.colcon_core.environment:create_environment_scripts_only(ydlidar_ros2_driver)
[10.051s] Level 1:colcon.colcon_core.environment:checking '/home/robotix/ros2_ws/install/ydlidar_ros2_driver' for CMake module files
[10.055s] Level 1:colcon.colcon_core.environment:checking '/home/robotix/ros2_ws/install/ydlidar_ros2_driver' for CMake config files
[10.058s] Level 1:colcon.colcon_core.shell:create_environment_hook('ydlidar_ros2_driver', 'cmake_prefix_path')
[10.128s] INFO:colcon.colcon_core.shell:Creating environment hook '/home/robotix/ros2_ws/install/ydlidar_ros2_driver/share/ydlidar_ros2_driver/hook/cmake_prefix_path.ps1'
[10.130s] INFO:colcon.colcon_core.shell:Creating environment descriptor '/home/robotix/ros2_ws/install/ydlidar_ros2_driver/share/ydlidar_ros2_driver/hook/cmake_prefix_path.dsv'
[10.132s] INFO:colcon.colcon_core.shell:Creating environment hook '/home/robotix/ros2_ws/install/ydlidar_ros2_driver/share/ydlidar_ros2_driver/hook/cmake_prefix_path.sh'
[10.135s] Level 1:colcon.colcon_core.environment:checking '/home/robotix/ros2_ws/install/ydlidar_ros2_driver/lib'
[10.136s] Level 1:colcon.colcon_core.environment:checking '/home/robotix/ros2_ws/install/ydlidar_ros2_driver/bin'
[10.137s] Level 1:colcon.colcon_core.environment:checking '/home/robotix/ros2_ws/install/ydlidar_ros2_driver/lib/pkgconfig/ydlidar_ros2_driver.pc'
[10.138s] Level 1:colcon.colcon_core.environment:checking '/home/robotix/ros2_ws/install/ydlidar_ros2_driver/lib/python3.10/site-packages'
[10.139s] Level 1:colcon.colcon_core.environment:checking '/home/robotix/ros2_ws/install/ydlidar_ros2_driver/bin'
[10.207s] INFO:colcon.colcon_core.shell:Creating package script '/home/robotix/ros2_ws/install/ydlidar_ros2_driver/share/ydlidar_ros2_driver/package.ps1'
[10.210s] INFO:colcon.colcon_core.shell:Creating package descriptor '/home/robotix/ros2_ws/install/ydlidar_ros2_driver/share/ydlidar_ros2_driver/package.dsv'
[10.214s] INFO:colcon.colcon_core.shell:Creating package script '/home/robotix/ros2_ws/install/ydlidar_ros2_driver/share/ydlidar_ros2_driver/package.sh'
[10.217s] INFO:colcon.colcon_core.shell:Creating package script '/home/robotix/ros2_ws/install/ydlidar_ros2_driver/share/ydlidar_ros2_driver/package.bash'
[10.219s] INFO:colcon.colcon_core.shell:Creating package script '/home/robotix/ros2_ws/install/ydlidar_ros2_driver/share/ydlidar_ros2_driver/package.zsh'
[10.223s] Level 1:colcon.colcon_core.environment:create_file_with_runtime_dependencies(/home/robotix/ros2_ws/install/ydlidar_ros2_driver/share/colcon-core/packages/ydlidar_ros2_driver)
[10.752s] DEBUG:colcon.colcon_core.event_handler.log_command:Invoking command in '/home/robotix/ros2_ws/build/robotix': PYTHONPATH=/home/robotix/ros2_ws/build/robotix/prefix_override:/home/robotix/ros2_ws/install/robotix/lib/python3.10/site-packages:${PYTHONPATH} /usr/bin/python3 setup.py develop --editable --build-directory /home/robotix/ros2_ws/build/robotix/build --no-deps install_data
[12.765s] Level 1:colcon.colcon_core.shell:create_environment_hook('robotix', 'pythonpath_develop')
[12.767s] DEBUG:colcon.colcon_core.event_handler.log_command:Invoked command in '/home/robotix/ros2_ws/build/robotix' returned '0': PYTHONPATH=/home/robotix/ros2_ws/build/robotix/prefix_override:/home/robotix/ros2_ws/install/robotix/lib/python3.10/site-packages:${PYTHONPATH} /usr/bin/python3 setup.py develop --editable --build-directory /home/robotix/ros2_ws/build/robotix/build --no-deps install_data
[12.824s] INFO:colcon.colcon_core.shell:Creating environment hook '/home/robotix/ros2_ws/build/robotix/share/robotix/hook/pythonpath_develop.ps1'
[12.826s] INFO:colcon.colcon_core.shell:Creating environment descriptor '/home/robotix/ros2_ws/build/robotix/share/robotix/hook/pythonpath_develop.dsv'
[12.828s] INFO:colcon.colcon_core.shell:Creating environment hook '/home/robotix/ros2_ws/build/robotix/share/robotix/hook/pythonpath_develop.sh'
[12.886s] Level 1:colcon.colcon_core.environment:checking '/home/robotix/ros2_ws/install/robotix' for CMake module files
[12.890s] Level 1:colcon.colcon_core.environment:checking '/home/robotix/ros2_ws/install/robotix' for CMake config files
[12.893s] Level 1:colcon.colcon_core.environment:checking '/home/robotix/ros2_ws/install/robotix/lib'
[12.893s] Level 1:colcon.colcon_core.environment:checking '/home/robotix/ros2_ws/install/robotix/bin'
[12.894s] Level 1:colcon.colcon_core.environment:checking '/home/robotix/ros2_ws/install/robotix/lib/pkgconfig/robotix.pc'
[12.895s] Level 1:colcon.colcon_core.environment:checking '/home/robotix/ros2_ws/install/robotix/lib/python3.10/site-packages'
[12.895s] Level 1:colcon.colcon_core.shell:create_environment_hook('robotix', 'pythonpath')
[12.952s] INFO:colcon.colcon_core.shell:Creating environment hook '/home/robotix/ros2_ws/install/robotix/share/robotix/hook/pythonpath.ps1'
[12.954s] INFO:colcon.colcon_core.shell:Creating environment descriptor '/home/robotix/ros2_ws/install/robotix/share/robotix/hook/pythonpath.dsv'
[12.955s] INFO:colcon.colcon_core.shell:Creating environment hook '/home/robotix/ros2_ws/install/robotix/share/robotix/hook/pythonpath.sh'
[12.958s] Level 1:colcon.colcon_core.environment:checking '/home/robotix/ros2_ws/install/robotix/bin'
[12.959s] Level 1:colcon.colcon_core.environment:create_environment_scripts_only(robotix)
[13.015s] INFO:colcon.colcon_core.shell:Creating package script '/home/robotix/ros2_ws/install/robotix/share/robotix/package.ps1'
[13.018s] INFO:colcon.colcon_core.shell:Creating package descriptor '/home/robotix/ros2_ws/install/robotix/share/robotix/package.dsv'
[13.020s] INFO:colcon.colcon_core.shell:Creating package script '/home/robotix/ros2_ws/install/robotix/share/robotix/package.sh'
[13.023s] INFO:colcon.colcon_core.shell:Creating package script '/home/robotix/ros2_ws/install/robotix/share/robotix/package.bash'
[13.024s] INFO:colcon.colcon_core.shell:Creating package script '/home/robotix/ros2_ws/install/robotix/share/robotix/package.zsh'
[13.026s] Level 1:colcon.colcon_core.environment:create_file_with_runtime_dependencies(/home/robotix/ros2_ws/install/robotix/share/colcon-core/packages/robotix)
[13.027s] DEBUG:colcon.colcon_parallel_executor.executor.parallel:closing loop
[13.029s] DEBUG:colcon.colcon_parallel_executor.executor.parallel:loop closed
[13.029s] DEBUG:colcon.colcon_parallel_executor.executor.parallel:run_until_complete finished with '0'
[13.030s] DEBUG:colcon.colcon_core.event_reactor:joining thread
[13.108s] INFO:colcon.colcon_core.plugin_system:Skipping extension 'colcon_notification.desktop_notification.notify_send': Could not find 'notify-send'
[13.109s] INFO:colcon.colcon_core.plugin_system:Skipping extension 'colcon_notification.desktop_notification.terminal_notifier': Not used on non-Darwin systems
[13.109s] INFO:colcon.colcon_core.plugin_system:Skipping extension 'colcon_notification.desktop_notification.win32': Not used on non-Windows systems
[13.109s] INFO:colcon.colcon_notification.desktop_notification:Sending desktop notification using 'notify2'
[13.112s] DEBUG:colcon.colcon_notification.desktop_notification.notify2:Failed to initialize notify2: org.freedesktop.DBus.Error.ServiceUnknown: The name org.freedesktop.Notifications was not provided by any .service files
[13.113s] DEBUG:colcon.colcon_core.event_reactor:joined thread
[13.171s] INFO:colcon.colcon_core.shell:Creating prefix script '/home/robotix/ros2_ws/install/local_setup.ps1'
[13.175s] INFO:colcon.colcon_core.shell:Creating prefix util module '/home/robotix/ros2_ws/install/_local_setup_util_ps1.py'
[13.181s] INFO:colcon.colcon_core.shell:Creating prefix chain script '/home/robotix/ros2_ws/install/setup.ps1'
[13.242s] INFO:colcon.colcon_core.shell:Creating prefix script '/home/robotix/ros2_ws/install/local_setup.sh'
[13.244s] INFO:colcon.colcon_core.shell:Creating prefix util module '/home/robotix/ros2_ws/install/_local_setup_util_sh.py'
[13.247s] INFO:colcon.colcon_core.shell:Creating prefix chain script '/home/robotix/ros2_ws/install/setup.sh'
[13.308s] INFO:colcon.colcon_core.shell:Creating prefix script '/home/robotix/ros2_ws/install/local_setup.bash'
[13.310s] INFO:colcon.colcon_core.shell:Creating prefix chain script '/home/robotix/ros2_ws/install/setup.bash'
[13.371s] INFO:colcon.colcon_core.shell:Creating prefix script '/home/robotix/ros2_ws/install/local_setup.zsh'
[13.373s] INFO:colcon.colcon_core.shell:Creating prefix chain script '/home/robotix/ros2_ws/install/setup.zsh'
