[4.835s] DEBUG:colcon:Command line arguments: ['/usr/bin/colcon', 'build', '--packages-select', 'vl53l1x']
[4.836s] DEBUG:colcon:Parsed command line arguments: Namespace(log_base=None, log_level=None, verb_name='build', build_base='build', install_base='install', merge_install=False, symlink_install=False, test_result_base=None, continue_on_error=False, executor='parallel', parallel_workers=4, event_handlers=None, ignore_user_meta=False, metas=['./colcon.meta'], base_paths=['.'], packages_ignore=None, packages_ignore_regex=None, paths=None, packages_up_to=None, packages_up_to_regex=None, packages_above=None, packages_above_and_dependencies=None, packages_above_depth=None, packages_select_by_dep=None, packages_skip_by_dep=None, packages_skip_up_to=None, packages_select_build_failed=False, packages_skip_build_finished=False, packages_select_test_failures=False, packages_skip_test_passed=False, packages_select=['vl53l1x'], packages_skip=None, packages_select_regex=None, packages_skip_regex=None, packages_start=None, packages_end=None, allow_overriding=[], cmake_args=None, cmake_target=None, cmake_target_skip_unavailable=False, cmake_clean_cache=False, cmake_clean_first=False, cmake_force_configure=False, ament_cmake_args=None, catkin_cmake_args=None, catkin_skip_building_tests=False, verb_parser=<colcon_defaults.argument_parser.defaults.DefaultArgumentsDecorator object at 0xffffad286440>, verb_extension=<colcon_core.verb.build.BuildVerb object at 0xffffad423700>, main=<bound method BuildVerb.main of <colcon_core.verb.build.BuildVerb object at 0xffffad423700>>)
[5.280s] Level 1:colcon.colcon_core.package_discovery:discover_packages(colcon_meta) check parameters
[5.281s] Level 1:colcon.colcon_core.package_discovery:discover_packages(recursive) check parameters
[5.281s] Level 1:colcon.colcon_core.package_discovery:discover_packages(ignore) check parameters
[5.282s] Level 1:colcon.colcon_core.package_discovery:discover_packages(path) check parameters
[5.282s] Level 1:colcon.colcon_core.package_discovery:discover_packages(colcon_meta) discover
[5.283s] Level 1:colcon.colcon_core.package_discovery:discover_packages(recursive) discover
[5.283s] INFO:colcon.colcon_core.package_discovery:Crawling recursively for packages in '/home/robotix/ros2_ws/src'
[5.284s] Level 1:colcon.colcon_core.package_identification:_identify(.) by extensions ['ignore', 'ignore_ament_install']
[5.285s] Level 1:colcon.colcon_core.package_identification:_identify(.) by extension 'ignore'
[5.285s] Level 1:colcon.colcon_core.package_identification:_identify(.) by extension 'ignore_ament_install'
[5.286s] Level 1:colcon.colcon_core.package_identification:_identify(.) by extensions ['colcon_pkg']
[5.286s] Level 1:colcon.colcon_core.package_identification:_identify(.) by extension 'colcon_pkg'
[5.287s] Level 1:colcon.colcon_core.package_identification:_identify(.) by extensions ['colcon_meta']
[5.287s] Level 1:colcon.colcon_core.package_identification:_identify(.) by extension 'colcon_meta'
[5.288s] Level 1:colcon.colcon_core.package_identification:_identify(.) by extensions ['ros']
[5.288s] Level 1:colcon.colcon_core.package_identification:_identify(.) by extension 'ros'
[5.367s] Level 1:colcon.colcon_core.package_identification:_identify(.) by extensions ['cmake', 'python']
[5.367s] Level 1:colcon.colcon_core.package_identification:_identify(.) by extension 'cmake'
[5.367s] Level 1:colcon.colcon_core.package_identification:_identify(.) by extension 'python'
[5.368s] Level 1:colcon.colcon_core.package_identification:_identify(.) by extensions ['python_setup_py']
[5.368s] Level 1:colcon.colcon_core.package_identification:_identify(.) by extension 'python_setup_py'
[5.368s] Level 1:colcon.colcon_core.package_identification:_identify(ROS2-VL53L1X) by extensions ['ignore', 'ignore_ament_install']
[5.369s] Level 1:colcon.colcon_core.package_identification:_identify(ROS2-VL53L1X) by extension 'ignore'
[5.369s] Level 1:colcon.colcon_core.package_identification:_identify(ROS2-VL53L1X) by extension 'ignore_ament_install'
[5.369s] Level 1:colcon.colcon_core.package_identification:_identify(ROS2-VL53L1X) by extensions ['colcon_pkg']
[5.370s] Level 1:colcon.colcon_core.package_identification:_identify(ROS2-VL53L1X) by extension 'colcon_pkg'
[5.370s] Level 1:colcon.colcon_core.package_identification:_identify(ROS2-VL53L1X) by extensions ['colcon_meta']
[5.370s] Level 1:colcon.colcon_core.package_identification:_identify(ROS2-VL53L1X) by extension 'colcon_meta'
[5.370s] Level 1:colcon.colcon_core.package_identification:_identify(ROS2-VL53L1X) by extensions ['ros']
[5.370s] Level 1:colcon.colcon_core.package_identification:_identify(ROS2-VL53L1X) by extension 'ros'
[5.384s] DEBUG:colcon.colcon_core.package_identification:Package 'ROS2-VL53L1X' with type 'ros.ament_cmake' and name 'vl53l1x'
[5.385s] Level 1:colcon.colcon_core.package_identification:_identify(build) by extensions ['ignore', 'ignore_ament_install']
[5.385s] Level 1:colcon.colcon_core.package_identification:_identify(build) by extension 'ignore'
[5.385s] Level 1:colcon.colcon_core.package_identification:_identify(build) ignored
[5.386s] Level 1:colcon.colcon_core.package_identification:_identify(install) by extensions ['ignore', 'ignore_ament_install']
[5.386s] Level 1:colcon.colcon_core.package_identification:_identify(install) by extension 'ignore'
[5.387s] Level 1:colcon.colcon_core.package_identification:_identify(install) ignored
[5.388s] Level 1:colcon.colcon_core.package_identification:_identify(log) by extensions ['ignore', 'ignore_ament_install']
[5.388s] Level 1:colcon.colcon_core.package_identification:_identify(log) by extension 'ignore'
[5.388s] Level 1:colcon.colcon_core.package_identification:_identify(log) ignored
[5.389s] Level 1:colcon.colcon_core.package_identification:_identify(robotix) by extensions ['ignore', 'ignore_ament_install']
[5.389s] Level 1:colcon.colcon_core.package_identification:_identify(robotix) by extension 'ignore'
[5.389s] Level 1:colcon.colcon_core.package_identification:_identify(robotix) by extension 'ignore_ament_install'
[5.390s] Level 1:colcon.colcon_core.package_identification:_identify(robotix) by extensions ['colcon_pkg']
[5.390s] Level 1:colcon.colcon_core.package_identification:_identify(robotix) by extension 'colcon_pkg'
[5.390s] Level 1:colcon.colcon_core.package_identification:_identify(robotix) by extensions ['colcon_meta']
[5.390s] Level 1:colcon.colcon_core.package_identification:_identify(robotix) by extension 'colcon_meta'
[5.391s] Level 1:colcon.colcon_core.package_identification:_identify(robotix) by extensions ['ros']
[5.391s] Level 1:colcon.colcon_core.package_identification:_identify(robotix) by extension 'ros'
[5.395s] DEBUG:colcon.colcon_core.package_identification:Package 'robotix' with type 'ros.ament_python' and name 'robotix'
[5.396s] Level 1:colcon.colcon_core.package_identification:_identify(ydlidar_ros2_driver) by extensions ['ignore', 'ignore_ament_install']
[5.396s] Level 1:colcon.colcon_core.package_identification:_identify(ydlidar_ros2_driver) by extension 'ignore'
[5.397s] Level 1:colcon.colcon_core.package_identification:_identify(ydlidar_ros2_driver) by extension 'ignore_ament_install'
[5.397s] Level 1:colcon.colcon_core.package_identification:_identify(ydlidar_ros2_driver) by extensions ['colcon_pkg']
[5.397s] Level 1:colcon.colcon_core.package_identification:_identify(ydlidar_ros2_driver) by extension 'colcon_pkg'
[5.397s] Level 1:colcon.colcon_core.package_identification:_identify(ydlidar_ros2_driver) by extensions ['colcon_meta']
[5.397s] Level 1:colcon.colcon_core.package_identification:_identify(ydlidar_ros2_driver) by extension 'colcon_meta'
[5.398s] Level 1:colcon.colcon_core.package_identification:_identify(ydlidar_ros2_driver) by extensions ['ros']
[5.398s] Level 1:colcon.colcon_core.package_identification:_identify(ydlidar_ros2_driver) by extension 'ros'
[5.400s] DEBUG:colcon.colcon_core.package_identification:Package 'ydlidar_ros2_driver' with type 'ros.ament_cmake' and name 'ydlidar_ros2_driver'
[5.401s] Level 1:colcon.colcon_core.package_discovery:discover_packages(recursive) using defaults
[5.401s] Level 1:colcon.colcon_core.package_discovery:discover_packages(ignore) discover
[5.401s] Level 1:colcon.colcon_core.package_discovery:discover_packages(ignore) using defaults
[5.401s] Level 1:colcon.colcon_core.package_discovery:discover_packages(path) discover
[5.401s] Level 1:colcon.colcon_core.package_discovery:discover_packages(path) using defaults
[5.670s] INFO:colcon.colcon_core.package_selection:Skipping not selected package 'robotix' in 'robotix'
[5.670s] INFO:colcon.colcon_core.package_selection:Skipping not selected package 'ydlidar_ros2_driver' in 'ydlidar_ros2_driver'
[5.783s] Level 1:colcon.colcon_core.package_discovery:discover_packages(prefix_path) check parameters
[5.784s] Level 1:colcon.colcon_core.package_discovery:discover_packages(prefix_path) discover
[5.907s] DEBUG:colcon.colcon_installed_package_information.package_discovery:Found 3 installed packages in /home/robotix/ros2_ws/install
[5.965s] DEBUG:colcon.colcon_installed_package_information.package_discovery:Found 3 installed packages in /home/robotix/ros2_ws/src/install
[6.027s] DEBUG:colcon.colcon_installed_package_information.package_discovery:Found 180 installed packages in /opt/ros/humble
[6.033s] Level 1:colcon.colcon_core.package_discovery:discover_packages(prefix_path) using defaults
[6.365s] Level 5:colcon.colcon_core.verb:set package 'vl53l1x' build argument 'cmake_args' from command line to 'None'
[6.365s] Level 5:colcon.colcon_core.verb:set package 'vl53l1x' build argument 'cmake_target' from command line to 'None'
[6.365s] Level 5:colcon.colcon_core.verb:set package 'vl53l1x' build argument 'cmake_target_skip_unavailable' from command line to 'False'
[6.365s] Level 5:colcon.colcon_core.verb:set package 'vl53l1x' build argument 'cmake_clean_cache' from command line to 'False'
[6.365s] Level 5:colcon.colcon_core.verb:set package 'vl53l1x' build argument 'cmake_clean_first' from command line to 'False'
[6.365s] Level 5:colcon.colcon_core.verb:set package 'vl53l1x' build argument 'cmake_force_configure' from command line to 'False'
[6.366s] Level 5:colcon.colcon_core.verb:set package 'vl53l1x' build argument 'ament_cmake_args' from command line to 'None'
[6.366s] Level 5:colcon.colcon_core.verb:set package 'vl53l1x' build argument 'catkin_cmake_args' from command line to 'None'
[6.366s] Level 5:colcon.colcon_core.verb:set package 'vl53l1x' build argument 'catkin_skip_building_tests' from command line to 'False'
[6.366s] DEBUG:colcon.colcon_core.verb:Building package 'vl53l1x' with the following arguments: {'ament_cmake_args': None, 'build_base': '/home/robotix/ros2_ws/src/build/vl53l1x', 'catkin_cmake_args': None, 'catkin_skip_building_tests': False, 'cmake_args': None, 'cmake_clean_cache': False, 'cmake_clean_first': False, 'cmake_force_configure': False, 'cmake_target': None, 'cmake_target_skip_unavailable': False, 'install_base': '/home/robotix/ros2_ws/src/install/vl53l1x', 'merge_install': False, 'path': '/home/robotix/ros2_ws/src/ROS2-VL53L1X', 'symlink_install': False, 'test_result_base': None}
[6.422s] INFO:colcon.colcon_core.executor:Executing jobs using 'parallel' executor
[6.482s] DEBUG:colcon.colcon_parallel_executor.executor.parallel:run_until_complete
[6.483s] INFO:colcon.colcon_ros.task.ament_cmake.build:Building ROS package in '/home/robotix/ros2_ws/src/ROS2-VL53L1X' with build type 'ament_cmake'
[6.483s] INFO:colcon.colcon_cmake.task.cmake.build:Building CMake package in '/home/robotix/ros2_ws/src/ROS2-VL53L1X'
[6.555s] INFO:colcon.colcon_core.plugin_system:Skipping extension 'colcon_core.shell.bat': Not used on non-Windows systems
[6.556s] INFO:colcon.colcon_core.shell:Skip shell extension 'powershell' for command environment: Not usable outside of PowerShell
[6.557s] DEBUG:colcon.colcon_core.shell:Skip shell extension 'dsv' for command environment
[6.819s] DEBUG:colcon.colcon_core.event_handler.log_command:Invoking command in '/home/robotix/ros2_ws/src/build/vl53l1x': CMAKE_PREFIX_PATH=${CMAKE_PREFIX_PATH}:/home/robotix/ros2_ws/install/robotix:/home/robotix/ros2_ws/src/install/robotix:/opt/ros/humble /usr/bin/cmake /home/robotix/ros2_ws/src/ROS2-VL53L1X -DCMAKE_INSTALL_PREFIX=/home/robotix/ros2_ws/src/install/vl53l1x
[11.090s] DEBUG:colcon.colcon_core.event_handler.log_command:Invoked command in '/home/robotix/ros2_ws/src/build/vl53l1x' returned '0': CMAKE_PREFIX_PATH=${CMAKE_PREFIX_PATH}:/home/robotix/ros2_ws/install/robotix:/home/robotix/ros2_ws/src/install/robotix:/opt/ros/humble /usr/bin/cmake /home/robotix/ros2_ws/src/ROS2-VL53L1X -DCMAKE_INSTALL_PREFIX=/home/robotix/ros2_ws/src/install/vl53l1x
[11.102s] DEBUG:colcon.colcon_core.event_handler.log_command:Invoking command in '/home/robotix/ros2_ws/src/build/vl53l1x': CMAKE_PREFIX_PATH=${CMAKE_PREFIX_PATH}:/home/robotix/ros2_ws/install/robotix:/home/robotix/ros2_ws/src/install/robotix:/opt/ros/humble /usr/bin/cmake --build /home/robotix/ros2_ws/src/build/vl53l1x -- -j4 -l4
[33.248s] DEBUG:colcon.colcon_core.event_handler.log_command:Invoked command in '/home/robotix/ros2_ws/src/build/vl53l1x' returned '0': CMAKE_PREFIX_PATH=${CMAKE_PREFIX_PATH}:/home/robotix/ros2_ws/install/robotix:/home/robotix/ros2_ws/src/install/robotix:/opt/ros/humble /usr/bin/cmake --build /home/robotix/ros2_ws/src/build/vl53l1x -- -j4 -l4
[33.448s] DEBUG:colcon.colcon_core.event_handler.log_command:Invoking command in '/home/robotix/ros2_ws/src/build/vl53l1x': CMAKE_PREFIX_PATH=${CMAKE_PREFIX_PATH}:/home/robotix/ros2_ws/install/robotix:/home/robotix/ros2_ws/src/install/robotix:/opt/ros/humble /usr/bin/cmake --install /home/robotix/ros2_ws/src/build/vl53l1x
[33.577s] Level 1:colcon.colcon_core.environment:create_environment_scripts_only(vl53l1x)
[33.578s] DEBUG:colcon.colcon_core.event_handler.log_command:Invoked command in '/home/robotix/ros2_ws/src/build/vl53l1x' returned '0': CMAKE_PREFIX_PATH=${CMAKE_PREFIX_PATH}:/home/robotix/ros2_ws/install/robotix:/home/robotix/ros2_ws/src/install/robotix:/opt/ros/humble /usr/bin/cmake --install /home/robotix/ros2_ws/src/build/vl53l1x
[33.673s] Level 1:colcon.colcon_core.environment:checking '/home/robotix/ros2_ws/src/install/vl53l1x' for CMake module files
[33.676s] Level 1:colcon.colcon_core.environment:checking '/home/robotix/ros2_ws/src/install/vl53l1x' for CMake config files
[33.678s] Level 1:colcon.colcon_core.shell:create_environment_hook('vl53l1x', 'cmake_prefix_path')
[33.734s] INFO:colcon.colcon_core.shell:Creating environment hook '/home/robotix/ros2_ws/src/install/vl53l1x/share/vl53l1x/hook/cmake_prefix_path.ps1'
[33.738s] INFO:colcon.colcon_core.shell:Creating environment descriptor '/home/robotix/ros2_ws/src/install/vl53l1x/share/vl53l1x/hook/cmake_prefix_path.dsv'
[33.745s] INFO:colcon.colcon_core.shell:Creating environment hook '/home/robotix/ros2_ws/src/install/vl53l1x/share/vl53l1x/hook/cmake_prefix_path.sh'
[33.753s] Level 1:colcon.colcon_core.environment:checking '/home/robotix/ros2_ws/src/install/vl53l1x/lib'
[33.754s] Level 1:colcon.colcon_core.environment:checking '/home/robotix/ros2_ws/src/install/vl53l1x/bin'
[33.755s] Level 1:colcon.colcon_core.environment:checking '/home/robotix/ros2_ws/src/install/vl53l1x/lib/pkgconfig/vl53l1x.pc'
[33.756s] Level 1:colcon.colcon_core.environment:checking '/home/robotix/ros2_ws/src/install/vl53l1x/lib/python3.10/site-packages'
[33.757s] Level 1:colcon.colcon_core.environment:checking '/home/robotix/ros2_ws/src/install/vl53l1x/bin'
[33.815s] INFO:colcon.colcon_core.shell:Creating package script '/home/robotix/ros2_ws/src/install/vl53l1x/share/vl53l1x/package.ps1'
[33.820s] INFO:colcon.colcon_core.shell:Creating package descriptor '/home/robotix/ros2_ws/src/install/vl53l1x/share/vl53l1x/package.dsv'
[33.826s] INFO:colcon.colcon_core.shell:Creating package script '/home/robotix/ros2_ws/src/install/vl53l1x/share/vl53l1x/package.sh'
[33.830s] INFO:colcon.colcon_core.shell:Creating package script '/home/robotix/ros2_ws/src/install/vl53l1x/share/vl53l1x/package.bash'
[33.836s] INFO:colcon.colcon_core.shell:Creating package script '/home/robotix/ros2_ws/src/install/vl53l1x/share/vl53l1x/package.zsh'
[33.840s] Level 1:colcon.colcon_core.environment:create_file_with_runtime_dependencies(/home/robotix/ros2_ws/src/install/vl53l1x/share/colcon-core/packages/vl53l1x)
[34.050s] Level 1:colcon.colcon_core.environment:create_environment_scripts_only(vl53l1x)
[34.107s] Level 1:colcon.colcon_core.environment:checking '/home/robotix/ros2_ws/src/install/vl53l1x' for CMake module files
[34.110s] Level 1:colcon.colcon_core.environment:checking '/home/robotix/ros2_ws/src/install/vl53l1x' for CMake config files
[34.112s] Level 1:colcon.colcon_core.shell:create_environment_hook('vl53l1x', 'cmake_prefix_path')
[34.168s] INFO:colcon.colcon_core.shell:Creating environment hook '/home/robotix/ros2_ws/src/install/vl53l1x/share/vl53l1x/hook/cmake_prefix_path.ps1'
[34.170s] INFO:colcon.colcon_core.shell:Creating environment descriptor '/home/robotix/ros2_ws/src/install/vl53l1x/share/vl53l1x/hook/cmake_prefix_path.dsv'
[34.173s] INFO:colcon.colcon_core.shell:Creating environment hook '/home/robotix/ros2_ws/src/install/vl53l1x/share/vl53l1x/hook/cmake_prefix_path.sh'
[34.175s] Level 1:colcon.colcon_core.environment:checking '/home/robotix/ros2_ws/src/install/vl53l1x/lib'
[34.176s] Level 1:colcon.colcon_core.environment:checking '/home/robotix/ros2_ws/src/install/vl53l1x/bin'
[34.176s] Level 1:colcon.colcon_core.environment:checking '/home/robotix/ros2_ws/src/install/vl53l1x/lib/pkgconfig/vl53l1x.pc'
[34.177s] Level 1:colcon.colcon_core.environment:checking '/home/robotix/ros2_ws/src/install/vl53l1x/lib/python3.10/site-packages'
[34.178s] Level 1:colcon.colcon_core.environment:checking '/home/robotix/ros2_ws/src/install/vl53l1x/bin'
[34.234s] INFO:colcon.colcon_core.shell:Creating package script '/home/robotix/ros2_ws/src/install/vl53l1x/share/vl53l1x/package.ps1'
[34.236s] INFO:colcon.colcon_core.shell:Creating package descriptor '/home/robotix/ros2_ws/src/install/vl53l1x/share/vl53l1x/package.dsv'
[34.239s] INFO:colcon.colcon_core.shell:Creating package script '/home/robotix/ros2_ws/src/install/vl53l1x/share/vl53l1x/package.sh'
[34.242s] INFO:colcon.colcon_core.shell:Creating package script '/home/robotix/ros2_ws/src/install/vl53l1x/share/vl53l1x/package.bash'
[34.244s] INFO:colcon.colcon_core.shell:Creating package script '/home/robotix/ros2_ws/src/install/vl53l1x/share/vl53l1x/package.zsh'
[34.246s] Level 1:colcon.colcon_core.environment:create_file_with_runtime_dependencies(/home/robotix/ros2_ws/src/install/vl53l1x/share/colcon-core/packages/vl53l1x)
[34.247s] DEBUG:colcon.colcon_parallel_executor.executor.parallel:closing loop
[34.249s] DEBUG:colcon.colcon_parallel_executor.executor.parallel:loop closed
[34.249s] DEBUG:colcon.colcon_parallel_executor.executor.parallel:run_until_complete finished with '0'
[34.250s] DEBUG:colcon.colcon_core.event_reactor:joining thread
[34.346s] INFO:colcon.colcon_core.plugin_system:Skipping extension 'colcon_notification.desktop_notification.notify_send': Could not find 'notify-send'
[34.346s] INFO:colcon.colcon_core.plugin_system:Skipping extension 'colcon_notification.desktop_notification.terminal_notifier': Not used on non-Darwin systems
[34.347s] INFO:colcon.colcon_core.plugin_system:Skipping extension 'colcon_notification.desktop_notification.win32': Not used on non-Windows systems
[34.347s] INFO:colcon.colcon_notification.desktop_notification:Sending desktop notification using 'notify2'
[34.350s] DEBUG:colcon.colcon_notification.desktop_notification.notify2:Failed to initialize notify2: org.freedesktop.DBus.Error.ServiceUnknown: The name org.freedesktop.Notifications was not provided by any .service files
[34.351s] DEBUG:colcon.colcon_core.event_reactor:joined thread
[34.410s] INFO:colcon.colcon_core.shell:Creating prefix script '/home/robotix/ros2_ws/src/install/local_setup.ps1'
[34.415s] INFO:colcon.colcon_core.shell:Creating prefix util module '/home/robotix/ros2_ws/src/install/_local_setup_util_ps1.py'
[34.423s] INFO:colcon.colcon_core.shell:Creating prefix chain script '/home/robotix/ros2_ws/src/install/setup.ps1'
[34.520s] INFO:colcon.colcon_core.shell:Creating prefix script '/home/robotix/ros2_ws/src/install/local_setup.sh'
[34.524s] INFO:colcon.colcon_core.shell:Creating prefix util module '/home/robotix/ros2_ws/src/install/_local_setup_util_sh.py'
[34.526s] INFO:colcon.colcon_core.shell:Creating prefix chain script '/home/robotix/ros2_ws/src/install/setup.sh'
[34.590s] INFO:colcon.colcon_core.shell:Creating prefix script '/home/robotix/ros2_ws/src/install/local_setup.bash'
[34.593s] INFO:colcon.colcon_core.shell:Creating prefix chain script '/home/robotix/ros2_ws/src/install/setup.bash'
[34.655s] INFO:colcon.colcon_core.shell:Creating prefix script '/home/robotix/ros2_ws/src/install/local_setup.zsh'
[34.659s] INFO:colcon.colcon_core.shell:Creating prefix chain script '/home/robotix/ros2_ws/src/install/setup.zsh'
