[4.256s] DEBUG:colcon:Command line arguments: ['/usr/bin/colcon', 'build', '--symlink-install']
[4.257s] DEBUG:colcon:Parsed command line arguments: Namespace(log_base=None, log_level=None, verb_name='build', build_base='build', install_base='install', merge_install=False, symlink_install=True, test_result_base=None, continue_on_error=False, executor='parallel', parallel_workers=4, event_handlers=None, ignore_user_meta=False, metas=['./colcon.meta'], base_paths=['.'], packages_ignore=None, packages_ignore_regex=None, paths=None, packages_up_to=None, packages_up_to_regex=None, packages_above=None, packages_above_and_dependencies=None, packages_above_depth=None, packages_select_by_dep=None, packages_skip_by_dep=None, packages_skip_up_to=None, packages_select_build_failed=False, packages_skip_build_finished=False, packages_select_test_failures=False, packages_skip_test_passed=False, packages_select=None, packages_skip=None, packages_select_regex=None, packages_skip_regex=None, packages_start=None, packages_end=None, allow_overriding=[], cmake_args=None, cmake_target=None, cmake_target_skip_unavailable=False, cmake_clean_cache=False, cmake_clean_first=False, cmake_force_configure=False, ament_cmake_args=None, catkin_cmake_args=None, catkin_skip_building_tests=False, verb_parser=<colcon_defaults.argument_parser.defaults.DefaultArgumentsDecorator object at 0xffffb4dbba00>, verb_extension=<colcon_core.verb.build.BuildVerb object at 0xffffb4f9ffa0>, main=<bound method BuildVerb.main of <colcon_core.verb.build.BuildVerb object at 0xffffb4f9ffa0>>)
[4.526s] Level 1:colcon.colcon_core.package_discovery:discover_packages(colcon_meta) check parameters
[4.527s] Level 1:colcon.colcon_core.package_discovery:discover_packages(recursive) check parameters
[4.527s] Level 1:colcon.colcon_core.package_discovery:discover_packages(ignore) check parameters
[4.527s] Level 1:colcon.colcon_core.package_discovery:discover_packages(path) check parameters
[4.527s] Level 1:colcon.colcon_core.package_discovery:discover_packages(colcon_meta) discover
[4.527s] Level 1:colcon.colcon_core.package_discovery:discover_packages(recursive) discover
[4.527s] INFO:colcon.colcon_core.package_discovery:Crawling recursively for packages in '/home/robotix/ros2_ws'
[4.528s] Level 1:colcon.colcon_core.package_identification:_identify(.) by extensions ['ignore', 'ignore_ament_install']
[4.528s] Level 1:colcon.colcon_core.package_identification:_identify(.) by extension 'ignore'
[4.529s] Level 1:colcon.colcon_core.package_identification:_identify(.) by extension 'ignore_ament_install'
[4.529s] Level 1:colcon.colcon_core.package_identification:_identify(.) by extensions ['colcon_pkg']
[4.529s] Level 1:colcon.colcon_core.package_identification:_identify(.) by extension 'colcon_pkg'
[4.529s] Level 1:colcon.colcon_core.package_identification:_identify(.) by extensions ['colcon_meta']
[4.529s] Level 1:colcon.colcon_core.package_identification:_identify(.) by extension 'colcon_meta'
[4.530s] Level 1:colcon.colcon_core.package_identification:_identify(.) by extensions ['ros']
[4.530s] Level 1:colcon.colcon_core.package_identification:_identify(.) by extension 'ros'
[4.607s] Level 1:colcon.colcon_core.package_identification:_identify(.) by extensions ['cmake', 'python']
[4.607s] Level 1:colcon.colcon_core.package_identification:_identify(.) by extension 'cmake'
[4.607s] Level 1:colcon.colcon_core.package_identification:_identify(.) by extension 'python'
[4.607s] Level 1:colcon.colcon_core.package_identification:_identify(.) by extensions ['python_setup_py']
[4.607s] Level 1:colcon.colcon_core.package_identification:_identify(.) by extension 'python_setup_py'
[4.608s] Level 1:colcon.colcon_core.package_identification:_identify(build) by extensions ['ignore', 'ignore_ament_install']
[4.609s] Level 1:colcon.colcon_core.package_identification:_identify(build) by extension 'ignore'
[4.609s] Level 1:colcon.colcon_core.package_identification:_identify(build) ignored
[4.610s] Level 1:colcon.colcon_core.package_identification:_identify(install) by extensions ['ignore', 'ignore_ament_install']
[4.610s] Level 1:colcon.colcon_core.package_identification:_identify(install) by extension 'ignore'
[4.610s] Level 1:colcon.colcon_core.package_identification:_identify(install) ignored
[4.611s] Level 1:colcon.colcon_core.package_identification:_identify(log) by extensions ['ignore', 'ignore_ament_install']
[4.612s] Level 1:colcon.colcon_core.package_identification:_identify(log) by extension 'ignore'
[4.612s] Level 1:colcon.colcon_core.package_identification:_identify(log) ignored
[4.613s] Level 1:colcon.colcon_core.package_identification:_identify(src) by extensions ['ignore', 'ignore_ament_install']
[4.613s] Level 1:colcon.colcon_core.package_identification:_identify(src) by extension 'ignore'
[4.613s] Level 1:colcon.colcon_core.package_identification:_identify(src) by extension 'ignore_ament_install'
[4.613s] Level 1:colcon.colcon_core.package_identification:_identify(src) by extensions ['colcon_pkg']
[4.614s] Level 1:colcon.colcon_core.package_identification:_identify(src) by extension 'colcon_pkg'
[4.614s] Level 1:colcon.colcon_core.package_identification:_identify(src) by extensions ['colcon_meta']
[4.614s] Level 1:colcon.colcon_core.package_identification:_identify(src) by extension 'colcon_meta'
[4.614s] Level 1:colcon.colcon_core.package_identification:_identify(src) by extensions ['ros']
[4.614s] Level 1:colcon.colcon_core.package_identification:_identify(src) by extension 'ros'
[4.615s] Level 1:colcon.colcon_core.package_identification:_identify(src) by extensions ['cmake', 'python']
[4.615s] Level 1:colcon.colcon_core.package_identification:_identify(src) by extension 'cmake'
[4.615s] Level 1:colcon.colcon_core.package_identification:_identify(src) by extension 'python'
[4.615s] Level 1:colcon.colcon_core.package_identification:_identify(src) by extensions ['python_setup_py']
[4.615s] Level 1:colcon.colcon_core.package_identification:_identify(src) by extension 'python_setup_py'
[4.616s] Level 1:colcon.colcon_core.package_identification:_identify(src/build) by extensions ['ignore', 'ignore_ament_install']
[4.616s] Level 1:colcon.colcon_core.package_identification:_identify(src/build) by extension 'ignore'
[4.616s] Level 1:colcon.colcon_core.package_identification:_identify(src/build) ignored
[4.617s] Level 1:colcon.colcon_core.package_identification:_identify(src/install) by extensions ['ignore', 'ignore_ament_install']
[4.617s] Level 1:colcon.colcon_core.package_identification:_identify(src/install) by extension 'ignore'
[4.618s] Level 1:colcon.colcon_core.package_identification:_identify(src/install) ignored
[4.623s] Level 1:colcon.colcon_core.package_identification:_identify(src/log) by extensions ['ignore', 'ignore_ament_install']
[4.624s] Level 1:colcon.colcon_core.package_identification:_identify(src/log) by extension 'ignore'
[4.624s] Level 1:colcon.colcon_core.package_identification:_identify(src/log) ignored
[4.625s] Level 1:colcon.colcon_core.package_identification:_identify(src/robotix) by extensions ['ignore', 'ignore_ament_install']
[4.626s] Level 1:colcon.colcon_core.package_identification:_identify(src/robotix) by extension 'ignore'
[4.626s] Level 1:colcon.colcon_core.package_identification:_identify(src/robotix) by extension 'ignore_ament_install'
[4.626s] Level 1:colcon.colcon_core.package_identification:_identify(src/robotix) by extensions ['colcon_pkg']
[4.626s] Level 1:colcon.colcon_core.package_identification:_identify(src/robotix) by extension 'colcon_pkg'
[4.627s] Level 1:colcon.colcon_core.package_identification:_identify(src/robotix) by extensions ['colcon_meta']
[4.627s] Level 1:colcon.colcon_core.package_identification:_identify(src/robotix) by extension 'colcon_meta'
[4.627s] Level 1:colcon.colcon_core.package_identification:_identify(src/robotix) by extensions ['ros']
[4.627s] Level 1:colcon.colcon_core.package_identification:_identify(src/robotix) by extension 'ros'
[4.646s] DEBUG:colcon.colcon_core.package_identification:Package 'src/robotix' with type 'ros.ament_python' and name 'robotix'
[4.647s] Level 1:colcon.colcon_core.package_identification:_identify(src/tof_imager_ros) by extensions ['ignore', 'ignore_ament_install']
[4.647s] Level 1:colcon.colcon_core.package_identification:_identify(src/tof_imager_ros) by extension 'ignore'
[4.648s] Level 1:colcon.colcon_core.package_identification:_identify(src/tof_imager_ros) by extension 'ignore_ament_install'
[4.648s] Level 1:colcon.colcon_core.package_identification:_identify(src/tof_imager_ros) by extensions ['colcon_pkg']
[4.648s] Level 1:colcon.colcon_core.package_identification:_identify(src/tof_imager_ros) by extension 'colcon_pkg'
[4.648s] Level 1:colcon.colcon_core.package_identification:_identify(src/tof_imager_ros) by extensions ['colcon_meta']
[4.648s] Level 1:colcon.colcon_core.package_identification:_identify(src/tof_imager_ros) by extension 'colcon_meta'
[4.649s] Level 1:colcon.colcon_core.package_identification:_identify(src/tof_imager_ros) by extensions ['ros']
[4.649s] Level 1:colcon.colcon_core.package_identification:_identify(src/tof_imager_ros) by extension 'ros'
[4.652s] DEBUG:colcon.colcon_core.package_identification:Package 'src/tof_imager_ros' with type 'ros.ament_python' and name 'tof_imager_ros'
[4.653s] Level 1:colcon.colcon_core.package_identification:_identify(src/vl53l5cx_python) by extensions ['ignore', 'ignore_ament_install']
[4.653s] Level 1:colcon.colcon_core.package_identification:_identify(src/vl53l5cx_python) by extension 'ignore'
[4.654s] Level 1:colcon.colcon_core.package_identification:_identify(src/vl53l5cx_python) by extension 'ignore_ament_install'
[4.654s] Level 1:colcon.colcon_core.package_identification:_identify(src/vl53l5cx_python) by extensions ['colcon_pkg']
[4.654s] Level 1:colcon.colcon_core.package_identification:_identify(src/vl53l5cx_python) by extension 'colcon_pkg'
[4.654s] Level 1:colcon.colcon_core.package_identification:_identify(src/vl53l5cx_python) by extensions ['colcon_meta']
[4.655s] Level 1:colcon.colcon_core.package_identification:_identify(src/vl53l5cx_python) by extension 'colcon_meta'
[4.655s] Level 1:colcon.colcon_core.package_identification:_identify(src/vl53l5cx_python) by extensions ['ros']
[4.655s] Level 1:colcon.colcon_core.package_identification:_identify(src/vl53l5cx_python) by extension 'ros'
[4.655s] Level 1:colcon.colcon_core.package_identification:_identify(src/vl53l5cx_python) by extensions ['cmake', 'python']
[4.656s] Level 1:colcon.colcon_core.package_identification:_identify(src/vl53l5cx_python) by extension 'cmake'
[4.656s] Level 1:colcon.colcon_core.package_identification:_identify(src/vl53l5cx_python) by extension 'python'
[4.656s] Level 1:colcon.colcon_core.package_identification:_identify(src/vl53l5cx_python) by extensions ['python_setup_py']
[4.656s] Level 1:colcon.colcon_core.package_identification:_identify(src/vl53l5cx_python) by extension 'python_setup_py'
[5.945s] DEBUG:colcon.colcon_core.package_identification:Package 'src/vl53l5cx_python' with type 'python' and name 'VL53L5CX'
[5.949s] Level 1:colcon.colcon_core.package_identification:_identify(src/ydlidar_ros2_driver) by extensions ['ignore', 'ignore_ament_install']
[5.949s] Level 1:colcon.colcon_core.package_identification:_identify(src/ydlidar_ros2_driver) by extension 'ignore'
[5.950s] Level 1:colcon.colcon_core.package_identification:_identify(src/ydlidar_ros2_driver) by extension 'ignore_ament_install'
[5.950s] Level 1:colcon.colcon_core.package_identification:_identify(src/ydlidar_ros2_driver) by extensions ['colcon_pkg']
[5.950s] Level 1:colcon.colcon_core.package_identification:_identify(src/ydlidar_ros2_driver) by extension 'colcon_pkg'
[5.950s] Level 1:colcon.colcon_core.package_identification:_identify(src/ydlidar_ros2_driver) by extensions ['colcon_meta']
[5.951s] Level 1:colcon.colcon_core.package_identification:_identify(src/ydlidar_ros2_driver) by extension 'colcon_meta'
[5.951s] Level 1:colcon.colcon_core.package_identification:_identify(src/ydlidar_ros2_driver) by extensions ['ros']
[5.951s] Level 1:colcon.colcon_core.package_identification:_identify(src/ydlidar_ros2_driver) by extension 'ros'
[5.955s] DEBUG:colcon.colcon_core.package_identification:Package 'src/ydlidar_ros2_driver' with type 'ros.ament_cmake' and name 'ydlidar_ros2_driver'
[5.956s] Level 1:colcon.colcon_core.package_discovery:discover_packages(recursive) using defaults
[5.956s] Level 1:colcon.colcon_core.package_discovery:discover_packages(ignore) discover
[5.956s] Level 1:colcon.colcon_core.package_discovery:discover_packages(ignore) using defaults
[5.956s] Level 1:colcon.colcon_core.package_discovery:discover_packages(path) discover
[5.957s] Level 1:colcon.colcon_core.package_discovery:discover_packages(path) using defaults
[6.370s] Level 1:colcon.colcon_core.package_discovery:discover_packages(prefix_path) check parameters
[6.370s] Level 1:colcon.colcon_core.package_discovery:discover_packages(prefix_path) discover
[6.505s] DEBUG:colcon.colcon_installed_package_information.package_discovery:Found 6 installed packages in /home/robotix/ros2_ws/install
[6.565s] DEBUG:colcon.colcon_installed_package_information.package_discovery:Found 3 installed packages in /home/robotix/ros2_ws/src/install
[6.632s] DEBUG:colcon.colcon_installed_package_information.package_discovery:Found 180 installed packages in /opt/ros/humble
[6.636s] Level 1:colcon.colcon_core.package_discovery:discover_packages(prefix_path) using defaults
[6.962s] Level 5:colcon.colcon_core.verb:set package 'VL53L5CX' build argument 'cmake_args' from command line to 'None'
[6.962s] Level 5:colcon.colcon_core.verb:set package 'VL53L5CX' build argument 'cmake_target' from command line to 'None'
[6.963s] Level 5:colcon.colcon_core.verb:set package 'VL53L5CX' build argument 'cmake_target_skip_unavailable' from command line to 'False'
[6.963s] Level 5:colcon.colcon_core.verb:set package 'VL53L5CX' build argument 'cmake_clean_cache' from command line to 'False'
[6.963s] Level 5:colcon.colcon_core.verb:set package 'VL53L5CX' build argument 'cmake_clean_first' from command line to 'False'
[6.963s] Level 5:colcon.colcon_core.verb:set package 'VL53L5CX' build argument 'cmake_force_configure' from command line to 'False'
[6.963s] Level 5:colcon.colcon_core.verb:set package 'VL53L5CX' build argument 'ament_cmake_args' from command line to 'None'
[6.963s] Level 5:colcon.colcon_core.verb:set package 'VL53L5CX' build argument 'catkin_cmake_args' from command line to 'None'
[6.963s] Level 5:colcon.colcon_core.verb:set package 'VL53L5CX' build argument 'catkin_skip_building_tests' from command line to 'False'
[6.963s] DEBUG:colcon.colcon_core.verb:Building package 'VL53L5CX' with the following arguments: {'ament_cmake_args': None, 'build_base': '/home/robotix/ros2_ws/build/VL53L5CX', 'catkin_cmake_args': None, 'catkin_skip_building_tests': False, 'cmake_args': None, 'cmake_clean_cache': False, 'cmake_clean_first': False, 'cmake_force_configure': False, 'cmake_target': None, 'cmake_target_skip_unavailable': False, 'install_base': '/home/robotix/ros2_ws/install/VL53L5CX', 'merge_install': False, 'path': '/home/robotix/ros2_ws/src/vl53l5cx_python', 'symlink_install': True, 'test_result_base': None}
[7.022s] Level 5:colcon.colcon_core.verb:set package 'robotix' build argument 'cmake_args' from command line to 'None'
[7.022s] Level 5:colcon.colcon_core.verb:set package 'robotix' build argument 'cmake_target' from command line to 'None'
[7.022s] Level 5:colcon.colcon_core.verb:set package 'robotix' build argument 'cmake_target_skip_unavailable' from command line to 'False'
[7.023s] Level 5:colcon.colcon_core.verb:set package 'robotix' build argument 'cmake_clean_cache' from command line to 'False'
[7.023s] Level 5:colcon.colcon_core.verb:set package 'robotix' build argument 'cmake_clean_first' from command line to 'False'
[7.023s] Level 5:colcon.colcon_core.verb:set package 'robotix' build argument 'cmake_force_configure' from command line to 'False'
[7.023s] Level 5:colcon.colcon_core.verb:set package 'robotix' build argument 'ament_cmake_args' from command line to 'None'
[7.023s] Level 5:colcon.colcon_core.verb:set package 'robotix' build argument 'catkin_cmake_args' from command line to 'None'
[7.023s] Level 5:colcon.colcon_core.verb:set package 'robotix' build argument 'catkin_skip_building_tests' from command line to 'False'
[7.023s] DEBUG:colcon.colcon_core.verb:Building package 'robotix' with the following arguments: {'ament_cmake_args': None, 'build_base': '/home/robotix/ros2_ws/build/robotix', 'catkin_cmake_args': None, 'catkin_skip_building_tests': False, 'cmake_args': None, 'cmake_clean_cache': False, 'cmake_clean_first': False, 'cmake_force_configure': False, 'cmake_target': None, 'cmake_target_skip_unavailable': False, 'install_base': '/home/robotix/ros2_ws/install/robotix', 'merge_install': False, 'path': '/home/robotix/ros2_ws/src/robotix', 'symlink_install': True, 'test_result_base': None}
[7.082s] Level 5:colcon.colcon_core.verb:set package 'tof_imager_ros' build argument 'cmake_args' from command line to 'None'
[7.082s] Level 5:colcon.colcon_core.verb:set package 'tof_imager_ros' build argument 'cmake_target' from command line to 'None'
[7.082s] Level 5:colcon.colcon_core.verb:set package 'tof_imager_ros' build argument 'cmake_target_skip_unavailable' from command line to 'False'
[7.082s] Level 5:colcon.colcon_core.verb:set package 'tof_imager_ros' build argument 'cmake_clean_cache' from command line to 'False'
[7.082s] Level 5:colcon.colcon_core.verb:set package 'tof_imager_ros' build argument 'cmake_clean_first' from command line to 'False'
[7.083s] Level 5:colcon.colcon_core.verb:set package 'tof_imager_ros' build argument 'cmake_force_configure' from command line to 'False'
[7.083s] Level 5:colcon.colcon_core.verb:set package 'tof_imager_ros' build argument 'ament_cmake_args' from command line to 'None'
[7.083s] Level 5:colcon.colcon_core.verb:set package 'tof_imager_ros' build argument 'catkin_cmake_args' from command line to 'None'
[7.083s] Level 5:colcon.colcon_core.verb:set package 'tof_imager_ros' build argument 'catkin_skip_building_tests' from command line to 'False'
[7.083s] DEBUG:colcon.colcon_core.verb:Building package 'tof_imager_ros' with the following arguments: {'ament_cmake_args': None, 'build_base': '/home/robotix/ros2_ws/build/tof_imager_ros', 'catkin_cmake_args': None, 'catkin_skip_building_tests': False, 'cmake_args': None, 'cmake_clean_cache': False, 'cmake_clean_first': False, 'cmake_force_configure': False, 'cmake_target': None, 'cmake_target_skip_unavailable': False, 'install_base': '/home/robotix/ros2_ws/install/tof_imager_ros', 'merge_install': False, 'path': '/home/robotix/ros2_ws/src/tof_imager_ros', 'symlink_install': True, 'test_result_base': None}
[7.141s] Level 5:colcon.colcon_core.verb:set package 'ydlidar_ros2_driver' build argument 'cmake_args' from command line to 'None'
[7.142s] Level 5:colcon.colcon_core.verb:set package 'ydlidar_ros2_driver' build argument 'cmake_target' from command line to 'None'
[7.142s] Level 5:colcon.colcon_core.verb:set package 'ydlidar_ros2_driver' build argument 'cmake_target_skip_unavailable' from command line to 'False'
[7.142s] Level 5:colcon.colcon_core.verb:set package 'ydlidar_ros2_driver' build argument 'cmake_clean_cache' from command line to 'False'
[7.142s] Level 5:colcon.colcon_core.verb:set package 'ydlidar_ros2_driver' build argument 'cmake_clean_first' from command line to 'False'
[7.142s] Level 5:colcon.colcon_core.verb:set package 'ydlidar_ros2_driver' build argument 'cmake_force_configure' from command line to 'False'
[7.142s] Level 5:colcon.colcon_core.verb:set package 'ydlidar_ros2_driver' build argument 'ament_cmake_args' from command line to 'None'
[7.142s] Level 5:colcon.colcon_core.verb:set package 'ydlidar_ros2_driver' build argument 'catkin_cmake_args' from command line to 'None'
[7.143s] Level 5:colcon.colcon_core.verb:set package 'ydlidar_ros2_driver' build argument 'catkin_skip_building_tests' from command line to 'False'
[7.143s] DEBUG:colcon.colcon_core.verb:Building package 'ydlidar_ros2_driver' with the following arguments: {'ament_cmake_args': None, 'build_base': '/home/robotix/ros2_ws/build/ydlidar_ros2_driver', 'catkin_cmake_args': None, 'catkin_skip_building_tests': False, 'cmake_args': None, 'cmake_clean_cache': False, 'cmake_clean_first': False, 'cmake_force_configure': False, 'cmake_target': None, 'cmake_target_skip_unavailable': False, 'install_base': '/home/robotix/ros2_ws/install/ydlidar_ros2_driver', 'merge_install': False, 'path': '/home/robotix/ros2_ws/src/ydlidar_ros2_driver', 'symlink_install': True, 'test_result_base': None}
[7.200s] INFO:colcon.colcon_core.executor:Executing jobs using 'parallel' executor
[7.260s] DEBUG:colcon.colcon_parallel_executor.executor.parallel:run_until_complete
[7.262s] INFO:colcon.colcon_core.task.python.build:Building Python package in '/home/robotix/ros2_ws/src/vl53l5cx_python'
[7.343s] INFO:colcon.colcon_core.plugin_system:Skipping extension 'colcon_core.shell.bat': Not used on non-Windows systems
[7.345s] INFO:colcon.colcon_core.shell:Skip shell extension 'powershell' for command environment: Not usable outside of PowerShell
[7.345s] DEBUG:colcon.colcon_core.shell:Skip shell extension 'dsv' for command environment
[7.603s] INFO:colcon.colcon_ros.task.ament_python.build:Building ROS package in '/home/robotix/ros2_ws/src/robotix' with build type 'ament_python'
[7.604s] Level 1:colcon.colcon_core.shell:create_environment_hook('robotix', 'ament_prefix_path')
[7.668s] INFO:colcon.colcon_core.shell:Creating environment hook '/home/robotix/ros2_ws/install/robotix/share/robotix/hook/ament_prefix_path.ps1'
[7.673s] INFO:colcon.colcon_core.shell:Creating environment descriptor '/home/robotix/ros2_ws/install/robotix/share/robotix/hook/ament_prefix_path.dsv'
[7.676s] INFO:colcon.colcon_core.shell:Creating environment hook '/home/robotix/ros2_ws/install/robotix/share/robotix/hook/ament_prefix_path.sh'
[7.738s] INFO:colcon.colcon_core.shell:Skip shell extension 'powershell' for command environment: Not usable outside of PowerShell
[7.738s] DEBUG:colcon.colcon_core.shell:Skip shell extension 'dsv' for command environment
[7.994s] INFO:colcon.colcon_ros.task.ament_python.build:Building ROS package in '/home/robotix/ros2_ws/src/tof_imager_ros' with build type 'ament_python'
[7.994s] Level 1:colcon.colcon_core.shell:create_environment_hook('tof_imager_ros', 'ament_prefix_path')
[8.056s] INFO:colcon.colcon_core.shell:Creating environment hook '/home/robotix/ros2_ws/install/tof_imager_ros/share/tof_imager_ros/hook/ament_prefix_path.ps1'
[8.058s] INFO:colcon.colcon_core.shell:Creating environment descriptor '/home/robotix/ros2_ws/install/tof_imager_ros/share/tof_imager_ros/hook/ament_prefix_path.dsv'
[8.060s] INFO:colcon.colcon_core.shell:Creating environment hook '/home/robotix/ros2_ws/install/tof_imager_ros/share/tof_imager_ros/hook/ament_prefix_path.sh'
[8.121s] INFO:colcon.colcon_core.shell:Skip shell extension 'powershell' for command environment: Not usable outside of PowerShell
[8.121s] DEBUG:colcon.colcon_core.shell:Skip shell extension 'dsv' for command environment
[8.374s] INFO:colcon.colcon_ros.task.ament_cmake.build:Building ROS package in '/home/robotix/ros2_ws/src/ydlidar_ros2_driver' with build type 'ament_cmake'
[8.374s] INFO:colcon.colcon_cmake.task.cmake.build:Building CMake package in '/home/robotix/ros2_ws/src/ydlidar_ros2_driver'
[8.437s] INFO:colcon.colcon_core.shell:Skip shell extension 'powershell' for command environment: Not usable outside of PowerShell
[8.437s] DEBUG:colcon.colcon_core.shell:Skip shell extension 'dsv' for command environment
[11.466s] INFO:colcon.colcon_core.task.python.build:Building Python package in '/home/robotix/ros2_ws/src/robotix'
[11.544s] INFO:colcon.colcon_core.shell:Skip shell extension 'powershell' for command environment: Not usable outside of PowerShell
[11.545s] DEBUG:colcon.colcon_core.shell:Skip shell extension 'dsv' for command environment
[13.285s] INFO:colcon.colcon_core.task.python.build:Building Python package in '/home/robotix/ros2_ws/src/tof_imager_ros'
[13.347s] INFO:colcon.colcon_core.shell:Skip shell extension 'powershell' for command environment: Not usable outside of PowerShell
[13.347s] DEBUG:colcon.colcon_core.shell:Skip shell extension 'dsv' for command environment
[13.624s] DEBUG:colcon.colcon_core.event_handler.log_command:Invoking command in '/home/robotix/ros2_ws/build/ydlidar_ros2_driver': CMAKE_PREFIX_PATH=${CMAKE_PREFIX_PATH}:/home/robotix/ros2_ws/install/vl53l5cx:/home/robotix/ros2_ws/install/tof_imager_ros:/home/robotix/ros2_ws/install/robotix:/home/robotix/ros2_ws/install/alextropfort:/home/robotix/ros2_ws/src/install/robotix:/opt/ros/humble /usr/bin/cmake /home/robotix/ros2_ws/src/ydlidar_ros2_driver -DAMENT_CMAKE_SYMLINK_INSTALL=1 -DCMAKE_INSTALL_PREFIX=/home/robotix/ros2_ws/install/ydlidar_ros2_driver
[13.653s] DEBUG:colcon.colcon_core.event_handler.log_command:Invoking command in '/home/robotix/ros2_ws/build/VL53L5CX': PYTHONPATH=/home/robotix/ros2_ws/build/VL53L5CX/prefix_override:/home/robotix/ros2_ws/install/VL53L5CX/lib/python3.10/site-packages:${PYTHONPATH} /usr/bin/python3 setup.py develop --editable --build-directory /home/robotix/ros2_ws/build/VL53L5CX/build --no-deps
[15.345s] DEBUG:colcon.colcon_core.event_handler.log_command:Invoked command in '/home/robotix/ros2_ws/build/VL53L5CX' returned '1': PYTHONPATH=/home/robotix/ros2_ws/build/VL53L5CX/prefix_override:/home/robotix/ros2_ws/install/VL53L5CX/lib/python3.10/site-packages:${PYTHONPATH} /usr/bin/python3 setup.py develop --editable --build-directory /home/robotix/ros2_ws/build/VL53L5CX/build --no-deps
[20.016s] DEBUG:colcon.colcon_parallel_executor.executor.parallel:closing loop
[20.018s] DEBUG:colcon.colcon_parallel_executor.executor.parallel:loop closed
[20.018s] DEBUG:colcon.colcon_parallel_executor.executor.parallel:run_until_complete finished with '1'
[20.019s] DEBUG:colcon.colcon_core.event_reactor:joining thread
[20.110s] INFO:colcon.colcon_core.plugin_system:Skipping extension 'colcon_notification.desktop_notification.notify_send': Could not find 'notify-send'
[20.110s] INFO:colcon.colcon_core.plugin_system:Skipping extension 'colcon_notification.desktop_notification.terminal_notifier': Not used on non-Darwin systems
[20.111s] INFO:colcon.colcon_core.plugin_system:Skipping extension 'colcon_notification.desktop_notification.win32': Not used on non-Windows systems
[20.111s] INFO:colcon.colcon_notification.desktop_notification:Sending desktop notification using 'notify2'
[20.174s] DEBUG:colcon.colcon_notification.desktop_notification.notify2:Failed to initialize notify2: org.freedesktop.DBus.Error.ServiceUnknown: The name org.freedesktop.Notifications was not provided by any .service files
[20.175s] DEBUG:colcon.colcon_core.event_reactor:joined thread
[20.237s] INFO:colcon.colcon_core.shell:Creating prefix script '/home/robotix/ros2_ws/install/local_setup.ps1'
[20.242s] INFO:colcon.colcon_core.shell:Creating prefix util module '/home/robotix/ros2_ws/install/_local_setup_util_ps1.py'
[20.253s] INFO:colcon.colcon_core.shell:Creating prefix chain script '/home/robotix/ros2_ws/install/setup.ps1'
[20.322s] INFO:colcon.colcon_core.shell:Creating prefix script '/home/robotix/ros2_ws/install/local_setup.sh'
[20.326s] INFO:colcon.colcon_core.shell:Creating prefix util module '/home/robotix/ros2_ws/install/_local_setup_util_sh.py'
[20.328s] INFO:colcon.colcon_core.shell:Creating prefix chain script '/home/robotix/ros2_ws/install/setup.sh'
[20.437s] INFO:colcon.colcon_core.shell:Creating prefix script '/home/robotix/ros2_ws/install/local_setup.bash'
[20.441s] INFO:colcon.colcon_core.shell:Creating prefix chain script '/home/robotix/ros2_ws/install/setup.bash'
[20.509s] INFO:colcon.colcon_core.shell:Creating prefix script '/home/robotix/ros2_ws/install/local_setup.zsh'
[20.513s] INFO:colcon.colcon_core.shell:Creating prefix chain script '/home/robotix/ros2_ws/install/setup.zsh'
