[6.323s] Invoking command in '/home/robotix/ros2_ws/build/tof_imager_ros': PYTHONPATH=/home/robotix/ros2_ws/build/tof_imager_ros/prefix_override:/home/robotix/ros2_ws/install/tof_imager_ros/lib/python3.10/site-packages:${PYTHONPATH} /usr/bin/python3 setup.py develop --uninstall --editable --build-directory /home/robotix/ros2_ws/build/tof_imager_ros/build
[7.908s] running develop
[8.809s] Removing /home/robotix/ros2_ws/install/tof_imager_ros/lib/python3.10/site-packages/tof-imager-ros.egg-link (link to .)
[9.080s] Invoked command in '/home/robotix/ros2_ws/build/tof_imager_ros' returned '0': PYTHONPATH=/home/robotix/ros2_ws/build/tof_imager_ros/prefix_override:/home/robotix/ros2_ws/install/tof_imager_ros/lib/python3.10/site-packages:${PYTHONPATH} /usr/bin/python3 setup.py develop --uninstall --editable --build-directory /home/robotix/ros2_ws/build/tof_imager_ros/build
[9.092s] Invoking command in '/home/robotix/ros2_ws/src/tof_imager_ros': PYTHONPATH=/home/robotix/ros2_ws/build/tof_imager_ros/prefix_override:/home/robotix/ros2_ws/install/tof_imager_ros/lib/python3.10/site-packages:${PYTHONPATH} /usr/bin/python3 setup.py egg_info --egg-base ../../build/tof_imager_ros build --build-base /home/robotix/ros2_ws/build/tof_imager_ros/build install --record /home/robotix/ros2_ws/build/tof_imager_ros/install.log --single-version-externally-managed
[10.667s] running egg_info
[10.670s] writing ../../build/tof_imager_ros/tof_imager_ros.egg-info/PKG-INFO
[10.674s] writing dependency_links to ../../build/tof_imager_ros/tof_imager_ros.egg-info/dependency_links.txt
[10.676s] writing entry points to ../../build/tof_imager_ros/tof_imager_ros.egg-info/entry_points.txt
[10.677s] writing requirements to ../../build/tof_imager_ros/tof_imager_ros.egg-info/requires.txt
[10.678s] writing top-level names to ../../build/tof_imager_ros/tof_imager_ros.egg-info/top_level.txt
[10.687s] reading manifest file '../../build/tof_imager_ros/tof_imager_ros.egg-info/SOURCES.txt'
[10.690s] adding license file 'LICENSE'
[10.698s] writing manifest file '../../build/tof_imager_ros/tof_imager_ros.egg-info/SOURCES.txt'
[10.702s] running build
[10.704s] running build_py
[10.706s] creating /home/robotix/ros2_ws/build/tof_imager_ros/build
[10.708s] creating /home/robotix/ros2_ws/build/tof_imager_ros/build/lib
[10.709s] creating /home/robotix/ros2_ws/build/tof_imager_ros/build/lib/tof_imager_ros
[10.711s] copying tof_imager_ros/tof_imager_publisher.py -> /home/robotix/ros2_ws/build/tof_imager_ros/build/lib/tof_imager_ros
[10.711s] copying tof_imager_ros/__init__.py -> /home/robotix/ros2_ws/build/tof_imager_ros/build/lib/tof_imager_ros
[10.713s] running install
[10.715s] running install_lib
[10.719s] creating /home/robotix/ros2_ws/install/tof_imager_ros/lib/python3.10/site-packages/tof_imager_ros
[10.720s] copying /home/robotix/ros2_ws/build/tof_imager_ros/build/lib/tof_imager_ros/tof_imager_publisher.py -> /home/robotix/ros2_ws/install/tof_imager_ros/lib/python3.10/site-packages/tof_imager_ros
[10.722s] copying /home/robotix/ros2_ws/build/tof_imager_ros/build/lib/tof_imager_ros/__init__.py -> /home/robotix/ros2_ws/install/tof_imager_ros/lib/python3.10/site-packages/tof_imager_ros
[10.724s] byte-compiling /home/robotix/ros2_ws/install/tof_imager_ros/lib/python3.10/site-packages/tof_imager_ros/tof_imager_publisher.py to tof_imager_publisher.cpython-310.pyc
[10.733s] byte-compiling /home/robotix/ros2_ws/install/tof_imager_ros/lib/python3.10/site-packages/tof_imager_ros/__init__.py to __init__.cpython-310.pyc
[10.734s] running install_data
[10.738s] copying launch/tof_imager_launch.py -> /home/robotix/ros2_ws/install/tof_imager_ros/share/tof_imager_ros/launch
[10.740s] running install_egg_info
[10.753s] Copying ../../build/tof_imager_ros/tof_imager_ros.egg-info to /home/robotix/ros2_ws/install/tof_imager_ros/lib/python3.10/site-packages/tof_imager_ros-0.0.0-py3.10.egg-info
[10.763s] running install_scripts
[10.872s] Installing tof_imager_node script to /home/robotix/ros2_ws/install/tof_imager_ros/lib/tof_imager_ros
[10.874s] Installing tof_imager_publisher script to /home/robotix/ros2_ws/install/tof_imager_ros/lib/tof_imager_ros
[10.880s] writing list of installed files to '/home/robotix/ros2_ws/build/tof_imager_ros/install.log'
[11.619s] Invoked command in '/home/robotix/ros2_ws/src/tof_imager_ros' returned '0': PYTHONPATH=/home/robotix/ros2_ws/build/tof_imager_ros/prefix_override:/home/robotix/ros2_ws/install/tof_imager_ros/lib/python3.10/site-packages:${PYTHONPATH} /usr/bin/python3 setup.py egg_info --egg-base ../../build/tof_imager_ros build --build-base /home/robotix/ros2_ws/build/tof_imager_ros/build install --record /home/robotix/ros2_ws/build/tof_imager_ros/install.log --single-version-externally-managed
