[6.756s] Invoking command in '/home/robotix/ros2_ws/src/tof_imager_ros': PYTHONPATH=/home/robotix/ros2_ws/src/build/tof_imager_ros/prefix_override:/home/robotix/ros2_ws/src/install/tof_imager_ros/lib/python3.10/site-packages:${PYTHONPATH} /usr/bin/python3 setup.py egg_info --egg-base ../build/tof_imager_ros build --build-base /home/robotix/ros2_ws/src/build/tof_imager_ros/build install --record /home/robotix/ros2_ws/src/build/tof_imager_ros/install.log --single-version-externally-managed
[8.072s] running egg_info
[8.075s] writing ../build/tof_imager_ros/tof_imager_ros.egg-info/PKG-INFO
[8.078s] writing dependency_links to ../build/tof_imager_ros/tof_imager_ros.egg-info/dependency_links.txt
[8.079s] writing entry points to ../build/tof_imager_ros/tof_imager_ros.egg-info/entry_points.txt
[8.080s] writing requirements to ../build/tof_imager_ros/tof_imager_ros.egg-info/requires.txt
[8.081s] writing top-level names to ../build/tof_imager_ros/tof_imager_ros.egg-info/top_level.txt
[8.094s] reading manifest file '../build/tof_imager_ros/tof_imager_ros.egg-info/SOURCES.txt'
[8.097s] adding license file 'LICENSE'
[8.102s] writing manifest file '../build/tof_imager_ros/tof_imager_ros.egg-info/SOURCES.txt'
[8.102s] running build
[8.103s] running build_py
[8.104s] copying tof_imager_ros/tof_imager_publisher.py -> /home/robotix/ros2_ws/src/build/tof_imager_ros/build/lib/tof_imager_ros
[8.106s] copying tof_imager_ros/__init__.py -> /home/robotix/ros2_ws/src/build/tof_imager_ros/build/lib/tof_imager_ros
[8.107s] running install
[8.109s] running install_lib
[8.115s] copying /home/robotix/ros2_ws/src/build/tof_imager_ros/build/lib/tof_imager_ros/tof_imager_publisher.py -> /home/robotix/ros2_ws/src/install/tof_imager_ros/lib/python3.10/site-packages/tof_imager_ros
[8.116s] copying /home/robotix/ros2_ws/src/build/tof_imager_ros/build/lib/tof_imager_ros/__init__.py -> /home/robotix/ros2_ws/src/install/tof_imager_ros/lib/python3.10/site-packages/tof_imager_ros
[8.120s] byte-compiling /home/robotix/ros2_ws/src/install/tof_imager_ros/lib/python3.10/site-packages/tof_imager_ros/tof_imager_publisher.py to tof_imager_publisher.cpython-310.pyc
[8.127s] byte-compiling /home/robotix/ros2_ws/src/install/tof_imager_ros/lib/python3.10/site-packages/tof_imager_ros/__init__.py to __init__.cpython-310.pyc
[8.129s] running install_data
[8.133s] copying resource/tof_imager_ros -> /home/robotix/ros2_ws/src/install/tof_imager_ros/share/ament_index/resource_index/packages
[8.134s] copying package.xml -> /home/robotix/ros2_ws/src/install/tof_imager_ros/share/tof_imager_ros
[8.136s] copying launch/tof_imager_launch.py -> /home/robotix/ros2_ws/src/install/tof_imager_ros/share/tof_imager_ros/launch
[8.139s] copying config/sensor_params.yaml -> /home/robotix/ros2_ws/src/install/tof_imager_ros/share/tof_imager_ros/config
[8.140s] running install_egg_info
[8.150s] removing '/home/robotix/ros2_ws/src/install/tof_imager_ros/lib/python3.10/site-packages/tof_imager_ros-0.0.0-py3.10.egg-info' (and everything under it)
[8.153s] Copying ../build/tof_imager_ros/tof_imager_ros.egg-info to /home/robotix/ros2_ws/src/install/tof_imager_ros/lib/python3.10/site-packages/tof_imager_ros-0.0.0-py3.10.egg-info
[8.163s] running install_scripts
[8.260s] Installing tof_imager_node script to /home/robotix/ros2_ws/src/install/tof_imager_ros/lib/tof_imager_ros
[8.262s] Installing tof_imager_publisher script to /home/robotix/ros2_ws/src/install/tof_imager_ros/lib/tof_imager_ros
[8.264s] writing list of installed files to '/home/robotix/ros2_ws/src/build/tof_imager_ros/install.log'
[8.480s] Invoked command in '/home/robotix/ros2_ws/src/tof_imager_ros' returned '0': PYTHONPATH=/home/robotix/ros2_ws/src/build/tof_imager_ros/prefix_override:/home/robotix/ros2_ws/src/install/tof_imager_ros/lib/python3.10/site-packages:${PYTHONPATH} /usr/bin/python3 setup.py egg_info --egg-base ../build/tof_imager_ros build --build-base /home/robotix/ros2_ws/src/build/tof_imager_ros/build install --record /home/robotix/ros2_ws/src/build/tof_imager_ros/install.log --single-version-externally-managed
