[3.983s] DEBUG:colcon:Command line arguments: ['/usr/bin/colcon', 'build', '--packages-select', 'vl53l1x']
[3.983s] DEBUG:colcon:Parsed command line arguments: Namespace(log_base=None, log_level=None, verb_name='build', build_base='build', install_base='install', merge_install=False, symlink_install=False, test_result_base=None, continue_on_error=False, executor='parallel', parallel_workers=4, event_handlers=None, ignore_user_meta=False, metas=['./colcon.meta'], base_paths=['.'], packages_ignore=None, packages_ignore_regex=None, paths=None, packages_up_to=None, packages_up_to_regex=None, packages_above=None, packages_above_and_dependencies=None, packages_above_depth=None, packages_select_by_dep=None, packages_skip_by_dep=None, packages_skip_up_to=None, packages_select_build_failed=False, packages_skip_build_finished=False, packages_select_test_failures=False, packages_skip_test_passed=False, packages_select=['vl53l1x'], packages_skip=None, packages_select_regex=None, packages_skip_regex=None, packages_start=None, packages_end=None, allow_overriding=[], cmake_args=None, cmake_target=None, cmake_target_skip_unavailable=False, cmake_clean_cache=False, cmake_clean_first=False, cmake_force_configure=False, ament_cmake_args=None, catkin_cmake_args=None, catkin_skip_building_tests=False, verb_parser=<colcon_defaults.argument_parser.defaults.DefaultArgumentsDecorator object at 0xffff845a6530>, verb_extension=<colcon_core.verb.build.BuildVerb object at 0xffff8486b280>, main=<bound method BuildVerb.main of <colcon_core.verb.build.BuildVerb object at 0xffff8486b280>>)
[4.173s] Level 1:colcon.colcon_core.package_discovery:discover_packages(colcon_meta) check parameters
[4.174s] Level 1:colcon.colcon_core.package_discovery:discover_packages(recursive) check parameters
[4.174s] Level 1:colcon.colcon_core.package_discovery:discover_packages(ignore) check parameters
[4.174s] Level 1:colcon.colcon_core.package_discovery:discover_packages(path) check parameters
[4.174s] Level 1:colcon.colcon_core.package_discovery:discover_packages(colcon_meta) discover
[4.175s] Level 1:colcon.colcon_core.package_discovery:discover_packages(recursive) discover
[4.175s] INFO:colcon.colcon_core.package_discovery:Crawling recursively for packages in '/home/robotix/ros2_ws'
[4.175s] Level 1:colcon.colcon_core.package_identification:_identify(.) by extensions ['ignore', 'ignore_ament_install']
[4.176s] Level 1:colcon.colcon_core.package_identification:_identify(.) by extension 'ignore'
[4.176s] Level 1:colcon.colcon_core.package_identification:_identify(.) by extension 'ignore_ament_install'
[4.176s] Level 1:colcon.colcon_core.package_identification:_identify(.) by extensions ['colcon_pkg']
[4.176s] Level 1:colcon.colcon_core.package_identification:_identify(.) by extension 'colcon_pkg'
[4.177s] Level 1:colcon.colcon_core.package_identification:_identify(.) by extensions ['colcon_meta']
[4.177s] Level 1:colcon.colcon_core.package_identification:_identify(.) by extension 'colcon_meta'
[4.177s] Level 1:colcon.colcon_core.package_identification:_identify(.) by extensions ['ros']
[4.177s] Level 1:colcon.colcon_core.package_identification:_identify(.) by extension 'ros'
[4.230s] Level 1:colcon.colcon_core.package_identification:_identify(.) by extensions ['cmake', 'python']
[4.230s] Level 1:colcon.colcon_core.package_identification:_identify(.) by extension 'cmake'
[4.230s] Level 1:colcon.colcon_core.package_identification:_identify(.) by extension 'python'
[4.231s] Level 1:colcon.colcon_core.package_identification:_identify(.) by extensions ['python_setup_py']
[4.231s] Level 1:colcon.colcon_core.package_identification:_identify(.) by extension 'python_setup_py'
[4.231s] Level 1:colcon.colcon_core.package_identification:_identify(build) by extensions ['ignore', 'ignore_ament_install']
[4.232s] Level 1:colcon.colcon_core.package_identification:_identify(build) by extension 'ignore'
[4.232s] Level 1:colcon.colcon_core.package_identification:_identify(build) ignored
[4.233s] Level 1:colcon.colcon_core.package_identification:_identify(install) by extensions ['ignore', 'ignore_ament_install']
[4.233s] Level 1:colcon.colcon_core.package_identification:_identify(install) by extension 'ignore'
[4.233s] Level 1:colcon.colcon_core.package_identification:_identify(install) ignored
[4.234s] Level 1:colcon.colcon_core.package_identification:_identify(log) by extensions ['ignore', 'ignore_ament_install']
[4.234s] Level 1:colcon.colcon_core.package_identification:_identify(log) by extension 'ignore'
[4.235s] Level 1:colcon.colcon_core.package_identification:_identify(log) ignored
[4.235s] Level 1:colcon.colcon_core.package_identification:_identify(src) by extensions ['ignore', 'ignore_ament_install']
[4.235s] Level 1:colcon.colcon_core.package_identification:_identify(src) by extension 'ignore'
[4.236s] Level 1:colcon.colcon_core.package_identification:_identify(src) by extension 'ignore_ament_install'
[4.236s] Level 1:colcon.colcon_core.package_identification:_identify(src) by extensions ['colcon_pkg']
[4.236s] Level 1:colcon.colcon_core.package_identification:_identify(src) by extension 'colcon_pkg'
[4.236s] Level 1:colcon.colcon_core.package_identification:_identify(src) by extensions ['colcon_meta']
[4.236s] Level 1:colcon.colcon_core.package_identification:_identify(src) by extension 'colcon_meta'
[4.236s] Level 1:colcon.colcon_core.package_identification:_identify(src) by extensions ['ros']
[4.237s] Level 1:colcon.colcon_core.package_identification:_identify(src) by extension 'ros'
[4.237s] Level 1:colcon.colcon_core.package_identification:_identify(src) by extensions ['cmake', 'python']
[4.237s] Level 1:colcon.colcon_core.package_identification:_identify(src) by extension 'cmake'
[4.237s] Level 1:colcon.colcon_core.package_identification:_identify(src) by extension 'python'
[4.237s] Level 1:colcon.colcon_core.package_identification:_identify(src) by extensions ['python_setup_py']
[4.238s] Level 1:colcon.colcon_core.package_identification:_identify(src) by extension 'python_setup_py'
[4.238s] Level 1:colcon.colcon_core.package_identification:_identify(src/ROS2-VL53L1X) by extensions ['ignore', 'ignore_ament_install']
[4.238s] Level 1:colcon.colcon_core.package_identification:_identify(src/ROS2-VL53L1X) by extension 'ignore'
[4.239s] Level 1:colcon.colcon_core.package_identification:_identify(src/ROS2-VL53L1X) by extension 'ignore_ament_install'
[4.239s] Level 1:colcon.colcon_core.package_identification:_identify(src/ROS2-VL53L1X) by extensions ['colcon_pkg']
[4.239s] Level 1:colcon.colcon_core.package_identification:_identify(src/ROS2-VL53L1X) by extension 'colcon_pkg'
[4.239s] Level 1:colcon.colcon_core.package_identification:_identify(src/ROS2-VL53L1X) by extensions ['colcon_meta']
[4.239s] Level 1:colcon.colcon_core.package_identification:_identify(src/ROS2-VL53L1X) by extension 'colcon_meta'
[4.240s] Level 1:colcon.colcon_core.package_identification:_identify(src/ROS2-VL53L1X) by extensions ['ros']
[4.240s] Level 1:colcon.colcon_core.package_identification:_identify(src/ROS2-VL53L1X) by extension 'ros'
[4.250s] DEBUG:colcon.colcon_core.package_identification:Package 'src/ROS2-VL53L1X' with type 'ros.ament_cmake' and name 'vl53l1x'
[4.251s] Level 1:colcon.colcon_core.package_identification:_identify(src/build) by extensions ['ignore', 'ignore_ament_install']
[4.251s] Level 1:colcon.colcon_core.package_identification:_identify(src/build) by extension 'ignore'
[4.251s] Level 1:colcon.colcon_core.package_identification:_identify(src/build) ignored
[4.252s] Level 1:colcon.colcon_core.package_identification:_identify(src/install) by extensions ['ignore', 'ignore_ament_install']
[4.252s] Level 1:colcon.colcon_core.package_identification:_identify(src/install) by extension 'ignore'
[4.252s] Level 1:colcon.colcon_core.package_identification:_identify(src/install) ignored
[4.253s] Level 1:colcon.colcon_core.package_identification:_identify(src/log) by extensions ['ignore', 'ignore_ament_install']
[4.254s] Level 1:colcon.colcon_core.package_identification:_identify(src/log) by extension 'ignore'
[4.254s] Level 1:colcon.colcon_core.package_identification:_identify(src/log) ignored
[4.254s] Level 1:colcon.colcon_core.package_identification:_identify(src/robotix) by extensions ['ignore', 'ignore_ament_install']
[4.255s] Level 1:colcon.colcon_core.package_identification:_identify(src/robotix) by extension 'ignore'
[4.255s] Level 1:colcon.colcon_core.package_identification:_identify(src/robotix) by extension 'ignore_ament_install'
[4.255s] Level 1:colcon.colcon_core.package_identification:_identify(src/robotix) by extensions ['colcon_pkg']
[4.255s] Level 1:colcon.colcon_core.package_identification:_identify(src/robotix) by extension 'colcon_pkg'
[4.256s] Level 1:colcon.colcon_core.package_identification:_identify(src/robotix) by extensions ['colcon_meta']
[4.256s] Level 1:colcon.colcon_core.package_identification:_identify(src/robotix) by extension 'colcon_meta'
[4.256s] Level 1:colcon.colcon_core.package_identification:_identify(src/robotix) by extensions ['ros']
[4.256s] Level 1:colcon.colcon_core.package_identification:_identify(src/robotix) by extension 'ros'
[4.260s] DEBUG:colcon.colcon_core.package_identification:Package 'src/robotix' with type 'ros.ament_python' and name 'robotix'
[4.261s] Level 1:colcon.colcon_core.package_identification:_identify(src/ydlidar_ros2_driver) by extensions ['ignore', 'ignore_ament_install']
[4.261s] Level 1:colcon.colcon_core.package_identification:_identify(src/ydlidar_ros2_driver) by extension 'ignore'
[4.262s] Level 1:colcon.colcon_core.package_identification:_identify(src/ydlidar_ros2_driver) by extension 'ignore_ament_install'
[4.262s] Level 1:colcon.colcon_core.package_identification:_identify(src/ydlidar_ros2_driver) by extensions ['colcon_pkg']
[4.262s] Level 1:colcon.colcon_core.package_identification:_identify(src/ydlidar_ros2_driver) by extension 'colcon_pkg'
[4.262s] Level 1:colcon.colcon_core.package_identification:_identify(src/ydlidar_ros2_driver) by extensions ['colcon_meta']
[4.262s] Level 1:colcon.colcon_core.package_identification:_identify(src/ydlidar_ros2_driver) by extension 'colcon_meta'
[4.263s] Level 1:colcon.colcon_core.package_identification:_identify(src/ydlidar_ros2_driver) by extensions ['ros']
[4.263s] Level 1:colcon.colcon_core.package_identification:_identify(src/ydlidar_ros2_driver) by extension 'ros'
[4.265s] DEBUG:colcon.colcon_core.package_identification:Package 'src/ydlidar_ros2_driver' with type 'ros.ament_cmake' and name 'ydlidar_ros2_driver'
[4.266s] Level 1:colcon.colcon_core.package_discovery:discover_packages(recursive) using defaults
[4.266s] Level 1:colcon.colcon_core.package_discovery:discover_packages(ignore) discover
[4.266s] Level 1:colcon.colcon_core.package_discovery:discover_packages(ignore) using defaults
[4.266s] Level 1:colcon.colcon_core.package_discovery:discover_packages(path) discover
[4.266s] Level 1:colcon.colcon_core.package_discovery:discover_packages(path) using defaults
[4.514s] INFO:colcon.colcon_core.package_selection:Skipping not selected package 'robotix' in 'src/robotix'
[4.514s] INFO:colcon.colcon_core.package_selection:Skipping not selected package 'ydlidar_ros2_driver' in 'src/ydlidar_ros2_driver'
[4.621s] Level 1:colcon.colcon_core.package_discovery:discover_packages(prefix_path) check parameters
[4.621s] Level 1:colcon.colcon_core.package_discovery:discover_packages(prefix_path) discover
[4.737s] DEBUG:colcon.colcon_installed_package_information.package_discovery:Found 3 installed packages in /home/robotix/ros2_ws/install
[4.798s] DEBUG:colcon.colcon_installed_package_information.package_discovery:Found 180 installed packages in /opt/ros/humble
[4.804s] Level 1:colcon.colcon_core.package_discovery:discover_packages(prefix_path) using defaults
[5.101s] Level 5:colcon.colcon_core.verb:set package 'vl53l1x' build argument 'cmake_args' from command line to 'None'
[5.102s] Level 5:colcon.colcon_core.verb:set package 'vl53l1x' build argument 'cmake_target' from command line to 'None'
[5.102s] Level 5:colcon.colcon_core.verb:set package 'vl53l1x' build argument 'cmake_target_skip_unavailable' from command line to 'False'
[5.102s] Level 5:colcon.colcon_core.verb:set package 'vl53l1x' build argument 'cmake_clean_cache' from command line to 'False'
[5.102s] Level 5:colcon.colcon_core.verb:set package 'vl53l1x' build argument 'cmake_clean_first' from command line to 'False'
[5.102s] Level 5:colcon.colcon_core.verb:set package 'vl53l1x' build argument 'cmake_force_configure' from command line to 'False'
[5.102s] Level 5:colcon.colcon_core.verb:set package 'vl53l1x' build argument 'ament_cmake_args' from command line to 'None'
[5.102s] Level 5:colcon.colcon_core.verb:set package 'vl53l1x' build argument 'catkin_cmake_args' from command line to 'None'
[5.103s] Level 5:colcon.colcon_core.verb:set package 'vl53l1x' build argument 'catkin_skip_building_tests' from command line to 'False'
[5.103s] DEBUG:colcon.colcon_core.verb:Building package 'vl53l1x' with the following arguments: {'ament_cmake_args': None, 'build_base': '/home/robotix/ros2_ws/build/vl53l1x', 'catkin_cmake_args': None, 'catkin_skip_building_tests': False, 'cmake_args': None, 'cmake_clean_cache': False, 'cmake_clean_first': False, 'cmake_force_configure': False, 'cmake_target': None, 'cmake_target_skip_unavailable': False, 'install_base': '/home/robotix/ros2_ws/install/vl53l1x', 'merge_install': False, 'path': '/home/robotix/ros2_ws/src/ROS2-VL53L1X', 'symlink_install': False, 'test_result_base': None}
[5.156s] INFO:colcon.colcon_core.executor:Executing jobs using 'parallel' executor
[5.213s] DEBUG:colcon.colcon_parallel_executor.executor.parallel:run_until_complete
[5.214s] INFO:colcon.colcon_ros.task.ament_cmake.build:Building ROS package in '/home/robotix/ros2_ws/src/ROS2-VL53L1X' with build type 'ament_cmake'
[5.214s] INFO:colcon.colcon_cmake.task.cmake.build:Building CMake package in '/home/robotix/ros2_ws/src/ROS2-VL53L1X'
[5.279s] INFO:colcon.colcon_core.plugin_system:Skipping extension 'colcon_core.shell.bat': Not used on non-Windows systems
[5.280s] INFO:colcon.colcon_core.shell:Skip shell extension 'powershell' for command environment: Not usable outside of PowerShell
[5.280s] DEBUG:colcon.colcon_core.shell:Skip shell extension 'dsv' for command environment
[5.488s] DEBUG:colcon.colcon_core.event_handler.log_command:Invoking command in '/home/robotix/ros2_ws/build/vl53l1x': CMAKE_PREFIX_PATH=${CMAKE_PREFIX_PATH}:/home/robotix/ros2_ws/install/robotix:/opt/ros/humble /usr/bin/cmake --build /home/robotix/ros2_ws/build/vl53l1x -- -j4 -l4
[25.622s] DEBUG:colcon.colcon_core.event_handler.log_command:Invoked command in '/home/robotix/ros2_ws/build/vl53l1x' returned '0': CMAKE_PREFIX_PATH=${CMAKE_PREFIX_PATH}:/home/robotix/ros2_ws/install/robotix:/opt/ros/humble /usr/bin/cmake --build /home/robotix/ros2_ws/build/vl53l1x -- -j4 -l4
[25.818s] DEBUG:colcon.colcon_core.event_handler.log_command:Invoking command in '/home/robotix/ros2_ws/build/vl53l1x': CMAKE_PREFIX_PATH=${CMAKE_PREFIX_PATH}:/home/robotix/ros2_ws/install/robotix:/opt/ros/humble /usr/bin/cmake --install /home/robotix/ros2_ws/build/vl53l1x
[25.869s] Level 1:colcon.colcon_core.environment:create_environment_scripts_only(vl53l1x)
[25.871s] DEBUG:colcon.colcon_core.event_handler.log_command:Invoked command in '/home/robotix/ros2_ws/build/vl53l1x' returned '0': CMAKE_PREFIX_PATH=${CMAKE_PREFIX_PATH}:/home/robotix/ros2_ws/install/robotix:/opt/ros/humble /usr/bin/cmake --install /home/robotix/ros2_ws/build/vl53l1x
[25.938s] Level 1:colcon.colcon_core.environment:checking '/home/robotix/ros2_ws/install/vl53l1x' for CMake module files
[25.941s] Level 1:colcon.colcon_core.environment:checking '/home/robotix/ros2_ws/install/vl53l1x' for CMake config files
[25.942s] Level 1:colcon.colcon_core.shell:create_environment_hook('vl53l1x', 'cmake_prefix_path')
[25.998s] INFO:colcon.colcon_core.shell:Creating environment hook '/home/robotix/ros2_ws/install/vl53l1x/share/vl53l1x/hook/cmake_prefix_path.ps1'
[26.001s] INFO:colcon.colcon_core.shell:Creating environment descriptor '/home/robotix/ros2_ws/install/vl53l1x/share/vl53l1x/hook/cmake_prefix_path.dsv'
[26.003s] INFO:colcon.colcon_core.shell:Creating environment hook '/home/robotix/ros2_ws/install/vl53l1x/share/vl53l1x/hook/cmake_prefix_path.sh'
[26.007s] Level 1:colcon.colcon_core.environment:checking '/home/robotix/ros2_ws/install/vl53l1x/lib'
[26.008s] Level 1:colcon.colcon_core.environment:checking '/home/robotix/ros2_ws/install/vl53l1x/bin'
[26.008s] Level 1:colcon.colcon_core.environment:checking '/home/robotix/ros2_ws/install/vl53l1x/lib/pkgconfig/vl53l1x.pc'
[26.009s] Level 1:colcon.colcon_core.environment:checking '/home/robotix/ros2_ws/install/vl53l1x/lib/python3.10/site-packages'
[26.010s] Level 1:colcon.colcon_core.environment:checking '/home/robotix/ros2_ws/install/vl53l1x/bin'
[26.065s] INFO:colcon.colcon_core.shell:Creating package script '/home/robotix/ros2_ws/install/vl53l1x/share/vl53l1x/package.ps1'
[26.069s] INFO:colcon.colcon_core.shell:Creating package descriptor '/home/robotix/ros2_ws/install/vl53l1x/share/vl53l1x/package.dsv'
[26.071s] INFO:colcon.colcon_core.shell:Creating package script '/home/robotix/ros2_ws/install/vl53l1x/share/vl53l1x/package.sh'
[26.075s] INFO:colcon.colcon_core.shell:Creating package script '/home/robotix/ros2_ws/install/vl53l1x/share/vl53l1x/package.bash'
[26.078s] INFO:colcon.colcon_core.shell:Creating package script '/home/robotix/ros2_ws/install/vl53l1x/share/vl53l1x/package.zsh'
[26.082s] Level 1:colcon.colcon_core.environment:create_file_with_runtime_dependencies(/home/robotix/ros2_ws/install/vl53l1x/share/colcon-core/packages/vl53l1x)
[26.281s] Level 1:colcon.colcon_core.environment:create_environment_scripts_only(vl53l1x)
[26.335s] Level 1:colcon.colcon_core.environment:checking '/home/robotix/ros2_ws/install/vl53l1x' for CMake module files
[26.338s] Level 1:colcon.colcon_core.environment:checking '/home/robotix/ros2_ws/install/vl53l1x' for CMake config files
[26.340s] Level 1:colcon.colcon_core.shell:create_environment_hook('vl53l1x', 'cmake_prefix_path')
[26.395s] INFO:colcon.colcon_core.shell:Creating environment hook '/home/robotix/ros2_ws/install/vl53l1x/share/vl53l1x/hook/cmake_prefix_path.ps1'
[26.397s] INFO:colcon.colcon_core.shell:Creating environment descriptor '/home/robotix/ros2_ws/install/vl53l1x/share/vl53l1x/hook/cmake_prefix_path.dsv'
[26.399s] INFO:colcon.colcon_core.shell:Creating environment hook '/home/robotix/ros2_ws/install/vl53l1x/share/vl53l1x/hook/cmake_prefix_path.sh'
[26.401s] Level 1:colcon.colcon_core.environment:checking '/home/robotix/ros2_ws/install/vl53l1x/lib'
[26.402s] Level 1:colcon.colcon_core.environment:checking '/home/robotix/ros2_ws/install/vl53l1x/bin'
[26.402s] Level 1:colcon.colcon_core.environment:checking '/home/robotix/ros2_ws/install/vl53l1x/lib/pkgconfig/vl53l1x.pc'
[26.403s] Level 1:colcon.colcon_core.environment:checking '/home/robotix/ros2_ws/install/vl53l1x/lib/python3.10/site-packages'
[26.404s] Level 1:colcon.colcon_core.environment:checking '/home/robotix/ros2_ws/install/vl53l1x/bin'
[26.459s] INFO:colcon.colcon_core.shell:Creating package script '/home/robotix/ros2_ws/install/vl53l1x/share/vl53l1x/package.ps1'
[26.461s] INFO:colcon.colcon_core.shell:Creating package descriptor '/home/robotix/ros2_ws/install/vl53l1x/share/vl53l1x/package.dsv'
[26.464s] INFO:colcon.colcon_core.shell:Creating package script '/home/robotix/ros2_ws/install/vl53l1x/share/vl53l1x/package.sh'
[26.466s] INFO:colcon.colcon_core.shell:Creating package script '/home/robotix/ros2_ws/install/vl53l1x/share/vl53l1x/package.bash'
[26.468s] INFO:colcon.colcon_core.shell:Creating package script '/home/robotix/ros2_ws/install/vl53l1x/share/vl53l1x/package.zsh'
[26.470s] Level 1:colcon.colcon_core.environment:create_file_with_runtime_dependencies(/home/robotix/ros2_ws/install/vl53l1x/share/colcon-core/packages/vl53l1x)
[26.471s] DEBUG:colcon.colcon_parallel_executor.executor.parallel:closing loop
[26.473s] DEBUG:colcon.colcon_parallel_executor.executor.parallel:loop closed
[26.473s] DEBUG:colcon.colcon_parallel_executor.executor.parallel:run_until_complete finished with '0'
[26.474s] DEBUG:colcon.colcon_core.event_reactor:joining thread
[26.550s] INFO:colcon.colcon_core.plugin_system:Skipping extension 'colcon_notification.desktop_notification.notify_send': Could not find 'notify-send'
[26.550s] INFO:colcon.colcon_core.plugin_system:Skipping extension 'colcon_notification.desktop_notification.terminal_notifier': Not used on non-Darwin systems
[26.551s] INFO:colcon.colcon_core.plugin_system:Skipping extension 'colcon_notification.desktop_notification.win32': Not used on non-Windows systems
[26.551s] INFO:colcon.colcon_notification.desktop_notification:Sending desktop notification using 'notify2'
[26.554s] DEBUG:colcon.colcon_notification.desktop_notification.notify2:Failed to initialize notify2: org.freedesktop.DBus.Error.ServiceUnknown: The name org.freedesktop.Notifications was not provided by any .service files
[26.554s] DEBUG:colcon.colcon_core.event_reactor:joined thread
[26.610s] INFO:colcon.colcon_core.shell:Creating prefix script '/home/robotix/ros2_ws/install/local_setup.ps1'
[26.614s] INFO:colcon.colcon_core.shell:Creating prefix util module '/home/robotix/ros2_ws/install/_local_setup_util_ps1.py'
[26.620s] INFO:colcon.colcon_core.shell:Creating prefix chain script '/home/robotix/ros2_ws/install/setup.ps1'
[26.678s] INFO:colcon.colcon_core.shell:Creating prefix script '/home/robotix/ros2_ws/install/local_setup.sh'
[26.681s] INFO:colcon.colcon_core.shell:Creating prefix util module '/home/robotix/ros2_ws/install/_local_setup_util_sh.py'
[26.683s] INFO:colcon.colcon_core.shell:Creating prefix chain script '/home/robotix/ros2_ws/install/setup.sh'
[26.743s] INFO:colcon.colcon_core.shell:Creating prefix script '/home/robotix/ros2_ws/install/local_setup.bash'
[26.745s] INFO:colcon.colcon_core.shell:Creating prefix chain script '/home/robotix/ros2_ws/install/setup.bash'
[26.804s] INFO:colcon.colcon_core.shell:Creating prefix script '/home/robotix/ros2_ws/install/local_setup.zsh'
[26.806s] INFO:colcon.colcon_core.shell:Creating prefix chain script '/home/robotix/ros2_ws/install/setup.zsh'
