running develop
running egg_info
writing robotix.egg-info/PKG-INFO
writing dependency_links to robotix.egg-info/dependency_links.txt
writing entry points to robotix.egg-info/entry_points.txt
writing requirements to robotix.egg-info/requires.txt
writing top-level names to robotix.egg-info/top_level.txt
reading manifest file 'robotix.egg-info/SOURCES.txt'
writing manifest file 'robotix.egg-info/SOURCES.txt'
running build_ext
Creating /home/robotix/ros2_ws/src/install/robotix/lib/python3.10/site-packages/robotix.egg-link (link to .)
Installing codeuse script to /home/robotix/ros2_ws/src/install/robotix/lib/robotix
Installing controller script to /home/robotix/ros2_ws/src/install/robotix/lib/robotix
Installing ctrl_claw script to /home/robotix/ros2_ws/src/install/robotix/lib/robotix
Installing ctrl_nav script to /home/robotix/ros2_ws/src/install/robotix/lib/robotix
Installing jetson script to /home/robotix/ros2_ws/src/install/robotix/lib/robotix
Installing laser script to /home/robotix/ros2_ws/src/install/robotix/lib/robotix
Installing lidar script to /home/robotix/ros2_ws/src/install/robotix/lib/robotix
Installing motor script to /home/robotix/ros2_ws/src/install/robotix/lib/robotix
Installing motor_claw script to /home/robotix/ros2_ws/src/install/robotix/lib/robotix
Installing motor_plateau script to /home/robotix/ros2_ws/src/install/robotix/lib/robotix
Installing serial_pince script to /home/robotix/ros2_ws/src/install/robotix/lib/robotix

Installed /home/robotix/ros2_ws/src/build/robotix
running install_data
copying package.xml -> /home/robotix/ros2_ws/src/install/robotix/share/robotix
