[4.329s] DEBUG:colcon:Command line arguments: ['/usr/bin/colcon', 'build', '--symlink-install']
[4.329s] DEBUG:colcon:Parsed command line arguments: Namespace(log_base=None, log_level=None, verb_name='build', build_base='build', install_base='install', merge_install=False, symlink_install=True, test_result_base=None, continue_on_error=False, executor='parallel', parallel_workers=4, event_handlers=None, ignore_user_meta=False, metas=['./colcon.meta'], base_paths=['.'], packages_ignore=None, packages_ignore_regex=None, paths=None, packages_up_to=None, packages_up_to_regex=None, packages_above=None, packages_above_and_dependencies=None, packages_above_depth=None, packages_select_by_dep=None, packages_skip_by_dep=None, packages_skip_up_to=None, packages_select_build_failed=False, packages_skip_build_finished=False, packages_select_test_failures=False, packages_skip_test_passed=False, packages_select=None, packages_skip=None, packages_select_regex=None, packages_skip_regex=None, packages_start=None, packages_end=None, allow_overriding=[], cmake_args=None, cmake_target=None, cmake_target_skip_unavailable=False, cmake_clean_cache=False, cmake_clean_first=False, cmake_force_configure=False, ament_cmake_args=None, catkin_cmake_args=None, catkin_skip_building_tests=False, verb_parser=<colcon_defaults.argument_parser.defaults.DefaultArgumentsDecorator object at 0xffffa521e8f0>, verb_extension=<colcon_core.verb.build.BuildVerb object at 0xffffa54ea3e0>, main=<bound method BuildVerb.main of <colcon_core.verb.build.BuildVerb object at 0xffffa54ea3e0>>)
[4.566s] Level 1:colcon.colcon_core.package_discovery:discover_packages(colcon_meta) check parameters
[4.566s] Level 1:colcon.colcon_core.package_discovery:discover_packages(recursive) check parameters
[4.566s] Level 1:colcon.colcon_core.package_discovery:discover_packages(ignore) check parameters
[4.566s] Level 1:colcon.colcon_core.package_discovery:discover_packages(path) check parameters
[4.567s] Level 1:colcon.colcon_core.package_discovery:discover_packages(colcon_meta) discover
[4.567s] Level 1:colcon.colcon_core.package_discovery:discover_packages(recursive) discover
[4.567s] INFO:colcon.colcon_core.package_discovery:Crawling recursively for packages in '/home/robotix/ros2_ws/src'
[4.568s] Level 1:colcon.colcon_core.package_identification:_identify(.) by extensions ['ignore', 'ignore_ament_install']
[4.568s] Level 1:colcon.colcon_core.package_identification:_identify(.) by extension 'ignore'
[4.568s] Level 1:colcon.colcon_core.package_identification:_identify(.) by extension 'ignore_ament_install'
[4.569s] Level 1:colcon.colcon_core.package_identification:_identify(.) by extensions ['colcon_pkg']
[4.569s] Level 1:colcon.colcon_core.package_identification:_identify(.) by extension 'colcon_pkg'
[4.569s] Level 1:colcon.colcon_core.package_identification:_identify(.) by extensions ['colcon_meta']
[4.569s] Level 1:colcon.colcon_core.package_identification:_identify(.) by extension 'colcon_meta'
[4.569s] Level 1:colcon.colcon_core.package_identification:_identify(.) by extensions ['ros']
[4.569s] Level 1:colcon.colcon_core.package_identification:_identify(.) by extension 'ros'
[4.623s] Level 1:colcon.colcon_core.package_identification:_identify(.) by extensions ['cmake', 'python']
[4.623s] Level 1:colcon.colcon_core.package_identification:_identify(.) by extension 'cmake'
[4.624s] Level 1:colcon.colcon_core.package_identification:_identify(.) by extension 'python'
[4.624s] Level 1:colcon.colcon_core.package_identification:_identify(.) by extensions ['python_setup_py']
[4.624s] Level 1:colcon.colcon_core.package_identification:_identify(.) by extension 'python_setup_py'
[4.625s] Level 1:colcon.colcon_core.package_identification:_identify(build) by extensions ['ignore', 'ignore_ament_install']
[4.625s] Level 1:colcon.colcon_core.package_identification:_identify(build) by extension 'ignore'
[4.625s] Level 1:colcon.colcon_core.package_identification:_identify(build) ignored
[4.626s] Level 1:colcon.colcon_core.package_identification:_identify(install) by extensions ['ignore', 'ignore_ament_install']
[4.626s] Level 1:colcon.colcon_core.package_identification:_identify(install) by extension 'ignore'
[4.627s] Level 1:colcon.colcon_core.package_identification:_identify(install) ignored
[4.628s] Level 1:colcon.colcon_core.package_identification:_identify(log) by extensions ['ignore', 'ignore_ament_install']
[4.628s] Level 1:colcon.colcon_core.package_identification:_identify(log) by extension 'ignore'
[4.628s] Level 1:colcon.colcon_core.package_identification:_identify(log) ignored
[4.629s] Level 1:colcon.colcon_core.package_identification:_identify(robotix) by extensions ['ignore', 'ignore_ament_install']
[4.629s] Level 1:colcon.colcon_core.package_identification:_identify(robotix) by extension 'ignore'
[4.630s] Level 1:colcon.colcon_core.package_identification:_identify(robotix) by extension 'ignore_ament_install'
[4.630s] Level 1:colcon.colcon_core.package_identification:_identify(robotix) by extensions ['colcon_pkg']
[4.630s] Level 1:colcon.colcon_core.package_identification:_identify(robotix) by extension 'colcon_pkg'
[4.630s] Level 1:colcon.colcon_core.package_identification:_identify(robotix) by extensions ['colcon_meta']
[4.630s] Level 1:colcon.colcon_core.package_identification:_identify(robotix) by extension 'colcon_meta'
[4.631s] Level 1:colcon.colcon_core.package_identification:_identify(robotix) by extensions ['ros']
[4.631s] Level 1:colcon.colcon_core.package_identification:_identify(robotix) by extension 'ros'
[4.642s] DEBUG:colcon.colcon_core.package_identification:Package 'robotix' with type 'ros.ament_python' and name 'robotix'
[4.643s] Level 1:colcon.colcon_core.package_identification:_identify(ydlidar_ros2_driver) by extensions ['ignore', 'ignore_ament_install']
[4.644s] Level 1:colcon.colcon_core.package_identification:_identify(ydlidar_ros2_driver) by extension 'ignore'
[4.644s] Level 1:colcon.colcon_core.package_identification:_identify(ydlidar_ros2_driver) by extension 'ignore_ament_install'
[4.644s] Level 1:colcon.colcon_core.package_identification:_identify(ydlidar_ros2_driver) by extensions ['colcon_pkg']
[4.644s] Level 1:colcon.colcon_core.package_identification:_identify(ydlidar_ros2_driver) by extension 'colcon_pkg'
[4.645s] Level 1:colcon.colcon_core.package_identification:_identify(ydlidar_ros2_driver) by extensions ['colcon_meta']
[4.645s] Level 1:colcon.colcon_core.package_identification:_identify(ydlidar_ros2_driver) by extension 'colcon_meta'
[4.645s] Level 1:colcon.colcon_core.package_identification:_identify(ydlidar_ros2_driver) by extensions ['ros']
[4.645s] Level 1:colcon.colcon_core.package_identification:_identify(ydlidar_ros2_driver) by extension 'ros'
[4.648s] DEBUG:colcon.colcon_core.package_identification:Package 'ydlidar_ros2_driver' with type 'ros.ament_cmake' and name 'ydlidar_ros2_driver'
[4.648s] Level 1:colcon.colcon_core.package_discovery:discover_packages(recursive) using defaults
[4.648s] Level 1:colcon.colcon_core.package_discovery:discover_packages(ignore) discover
[4.648s] Level 1:colcon.colcon_core.package_discovery:discover_packages(ignore) using defaults
[4.649s] Level 1:colcon.colcon_core.package_discovery:discover_packages(path) discover
[4.649s] Level 1:colcon.colcon_core.package_discovery:discover_packages(path) using defaults
[5.033s] Level 1:colcon.colcon_core.package_discovery:discover_packages(prefix_path) check parameters
[5.033s] Level 1:colcon.colcon_core.package_discovery:discover_packages(prefix_path) discover
[5.156s] DEBUG:colcon.colcon_installed_package_information.package_discovery:Found 3 installed packages in /home/robotix/ros2_ws/install
[5.215s] DEBUG:colcon.colcon_installed_package_information.package_discovery:Found 3 installed packages in /home/robotix/ros2_ws/src/install
[5.283s] DEBUG:colcon.colcon_installed_package_information.package_discovery:Found 180 installed packages in /opt/ros/humble
[5.288s] Level 1:colcon.colcon_core.package_discovery:discover_packages(prefix_path) using defaults
[5.599s] Level 5:colcon.colcon_core.verb:set package 'robotix' build argument 'cmake_args' from command line to 'None'
[5.599s] Level 5:colcon.colcon_core.verb:set package 'robotix' build argument 'cmake_target' from command line to 'None'
[5.599s] Level 5:colcon.colcon_core.verb:set package 'robotix' build argument 'cmake_target_skip_unavailable' from command line to 'False'
[5.600s] Level 5:colcon.colcon_core.verb:set package 'robotix' build argument 'cmake_clean_cache' from command line to 'False'
[5.600s] Level 5:colcon.colcon_core.verb:set package 'robotix' build argument 'cmake_clean_first' from command line to 'False'
[5.600s] Level 5:colcon.colcon_core.verb:set package 'robotix' build argument 'cmake_force_configure' from command line to 'False'
[5.600s] Level 5:colcon.colcon_core.verb:set package 'robotix' build argument 'ament_cmake_args' from command line to 'None'
[5.600s] Level 5:colcon.colcon_core.verb:set package 'robotix' build argument 'catkin_cmake_args' from command line to 'None'
[5.600s] Level 5:colcon.colcon_core.verb:set package 'robotix' build argument 'catkin_skip_building_tests' from command line to 'False'
[5.600s] DEBUG:colcon.colcon_core.verb:Building package 'robotix' with the following arguments: {'ament_cmake_args': None, 'build_base': '/home/robotix/ros2_ws/src/build/robotix', 'catkin_cmake_args': None, 'catkin_skip_building_tests': False, 'cmake_args': None, 'cmake_clean_cache': False, 'cmake_clean_first': False, 'cmake_force_configure': False, 'cmake_target': None, 'cmake_target_skip_unavailable': False, 'install_base': '/home/robotix/ros2_ws/src/install/robotix', 'merge_install': False, 'path': '/home/robotix/ros2_ws/src/robotix', 'symlink_install': True, 'test_result_base': None}
[5.658s] Level 5:colcon.colcon_core.verb:set package 'ydlidar_ros2_driver' build argument 'cmake_args' from command line to 'None'
[5.659s] Level 5:colcon.colcon_core.verb:set package 'ydlidar_ros2_driver' build argument 'cmake_target' from command line to 'None'
[5.659s] Level 5:colcon.colcon_core.verb:set package 'ydlidar_ros2_driver' build argument 'cmake_target_skip_unavailable' from command line to 'False'
[5.659s] Level 5:colcon.colcon_core.verb:set package 'ydlidar_ros2_driver' build argument 'cmake_clean_cache' from command line to 'False'
[5.659s] Level 5:colcon.colcon_core.verb:set package 'ydlidar_ros2_driver' build argument 'cmake_clean_first' from command line to 'False'
[5.659s] Level 5:colcon.colcon_core.verb:set package 'ydlidar_ros2_driver' build argument 'cmake_force_configure' from command line to 'False'
[5.659s] Level 5:colcon.colcon_core.verb:set package 'ydlidar_ros2_driver' build argument 'ament_cmake_args' from command line to 'None'
[5.660s] Level 5:colcon.colcon_core.verb:set package 'ydlidar_ros2_driver' build argument 'catkin_cmake_args' from command line to 'None'
[5.660s] Level 5:colcon.colcon_core.verb:set package 'ydlidar_ros2_driver' build argument 'catkin_skip_building_tests' from command line to 'False'
[5.660s] DEBUG:colcon.colcon_core.verb:Building package 'ydlidar_ros2_driver' with the following arguments: {'ament_cmake_args': None, 'build_base': '/home/robotix/ros2_ws/src/build/ydlidar_ros2_driver', 'catkin_cmake_args': None, 'catkin_skip_building_tests': False, 'cmake_args': None, 'cmake_clean_cache': False, 'cmake_clean_first': False, 'cmake_force_configure': False, 'cmake_target': None, 'cmake_target_skip_unavailable': False, 'install_base': '/home/robotix/ros2_ws/src/install/ydlidar_ros2_driver', 'merge_install': False, 'path': '/home/robotix/ros2_ws/src/ydlidar_ros2_driver', 'symlink_install': True, 'test_result_base': None}
[5.717s] INFO:colcon.colcon_core.executor:Executing jobs using 'parallel' executor
[5.778s] DEBUG:colcon.colcon_parallel_executor.executor.parallel:run_until_complete
[5.779s] INFO:colcon.colcon_ros.task.ament_python.build:Building ROS package in '/home/robotix/ros2_ws/src/robotix' with build type 'ament_python'
[5.779s] Level 1:colcon.colcon_core.shell:create_environment_hook('robotix', 'ament_prefix_path')
[5.847s] INFO:colcon.colcon_core.plugin_system:Skipping extension 'colcon_core.shell.bat': Not used on non-Windows systems
[5.848s] INFO:colcon.colcon_core.shell:Creating environment hook '/home/robotix/ros2_ws/src/install/robotix/share/robotix/hook/ament_prefix_path.ps1'
[5.851s] INFO:colcon.colcon_core.shell:Creating environment descriptor '/home/robotix/ros2_ws/src/install/robotix/share/robotix/hook/ament_prefix_path.dsv'
[5.853s] INFO:colcon.colcon_core.shell:Creating environment hook '/home/robotix/ros2_ws/src/install/robotix/share/robotix/hook/ament_prefix_path.sh'
[5.916s] INFO:colcon.colcon_core.shell:Skip shell extension 'powershell' for command environment: Not usable outside of PowerShell
[5.916s] DEBUG:colcon.colcon_core.shell:Skip shell extension 'dsv' for command environment
[6.183s] INFO:colcon.colcon_ros.task.ament_cmake.build:Building ROS package in '/home/robotix/ros2_ws/src/ydlidar_ros2_driver' with build type 'ament_cmake'
[6.184s] INFO:colcon.colcon_cmake.task.cmake.build:Building CMake package in '/home/robotix/ros2_ws/src/ydlidar_ros2_driver'
[6.245s] INFO:colcon.colcon_core.shell:Skip shell extension 'powershell' for command environment: Not usable outside of PowerShell
[6.246s] DEBUG:colcon.colcon_core.shell:Skip shell extension 'dsv' for command environment
[7.740s] INFO:colcon.colcon_core.task.python.build:Building Python package in '/home/robotix/ros2_ws/src/robotix'
[7.802s] INFO:colcon.colcon_core.shell:Skip shell extension 'powershell' for command environment: Not usable outside of PowerShell
[7.802s] DEBUG:colcon.colcon_core.shell:Skip shell extension 'dsv' for command environment
[8.068s] DEBUG:colcon.colcon_core.event_handler.log_command:Invoking command in '/home/robotix/ros2_ws/src/build/ydlidar_ros2_driver': CMAKE_PREFIX_PATH=${CMAKE_PREFIX_PATH}:/home/robotix/ros2_ws/install/robotix:/home/robotix/ros2_ws/src/install/robotix:/opt/ros/humble /usr/bin/cmake --build /home/robotix/ros2_ws/src/build/ydlidar_ros2_driver -- -j4 -l4
[8.413s] DEBUG:colcon.colcon_core.event_handler.log_command:Invoked command in '/home/robotix/ros2_ws/src/build/ydlidar_ros2_driver' returned '0': CMAKE_PREFIX_PATH=${CMAKE_PREFIX_PATH}:/home/robotix/ros2_ws/install/robotix:/home/robotix/ros2_ws/src/install/robotix:/opt/ros/humble /usr/bin/cmake --build /home/robotix/ros2_ws/src/build/ydlidar_ros2_driver -- -j4 -l4
[8.599s] DEBUG:colcon.colcon_core.event_handler.log_command:Invoking command in '/home/robotix/ros2_ws/src/build/ydlidar_ros2_driver': CMAKE_PREFIX_PATH=${CMAKE_PREFIX_PATH}:/home/robotix/ros2_ws/install/robotix:/home/robotix/ros2_ws/src/install/robotix:/opt/ros/humble /usr/bin/cmake --install /home/robotix/ros2_ws/src/build/ydlidar_ros2_driver
[8.709s] Level 1:colcon.colcon_core.environment:create_environment_scripts_only(ydlidar_ros2_driver)
[8.710s] DEBUG:colcon.colcon_core.event_handler.log_command:Invoked command in '/home/robotix/ros2_ws/src/build/ydlidar_ros2_driver' returned '0': CMAKE_PREFIX_PATH=${CMAKE_PREFIX_PATH}:/home/robotix/ros2_ws/install/robotix:/home/robotix/ros2_ws/src/install/robotix:/opt/ros/humble /usr/bin/cmake --install /home/robotix/ros2_ws/src/build/ydlidar_ros2_driver
[8.792s] Level 1:colcon.colcon_core.environment:checking '/home/robotix/ros2_ws/src/install/ydlidar_ros2_driver' for CMake module files
[8.796s] Level 1:colcon.colcon_core.environment:checking '/home/robotix/ros2_ws/src/install/ydlidar_ros2_driver' for CMake config files
[8.799s] Level 1:colcon.colcon_core.shell:create_environment_hook('ydlidar_ros2_driver', 'cmake_prefix_path')
[8.867s] INFO:colcon.colcon_core.shell:Creating environment hook '/home/robotix/ros2_ws/src/install/ydlidar_ros2_driver/share/ydlidar_ros2_driver/hook/cmake_prefix_path.ps1'
[8.870s] INFO:colcon.colcon_core.shell:Creating environment descriptor '/home/robotix/ros2_ws/src/install/ydlidar_ros2_driver/share/ydlidar_ros2_driver/hook/cmake_prefix_path.dsv'
[8.871s] INFO:colcon.colcon_core.shell:Creating environment hook '/home/robotix/ros2_ws/src/install/ydlidar_ros2_driver/share/ydlidar_ros2_driver/hook/cmake_prefix_path.sh'
[8.875s] Level 1:colcon.colcon_core.environment:checking '/home/robotix/ros2_ws/src/install/ydlidar_ros2_driver/lib'
[8.876s] Level 1:colcon.colcon_core.environment:checking '/home/robotix/ros2_ws/src/install/ydlidar_ros2_driver/bin'
[8.876s] Level 1:colcon.colcon_core.environment:checking '/home/robotix/ros2_ws/src/install/ydlidar_ros2_driver/lib/pkgconfig/ydlidar_ros2_driver.pc'
[8.877s] Level 1:colcon.colcon_core.environment:checking '/home/robotix/ros2_ws/src/install/ydlidar_ros2_driver/lib/python3.10/site-packages'
[8.878s] Level 1:colcon.colcon_core.environment:checking '/home/robotix/ros2_ws/src/install/ydlidar_ros2_driver/bin'
[8.946s] INFO:colcon.colcon_core.shell:Creating package script '/home/robotix/ros2_ws/src/install/ydlidar_ros2_driver/share/ydlidar_ros2_driver/package.ps1'
[8.950s] INFO:colcon.colcon_core.shell:Creating package descriptor '/home/robotix/ros2_ws/src/install/ydlidar_ros2_driver/share/ydlidar_ros2_driver/package.dsv'
[8.953s] INFO:colcon.colcon_core.shell:Creating package script '/home/robotix/ros2_ws/src/install/ydlidar_ros2_driver/share/ydlidar_ros2_driver/package.sh'
[8.957s] INFO:colcon.colcon_core.shell:Creating package script '/home/robotix/ros2_ws/src/install/ydlidar_ros2_driver/share/ydlidar_ros2_driver/package.bash'
[8.960s] INFO:colcon.colcon_core.shell:Creating package script '/home/robotix/ros2_ws/src/install/ydlidar_ros2_driver/share/ydlidar_ros2_driver/package.zsh'
[8.964s] Level 1:colcon.colcon_core.environment:create_file_with_runtime_dependencies(/home/robotix/ros2_ws/src/install/ydlidar_ros2_driver/share/colcon-core/packages/ydlidar_ros2_driver)
[9.181s] Level 1:colcon.colcon_core.environment:create_environment_scripts_only(ydlidar_ros2_driver)
[9.259s] Level 1:colcon.colcon_core.environment:checking '/home/robotix/ros2_ws/src/install/ydlidar_ros2_driver' for CMake module files
[9.263s] Level 1:colcon.colcon_core.environment:checking '/home/robotix/ros2_ws/src/install/ydlidar_ros2_driver' for CMake config files
[9.266s] Level 1:colcon.colcon_core.shell:create_environment_hook('ydlidar_ros2_driver', 'cmake_prefix_path')
[9.341s] INFO:colcon.colcon_core.shell:Creating environment hook '/home/robotix/ros2_ws/src/install/ydlidar_ros2_driver/share/ydlidar_ros2_driver/hook/cmake_prefix_path.ps1'
[9.344s] INFO:colcon.colcon_core.shell:Creating environment descriptor '/home/robotix/ros2_ws/src/install/ydlidar_ros2_driver/share/ydlidar_ros2_driver/hook/cmake_prefix_path.dsv'
[9.346s] INFO:colcon.colcon_core.shell:Creating environment hook '/home/robotix/ros2_ws/src/install/ydlidar_ros2_driver/share/ydlidar_ros2_driver/hook/cmake_prefix_path.sh'
[9.350s] Level 1:colcon.colcon_core.environment:checking '/home/robotix/ros2_ws/src/install/ydlidar_ros2_driver/lib'
[9.351s] Level 1:colcon.colcon_core.environment:checking '/home/robotix/ros2_ws/src/install/ydlidar_ros2_driver/bin'
[9.351s] Level 1:colcon.colcon_core.environment:checking '/home/robotix/ros2_ws/src/install/ydlidar_ros2_driver/lib/pkgconfig/ydlidar_ros2_driver.pc'
[9.352s] Level 1:colcon.colcon_core.environment:checking '/home/robotix/ros2_ws/src/install/ydlidar_ros2_driver/lib/python3.10/site-packages'
[9.353s] Level 1:colcon.colcon_core.environment:checking '/home/robotix/ros2_ws/src/install/ydlidar_ros2_driver/bin'
[9.426s] INFO:colcon.colcon_core.shell:Creating package script '/home/robotix/ros2_ws/src/install/ydlidar_ros2_driver/share/ydlidar_ros2_driver/package.ps1'
[9.429s] INFO:colcon.colcon_core.shell:Creating package descriptor '/home/robotix/ros2_ws/src/install/ydlidar_ros2_driver/share/ydlidar_ros2_driver/package.dsv'
[9.432s] INFO:colcon.colcon_core.shell:Creating package script '/home/robotix/ros2_ws/src/install/ydlidar_ros2_driver/share/ydlidar_ros2_driver/package.sh'
[9.435s] INFO:colcon.colcon_core.shell:Creating package script '/home/robotix/ros2_ws/src/install/ydlidar_ros2_driver/share/ydlidar_ros2_driver/package.bash'
[9.437s] INFO:colcon.colcon_core.shell:Creating package script '/home/robotix/ros2_ws/src/install/ydlidar_ros2_driver/share/ydlidar_ros2_driver/package.zsh'
[9.440s] Level 1:colcon.colcon_core.environment:create_file_with_runtime_dependencies(/home/robotix/ros2_ws/src/install/ydlidar_ros2_driver/share/colcon-core/packages/ydlidar_ros2_driver)
[10.002s] DEBUG:colcon.colcon_core.event_handler.log_command:Invoking command in '/home/robotix/ros2_ws/src/build/robotix': PYTHONPATH=/home/robotix/ros2_ws/src/build/robotix/prefix_override:/home/robotix/ros2_ws/src/install/robotix/lib/python3.10/site-packages:${PYTHONPATH} /usr/bin/python3 setup.py develop --editable --build-directory /home/robotix/ros2_ws/src/build/robotix/build --no-deps install_data
[12.153s] Level 1:colcon.colcon_core.shell:create_environment_hook('robotix', 'pythonpath_develop')
[12.155s] DEBUG:colcon.colcon_core.event_handler.log_command:Invoked command in '/home/robotix/ros2_ws/src/build/robotix' returned '0': PYTHONPATH=/home/robotix/ros2_ws/src/build/robotix/prefix_override:/home/robotix/ros2_ws/src/install/robotix/lib/python3.10/site-packages:${PYTHONPATH} /usr/bin/python3 setup.py develop --editable --build-directory /home/robotix/ros2_ws/src/build/robotix/build --no-deps install_data
[12.215s] INFO:colcon.colcon_core.shell:Creating environment hook '/home/robotix/ros2_ws/src/build/robotix/share/robotix/hook/pythonpath_develop.ps1'
[12.217s] INFO:colcon.colcon_core.shell:Creating environment descriptor '/home/robotix/ros2_ws/src/build/robotix/share/robotix/hook/pythonpath_develop.dsv'
[12.219s] INFO:colcon.colcon_core.shell:Creating environment hook '/home/robotix/ros2_ws/src/build/robotix/share/robotix/hook/pythonpath_develop.sh'
[12.325s] Level 1:colcon.colcon_core.environment:checking '/home/robotix/ros2_ws/src/install/robotix' for CMake module files
[12.329s] Level 1:colcon.colcon_core.environment:checking '/home/robotix/ros2_ws/src/install/robotix' for CMake config files
[12.334s] Level 1:colcon.colcon_core.environment:checking '/home/robotix/ros2_ws/src/install/robotix/lib'
[12.335s] Level 1:colcon.colcon_core.environment:checking '/home/robotix/ros2_ws/src/install/robotix/bin'
[12.335s] Level 1:colcon.colcon_core.environment:checking '/home/robotix/ros2_ws/src/install/robotix/lib/pkgconfig/robotix.pc'
[12.336s] Level 1:colcon.colcon_core.environment:checking '/home/robotix/ros2_ws/src/install/robotix/lib/python3.10/site-packages'
[12.337s] Level 1:colcon.colcon_core.shell:create_environment_hook('robotix', 'pythonpath')
[12.441s] INFO:colcon.colcon_core.shell:Creating environment hook '/home/robotix/ros2_ws/src/install/robotix/share/robotix/hook/pythonpath.ps1'
[12.444s] INFO:colcon.colcon_core.shell:Creating environment descriptor '/home/robotix/ros2_ws/src/install/robotix/share/robotix/hook/pythonpath.dsv'
[12.447s] INFO:colcon.colcon_core.shell:Creating environment hook '/home/robotix/ros2_ws/src/install/robotix/share/robotix/hook/pythonpath.sh'
[12.450s] Level 1:colcon.colcon_core.environment:checking '/home/robotix/ros2_ws/src/install/robotix/bin'
[12.450s] Level 1:colcon.colcon_core.environment:create_environment_scripts_only(robotix)
[12.530s] INFO:colcon.colcon_core.shell:Creating package script '/home/robotix/ros2_ws/src/install/robotix/share/robotix/package.ps1'
[12.534s] INFO:colcon.colcon_core.shell:Creating package descriptor '/home/robotix/ros2_ws/src/install/robotix/share/robotix/package.dsv'
[12.536s] INFO:colcon.colcon_core.shell:Creating package script '/home/robotix/ros2_ws/src/install/robotix/share/robotix/package.sh'
[12.538s] INFO:colcon.colcon_core.shell:Creating package script '/home/robotix/ros2_ws/src/install/robotix/share/robotix/package.bash'
[12.540s] INFO:colcon.colcon_core.shell:Creating package script '/home/robotix/ros2_ws/src/install/robotix/share/robotix/package.zsh'
[12.542s] Level 1:colcon.colcon_core.environment:create_file_with_runtime_dependencies(/home/robotix/ros2_ws/src/install/robotix/share/colcon-core/packages/robotix)
[12.543s] DEBUG:colcon.colcon_parallel_executor.executor.parallel:closing loop
[12.544s] DEBUG:colcon.colcon_parallel_executor.executor.parallel:loop closed
[12.545s] DEBUG:colcon.colcon_parallel_executor.executor.parallel:run_until_complete finished with '0'
[12.545s] DEBUG:colcon.colcon_core.event_reactor:joining thread
[12.629s] INFO:colcon.colcon_core.plugin_system:Skipping extension 'colcon_notification.desktop_notification.notify_send': Could not find 'notify-send'
[12.629s] INFO:colcon.colcon_core.plugin_system:Skipping extension 'colcon_notification.desktop_notification.terminal_notifier': Not used on non-Darwin systems
[12.630s] INFO:colcon.colcon_core.plugin_system:Skipping extension 'colcon_notification.desktop_notification.win32': Not used on non-Windows systems
[12.630s] INFO:colcon.colcon_notification.desktop_notification:Sending desktop notification using 'notify2'
[12.633s] DEBUG:colcon.colcon_notification.desktop_notification.notify2:Failed to initialize notify2: org.freedesktop.DBus.Error.ServiceUnknown: The name org.freedesktop.Notifications was not provided by any .service files
[12.633s] DEBUG:colcon.colcon_core.event_reactor:joined thread
[12.693s] INFO:colcon.colcon_core.shell:Creating prefix script '/home/robotix/ros2_ws/src/install/local_setup.ps1'
[12.697s] INFO:colcon.colcon_core.shell:Creating prefix util module '/home/robotix/ros2_ws/src/install/_local_setup_util_ps1.py'
[12.703s] INFO:colcon.colcon_core.shell:Creating prefix chain script '/home/robotix/ros2_ws/src/install/setup.ps1'
[12.767s] INFO:colcon.colcon_core.shell:Creating prefix script '/home/robotix/ros2_ws/src/install/local_setup.sh'
[12.770s] INFO:colcon.colcon_core.shell:Creating prefix util module '/home/robotix/ros2_ws/src/install/_local_setup_util_sh.py'
[12.772s] INFO:colcon.colcon_core.shell:Creating prefix chain script '/home/robotix/ros2_ws/src/install/setup.sh'
[12.836s] INFO:colcon.colcon_core.shell:Creating prefix script '/home/robotix/ros2_ws/src/install/local_setup.bash'
[12.839s] INFO:colcon.colcon_core.shell:Creating prefix chain script '/home/robotix/ros2_ws/src/install/setup.bash'
[12.901s] INFO:colcon.colcon_core.shell:Creating prefix script '/home/robotix/ros2_ws/src/install/local_setup.zsh'
[12.904s] INFO:colcon.colcon_core.shell:Creating prefix chain script '/home/robotix/ros2_ws/src/install/setup.zsh'
