[6.506s] Invoking command in '/home/robotix/ros2_ws/src/build/robotix': PYTHONPATH=/home/robotix/ros2_ws/src/build/robotix/prefix_override:/home/robotix/ros2_ws/src/install/robotix/lib/python3.10/site-packages:${PYTHONPATH} /usr/bin/python3 setup.py develop --editable --build-directory /home/robotix/ros2_ws/src/build/robotix/build --no-deps install_data
[7.930s] running develop
[8.770s] running egg_info
[8.772s] writing robotix.egg-info/PKG-INFO
[8.773s] writing dependency_links to robotix.egg-info/dependency_links.txt
[8.776s] writing entry points to robotix.egg-info/entry_points.txt
[8.781s] writing requirements to robotix.egg-info/requires.txt
[8.781s] writing top-level names to robotix.egg-info/top_level.txt
[8.792s] reading manifest file 'robotix.egg-info/SOURCES.txt'
[8.798s] writing manifest file 'robotix.egg-info/SOURCES.txt'
[8.808s] running build_ext
[8.810s] Creating /home/robotix/ros2_ws/src/install/robotix/lib/python3.10/site-packages/robotix.egg-link (link to .)
[8.819s] Installing codeuse script to /home/robotix/ros2_ws/src/install/robotix/lib/robotix
[8.820s] Installing controller script to /home/robotix/ros2_ws/src/install/robotix/lib/robotix
[8.821s] Installing ctrl_claw script to /home/robotix/ros2_ws/src/install/robotix/lib/robotix
[8.823s] Installing ctrl_nav script to /home/robotix/ros2_ws/src/install/robotix/lib/robotix
[8.824s] Installing jetson script to /home/robotix/ros2_ws/src/install/robotix/lib/robotix
[8.826s] Installing laser script to /home/robotix/ros2_ws/src/install/robotix/lib/robotix
[8.828s] Installing lidar script to /home/robotix/ros2_ws/src/install/robotix/lib/robotix
[8.831s] Installing motor script to /home/robotix/ros2_ws/src/install/robotix/lib/robotix
[8.833s] Installing motor_claw script to /home/robotix/ros2_ws/src/install/robotix/lib/robotix
[8.835s] Installing motor_plateau script to /home/robotix/ros2_ws/src/install/robotix/lib/robotix
[8.837s] Installing serial_pince script to /home/robotix/ros2_ws/src/install/robotix/lib/robotix
[8.840s] 
[8.842s] Installed /home/robotix/ros2_ws/src/build/robotix
[8.845s] running install_data
[9.245s] Invoked command in '/home/robotix/ros2_ws/src/build/robotix' returned '0': PYTHONPATH=/home/robotix/ros2_ws/src/build/robotix/prefix_override:/home/robotix/ros2_ws/src/install/robotix/lib/python3.10/site-packages:${PYTHONPATH} /usr/bin/python3 setup.py develop --editable --build-directory /home/robotix/ros2_ws/src/build/robotix/build --no-deps install_data
