[4.046s] Invoking command in '/home/robotix/ros2_ws/build/ydlidar_ros2_driver': CMAKE_PREFIX_PATH=${CMAKE_PREFIX_PATH}:/home/robotix/ros2_ws/src/install/tof_imager_ros:/home/robotix/ros2_ws/install/vl53l5cx:/home/robotix/ros2_ws/install/tof_imager_ros:/home/robotix/ros2_ws/install/robotix:/home/robotix/ros2_ws/install/alextropfort:/home/robotix/ros2_ws/src/install/robotix:/opt/ros/humble /usr/bin/cmake --build /home/robotix/ros2_ws/build/ydlidar_ros2_driver -- -j4 -l4
[4.355s] [ 50%] Built target ydlidar_ros2_driver_client
[4.359s] [100%] Built target ydlidar_ros2_driver_node
[4.411s] Invoked command in '/home/robotix/ros2_ws/build/ydlidar_ros2_driver' returned '0': CMAKE_PREFIX_PATH=${CMAKE_PREFIX_PATH}:/home/robotix/ros2_ws/src/install/tof_imager_ros:/home/robotix/ros2_ws/install/vl53l5cx:/home/robotix/ros2_ws/install/tof_imager_ros:/home/robotix/ros2_ws/install/robotix:/home/robotix/ros2_ws/install/alextropfort:/home/robotix/ros2_ws/src/install/robotix:/opt/ros/humble /usr/bin/cmake --build /home/robotix/ros2_ws/build/ydlidar_ros2_driver -- -j4 -l4
[4.641s] Invoking command in '/home/robotix/ros2_ws/build/ydlidar_ros2_driver': CMAKE_PREFIX_PATH=${CMAKE_PREFIX_PATH}:/home/robotix/ros2_ws/src/install/tof_imager_ros:/home/robotix/ros2_ws/install/vl53l5cx:/home/robotix/ros2_ws/install/tof_imager_ros:/home/robotix/ros2_ws/install/robotix:/home/robotix/ros2_ws/install/alextropfort:/home/robotix/ros2_ws/src/install/robotix:/opt/ros/humble /usr/bin/cmake --install /home/robotix/ros2_ws/build/ydlidar_ros2_driver
[4.691s] -- Install configuration: ""
[4.697s] -- Execute custom install script
[4.698s] -- Up-to-date symlink: /home/robotix/ros2_ws/install/ydlidar_ros2_driver/lib/ydlidar_ros2_driver/ydlidar_ros2_driver_node
[4.699s] -- Up-to-date symlink: /home/robotix/ros2_ws/install/ydlidar_ros2_driver/lib/ydlidar_ros2_driver/ydlidar_ros2_driver_client
[4.700s] -- Up-to-date symlink: /home/robotix/ros2_ws/install/ydlidar_ros2_driver/share/ydlidar_ros2_driver/launch/.uuid
[4.709s] -- Up-to-date symlink: /home/robotix/ros2_ws/install/ydlidar_ros2_driver/share/ydlidar_ros2_driver/launch/ydlidar.py
[4.709s] -- Up-to-date symlink: /home/robotix/ros2_ws/install/ydlidar_ros2_driver/share/ydlidar_ros2_driver/launch/ydlidar_launch.py
[4.710s] -- Up-to-date symlink: /home/robotix/ros2_ws/install/ydlidar_ros2_driver/share/ydlidar_ros2_driver/launch/ydlidar_launch_view.py
[4.711s] -- Up-to-date symlink: /home/robotix/ros2_ws/install/ydlidar_ros2_driver/share/ydlidar_ros2_driver/params/.uuid
[4.712s] -- Up-to-date symlink: /home/robotix/ros2_ws/install/ydlidar_ros2_driver/share/ydlidar_ros2_driver/params/G1.yaml
[4.713s] -- Up-to-date symlink: /home/robotix/ros2_ws/install/ydlidar_ros2_driver/share/ydlidar_ros2_driver/params/G2.yaml
[4.713s] -- Up-to-date symlink: /home/robotix/ros2_ws/install/ydlidar_ros2_driver/share/ydlidar_ros2_driver/params/G6.yaml
[4.714s] -- Up-to-date symlink: /home/robotix/ros2_ws/install/ydlidar_ros2_driver/share/ydlidar_ros2_driver/params/GS2.yaml
[4.716s] -- Up-to-date symlink: /home/robotix/ros2_ws/install/ydlidar_ros2_driver/share/ydlidar_ros2_driver/params/TG.yaml
[4.716s] -- Up-to-date symlink: /home/robotix/ros2_ws/install/ydlidar_ros2_driver/share/ydlidar_ros2_driver/params/TminiPro.yaml
[4.721s] -- Up-to-date symlink: /home/robotix/ros2_ws/install/ydlidar_ros2_driver/share/ydlidar_ros2_driver/params/X2.yaml
[4.723s] -- Up-to-date symlink: /home/robotix/ros2_ws/install/ydlidar_ros2_driver/share/ydlidar_ros2_driver/params/X4-Pro.yaml
[4.723s] -- Up-to-date symlink: /home/robotix/ros2_ws/install/ydlidar_ros2_driver/share/ydlidar_ros2_driver/params/X4.yaml
[4.727s] -- Up-to-date symlink: /home/robotix/ros2_ws/install/ydlidar_ros2_driver/share/ydlidar_ros2_driver/params/ydlidar.yaml
[4.728s] -- Up-to-date symlink: /home/robotix/ros2_ws/install/ydlidar_ros2_driver/share/ydlidar_ros2_driver/startup/.uuid
[4.728s] -- Up-to-date symlink: /home/robotix/ros2_ws/install/ydlidar_ros2_driver/share/ydlidar_ros2_driver/startup/initenv.sh
[4.735s] -- Up-to-date symlink: /home/robotix/ros2_ws/install/ydlidar_ros2_driver/share/ydlidar_ros2_driver/config/.uuid
[4.736s] -- Up-to-date symlink: /home/robotix/ros2_ws/install/ydlidar_ros2_driver/share/ydlidar_ros2_driver/config/ydlidar.rviz
[4.737s] -- Up-to-date symlink: /home/robotix/ros2_ws/install/ydlidar_ros2_driver/share/ament_index/resource_index/package_run_dependencies/ydlidar_ros2_driver
[4.744s] -- Up-to-date symlink: /home/robotix/ros2_ws/install/ydlidar_ros2_driver/share/ament_index/resource_index/parent_prefix_path/ydlidar_ros2_driver
[4.744s] -- Up-to-date symlink: /home/robotix/ros2_ws/install/ydlidar_ros2_driver/share/ydlidar_ros2_driver/environment/ament_prefix_path.sh
[4.745s] -- Up-to-date symlink: /home/robotix/ros2_ws/install/ydlidar_ros2_driver/share/ydlidar_ros2_driver/environment/ament_prefix_path.dsv
[4.746s] -- Up-to-date symlink: /home/robotix/ros2_ws/install/ydlidar_ros2_driver/share/ydlidar_ros2_driver/environment/path.sh
[4.746s] -- Up-to-date symlink: /home/robotix/ros2_ws/install/ydlidar_ros2_driver/share/ydlidar_ros2_driver/environment/path.dsv
[4.747s] -- Up-to-date symlink: /home/robotix/ros2_ws/install/ydlidar_ros2_driver/share/ydlidar_ros2_driver/local_setup.bash
[4.747s] -- Up-to-date symlink: /home/robotix/ros2_ws/install/ydlidar_ros2_driver/share/ydlidar_ros2_driver/local_setup.sh
[4.748s] -- Up-to-date symlink: /home/robotix/ros2_ws/install/ydlidar_ros2_driver/share/ydlidar_ros2_driver/local_setup.zsh
[4.749s] -- Up-to-date symlink: /home/robotix/ros2_ws/install/ydlidar_ros2_driver/share/ydlidar_ros2_driver/local_setup.dsv
[4.749s] -- Symlinking: /home/robotix/ros2_ws/install/ydlidar_ros2_driver/share/ydlidar_ros2_driver/package.dsv
[4.784s] -- Up-to-date symlink: /home/robotix/ros2_ws/install/ydlidar_ros2_driver/share/ament_index/resource_index/packages/ydlidar_ros2_driver
[4.785s] -- Up-to-date symlink: /home/robotix/ros2_ws/install/ydlidar_ros2_driver/share/ydlidar_ros2_driver/cmake/ydlidar_ros2_driverConfig.cmake
[4.786s] -- Up-to-date symlink: /home/robotix/ros2_ws/install/ydlidar_ros2_driver/share/ydlidar_ros2_driver/cmake/ydlidar_ros2_driverConfig-version.cmake
[4.788s] -- Up-to-date symlink: /home/robotix/ros2_ws/install/ydlidar_ros2_driver/share/ydlidar_ros2_driver/package.xml
[4.805s] Invoked command in '/home/robotix/ros2_ws/build/ydlidar_ros2_driver' returned '0': CMAKE_PREFIX_PATH=${CMAKE_PREFIX_PATH}:/home/robotix/ros2_ws/src/install/tof_imager_ros:/home/robotix/ros2_ws/install/vl53l5cx:/home/robotix/ros2_ws/install/tof_imager_ros:/home/robotix/ros2_ws/install/robotix:/home/robotix/ros2_ws/install/alextropfort:/home/robotix/ros2_ws/src/install/robotix:/opt/ros/humble /usr/bin/cmake --install /home/robotix/ros2_ws/build/ydlidar_ros2_driver
