[4.298s] DEBUG:colcon:Command line arguments: ['/usr/bin/colcon', 'build', '--symlink-install']
[4.299s] DEBUG:colcon:Parsed command line arguments: Namespace(log_base=None, log_level=None, verb_name='build', build_base='build', install_base='install', merge_install=False, symlink_install=True, test_result_base=None, continue_on_error=False, executor='parallel', parallel_workers=4, event_handlers=None, ignore_user_meta=False, metas=['./colcon.meta'], base_paths=['.'], packages_ignore=None, packages_ignore_regex=None, paths=None, packages_up_to=None, packages_up_to_regex=None, packages_above=None, packages_above_and_dependencies=None, packages_above_depth=None, packages_select_by_dep=None, packages_skip_by_dep=None, packages_skip_up_to=None, packages_select_build_failed=False, packages_skip_build_finished=False, packages_select_test_failures=False, packages_skip_test_passed=False, packages_select=None, packages_skip=None, packages_select_regex=None, packages_skip_regex=None, packages_start=None, packages_end=None, allow_overriding=[], cmake_args=None, cmake_target=None, cmake_target_skip_unavailable=False, cmake_clean_cache=False, cmake_clean_first=False, cmake_force_configure=False, ament_cmake_args=None, catkin_cmake_args=None, catkin_skip_building_tests=False, verb_parser=<colcon_defaults.argument_parser.defaults.DefaultArgumentsDecorator object at 0xffff8af5ea70>, verb_extension=<colcon_core.verb.build.BuildVerb object at 0xffff8b220a90>, main=<bound method BuildVerb.main of <colcon_core.verb.build.BuildVerb object at 0xffff8b220a90>>)
[4.514s] Level 1:colcon.colcon_core.package_discovery:discover_packages(colcon_meta) check parameters
[4.515s] Level 1:colcon.colcon_core.package_discovery:discover_packages(recursive) check parameters
[4.515s] Level 1:colcon.colcon_core.package_discovery:discover_packages(ignore) check parameters
[4.515s] Level 1:colcon.colcon_core.package_discovery:discover_packages(path) check parameters
[4.515s] Level 1:colcon.colcon_core.package_discovery:discover_packages(colcon_meta) discover
[4.516s] Level 1:colcon.colcon_core.package_discovery:discover_packages(recursive) discover
[4.516s] INFO:colcon.colcon_core.package_discovery:Crawling recursively for packages in '/home/robotix/ros2_ws/src'
[4.516s] Level 1:colcon.colcon_core.package_identification:_identify(.) by extensions ['ignore', 'ignore_ament_install']
[4.517s] Level 1:colcon.colcon_core.package_identification:_identify(.) by extension 'ignore'
[4.517s] Level 1:colcon.colcon_core.package_identification:_identify(.) by extension 'ignore_ament_install'
[4.517s] Level 1:colcon.colcon_core.package_identification:_identify(.) by extensions ['colcon_pkg']
[4.517s] Level 1:colcon.colcon_core.package_identification:_identify(.) by extension 'colcon_pkg'
[4.518s] Level 1:colcon.colcon_core.package_identification:_identify(.) by extensions ['colcon_meta']
[4.518s] Level 1:colcon.colcon_core.package_identification:_identify(.) by extension 'colcon_meta'
[4.518s] Level 1:colcon.colcon_core.package_identification:_identify(.) by extensions ['ros']
[4.518s] Level 1:colcon.colcon_core.package_identification:_identify(.) by extension 'ros'
[4.591s] Level 1:colcon.colcon_core.package_identification:_identify(.) by extensions ['cmake', 'python']
[4.592s] Level 1:colcon.colcon_core.package_identification:_identify(.) by extension 'cmake'
[4.592s] Level 1:colcon.colcon_core.package_identification:_identify(.) by extension 'python'
[4.592s] Level 1:colcon.colcon_core.package_identification:_identify(.) by extensions ['python_setup_py']
[4.592s] Level 1:colcon.colcon_core.package_identification:_identify(.) by extension 'python_setup_py'
[4.593s] Level 1:colcon.colcon_core.package_identification:_identify(build) by extensions ['ignore', 'ignore_ament_install']
[4.593s] Level 1:colcon.colcon_core.package_identification:_identify(build) by extension 'ignore'
[4.594s] Level 1:colcon.colcon_core.package_identification:_identify(build) ignored
[4.594s] Level 1:colcon.colcon_core.package_identification:_identify(install) by extensions ['ignore', 'ignore_ament_install']
[4.595s] Level 1:colcon.colcon_core.package_identification:_identify(install) by extension 'ignore'
[4.595s] Level 1:colcon.colcon_core.package_identification:_identify(install) ignored
[4.596s] Level 1:colcon.colcon_core.package_identification:_identify(log) by extensions ['ignore', 'ignore_ament_install']
[4.596s] Level 1:colcon.colcon_core.package_identification:_identify(log) by extension 'ignore'
[4.596s] Level 1:colcon.colcon_core.package_identification:_identify(log) ignored
[4.597s] Level 1:colcon.colcon_core.package_identification:_identify(robotix) by extensions ['ignore', 'ignore_ament_install']
[4.597s] Level 1:colcon.colcon_core.package_identification:_identify(robotix) by extension 'ignore'
[4.597s] Level 1:colcon.colcon_core.package_identification:_identify(robotix) by extension 'ignore_ament_install'
[4.598s] Level 1:colcon.colcon_core.package_identification:_identify(robotix) by extensions ['colcon_pkg']
[4.598s] Level 1:colcon.colcon_core.package_identification:_identify(robotix) by extension 'colcon_pkg'
[4.598s] Level 1:colcon.colcon_core.package_identification:_identify(robotix) by extensions ['colcon_meta']
[4.598s] Level 1:colcon.colcon_core.package_identification:_identify(robotix) by extension 'colcon_meta'
[4.598s] Level 1:colcon.colcon_core.package_identification:_identify(robotix) by extensions ['ros']
[4.599s] Level 1:colcon.colcon_core.package_identification:_identify(robotix) by extension 'ros'
[4.613s] DEBUG:colcon.colcon_core.package_identification:Package 'robotix' with type 'ros.ament_python' and name 'robotix'
[4.614s] Level 1:colcon.colcon_core.package_identification:_identify(ydlidar_ros2_driver) by extensions ['ignore', 'ignore_ament_install']
[4.615s] Level 1:colcon.colcon_core.package_identification:_identify(ydlidar_ros2_driver) by extension 'ignore'
[4.615s] Level 1:colcon.colcon_core.package_identification:_identify(ydlidar_ros2_driver) by extension 'ignore_ament_install'
[4.615s] Level 1:colcon.colcon_core.package_identification:_identify(ydlidar_ros2_driver) by extensions ['colcon_pkg']
[4.616s] Level 1:colcon.colcon_core.package_identification:_identify(ydlidar_ros2_driver) by extension 'colcon_pkg'
[4.616s] Level 1:colcon.colcon_core.package_identification:_identify(ydlidar_ros2_driver) by extensions ['colcon_meta']
[4.616s] Level 1:colcon.colcon_core.package_identification:_identify(ydlidar_ros2_driver) by extension 'colcon_meta'
[4.616s] Level 1:colcon.colcon_core.package_identification:_identify(ydlidar_ros2_driver) by extensions ['ros']
[4.616s] Level 1:colcon.colcon_core.package_identification:_identify(ydlidar_ros2_driver) by extension 'ros'
[4.619s] DEBUG:colcon.colcon_core.package_identification:Package 'ydlidar_ros2_driver' with type 'ros.ament_cmake' and name 'ydlidar_ros2_driver'
[4.620s] Level 1:colcon.colcon_core.package_discovery:discover_packages(recursive) using defaults
[4.620s] Level 1:colcon.colcon_core.package_discovery:discover_packages(ignore) discover
[4.620s] Level 1:colcon.colcon_core.package_discovery:discover_packages(ignore) using defaults
[4.620s] Level 1:colcon.colcon_core.package_discovery:discover_packages(path) discover
[4.620s] Level 1:colcon.colcon_core.package_discovery:discover_packages(path) using defaults
[5.015s] Level 1:colcon.colcon_core.package_discovery:discover_packages(prefix_path) check parameters
[5.015s] Level 1:colcon.colcon_core.package_discovery:discover_packages(prefix_path) discover
[5.138s] DEBUG:colcon.colcon_installed_package_information.package_discovery:Found 2 installed packages in /home/robotix/ros2_ws/src/install
[5.194s] DEBUG:colcon.colcon_installed_package_information.package_discovery:Found 2 installed packages in /home/robotix/ros2_ws/install
[5.255s] DEBUG:colcon.colcon_installed_package_information.package_discovery:Found 180 installed packages in /opt/ros/humble
[5.260s] Level 1:colcon.colcon_core.package_discovery:discover_packages(prefix_path) using defaults
[5.583s] Level 5:colcon.colcon_core.verb:set package 'robotix' build argument 'cmake_args' from command line to 'None'
[5.583s] Level 5:colcon.colcon_core.verb:set package 'robotix' build argument 'cmake_target' from command line to 'None'
[5.583s] Level 5:colcon.colcon_core.verb:set package 'robotix' build argument 'cmake_target_skip_unavailable' from command line to 'False'
[5.584s] Level 5:colcon.colcon_core.verb:set package 'robotix' build argument 'cmake_clean_cache' from command line to 'False'
[5.584s] Level 5:colcon.colcon_core.verb:set package 'robotix' build argument 'cmake_clean_first' from command line to 'False'
[5.584s] Level 5:colcon.colcon_core.verb:set package 'robotix' build argument 'cmake_force_configure' from command line to 'False'
[5.584s] Level 5:colcon.colcon_core.verb:set package 'robotix' build argument 'ament_cmake_args' from command line to 'None'
[5.584s] Level 5:colcon.colcon_core.verb:set package 'robotix' build argument 'catkin_cmake_args' from command line to 'None'
[5.584s] Level 5:colcon.colcon_core.verb:set package 'robotix' build argument 'catkin_skip_building_tests' from command line to 'False'
[5.584s] DEBUG:colcon.colcon_core.verb:Building package 'robotix' with the following arguments: {'ament_cmake_args': None, 'build_base': '/home/robotix/ros2_ws/src/build/robotix', 'catkin_cmake_args': None, 'catkin_skip_building_tests': False, 'cmake_args': None, 'cmake_clean_cache': False, 'cmake_clean_first': False, 'cmake_force_configure': False, 'cmake_target': None, 'cmake_target_skip_unavailable': False, 'install_base': '/home/robotix/ros2_ws/src/install/robotix', 'merge_install': False, 'path': '/home/robotix/ros2_ws/src/robotix', 'symlink_install': True, 'test_result_base': None}
[5.639s] Level 5:colcon.colcon_core.verb:set package 'ydlidar_ros2_driver' build argument 'cmake_args' from command line to 'None'
[5.639s] Level 5:colcon.colcon_core.verb:set package 'ydlidar_ros2_driver' build argument 'cmake_target' from command line to 'None'
[5.640s] Level 5:colcon.colcon_core.verb:set package 'ydlidar_ros2_driver' build argument 'cmake_target_skip_unavailable' from command line to 'False'
[5.640s] Level 5:colcon.colcon_core.verb:set package 'ydlidar_ros2_driver' build argument 'cmake_clean_cache' from command line to 'False'
[5.640s] Level 5:colcon.colcon_core.verb:set package 'ydlidar_ros2_driver' build argument 'cmake_clean_first' from command line to 'False'
[5.640s] Level 5:colcon.colcon_core.verb:set package 'ydlidar_ros2_driver' build argument 'cmake_force_configure' from command line to 'False'
[5.640s] Level 5:colcon.colcon_core.verb:set package 'ydlidar_ros2_driver' build argument 'ament_cmake_args' from command line to 'None'
[5.640s] Level 5:colcon.colcon_core.verb:set package 'ydlidar_ros2_driver' build argument 'catkin_cmake_args' from command line to 'None'
[5.640s] Level 5:colcon.colcon_core.verb:set package 'ydlidar_ros2_driver' build argument 'catkin_skip_building_tests' from command line to 'False'
[5.640s] DEBUG:colcon.colcon_core.verb:Building package 'ydlidar_ros2_driver' with the following arguments: {'ament_cmake_args': None, 'build_base': '/home/robotix/ros2_ws/src/build/ydlidar_ros2_driver', 'catkin_cmake_args': None, 'catkin_skip_building_tests': False, 'cmake_args': None, 'cmake_clean_cache': False, 'cmake_clean_first': False, 'cmake_force_configure': False, 'cmake_target': None, 'cmake_target_skip_unavailable': False, 'install_base': '/home/robotix/ros2_ws/src/install/ydlidar_ros2_driver', 'merge_install': False, 'path': '/home/robotix/ros2_ws/src/ydlidar_ros2_driver', 'symlink_install': True, 'test_result_base': None}
[5.695s] INFO:colcon.colcon_core.executor:Executing jobs using 'parallel' executor
[5.754s] DEBUG:colcon.colcon_parallel_executor.executor.parallel:run_until_complete
[5.755s] INFO:colcon.colcon_ros.task.ament_python.build:Building ROS package in '/home/robotix/ros2_ws/src/robotix' with build type 'ament_python'
[5.756s] Level 1:colcon.colcon_core.shell:create_environment_hook('robotix', 'ament_prefix_path')
[5.830s] INFO:colcon.colcon_core.plugin_system:Skipping extension 'colcon_core.shell.bat': Not used on non-Windows systems
[5.831s] INFO:colcon.colcon_core.shell:Creating environment hook '/home/robotix/ros2_ws/src/install/robotix/share/robotix/hook/ament_prefix_path.ps1'
[5.835s] INFO:colcon.colcon_core.shell:Creating environment descriptor '/home/robotix/ros2_ws/src/install/robotix/share/robotix/hook/ament_prefix_path.dsv'
[5.837s] INFO:colcon.colcon_core.shell:Creating environment hook '/home/robotix/ros2_ws/src/install/robotix/share/robotix/hook/ament_prefix_path.sh'
[5.897s] INFO:colcon.colcon_core.shell:Skip shell extension 'powershell' for command environment: Not usable outside of PowerShell
[5.898s] DEBUG:colcon.colcon_core.shell:Skip shell extension 'dsv' for command environment
[6.133s] INFO:colcon.colcon_ros.task.ament_cmake.build:Building ROS package in '/home/robotix/ros2_ws/src/ydlidar_ros2_driver' with build type 'ament_cmake'
[6.134s] INFO:colcon.colcon_cmake.task.cmake.build:Building CMake package in '/home/robotix/ros2_ws/src/ydlidar_ros2_driver'
[6.192s] INFO:colcon.colcon_core.shell:Skip shell extension 'powershell' for command environment: Not usable outside of PowerShell
[6.192s] DEBUG:colcon.colcon_core.shell:Skip shell extension 'dsv' for command environment
[7.658s] INFO:colcon.colcon_core.task.python.build:Building Python package in '/home/robotix/ros2_ws/src/robotix'
[7.717s] INFO:colcon.colcon_core.shell:Skip shell extension 'powershell' for command environment: Not usable outside of PowerShell
[7.717s] DEBUG:colcon.colcon_core.shell:Skip shell extension 'dsv' for command environment
[7.972s] DEBUG:colcon.colcon_core.event_handler.log_command:Invoking command in '/home/robotix/ros2_ws/src/build/ydlidar_ros2_driver': CMAKE_PREFIX_PATH=${CMAKE_PREFIX_PATH}:/home/robotix/ros2_ws/src/install/robotix:/home/robotix/ros2_ws/install/robotix:/opt/ros/humble /usr/bin/cmake --build /home/robotix/ros2_ws/src/build/ydlidar_ros2_driver -- -j4 -l4
[8.339s] DEBUG:colcon.colcon_core.event_handler.log_command:Invoked command in '/home/robotix/ros2_ws/src/build/ydlidar_ros2_driver' returned '0': CMAKE_PREFIX_PATH=${CMAKE_PREFIX_PATH}:/home/robotix/ros2_ws/src/install/robotix:/home/robotix/ros2_ws/install/robotix:/opt/ros/humble /usr/bin/cmake --build /home/robotix/ros2_ws/src/build/ydlidar_ros2_driver -- -j4 -l4
[8.526s] DEBUG:colcon.colcon_core.event_handler.log_command:Invoking command in '/home/robotix/ros2_ws/src/build/ydlidar_ros2_driver': CMAKE_PREFIX_PATH=${CMAKE_PREFIX_PATH}:/home/robotix/ros2_ws/src/install/robotix:/home/robotix/ros2_ws/install/robotix:/opt/ros/humble /usr/bin/cmake --install /home/robotix/ros2_ws/src/build/ydlidar_ros2_driver
[8.654s] Level 1:colcon.colcon_core.environment:create_environment_scripts_only(ydlidar_ros2_driver)
[8.664s] DEBUG:colcon.colcon_core.event_handler.log_command:Invoked command in '/home/robotix/ros2_ws/src/build/ydlidar_ros2_driver' returned '0': CMAKE_PREFIX_PATH=${CMAKE_PREFIX_PATH}:/home/robotix/ros2_ws/src/install/robotix:/home/robotix/ros2_ws/install/robotix:/opt/ros/humble /usr/bin/cmake --install /home/robotix/ros2_ws/src/build/ydlidar_ros2_driver
[8.773s] Level 1:colcon.colcon_core.environment:checking '/home/robotix/ros2_ws/src/install/ydlidar_ros2_driver' for CMake module files
[8.777s] Level 1:colcon.colcon_core.environment:checking '/home/robotix/ros2_ws/src/install/ydlidar_ros2_driver' for CMake config files
[8.780s] Level 1:colcon.colcon_core.shell:create_environment_hook('ydlidar_ros2_driver', 'cmake_prefix_path')
[8.843s] INFO:colcon.colcon_core.shell:Creating environment hook '/home/robotix/ros2_ws/src/install/ydlidar_ros2_driver/share/ydlidar_ros2_driver/hook/cmake_prefix_path.ps1'
[8.845s] INFO:colcon.colcon_core.shell:Creating environment descriptor '/home/robotix/ros2_ws/src/install/ydlidar_ros2_driver/share/ydlidar_ros2_driver/hook/cmake_prefix_path.dsv'
[8.847s] INFO:colcon.colcon_core.shell:Creating environment hook '/home/robotix/ros2_ws/src/install/ydlidar_ros2_driver/share/ydlidar_ros2_driver/hook/cmake_prefix_path.sh'
[8.851s] Level 1:colcon.colcon_core.environment:checking '/home/robotix/ros2_ws/src/install/ydlidar_ros2_driver/lib'
[8.852s] Level 1:colcon.colcon_core.environment:checking '/home/robotix/ros2_ws/src/install/ydlidar_ros2_driver/bin'
[8.852s] Level 1:colcon.colcon_core.environment:checking '/home/robotix/ros2_ws/src/install/ydlidar_ros2_driver/lib/pkgconfig/ydlidar_ros2_driver.pc'
[8.853s] Level 1:colcon.colcon_core.environment:checking '/home/robotix/ros2_ws/src/install/ydlidar_ros2_driver/lib/python3.10/site-packages'
[8.855s] Level 1:colcon.colcon_core.environment:checking '/home/robotix/ros2_ws/src/install/ydlidar_ros2_driver/bin'
[8.919s] INFO:colcon.colcon_core.shell:Creating package script '/home/robotix/ros2_ws/src/install/ydlidar_ros2_driver/share/ydlidar_ros2_driver/package.ps1'
[8.923s] INFO:colcon.colcon_core.shell:Creating package descriptor '/home/robotix/ros2_ws/src/install/ydlidar_ros2_driver/share/ydlidar_ros2_driver/package.dsv'
[8.925s] INFO:colcon.colcon_core.shell:Creating package script '/home/robotix/ros2_ws/src/install/ydlidar_ros2_driver/share/ydlidar_ros2_driver/package.sh'
[8.929s] INFO:colcon.colcon_core.shell:Creating package script '/home/robotix/ros2_ws/src/install/ydlidar_ros2_driver/share/ydlidar_ros2_driver/package.bash'
[8.933s] INFO:colcon.colcon_core.shell:Creating package script '/home/robotix/ros2_ws/src/install/ydlidar_ros2_driver/share/ydlidar_ros2_driver/package.zsh'
[8.936s] Level 1:colcon.colcon_core.environment:create_file_with_runtime_dependencies(/home/robotix/ros2_ws/src/install/ydlidar_ros2_driver/share/colcon-core/packages/ydlidar_ros2_driver)
[9.151s] Level 1:colcon.colcon_core.environment:create_environment_scripts_only(ydlidar_ros2_driver)
[9.214s] Level 1:colcon.colcon_core.environment:checking '/home/robotix/ros2_ws/src/install/ydlidar_ros2_driver' for CMake module files
[9.218s] Level 1:colcon.colcon_core.environment:checking '/home/robotix/ros2_ws/src/install/ydlidar_ros2_driver' for CMake config files
[9.222s] Level 1:colcon.colcon_core.shell:create_environment_hook('ydlidar_ros2_driver', 'cmake_prefix_path')
[9.291s] INFO:colcon.colcon_core.shell:Creating environment hook '/home/robotix/ros2_ws/src/install/ydlidar_ros2_driver/share/ydlidar_ros2_driver/hook/cmake_prefix_path.ps1'
[9.293s] INFO:colcon.colcon_core.shell:Creating environment descriptor '/home/robotix/ros2_ws/src/install/ydlidar_ros2_driver/share/ydlidar_ros2_driver/hook/cmake_prefix_path.dsv'
[9.295s] INFO:colcon.colcon_core.shell:Creating environment hook '/home/robotix/ros2_ws/src/install/ydlidar_ros2_driver/share/ydlidar_ros2_driver/hook/cmake_prefix_path.sh'
[9.299s] Level 1:colcon.colcon_core.environment:checking '/home/robotix/ros2_ws/src/install/ydlidar_ros2_driver/lib'
[9.299s] Level 1:colcon.colcon_core.environment:checking '/home/robotix/ros2_ws/src/install/ydlidar_ros2_driver/bin'
[9.300s] Level 1:colcon.colcon_core.environment:checking '/home/robotix/ros2_ws/src/install/ydlidar_ros2_driver/lib/pkgconfig/ydlidar_ros2_driver.pc'
[9.301s] Level 1:colcon.colcon_core.environment:checking '/home/robotix/ros2_ws/src/install/ydlidar_ros2_driver/lib/python3.10/site-packages'
[9.302s] Level 1:colcon.colcon_core.environment:checking '/home/robotix/ros2_ws/src/install/ydlidar_ros2_driver/bin'
[9.372s] INFO:colcon.colcon_core.shell:Creating package script '/home/robotix/ros2_ws/src/install/ydlidar_ros2_driver/share/ydlidar_ros2_driver/package.ps1'
[9.375s] INFO:colcon.colcon_core.shell:Creating package descriptor '/home/robotix/ros2_ws/src/install/ydlidar_ros2_driver/share/ydlidar_ros2_driver/package.dsv'
[9.377s] INFO:colcon.colcon_core.shell:Creating package script '/home/robotix/ros2_ws/src/install/ydlidar_ros2_driver/share/ydlidar_ros2_driver/package.sh'
[9.380s] INFO:colcon.colcon_core.shell:Creating package script '/home/robotix/ros2_ws/src/install/ydlidar_ros2_driver/share/ydlidar_ros2_driver/package.bash'
[9.383s] INFO:colcon.colcon_core.shell:Creating package script '/home/robotix/ros2_ws/src/install/ydlidar_ros2_driver/share/ydlidar_ros2_driver/package.zsh'
[9.385s] Level 1:colcon.colcon_core.environment:create_file_with_runtime_dependencies(/home/robotix/ros2_ws/src/install/ydlidar_ros2_driver/share/colcon-core/packages/ydlidar_ros2_driver)
[9.914s] DEBUG:colcon.colcon_core.event_handler.log_command:Invoking command in '/home/robotix/ros2_ws/src/build/robotix': PYTHONPATH=/home/robotix/ros2_ws/src/build/robotix/prefix_override:/home/robotix/ros2_ws/src/install/robotix/lib/python3.10/site-packages:${PYTHONPATH} /usr/bin/python3 setup.py develop --editable --build-directory /home/robotix/ros2_ws/src/build/robotix/build --no-deps install_data
[11.956s] Level 1:colcon.colcon_core.shell:create_environment_hook('robotix', 'pythonpath_develop')
[11.957s] DEBUG:colcon.colcon_core.event_handler.log_command:Invoked command in '/home/robotix/ros2_ws/src/build/robotix' returned '0': PYTHONPATH=/home/robotix/ros2_ws/src/build/robotix/prefix_override:/home/robotix/ros2_ws/src/install/robotix/lib/python3.10/site-packages:${PYTHONPATH} /usr/bin/python3 setup.py develop --editable --build-directory /home/robotix/ros2_ws/src/build/robotix/build --no-deps install_data
[12.013s] INFO:colcon.colcon_core.shell:Creating environment hook '/home/robotix/ros2_ws/src/build/robotix/share/robotix/hook/pythonpath_develop.ps1'
[12.015s] INFO:colcon.colcon_core.shell:Creating environment descriptor '/home/robotix/ros2_ws/src/build/robotix/share/robotix/hook/pythonpath_develop.dsv'
[12.017s] INFO:colcon.colcon_core.shell:Creating environment hook '/home/robotix/ros2_ws/src/build/robotix/share/robotix/hook/pythonpath_develop.sh'
[12.075s] Level 1:colcon.colcon_core.environment:checking '/home/robotix/ros2_ws/src/install/robotix' for CMake module files
[12.079s] Level 1:colcon.colcon_core.environment:checking '/home/robotix/ros2_ws/src/install/robotix' for CMake config files
[12.082s] Level 1:colcon.colcon_core.environment:checking '/home/robotix/ros2_ws/src/install/robotix/lib'
[12.082s] Level 1:colcon.colcon_core.environment:checking '/home/robotix/ros2_ws/src/install/robotix/bin'
[12.083s] Level 1:colcon.colcon_core.environment:checking '/home/robotix/ros2_ws/src/install/robotix/lib/pkgconfig/robotix.pc'
[12.084s] Level 1:colcon.colcon_core.environment:checking '/home/robotix/ros2_ws/src/install/robotix/lib/python3.10/site-packages'
[12.084s] Level 1:colcon.colcon_core.shell:create_environment_hook('robotix', 'pythonpath')
[12.139s] INFO:colcon.colcon_core.shell:Creating environment hook '/home/robotix/ros2_ws/src/install/robotix/share/robotix/hook/pythonpath.ps1'
[12.141s] INFO:colcon.colcon_core.shell:Creating environment descriptor '/home/robotix/ros2_ws/src/install/robotix/share/robotix/hook/pythonpath.dsv'
[12.143s] INFO:colcon.colcon_core.shell:Creating environment hook '/home/robotix/ros2_ws/src/install/robotix/share/robotix/hook/pythonpath.sh'
[12.145s] Level 1:colcon.colcon_core.environment:checking '/home/robotix/ros2_ws/src/install/robotix/bin'
[12.146s] Level 1:colcon.colcon_core.environment:create_environment_scripts_only(robotix)
[12.201s] INFO:colcon.colcon_core.shell:Creating package script '/home/robotix/ros2_ws/src/install/robotix/share/robotix/package.ps1'
[12.204s] INFO:colcon.colcon_core.shell:Creating package descriptor '/home/robotix/ros2_ws/src/install/robotix/share/robotix/package.dsv'
[12.207s] INFO:colcon.colcon_core.shell:Creating package script '/home/robotix/ros2_ws/src/install/robotix/share/robotix/package.sh'
[12.209s] INFO:colcon.colcon_core.shell:Creating package script '/home/robotix/ros2_ws/src/install/robotix/share/robotix/package.bash'
[12.211s] INFO:colcon.colcon_core.shell:Creating package script '/home/robotix/ros2_ws/src/install/robotix/share/robotix/package.zsh'
[12.213s] Level 1:colcon.colcon_core.environment:create_file_with_runtime_dependencies(/home/robotix/ros2_ws/src/install/robotix/share/colcon-core/packages/robotix)
[12.214s] DEBUG:colcon.colcon_parallel_executor.executor.parallel:closing loop
[12.215s] DEBUG:colcon.colcon_parallel_executor.executor.parallel:loop closed
[12.216s] DEBUG:colcon.colcon_parallel_executor.executor.parallel:run_until_complete finished with '0'
[12.216s] DEBUG:colcon.colcon_core.event_reactor:joining thread
[12.299s] INFO:colcon.colcon_core.plugin_system:Skipping extension 'colcon_notification.desktop_notification.notify_send': Could not find 'notify-send'
[12.300s] INFO:colcon.colcon_core.plugin_system:Skipping extension 'colcon_notification.desktop_notification.terminal_notifier': Not used on non-Darwin systems
[12.300s] INFO:colcon.colcon_core.plugin_system:Skipping extension 'colcon_notification.desktop_notification.win32': Not used on non-Windows systems
[12.300s] INFO:colcon.colcon_notification.desktop_notification:Sending desktop notification using 'notify2'
[12.305s] DEBUG:colcon.colcon_notification.desktop_notification.notify2:Failed to initialize notify2: org.freedesktop.DBus.Error.ServiceUnknown: The name org.freedesktop.Notifications was not provided by any .service files
[12.306s] DEBUG:colcon.colcon_core.event_reactor:joined thread
[12.363s] INFO:colcon.colcon_core.shell:Creating prefix script '/home/robotix/ros2_ws/src/install/local_setup.ps1'
[12.367s] INFO:colcon.colcon_core.shell:Creating prefix util module '/home/robotix/ros2_ws/src/install/_local_setup_util_ps1.py'
[12.373s] INFO:colcon.colcon_core.shell:Creating prefix chain script '/home/robotix/ros2_ws/src/install/setup.ps1'
[12.432s] INFO:colcon.colcon_core.shell:Creating prefix script '/home/robotix/ros2_ws/src/install/local_setup.sh'
[12.435s] INFO:colcon.colcon_core.shell:Creating prefix util module '/home/robotix/ros2_ws/src/install/_local_setup_util_sh.py'
[12.438s] INFO:colcon.colcon_core.shell:Creating prefix chain script '/home/robotix/ros2_ws/src/install/setup.sh'
[12.498s] INFO:colcon.colcon_core.shell:Creating prefix script '/home/robotix/ros2_ws/src/install/local_setup.bash'
[12.500s] INFO:colcon.colcon_core.shell:Creating prefix chain script '/home/robotix/ros2_ws/src/install/setup.bash'
[12.560s] INFO:colcon.colcon_core.shell:Creating prefix script '/home/robotix/ros2_ws/src/install/local_setup.zsh'
[12.562s] INFO:colcon.colcon_core.shell:Creating prefix chain script '/home/robotix/ros2_ws/src/install/setup.zsh'
