[5.701s] Invoking command in '/home/robotix/ros2_ws/build/vl53l1x': CMAKE_PREFIX_PATH=${CMAKE_PREFIX_PATH}:/home/robotix/ros2_ws/install/robotix:/home/robotix/ros2_ws/src/install/robotix:/opt/ros/humble /usr/bin/cmake /home/robotix/ros2_ws/src/ROS2-VL53L1X -DAMENT_CMAKE_SYMLINK_INSTALL=1 -DCMAKE_INSTALL_PREFIX=/home/robotix/ros2_ws/install/vl53l1x
[5.969s] -- Found ament_cmake: 1.3.5 (/opt/ros/humble/share/ament_cmake/cmake)
[7.310s] -- Override CMake install command with custom implementation using symlinks instead of copying resources
[7.425s] -- Found rclcpp: 16.0.6 (/opt/ros/humble/share/rclcpp/cmake)
[7.915s] -- Found rosidl_generator_c: 3.1.5 (/opt/ros/humble/share/rosidl_generator_c/cmake)
[7.941s] -- Found rosidl_adapter: 3.1.5 (/opt/ros/humble/share/rosidl_adapter/cmake)
[8.003s] -- Found rosidl_generator_cpp: 3.1.5 (/opt/ros/humble/share/rosidl_generator_cpp/cmake)
[8.092s] -- Using all available rosidl_typesupport_c: rosidl_typesupport_fastrtps_c;rosidl_typesupport_introspection_c
[8.236s] -- Using all available rosidl_typesupport_cpp: rosidl_typesupport_fastrtps_cpp;rosidl_typesupport_introspection_cpp
[9.170s] -- Found rmw_implementation_cmake: 6.1.1 (/opt/ros/humble/share/rmw_implementation_cmake/cmake)
[9.196s] -- Found rmw_fastrtps_cpp: 6.2.4 (/opt/ros/humble/share/rmw_fastrtps_cpp/cmake)
[10.514s] -- Using RMW implementation 'rmw_fastrtps_cpp' as default
[11.781s] -- Found sensor_msgs: 4.2.3 (/opt/ros/humble/share/sensor_msgs/cmake)
[13.733s] -- Configuring done
[13.962s] -- Generating done
[13.977s] -- Build files have been written to: /home/robotix/ros2_ws/build/vl53l1x
[14.022s] Invoked command in '/home/robotix/ros2_ws/build/vl53l1x' returned '0': CMAKE_PREFIX_PATH=${CMAKE_PREFIX_PATH}:/home/robotix/ros2_ws/install/robotix:/home/robotix/ros2_ws/src/install/robotix:/opt/ros/humble /usr/bin/cmake /home/robotix/ros2_ws/src/ROS2-VL53L1X -DAMENT_CMAKE_SYMLINK_INSTALL=1 -DCMAKE_INSTALL_PREFIX=/home/robotix/ros2_ws/install/vl53l1x
[14.025s] Invoking command in '/home/robotix/ros2_ws/build/vl53l1x': CMAKE_PREFIX_PATH=${CMAKE_PREFIX_PATH}:/home/robotix/ros2_ws/install/robotix:/home/robotix/ros2_ws/src/install/robotix:/opt/ros/humble /usr/bin/cmake --build /home/robotix/ros2_ws/build/vl53l1x -- -j4 -l4
[14.457s] [35m[1mConsolidate compiler generated dependencies of target vl53l1x_node[0m
[14.592s] [ 33%] [32mBuilding CXX object CMakeFiles/vl53l1x_node.dir/src/vl53l1x_node.cpp.o[0m
[46.440s] [ 66%] [32m[1mLinking CXX executable vl53l1x_node[0m
[47.977s] [100%] Built target vl53l1x_node
[48.059s] Invoked command in '/home/robotix/ros2_ws/build/vl53l1x' returned '0': CMAKE_PREFIX_PATH=${CMAKE_PREFIX_PATH}:/home/robotix/ros2_ws/install/robotix:/home/robotix/ros2_ws/src/install/robotix:/opt/ros/humble /usr/bin/cmake --build /home/robotix/ros2_ws/build/vl53l1x -- -j4 -l4
[48.439s] Invoking command in '/home/robotix/ros2_ws/build/vl53l1x': CMAKE_PREFIX_PATH=${CMAKE_PREFIX_PATH}:/home/robotix/ros2_ws/install/robotix:/home/robotix/ros2_ws/src/install/robotix:/opt/ros/humble /usr/bin/cmake --install /home/robotix/ros2_ws/build/vl53l1x
[48.500s] -- Install configuration: ""
[48.517s] -- Execute custom install script
[48.545s] -- Up-to-date symlink: /home/robotix/ros2_ws/install/vl53l1x/lib/vl53l1x/vl53l1x_node
[48.557s] -- Up-to-date symlink: /home/robotix/ros2_ws/install/vl53l1x/share/ament_index/resource_index/package_run_dependencies/vl53l1x
[48.562s] -- Up-to-date symlink: /home/robotix/ros2_ws/install/vl53l1x/share/ament_index/resource_index/parent_prefix_path/vl53l1x
[48.574s] -- Up-to-date symlink: /home/robotix/ros2_ws/install/vl53l1x/share/vl53l1x/environment/ament_prefix_path.sh
[48.577s] -- Up-to-date symlink: /home/robotix/ros2_ws/install/vl53l1x/share/vl53l1x/environment/ament_prefix_path.dsv
[48.588s] -- Up-to-date symlink: /home/robotix/ros2_ws/install/vl53l1x/share/vl53l1x/environment/path.sh
[48.591s] -- Up-to-date symlink: /home/robotix/ros2_ws/install/vl53l1x/share/vl53l1x/environment/path.dsv
[48.594s] -- Up-to-date symlink: /home/robotix/ros2_ws/install/vl53l1x/share/vl53l1x/local_setup.bash
[48.599s] -- Up-to-date symlink: /home/robotix/ros2_ws/install/vl53l1x/share/vl53l1x/local_setup.sh
[48.603s] -- Up-to-date symlink: /home/robotix/ros2_ws/install/vl53l1x/share/vl53l1x/local_setup.zsh
[48.607s] -- Up-to-date symlink: /home/robotix/ros2_ws/install/vl53l1x/share/vl53l1x/local_setup.dsv
[48.610s] -- Symlinking: /home/robotix/ros2_ws/install/vl53l1x/share/vl53l1x/package.dsv
[48.672s] -- Up-to-date symlink: /home/robotix/ros2_ws/install/vl53l1x/share/ament_index/resource_index/packages/vl53l1x
[48.674s] -- Up-to-date symlink: /home/robotix/ros2_ws/install/vl53l1x/share/vl53l1x/cmake/vl53l1xConfig.cmake
[48.676s] -- Up-to-date symlink: /home/robotix/ros2_ws/install/vl53l1x/share/vl53l1x/cmake/vl53l1xConfig-version.cmake
[48.678s] -- Up-to-date symlink: /home/robotix/ros2_ws/install/vl53l1x/share/vl53l1x/package.xml
[48.698s] Invoked command in '/home/robotix/ros2_ws/build/vl53l1x' returned '0': CMAKE_PREFIX_PATH=${CMAKE_PREFIX_PATH}:/home/robotix/ros2_ws/install/robotix:/home/robotix/ros2_ws/src/install/robotix:/opt/ros/humble /usr/bin/cmake --install /home/robotix/ros2_ws/build/vl53l1x
