[4.059s] Invoking command in '/home/robotix/ros2_ws/build/robotix': PYTHONPATH=/home/robotix/ros2_ws/build/robotix/prefix_override:/home/robotix/ros2_ws/install/robotix/lib/python3.10/site-packages:${PYTHONPATH} /usr/bin/python3 setup.py develop --editable --build-directory /home/robotix/ros2_ws/build/robotix/build --no-deps install_data
[5.248s] running develop
[5.895s] running egg_info
[5.895s] writing robotix.egg-info/PKG-INFO
[5.896s] writing dependency_links to robotix.egg-info/dependency_links.txt
[5.898s] writing entry points to robotix.egg-info/entry_points.txt
[5.898s] writing requirements to robotix.egg-info/requires.txt
[5.899s] writing top-level names to robotix.egg-info/top_level.txt
[5.907s] reading manifest file 'robotix.egg-info/SOURCES.txt'
[5.912s] writing manifest file 'robotix.egg-info/SOURCES.txt'
[5.918s] running build_ext
[5.919s] Creating /home/robotix/ros2_ws/install/robotix/lib/python3.10/site-packages/robotix.egg-link (link to .)
[5.925s] Installing codeuse script to /home/robotix/ros2_ws/install/robotix/lib/robotix
[5.926s] Installing controller script to /home/robotix/ros2_ws/install/robotix/lib/robotix
[5.926s] Installing ctrl_claw script to /home/robotix/ros2_ws/install/robotix/lib/robotix
[5.927s] Installing ctrl_nav script to /home/robotix/ros2_ws/install/robotix/lib/robotix
[5.928s] Installing jetson script to /home/robotix/ros2_ws/install/robotix/lib/robotix
[5.929s] Installing laser script to /home/robotix/ros2_ws/install/robotix/lib/robotix
[5.929s] Installing lidar script to /home/robotix/ros2_ws/install/robotix/lib/robotix
[5.930s] Installing motor script to /home/robotix/ros2_ws/install/robotix/lib/robotix
[5.931s] Installing motor_claw script to /home/robotix/ros2_ws/install/robotix/lib/robotix
[5.932s] Installing motor_plateau script to /home/robotix/ros2_ws/install/robotix/lib/robotix
[5.933s] 
[5.933s] Installed /home/robotix/ros2_ws/build/robotix
[5.934s] running install_data
[5.934s] copying package.xml -> /home/robotix/ros2_ws/install/robotix/share/robotix
[6.074s] Invoked command in '/home/robotix/ros2_ws/build/robotix' returned '0': PYTHONPATH=/home/robotix/ros2_ws/build/robotix/prefix_override:/home/robotix/ros2_ws/install/robotix/lib/python3.10/site-packages:${PYTHONPATH} /usr/bin/python3 setup.py develop --editable --build-directory /home/robotix/ros2_ws/build/robotix/build --no-deps install_data
