[8.046s] Invoking command in '/home/robotix/ros2_ws/src/build/vl53l1x': CMAKE_PREFIX_PATH=${CMAKE_PREFIX_PATH}:/home/robotix/ros2_ws/install/robotix:/home/robotix/ros2_ws/src/install/robotix:/opt/ros/humble /usr/bin/cmake /home/robotix/ros2_ws/src/ROS2-VL53L1X -DAMENT_CMAKE_SYMLINK_INSTALL=1 -DCMAKE_INSTALL_PREFIX=/home/robotix/ros2_ws/src/install/vl53l1x
[8.231s] -- Found ament_cmake: 1.3.5 (/opt/ros/humble/share/ament_cmake/cmake)
[9.959s] -- Override CMake install command with custom implementation using symlinks instead of copying resources
[10.079s] -- Found rclcpp: 16.0.6 (/opt/ros/humble/share/rclcpp/cmake)
[10.413s] -- Found rosidl_generator_c: 3.1.5 (/opt/ros/humble/share/rosidl_generator_c/cmake)
[10.431s] -- Found rosidl_adapter: 3.1.5 (/opt/ros/humble/share/rosidl_adapter/cmake)
[10.484s] -- Found rosidl_generator_cpp: 3.1.5 (/opt/ros/humble/share/rosidl_generator_cpp/cmake)
[10.595s] -- Using all available rosidl_typesupport_c: rosidl_typesupport_fastrtps_c;rosidl_typesupport_introspection_c
[10.753s] -- Using all available rosidl_typesupport_cpp: rosidl_typesupport_fastrtps_cpp;rosidl_typesupport_introspection_cpp
[12.160s] -- Found rmw_implementation_cmake: 6.1.1 (/opt/ros/humble/share/rmw_implementation_cmake/cmake)
[12.172s] -- Found rmw_fastrtps_cpp: 6.2.4 (/opt/ros/humble/share/rmw_fastrtps_cpp/cmake)
[13.863s] -- Using RMW implementation 'rmw_fastrtps_cpp' as default
[16.219s] -- Found sensor_msgs: 4.2.3 (/opt/ros/humble/share/sensor_msgs/cmake)
[18.738s] -- Configuring done
[19.263s] -- Generating done
[19.295s] -- Build files have been written to: /home/robotix/ros2_ws/src/build/vl53l1x
[19.387s] Invoked command in '/home/robotix/ros2_ws/src/build/vl53l1x' returned '0': CMAKE_PREFIX_PATH=${CMAKE_PREFIX_PATH}:/home/robotix/ros2_ws/install/robotix:/home/robotix/ros2_ws/src/install/robotix:/opt/ros/humble /usr/bin/cmake /home/robotix/ros2_ws/src/ROS2-VL53L1X -DAMENT_CMAKE_SYMLINK_INSTALL=1 -DCMAKE_INSTALL_PREFIX=/home/robotix/ros2_ws/src/install/vl53l1x
[19.390s] Invoking command in '/home/robotix/ros2_ws/src/build/vl53l1x': CMAKE_PREFIX_PATH=${CMAKE_PREFIX_PATH}:/home/robotix/ros2_ws/install/robotix:/home/robotix/ros2_ws/src/install/robotix:/opt/ros/humble /usr/bin/cmake --build /home/robotix/ros2_ws/src/build/vl53l1x -- -j4 -l4
[20.097s] [35m[1mConsolidate compiler generated dependencies of target vl53l1x_node[0m
[20.502s] [ 33%] [32m[1mLinking CXX executable vl53l1x_node[0m
[22.348s] [100%] Built target vl53l1x_node
[22.433s] Invoked command in '/home/robotix/ros2_ws/src/build/vl53l1x' returned '0': CMAKE_PREFIX_PATH=${CMAKE_PREFIX_PATH}:/home/robotix/ros2_ws/install/robotix:/home/robotix/ros2_ws/src/install/robotix:/opt/ros/humble /usr/bin/cmake --build /home/robotix/ros2_ws/src/build/vl53l1x -- -j4 -l4
[23.106s] Invoking command in '/home/robotix/ros2_ws/src/build/vl53l1x': CMAKE_PREFIX_PATH=${CMAKE_PREFIX_PATH}:/home/robotix/ros2_ws/install/robotix:/home/robotix/ros2_ws/src/install/robotix:/opt/ros/humble /usr/bin/cmake --install /home/robotix/ros2_ws/src/build/vl53l1x
[23.175s] -- Install configuration: ""
[23.177s] -- Execute custom install script
[23.179s] -- Up-to-date symlink: /home/robotix/ros2_ws/src/install/vl53l1x/lib/vl53l1x/vl53l1x_node
[23.181s] -- Up-to-date symlink: /home/robotix/ros2_ws/src/install/vl53l1x/share/ament_index/resource_index/package_run_dependencies/vl53l1x
[23.183s] -- Up-to-date symlink: /home/robotix/ros2_ws/src/install/vl53l1x/share/ament_index/resource_index/parent_prefix_path/vl53l1x
[23.195s] -- Up-to-date symlink: /home/robotix/ros2_ws/src/install/vl53l1x/share/vl53l1x/environment/ament_prefix_path.sh
[23.197s] -- Up-to-date symlink: /home/robotix/ros2_ws/src/install/vl53l1x/share/vl53l1x/environment/ament_prefix_path.dsv
[23.198s] -- Up-to-date symlink: /home/robotix/ros2_ws/src/install/vl53l1x/share/vl53l1x/environment/path.sh
[23.201s] -- Up-to-date symlink: /home/robotix/ros2_ws/src/install/vl53l1x/share/vl53l1x/environment/path.dsv
[23.203s] -- Up-to-date symlink: /home/robotix/ros2_ws/src/install/vl53l1x/share/vl53l1x/local_setup.bash
[23.204s] -- Up-to-date symlink: /home/robotix/ros2_ws/src/install/vl53l1x/share/vl53l1x/local_setup.sh
[23.205s] -- Up-to-date symlink: /home/robotix/ros2_ws/src/install/vl53l1x/share/vl53l1x/local_setup.zsh
[23.207s] -- Up-to-date symlink: /home/robotix/ros2_ws/src/install/vl53l1x/share/vl53l1x/local_setup.dsv
[23.218s] -- Symlinking: /home/robotix/ros2_ws/src/install/vl53l1x/share/vl53l1x/package.dsv
[23.308s] -- Up-to-date symlink: /home/robotix/ros2_ws/src/install/vl53l1x/share/ament_index/resource_index/packages/vl53l1x
[23.309s] -- Up-to-date symlink: /home/robotix/ros2_ws/src/install/vl53l1x/share/vl53l1x/cmake/vl53l1xConfig.cmake
[23.310s] -- Up-to-date symlink: /home/robotix/ros2_ws/src/install/vl53l1x/share/vl53l1x/cmake/vl53l1xConfig-version.cmake
[23.315s] -- Up-to-date symlink: /home/robotix/ros2_ws/src/install/vl53l1x/share/vl53l1x/package.xml
[23.326s] Invoked command in '/home/robotix/ros2_ws/src/build/vl53l1x' returned '0': CMAKE_PREFIX_PATH=${CMAKE_PREFIX_PATH}:/home/robotix/ros2_ws/install/robotix:/home/robotix/ros2_ws/src/install/robotix:/opt/ros/humble /usr/bin/cmake --install /home/robotix/ros2_ws/src/build/vl53l1x
