[4.752s] Invoking command in '/home/robotix/ros2_ws/src/build/robotix': PYTHONPATH=/home/robotix/ros2_ws/src/build/robotix/prefix_override:/home/robotix/ros2_ws/src/install/robotix/lib/python3.10/site-packages:${PYTHONPATH} /usr/bin/python3 setup.py develop --editable --build-directory /home/robotix/ros2_ws/src/build/robotix/build --no-deps install_data
[6.350s] running develop
[7.455s] running egg_info
[7.456s] writing robotix.egg-info/PKG-INFO
[7.457s] writing dependency_links to robotix.egg-info/dependency_links.txt
[7.459s] writing entry points to robotix.egg-info/entry_points.txt
[7.462s] writing requirements to robotix.egg-info/requires.txt
[7.463s] writing top-level names to robotix.egg-info/top_level.txt
[7.473s] reading manifest file 'robotix.egg-info/SOURCES.txt'
[7.478s] writing manifest file 'robotix.egg-info/SOURCES.txt'
[7.486s] running build_ext
[7.487s] Creating /home/robotix/ros2_ws/src/install/robotix/lib/python3.10/site-packages/robotix.egg-link (link to .)
[7.494s] Installing codeuse script to /home/robotix/ros2_ws/src/install/robotix/lib/robotix
[7.497s] Installing controller script to /home/robotix/ros2_ws/src/install/robotix/lib/robotix
[7.504s] Installing ctrl_claw script to /home/robotix/ros2_ws/src/install/robotix/lib/robotix
[7.506s] Installing ctrl_nav script to /home/robotix/ros2_ws/src/install/robotix/lib/robotix
[7.507s] Installing jetson script to /home/robotix/ros2_ws/src/install/robotix/lib/robotix
[7.512s] Installing laser script to /home/robotix/ros2_ws/src/install/robotix/lib/robotix
[7.513s] Installing lidar script to /home/robotix/ros2_ws/src/install/robotix/lib/robotix
[7.516s] Installing motor script to /home/robotix/ros2_ws/src/install/robotix/lib/robotix
[7.519s] Installing motor_claw script to /home/robotix/ros2_ws/src/install/robotix/lib/robotix
[7.521s] Installing motor_plateau script to /home/robotix/ros2_ws/src/install/robotix/lib/robotix
[7.523s] 
[7.526s] Installed /home/robotix/ros2_ws/src/build/robotix
[7.529s] running install_data
[7.704s] Invoked command in '/home/robotix/ros2_ws/src/build/robotix' returned '0': PYTHONPATH=/home/robotix/ros2_ws/src/build/robotix/prefix_override:/home/robotix/ros2_ws/src/install/robotix/lib/python3.10/site-packages:${PYTHONPATH} /usr/bin/python3 setup.py develop --editable --build-directory /home/robotix/ros2_ws/src/build/robotix/build --no-deps install_data
