[6.304s] Invoking command in '/home/robotix/ros2_ws/build/robotix': PYTHONPATH=/home/robotix/ros2_ws/build/robotix/prefix_override:/home/robotix/ros2_ws/install/robotix/lib/python3.10/site-packages:${PYTHONPATH} /usr/bin/python3 setup.py develop --editable --build-directory /home/robotix/ros2_ws/build/robotix/build --no-deps install_data
[7.663s] running develop
[8.414s] running egg_info
[8.415s] writing robotix.egg-info/PKG-INFO
[8.416s] writing dependency_links to robotix.egg-info/dependency_links.txt
[8.417s] writing entry points to robotix.egg-info/entry_points.txt
[8.418s] writing requirements to robotix.egg-info/requires.txt
[8.419s] writing top-level names to robotix.egg-info/top_level.txt
[8.428s] reading manifest file 'robotix.egg-info/SOURCES.txt'
[8.433s] writing manifest file 'robotix.egg-info/SOURCES.txt'
[8.440s] running build_ext
[8.441s] Creating /home/robotix/ros2_ws/install/robotix/lib/python3.10/site-packages/robotix.egg-link (link to .)
[8.447s] Installing codeuse script to /home/robotix/ros2_ws/install/robotix/lib/robotix
[8.449s] Installing controller script to /home/robotix/ros2_ws/install/robotix/lib/robotix
[8.450s] Installing ctrl_claw script to /home/robotix/ros2_ws/install/robotix/lib/robotix
[8.451s] Installing ctrl_nav script to /home/robotix/ros2_ws/install/robotix/lib/robotix
[8.452s] Installing jetson script to /home/robotix/ros2_ws/install/robotix/lib/robotix
[8.452s] Installing laser script to /home/robotix/ros2_ws/install/robotix/lib/robotix
[8.453s] Installing lidar script to /home/robotix/ros2_ws/install/robotix/lib/robotix
[8.455s] Installing motor script to /home/robotix/ros2_ws/install/robotix/lib/robotix
[8.456s] Installing motor_claw script to /home/robotix/ros2_ws/install/robotix/lib/robotix
[8.457s] Installing motor_plateau script to /home/robotix/ros2_ws/install/robotix/lib/robotix
[8.459s] Installing serial_pince script to /home/robotix/ros2_ws/install/robotix/lib/robotix
[8.464s] 
[8.466s] Installed /home/robotix/ros2_ws/build/robotix
[8.468s] running install_data
[8.654s] Invoked command in '/home/robotix/ros2_ws/build/robotix' returned '0': PYTHONPATH=/home/robotix/ros2_ws/build/robotix/prefix_override:/home/robotix/ros2_ws/install/robotix/lib/python3.10/site-packages:${PYTHONPATH} /usr/bin/python3 setup.py develop --editable --build-directory /home/robotix/ros2_ws/build/robotix/build --no-deps install_data
