[4.228s] Invoking command in '/home/robotix/ros2_ws/src/build/robotix': PYTHONPATH=/home/robotix/ros2_ws/src/build/robotix/prefix_override:/home/robotix/ros2_ws/src/install/robotix/lib/python3.10/site-packages:${PYTHONPATH} /usr/bin/python3 setup.py develop --editable --build-directory /home/robotix/ros2_ws/src/build/robotix/build --no-deps install_data
[5.467s] running develop
[6.143s] running egg_info
[6.144s] writing robotix.egg-info/PKG-INFO
[6.145s] writing dependency_links to robotix.egg-info/dependency_links.txt
[6.147s] writing entry points to robotix.egg-info/entry_points.txt
[6.148s] writing requirements to robotix.egg-info/requires.txt
[6.149s] writing top-level names to robotix.egg-info/top_level.txt
[6.158s] reading manifest file 'robotix.egg-info/SOURCES.txt'
[6.164s] writing manifest file 'robotix.egg-info/SOURCES.txt'
[6.170s] running build_ext
[6.171s] Creating /home/robotix/ros2_ws/src/install/robotix/lib/python3.10/site-packages/robotix.egg-link (link to .)
[6.175s] Installing codeuse script to /home/robotix/ros2_ws/src/install/robotix/lib/robotix
[6.176s] Installing controller script to /home/robotix/ros2_ws/src/install/robotix/lib/robotix
[6.177s] Installing ctrl_claw script to /home/robotix/ros2_ws/src/install/robotix/lib/robotix
[6.177s] Installing ctrl_nav script to /home/robotix/ros2_ws/src/install/robotix/lib/robotix
[6.178s] Installing jetson script to /home/robotix/ros2_ws/src/install/robotix/lib/robotix
[6.179s] Installing laser script to /home/robotix/ros2_ws/src/install/robotix/lib/robotix
[6.180s] Installing lidar script to /home/robotix/ros2_ws/src/install/robotix/lib/robotix
[6.181s] Installing motor script to /home/robotix/ros2_ws/src/install/robotix/lib/robotix
[6.182s] Installing motor_claw script to /home/robotix/ros2_ws/src/install/robotix/lib/robotix
[6.182s] Installing motor_plateau script to /home/robotix/ros2_ws/src/install/robotix/lib/robotix
[6.184s] 
[6.184s] Installed /home/robotix/ros2_ws/src/build/robotix
[6.185s] running install_data
[6.333s] Invoked command in '/home/robotix/ros2_ws/src/build/robotix' returned '0': PYTHONPATH=/home/robotix/ros2_ws/src/build/robotix/prefix_override:/home/robotix/ros2_ws/src/install/robotix/lib/python3.10/site-packages:${PYTHONPATH} /usr/bin/python3 setup.py develop --editable --build-directory /home/robotix/ros2_ws/src/build/robotix/build --no-deps install_data
