[4.309s] Invoking command in '/home/robotix/ros2_ws/build/robotix': PYTHONPATH=/home/robotix/ros2_ws/build/robotix/prefix_override:/home/robotix/ros2_ws/install/robotix/lib/python3.10/site-packages:${PYTHONPATH} /usr/bin/python3 setup.py develop --editable --build-directory /home/robotix/ros2_ws/build/robotix/build --no-deps install_data
[5.704s] running develop
[6.629s] running egg_info
[6.630s] writing robotix.egg-info/PKG-INFO
[6.631s] writing dependency_links to robotix.egg-info/dependency_links.txt
[6.633s] writing entry points to robotix.egg-info/entry_points.txt
[6.634s] writing requirements to robotix.egg-info/requires.txt
[6.635s] writing top-level names to robotix.egg-info/top_level.txt
[6.646s] reading manifest file 'robotix.egg-info/SOURCES.txt'
[6.653s] writing manifest file 'robotix.egg-info/SOURCES.txt'
[6.660s] running build_ext
[6.662s] Creating /home/robotix/ros2_ws/install/robotix/lib/python3.10/site-packages/robotix.egg-link (link to .)
[6.668s] Installing codeuse script to /home/robotix/ros2_ws/install/robotix/lib/robotix
[6.669s] Installing controller script to /home/robotix/ros2_ws/install/robotix/lib/robotix
[6.671s] Installing ctrl_claw script to /home/robotix/ros2_ws/install/robotix/lib/robotix
[6.672s] Installing ctrl_nav script to /home/robotix/ros2_ws/install/robotix/lib/robotix
[6.673s] Installing jetson script to /home/robotix/ros2_ws/install/robotix/lib/robotix
[6.674s] Installing laser script to /home/robotix/ros2_ws/install/robotix/lib/robotix
[6.675s] Installing lidar script to /home/robotix/ros2_ws/install/robotix/lib/robotix
[6.676s] Installing motor script to /home/robotix/ros2_ws/install/robotix/lib/robotix
[6.678s] Installing motor_claw script to /home/robotix/ros2_ws/install/robotix/lib/robotix
[6.679s] Installing motor_plateau script to /home/robotix/ros2_ws/install/robotix/lib/robotix
[6.686s] 
[6.687s] Installed /home/robotix/ros2_ws/build/robotix
[6.689s] running install_data
[6.851s] Invoked command in '/home/robotix/ros2_ws/build/robotix' returned '0': PYTHONPATH=/home/robotix/ros2_ws/build/robotix/prefix_override:/home/robotix/ros2_ws/install/robotix/lib/python3.10/site-packages:${PYTHONPATH} /usr/bin/python3 setup.py develop --editable --build-directory /home/robotix/ros2_ws/build/robotix/build --no-deps install_data
