[4.727s] Invoking command in '/home/robotix/ros2_ws/src/build/robotix': PYTHONPATH=/home/robotix/ros2_ws/src/build/robotix/prefix_override:/home/robotix/ros2_ws/src/install/robotix/lib/python3.10/site-packages:${PYTHONPATH} /usr/bin/python3 setup.py develop --editable --build-directory /home/robotix/ros2_ws/src/build/robotix/build --no-deps install_data
[6.100s] running develop
[6.996s] running egg_info
[6.997s] writing robotix.egg-info/PKG-INFO
[6.999s] writing dependency_links to robotix.egg-info/dependency_links.txt
[7.000s] writing entry points to robotix.egg-info/entry_points.txt
[7.001s] writing requirements to robotix.egg-info/requires.txt
[7.002s] writing top-level names to robotix.egg-info/top_level.txt
[7.011s] reading manifest file 'robotix.egg-info/SOURCES.txt'
[7.016s] writing manifest file 'robotix.egg-info/SOURCES.txt'
[7.022s] running build_ext
[7.023s] Creating /home/robotix/ros2_ws/src/install/robotix/lib/python3.10/site-packages/robotix.egg-link (link to .)
[7.028s] Installing codeuse script to /home/robotix/ros2_ws/src/install/robotix/lib/robotix
[7.030s] Installing controller script to /home/robotix/ros2_ws/src/install/robotix/lib/robotix
[7.031s] Installing ctrl_claw script to /home/robotix/ros2_ws/src/install/robotix/lib/robotix
[7.036s] Installing ctrl_nav script to /home/robotix/ros2_ws/src/install/robotix/lib/robotix
[7.037s] Installing jetson script to /home/robotix/ros2_ws/src/install/robotix/lib/robotix
[7.039s] Installing laser script to /home/robotix/ros2_ws/src/install/robotix/lib/robotix
[7.040s] Installing lidar script to /home/robotix/ros2_ws/src/install/robotix/lib/robotix
[7.041s] Installing motor script to /home/robotix/ros2_ws/src/install/robotix/lib/robotix
[7.042s] Installing motor_claw script to /home/robotix/ros2_ws/src/install/robotix/lib/robotix
[7.042s] Installing motor_plateau script to /home/robotix/ros2_ws/src/install/robotix/lib/robotix
[7.044s] 
[7.045s] Installed /home/robotix/ros2_ws/src/build/robotix
[7.047s] running install_data
[7.211s] Invoked command in '/home/robotix/ros2_ws/src/build/robotix' returned '0': PYTHONPATH=/home/robotix/ros2_ws/src/build/robotix/prefix_override:/home/robotix/ros2_ws/src/install/robotix/lib/python3.10/site-packages:${PYTHONPATH} /usr/bin/python3 setup.py develop --editable --build-directory /home/robotix/ros2_ws/src/build/robotix/build --no-deps install_data
