[6.223s] Invoking command in '/home/robotix/ros2_ws/src/tof_imager_ros': PYTHONPATH=/home/robotix/ros2_ws/build/tof_imager_ros/prefix_override:/home/robotix/ros2_ws/install/tof_imager_ros/lib/python3.10/site-packages:${PYTHONPATH} /usr/bin/python3 setup.py egg_info --egg-base ../../build/tof_imager_ros build --build-base /home/robotix/ros2_ws/build/tof_imager_ros/build install --record /home/robotix/ros2_ws/build/tof_imager_ros/install.log --single-version-externally-managed
[7.554s] running egg_info
[7.557s] writing ../../build/tof_imager_ros/tof_imager_ros.egg-info/PKG-INFO
[7.558s] writing dependency_links to ../../build/tof_imager_ros/tof_imager_ros.egg-info/dependency_links.txt
[7.559s] writing entry points to ../../build/tof_imager_ros/tof_imager_ros.egg-info/entry_points.txt
[7.560s] writing requirements to ../../build/tof_imager_ros/tof_imager_ros.egg-info/requires.txt
[7.562s] writing top-level names to ../../build/tof_imager_ros/tof_imager_ros.egg-info/top_level.txt
[7.572s] reading manifest file '../../build/tof_imager_ros/tof_imager_ros.egg-info/SOURCES.txt'
[7.574s] adding license file 'LICENSE'
[7.577s] writing manifest file '../../build/tof_imager_ros/tof_imager_ros.egg-info/SOURCES.txt'
[7.578s] running build
[7.578s] running build_py
[7.579s] copying tof_imager_ros/tof_imager_publisher.py -> /home/robotix/ros2_ws/build/tof_imager_ros/build/lib/tof_imager_ros
[7.581s] running install
[7.582s] running install_lib
[7.587s] copying /home/robotix/ros2_ws/build/tof_imager_ros/build/lib/tof_imager_ros/tof_imager_publisher.py -> /home/robotix/ros2_ws/install/tof_imager_ros/lib/python3.10/site-packages/tof_imager_ros
[7.591s] byte-compiling /home/robotix/ros2_ws/install/tof_imager_ros/lib/python3.10/site-packages/tof_imager_ros/tof_imager_publisher.py to tof_imager_publisher.cpython-310.pyc
[7.593s]   File "/home/robotix/ros2_ws/install/tof_imager_ros/lib/python3.10/site-packages/tof_imager_ros/tof_imager_publisher.py", line 31
[7.594s]     self._timer: # Optional[Timer] = None   
[7.594s]                  ^^^^^^^^^^^^^^^^^^^^^^^^^^^
[7.595s] SyntaxError: invalid syntax
[7.595s] 
[7.596s] running install_data
[7.597s] running install_egg_info
[7.607s] removing '/home/robotix/ros2_ws/install/tof_imager_ros/lib/python3.10/site-packages/tof_imager_ros-0.0.0-py3.10.egg-info' (and everything under it)
[7.609s] Copying ../../build/tof_imager_ros/tof_imager_ros.egg-info to /home/robotix/ros2_ws/install/tof_imager_ros/lib/python3.10/site-packages/tof_imager_ros-0.0.0-py3.10.egg-info
[7.617s] running install_scripts
[7.715s] Installing tof_imager_node script to /home/robotix/ros2_ws/install/tof_imager_ros/lib/tof_imager_ros
[7.716s] Installing tof_imager_publisher script to /home/robotix/ros2_ws/install/tof_imager_ros/lib/tof_imager_ros
[7.718s] writing list of installed files to '/home/robotix/ros2_ws/build/tof_imager_ros/install.log'
[7.927s] Invoked command in '/home/robotix/ros2_ws/src/tof_imager_ros' returned '0': PYTHONPATH=/home/robotix/ros2_ws/build/tof_imager_ros/prefix_override:/home/robotix/ros2_ws/install/tof_imager_ros/lib/python3.10/site-packages:${PYTHONPATH} /usr/bin/python3 setup.py egg_info --egg-base ../../build/tof_imager_ros build --build-base /home/robotix/ros2_ws/build/tof_imager_ros/build install --record /home/robotix/ros2_ws/build/tof_imager_ros/install.log --single-version-externally-managed
